2011.11.17 19:05 B E:\dewildeautos11.nl Map\dewildeautos11.nl\db\ckeditor\_samples\php\advanced.php <-- dewildeautos.nl /web/ckeditor/_samples/php advanced.php
2011.11.17 19:05 B E:\dewildeautos11.nl Map\dewildeautos11.nl\db\ckeditor\_samples\php\events.php <-- dewildeautos.nl /web/ckeditor/_samples/php events.php
2011.11.17 19:05 B E:\dewildeautos11.nl Map\dewildeautos11.nl\db\ckeditor\_samples\php\index.html <-- dewildeautos.nl /web/ckeditor/_samples/php index.html
2011.11.17 19:05 B E:\dewildeautos11.nl Map\dewildeautos11.nl\db\ckeditor\_samples\php\replace.php <-- dewildeautos.nl /web/ckeditor/_samples/php replace.php
2011.11.17 19:05 B E:\dewildeautos11.nl Map\dewildeautos11.nl\db\ckeditor\_samples\php\replaceall.php <-- dewildeautos.nl /web/ckeditor/_samples/php replaceall.php
2011.11.17 19:05 B E:\dewildeautos11.nl Map\dewildeautos11.nl\db\ckeditor\_samples\php\standalone.php <-- dewildeautos.nl /web/ckeditor/_samples/php standalone.php
2012.04.27 13:37 B E:\vanaerleautos.nl\db\ckeditor\_samples\php\advanced.php --> www.vanaerleautos.nl /web/db/ckeditor/_samples/php advanced.php
2012.04.27 13:37 B E:\vanaerleautos.nl\db\ckeditor\_samples\php\events.php --> www.vanaerleautos.nl /web/db/ckeditor/_samples/php events.php
2012.04.27 13:37 B E:\vanaerleautos.nl\db\ckeditor\_samples\php\index.html --> www.vanaerleautos.nl /web/db/ckeditor/_samples/php index.html
2012.04.27 13:37 B E:\vanaerleautos.nl\db\ckeditor\_samples\php\replace.php --> www.vanaerleautos.nl /web/db/ckeditor/_samples/php replace.php
2012.04.27 13:37 B E:\vanaerleautos.nl\db\ckeditor\_samples\php\replaceall.php --> www.vanaerleautos.nl /web/db/ckeditor/_samples/php replaceall.php
2012.04.27 13:37 B E:\vanaerleautos.nl\db\ckeditor\_samples\php\standalone.php --> www.vanaerleautos.nl /web/db/ckeditor/_samples/php standalone.php
2012.04.27 13:37 B E:\vanaerleautos.nl\db\ckeditor\_samples\php\WS_FTP.LOG --> www.vanaerleautos.nl /web/db/ckeditor/_samples/php WS_FTP.LOG
2012.05.08 20:53 B E:\autoadvance2010.nl Map\autoadvance2010.nl\db\ckeditor\_samples\php\advanced.php --> autoadvance.nl /web/db/ckeditor/_samples/php advanced.php
2012.05.08 20:53 B E:\autoadvance2010.nl Map\autoadvance2010.nl\db\ckeditor\_samples\php\events.php --> autoadvance.nl /web/db/ckeditor/_samples/php events.php
2012.05.08 20:53 B E:\autoadvance2010.nl Map\autoadvance2010.nl\db\ckeditor\_samples\php\index.html --> autoadvance.nl /web/db/ckeditor/_samples/php index.html
2012.05.08 20:53 B E:\autoadvance2010.nl Map\autoadvance2010.nl\db\ckeditor\_samples\php\replace.php --> autoadvance.nl /web/db/ckeditor/_samples/php replace.php
2012.05.08 20:53 B E:\autoadvance2010.nl Map\autoadvance2010.nl\db\ckeditor\_samples\php\replaceall.php --> autoadvance.nl /web/db/ckeditor/_samples/php replaceall.php
2012.05.08 20:53 B E:\autoadvance2010.nl Map\autoadvance2010.nl\db\ckeditor\_samples\php\standalone.php --> autoadvance.nl /web/db/ckeditor/_samples/php standalone.php
2013.03.16 11:41 B E:\fdmstest.nl Map\fdmstest.nl\db\ckeditor\_samples\php\WS_FTP.LOG <-- autoadvance.nl /web/db/ckeditor/_samples/php WS_FTP.LOG
2013.03.16 12:15 B E:\fdmstest.nl Map\fdmstest.nl\db\ckeditor\_samples\php\advanced.php --> 212.79.241.34 /web/db/ckeditor/_samples/php advanced.php
2013.03.16 12:15 B E:\fdmstest.nl Map\fdmstest.nl\db\ckeditor\_samples\php\events.php --> 212.79.241.34 /web/db/ckeditor/_samples/php events.php
2013.03.16 12:15 B E:\fdmstest.nl Map\fdmstest.nl\db\ckeditor\_samples\php\index.html --> 212.79.241.34 /web/db/ckeditor/_samples/php index.html
2013.03.16 12:15 B E:\fdmstest.nl Map\fdmstest.nl\db\ckeditor\_samples\php\replace.php --> 212.79.241.34 /web/db/ckeditor/_samples/php replace.php
2013.03.16 12:15 B E:\fdmstest.nl Map\fdmstest.nl\db\ckeditor\_samples\php\replaceall.php --> 212.79.241.34 /web/db/ckeditor/_samples/php replaceall.php
2013.03.16 12:15 B E:\fdmstest.nl Map\fdmstest.nl\db\ckeditor\_samples\php\standalone.php --> 212.79.241.34 /web/db/ckeditor/_samples/php standalone.php
2013.03.23 09:55 B E:\fdmstest.nl Map\fdmstest.nl\db\ckeditor\_samples\php\WS_FTP.LOG <-- fdmtest.nl /web/db/ckeditor/_samples/php WS_FTP.LOG
2013.03.24 13:42 B E:\fdmstest.nl Map\fdmstest.nl\db\ckeditor\_samples\php\advanced.php --> dewildeautos.nl /web/db/ckeditor/_samples/php advanced.php
2013.03.24 13:42 B E:\fdmstest.nl Map\fdmstest.nl\db\ckeditor\_samples\php\events.php --> dewildeautos.nl /web/db/ckeditor/_samples/php events.php
2013.03.24 13:42 B E:\fdmstest.nl Map\fdmstest.nl\db\ckeditor\_samples\php\index.html --> dewildeautos.nl /web/db/ckeditor/_samples/php index.html
2013.03.24 13:42 B E:\fdmstest.nl Map\fdmstest.nl\db\ckeditor\_samples\php\replace.php --> dewildeautos.nl /web/db/ckeditor/_samples/php replace.php
2013.03.24 13:42 B E:\fdmstest.nl Map\fdmstest.nl\db\ckeditor\_samples\php\replaceall.php --> dewildeautos.nl /web/db/ckeditor/_samples/php replaceall.php
2013.03.24 13:42 B E:\fdmstest.nl Map\fdmstest.nl\db\ckeditor\_samples\php\standalone.php --> dewildeautos.nl /web/db/ckeditor/_samples/php standalone.php
2013.03.24 13:42 B E:\fdmstest.nl Map\fdmstest.nl\db\ckeditor\_samples\php\WS_FTP.LOG --> dewildeautos.nl /web/db/ckeditor/_samples/php WS_FTP.LOG
2013.03.25 10:48 B E:\fdmstest.nl Map\fdmstest.nl\db\ckeditor\_samples\php\advanced.php --> thomassen-autos.nl /web/db/ckeditor/_samples/php advanced.php
2013.03.25 10:48 B E:\fdmstest.nl Map\fdmstest.nl\db\ckeditor\_samples\php\events.php --> thomassen-autos.nl /web/db/ckeditor/_samples/php events.php
2013.03.25 10:48 B E:\fdmstest.nl Map\fdmstest.nl\db\ckeditor\_samples\php\index.html --> thomassen-autos.nl /web/db/ckeditor/_samples/php index.html
2013.03.25 10:48 B E:\fdmstest.nl Map\fdmstest.nl\db\ckeditor\_samples\php\replace.php --> thomassen-autos.nl /web/db/ckeditor/_samples/php replace.php
2013.03.25 10:48 B E:\fdmstest.nl Map\fdmstest.nl\db\ckeditor\_samples\php\replaceall.php --> thomassen-autos.nl /web/db/ckeditor/_samples/php replaceall.php
2013.03.25 10:48 B E:\fdmstest.nl Map\fdmstest.nl\db\ckeditor\_samples\php\standalone.php --> thomassen-autos.nl /web/db/ckeditor/_samples/php standalone.php
2013.03.25 10:48 B E:\fdmstest.nl Map\fdmstest.nl\db\ckeditor\_samples\php\WS_FTP.LOG --> thomassen-autos.nl /web/db/ckeditor/_samples/php WS_FTP.LOG
2014.02.25 16:39 B E:\autoadvance2012.nl\db\ckeditor\_samples\php\WS_FTP.LOG <-- autoadvance.nl /web/db/ckeditor/_samples/php WS_FTP.LOG
