2013.03.23 09:58 B E:\fdmstest.nl Map\fdmstest.nl\db\ckeditor\samples\ajax.html <-- fdmtest.nl /web/db/ckeditor/samples ajax.html
2013.03.23 09:58 B E:\fdmstest.nl Map\fdmstest.nl\db\ckeditor\samples\api.html <-- fdmtest.nl /web/db/ckeditor/samples api.html
2013.03.23 09:58 B E:\fdmstest.nl Map\fdmstest.nl\db\ckeditor\samples\appendto.html <-- fdmtest.nl /web/db/ckeditor/samples appendto.html
2013.03.23 09:58 B E:\fdmstest.nl Map\fdmstest.nl\db\ckeditor\samples\datafiltering.html <-- fdmtest.nl /web/db/ckeditor/samples datafiltering.html
2013.03.23 09:58 B E:\fdmstest.nl Map\fdmstest.nl\db\ckeditor\samples\divreplace.html <-- fdmtest.nl /web/db/ckeditor/samples divreplace.html
2013.03.23 09:58 B E:\fdmstest.nl Map\fdmstest.nl\db\ckeditor\samples\index.html <-- fdmtest.nl /web/db/ckeditor/samples index.html
2013.03.23 09:58 B E:\fdmstest.nl Map\fdmstest.nl\db\ckeditor\samples\inlineall.html <-- fdmtest.nl /web/db/ckeditor/samples inlineall.html
2013.03.23 09:58 B E:\fdmstest.nl Map\fdmstest.nl\db\ckeditor\samples\inlinebycode.html <-- fdmtest.nl /web/db/ckeditor/samples inlinebycode.html
2013.03.23 09:58 B E:\fdmstest.nl Map\fdmstest.nl\db\ckeditor\samples\readonly.html <-- fdmtest.nl /web/db/ckeditor/samples readonly.html
2013.03.23 09:58 B E:\fdmstest.nl Map\fdmstest.nl\db\ckeditor\samples\replacebyclass.html <-- fdmtest.nl /web/db/ckeditor/samples replacebyclass.html
2013.03.23 09:58 B E:\fdmstest.nl Map\fdmstest.nl\db\ckeditor\samples\replacebycode.html <-- fdmtest.nl /web/db/ckeditor/samples replacebycode.html
2013.03.23 09:58 B E:\fdmstest.nl Map\fdmstest.nl\db\ckeditor\samples\sample.css <-- fdmtest.nl /web/db/ckeditor/samples sample.css
2013.03.23 09:58 B E:\fdmstest.nl Map\fdmstest.nl\db\ckeditor\samples\sample.js <-- fdmtest.nl /web/db/ckeditor/samples sample.js
2013.03.23 09:58 B E:\fdmstest.nl Map\fdmstest.nl\db\ckeditor\samples\sample_posteddata.php <-- fdmtest.nl /web/db/ckeditor/samples sample_posteddata.php
2013.03.23 09:58 B E:\fdmstest.nl Map\fdmstest.nl\db\ckeditor\samples\tabindex.html <-- fdmtest.nl /web/db/ckeditor/samples tabindex.html
2013.03.23 09:58 B E:\fdmstest.nl Map\fdmstest.nl\db\ckeditor\samples\uicolor.html <-- fdmtest.nl /web/db/ckeditor/samples uicolor.html
2013.03.23 09:58 B E:\fdmstest.nl Map\fdmstest.nl\db\ckeditor\samples\uilanguages.html <-- fdmtest.nl /web/db/ckeditor/samples uilanguages.html
2013.03.23 09:58 B E:\fdmstest.nl Map\fdmstest.nl\db\ckeditor\samples\xhtmlstyle.html <-- fdmtest.nl /web/db/ckeditor/samples xhtmlstyle.html
2013.03.24 13:52 B E:\fdmstest.nl Map\fdmstest.nl\db\ckeditor\samples\ajax.html --> dewildeautos.nl /web/db/ckeditor/samples ajax.html
2013.03.24 13:52 B E:\fdmstest.nl Map\fdmstest.nl\db\ckeditor\samples\api.html --> dewildeautos.nl /web/db/ckeditor/samples api.html
2013.03.24 13:52 B E:\fdmstest.nl Map\fdmstest.nl\db\ckeditor\samples\appendto.html --> dewildeautos.nl /web/db/ckeditor/samples appendto.html
2013.03.24 13:52 B E:\fdmstest.nl Map\fdmstest.nl\db\ckeditor\samples\datafiltering.html --> dewildeautos.nl /web/db/ckeditor/samples datafiltering.html
2013.03.24 13:52 B E:\fdmstest.nl Map\fdmstest.nl\db\ckeditor\samples\divreplace.html --> dewildeautos.nl /web/db/ckeditor/samples divreplace.html
2013.03.24 13:52 B E:\fdmstest.nl Map\fdmstest.nl\db\ckeditor\samples\index.html --> dewildeautos.nl /web/db/ckeditor/samples index.html
2013.03.24 13:52 B E:\fdmstest.nl Map\fdmstest.nl\db\ckeditor\samples\inlineall.html --> dewildeautos.nl /web/db/ckeditor/samples inlineall.html
2013.03.24 13:52 B E:\fdmstest.nl Map\fdmstest.nl\db\ckeditor\samples\inlinebycode.html --> dewildeautos.nl /web/db/ckeditor/samples inlinebycode.html
2013.03.24 13:52 B E:\fdmstest.nl Map\fdmstest.nl\db\ckeditor\samples\readonly.html --> dewildeautos.nl /web/db/ckeditor/samples readonly.html
2013.03.24 13:52 B E:\fdmstest.nl Map\fdmstest.nl\db\ckeditor\samples\replacebyclass.html --> dewildeautos.nl /web/db/ckeditor/samples replacebyclass.html
2013.03.24 13:52 B E:\fdmstest.nl Map\fdmstest.nl\db\ckeditor\samples\replacebycode.html --> dewildeautos.nl /web/db/ckeditor/samples replacebycode.html
2013.03.24 13:52 B E:\fdmstest.nl Map\fdmstest.nl\db\ckeditor\samples\sample.css --> dewildeautos.nl /web/db/ckeditor/samples sample.css
2013.03.24 13:52 B E:\fdmstest.nl Map\fdmstest.nl\db\ckeditor\samples\sample.js --> dewildeautos.nl /web/db/ckeditor/samples sample.js
2013.03.24 13:52 B E:\fdmstest.nl Map\fdmstest.nl\db\ckeditor\samples\sample_posteddata.php --> dewildeautos.nl /web/db/ckeditor/samples sample_posteddata.php
2013.03.24 13:52 B E:\fdmstest.nl Map\fdmstest.nl\db\ckeditor\samples\tabindex.html --> dewildeautos.nl /web/db/ckeditor/samples tabindex.html
2013.03.24 13:52 B E:\fdmstest.nl Map\fdmstest.nl\db\ckeditor\samples\uicolor.html --> dewildeautos.nl /web/db/ckeditor/samples uicolor.html
2013.03.24 13:52 B E:\fdmstest.nl Map\fdmstest.nl\db\ckeditor\samples\uilanguages.html --> dewildeautos.nl /web/db/ckeditor/samples uilanguages.html
2013.03.24 13:52 B E:\fdmstest.nl Map\fdmstest.nl\db\ckeditor\samples\WS_FTP.LOG --> dewildeautos.nl /web/db/ckeditor/samples WS_FTP.LOG
2013.03.24 13:52 B E:\fdmstest.nl Map\fdmstest.nl\db\ckeditor\samples\xhtmlstyle.html --> dewildeautos.nl /web/db/ckeditor/samples xhtmlstyle.html
2013.03.25 10:57 B E:\fdmstest.nl Map\fdmstest.nl\db\ckeditor\samples\ajax.html --> thomassen-autos.nl /web/db/ckeditor/samples ajax.html
2013.03.25 10:57 B E:\fdmstest.nl Map\fdmstest.nl\db\ckeditor\samples\api.html --> thomassen-autos.nl /web/db/ckeditor/samples api.html
2013.03.25 10:57 B E:\fdmstest.nl Map\fdmstest.nl\db\ckeditor\samples\appendto.html --> thomassen-autos.nl /web/db/ckeditor/samples appendto.html
2013.03.25 10:57 B E:\fdmstest.nl Map\fdmstest.nl\db\ckeditor\samples\datafiltering.html --> thomassen-autos.nl /web/db/ckeditor/samples datafiltering.html
2013.03.25 10:57 B E:\fdmstest.nl Map\fdmstest.nl\db\ckeditor\samples\divreplace.html --> thomassen-autos.nl /web/db/ckeditor/samples divreplace.html
2013.03.25 10:57 B E:\fdmstest.nl Map\fdmstest.nl\db\ckeditor\samples\index.html --> thomassen-autos.nl /web/db/ckeditor/samples index.html
2013.03.25 10:57 B E:\fdmstest.nl Map\fdmstest.nl\db\ckeditor\samples\inlineall.html --> thomassen-autos.nl /web/db/ckeditor/samples inlineall.html
2013.03.25 10:58 B E:\fdmstest.nl Map\fdmstest.nl\db\ckeditor\samples\inlinebycode.html --> thomassen-autos.nl /web/db/ckeditor/samples inlinebycode.html
2013.03.25 10:58 B E:\fdmstest.nl Map\fdmstest.nl\db\ckeditor\samples\readonly.html --> thomassen-autos.nl /web/db/ckeditor/samples readonly.html
2013.03.25 10:58 B E:\fdmstest.nl Map\fdmstest.nl\db\ckeditor\samples\replacebyclass.html --> thomassen-autos.nl /web/db/ckeditor/samples replacebyclass.html
2013.03.25 10:58 B E:\fdmstest.nl Map\fdmstest.nl\db\ckeditor\samples\replacebycode.html --> thomassen-autos.nl /web/db/ckeditor/samples replacebycode.html
2013.03.25 10:58 B E:\fdmstest.nl Map\fdmstest.nl\db\ckeditor\samples\sample.css --> thomassen-autos.nl /web/db/ckeditor/samples sample.css
2013.03.25 10:58 B E:\fdmstest.nl Map\fdmstest.nl\db\ckeditor\samples\sample.js --> thomassen-autos.nl /web/db/ckeditor/samples sample.js
2013.03.25 10:58 B E:\fdmstest.nl Map\fdmstest.nl\db\ckeditor\samples\sample_posteddata.php --> thomassen-autos.nl /web/db/ckeditor/samples sample_posteddata.php
2013.03.25 10:58 B E:\fdmstest.nl Map\fdmstest.nl\db\ckeditor\samples\tabindex.html --> thomassen-autos.nl /web/db/ckeditor/samples tabindex.html
2013.03.25 10:58 B E:\fdmstest.nl Map\fdmstest.nl\db\ckeditor\samples\uicolor.html --> thomassen-autos.nl /web/db/ckeditor/samples uicolor.html
2013.03.25 10:58 B E:\fdmstest.nl Map\fdmstest.nl\db\ckeditor\samples\uilanguages.html --> thomassen-autos.nl /web/db/ckeditor/samples uilanguages.html
2013.03.25 10:58 B E:\fdmstest.nl Map\fdmstest.nl\db\ckeditor\samples\WS_FTP.LOG --> thomassen-autos.nl /web/db/ckeditor/samples WS_FTP.LOG
2013.03.25 10:58 B E:\fdmstest.nl Map\fdmstest.nl\db\ckeditor\samples\xhtmlstyle.html --> thomassen-autos.nl /web/db/ckeditor/samples xhtmlstyle.html
2014.02.25 16:51 B E:\autoadvance2012.nl\db\ckeditor\samples\WS_FTP.LOG <-- autoadvance.nl /web/db/ckeditor/samples WS_FTP.LOG
2014.02.25 16:51 B E:\autoadvance2012.nl\db\ckeditor\samples\xhtmlstyle.html <-- autoadvance.nl /web/db/ckeditor/samples xhtmlstyle.html
