2011.11.17 17:04 B E:\software\ckeditor_3.6.2\ckeditor\skins\v2\templates.css --> dewildeautos.nl /web/ckeditor/skins/v2 templates.css
2011.11.17 17:04 B E:\software\ckeditor_3.6.2\ckeditor\skins\v2\skin.js --> dewildeautos.nl /web/ckeditor/skins/v2 skin.js
2011.11.17 17:04 B E:\software\ckeditor_3.6.2\ckeditor\skins\v2\icons_rtl.png --> dewildeautos.nl /web/ckeditor/skins/v2 icons_rtl.png
2011.11.17 17:04 B E:\software\ckeditor_3.6.2\ckeditor\skins\v2\icons.png --> dewildeautos.nl /web/ckeditor/skins/v2 icons.png
2011.11.17 17:04 B E:\software\ckeditor_3.6.2\ckeditor\skins\v2\editor.css --> dewildeautos.nl /web/ckeditor/skins/v2 editor.css
2011.11.17 17:04 B E:\software\ckeditor_3.6.2\ckeditor\skins\v2\dialog.css --> dewildeautos.nl /web/ckeditor/skins/v2 dialog.css
2011.12.15 13:39 B E:\tijdvoorkwaliteit2011.nl\db\ckeditor\skins\v2\WS_FTP.LOG <-- dewildeautos.nl /web/db/ckeditor/skins/v2 WS_FTP.LOG
2011.12.15 14:03 B E:\tijdvoorkwaliteit2011.nl\db\ckeditor\skins\v2\dialog.css --> tijdvoorkwaliteit.nl /web/db/ckeditor/skins/v2 dialog.css
2011.12.15 14:03 B E:\tijdvoorkwaliteit2011.nl\db\ckeditor\skins\v2\editor.css --> tijdvoorkwaliteit.nl /web/db/ckeditor/skins/v2 editor.css
2011.12.15 14:03 B E:\tijdvoorkwaliteit2011.nl\db\ckeditor\skins\v2\icons.png --> tijdvoorkwaliteit.nl /web/db/ckeditor/skins/v2 icons.png
2011.12.15 14:03 B E:\tijdvoorkwaliteit2011.nl\db\ckeditor\skins\v2\icons_rtl.png --> tijdvoorkwaliteit.nl /web/db/ckeditor/skins/v2 icons_rtl.png
2011.12.15 14:03 B E:\tijdvoorkwaliteit2011.nl\db\ckeditor\skins\v2\skin.js --> tijdvoorkwaliteit.nl /web/db/ckeditor/skins/v2 skin.js
2011.12.15 14:03 B E:\tijdvoorkwaliteit2011.nl\db\ckeditor\skins\v2\templates.css --> tijdvoorkwaliteit.nl /web/db/ckeditor/skins/v2 templates.css
2012.04.19 13:38 B E:\tilborghs.nl Map\tilborghs.nl\db\ckeditor\skins\v2\WS_FTP.LOG <-- tijdvoorkwaliteit.nl /web/db/ckeditor/skins/v2 WS_FTP.LOG
2012.04.19 13:55 B E:\tilborghs.nl Map\tilborghs.nl\db\ckeditor\skins\v2\dialog.css --> tilborghs.nl /web/db/ckeditor/skins/v2 dialog.css
2012.04.19 13:55 B E:\tilborghs.nl Map\tilborghs.nl\db\ckeditor\skins\v2\editor.css --> tilborghs.nl /web/db/ckeditor/skins/v2 editor.css
2012.04.19 13:55 B E:\tilborghs.nl Map\tilborghs.nl\db\ckeditor\skins\v2\icons.png --> tilborghs.nl /web/db/ckeditor/skins/v2 icons.png
2012.04.19 13:55 B E:\tilborghs.nl Map\tilborghs.nl\db\ckeditor\skins\v2\icons_rtl.png --> tilborghs.nl /web/db/ckeditor/skins/v2 icons_rtl.png
2012.04.19 13:55 B E:\tilborghs.nl Map\tilborghs.nl\db\ckeditor\skins\v2\skin.js --> tilborghs.nl /web/db/ckeditor/skins/v2 skin.js
2012.04.19 13:55 B E:\tilborghs.nl Map\tilborghs.nl\db\ckeditor\skins\v2\templates.css --> tilborghs.nl /web/db/ckeditor/skins/v2 templates.css
2012.04.19 13:55 B E:\tilborghs.nl Map\tilborghs.nl\db\ckeditor\skins\v2\WS_FTP.LOG --> tilborghs.nl /web/db/ckeditor/skins/v2 WS_FTP.LOG
2012.05.08 21:04 B E:\autoadvance2010.nl Map\autoadvance2010.nl\db\ckeditor\skins\v2\dialog.css --> autoadvance.nl /web/db/ckeditor/skins/v2 dialog.css
2012.05.08 21:04 B E:\autoadvance2010.nl Map\autoadvance2010.nl\db\ckeditor\skins\v2\editor.css --> autoadvance.nl /web/db/ckeditor/skins/v2 editor.css
2012.05.08 21:04 B E:\autoadvance2010.nl Map\autoadvance2010.nl\db\ckeditor\skins\v2\icons.png --> autoadvance.nl /web/db/ckeditor/skins/v2 icons.png
2012.05.08 21:04 B E:\autoadvance2010.nl Map\autoadvance2010.nl\db\ckeditor\skins\v2\icons_rtl.png --> autoadvance.nl /web/db/ckeditor/skins/v2 icons_rtl.png
2012.05.08 21:04 B E:\autoadvance2010.nl Map\autoadvance2010.nl\db\ckeditor\skins\v2\skin.js --> autoadvance.nl /web/db/ckeditor/skins/v2 skin.js
2012.05.08 21:04 B E:\autoadvance2010.nl Map\autoadvance2010.nl\db\ckeditor\skins\v2\templates.css --> autoadvance.nl /web/db/ckeditor/skins/v2 templates.css
2013.03.16 11:45 B E:\fdmstest.nl Map\fdmstest.nl\db\ckeditor\skins\v2\WS_FTP.LOG <-- autoadvance.nl /web/db/ckeditor/skins/v2 WS_FTP.LOG
2013.03.16 12:26 B E:\fdmstest.nl Map\fdmstest.nl\db\ckeditor\skins\v2\dialog.css --> 212.79.241.34 /web/db/ckeditor/skins/v2 dialog.css
2013.03.16 12:26 B E:\fdmstest.nl Map\fdmstest.nl\db\ckeditor\skins\v2\editor.css --> 212.79.241.34 /web/db/ckeditor/skins/v2 editor.css
2013.03.16 12:26 B E:\fdmstest.nl Map\fdmstest.nl\db\ckeditor\skins\v2\icons.png --> 212.79.241.34 /web/db/ckeditor/skins/v2 icons.png
2013.03.16 12:26 B E:\fdmstest.nl Map\fdmstest.nl\db\ckeditor\skins\v2\icons_rtl.png --> 212.79.241.34 /web/db/ckeditor/skins/v2 icons_rtl.png
2013.03.16 12:26 B E:\fdmstest.nl Map\fdmstest.nl\db\ckeditor\skins\v2\skin.js --> 212.79.241.34 /web/db/ckeditor/skins/v2 skin.js
2013.03.16 12:26 B E:\fdmstest.nl Map\fdmstest.nl\db\ckeditor\skins\v2\templates.css --> 212.79.241.34 /web/db/ckeditor/skins/v2 templates.css
2013.03.23 09:59 B E:\fdmstest.nl Map\fdmstest.nl\db\ckeditor\skins\v2\WS_FTP.LOG <-- fdmtest.nl /web/db/ckeditor/skins/v2 WS_FTP.LOG
2013.03.24 13:53 B E:\fdmstest.nl Map\fdmstest.nl\db\ckeditor\skins\v2\dialog.css --> dewildeautos.nl /web/db/ckeditor/skins/v2 dialog.css
2013.03.24 13:53 B E:\fdmstest.nl Map\fdmstest.nl\db\ckeditor\skins\v2\editor.css --> dewildeautos.nl /web/db/ckeditor/skins/v2 editor.css
2013.03.24 13:53 B E:\fdmstest.nl Map\fdmstest.nl\db\ckeditor\skins\v2\icons.png --> dewildeautos.nl /web/db/ckeditor/skins/v2 icons.png
2013.03.24 13:53 B E:\fdmstest.nl Map\fdmstest.nl\db\ckeditor\skins\v2\icons_rtl.png --> dewildeautos.nl /web/db/ckeditor/skins/v2 icons_rtl.png
2013.03.24 13:53 B E:\fdmstest.nl Map\fdmstest.nl\db\ckeditor\skins\v2\skin.js --> dewildeautos.nl /web/db/ckeditor/skins/v2 skin.js
2013.03.24 13:53 B E:\fdmstest.nl Map\fdmstest.nl\db\ckeditor\skins\v2\templates.css --> dewildeautos.nl /web/db/ckeditor/skins/v2 templates.css
2013.03.24 13:53 B E:\fdmstest.nl Map\fdmstest.nl\db\ckeditor\skins\v2\WS_FTP.LOG --> dewildeautos.nl /web/db/ckeditor/skins/v2 WS_FTP.LOG
2013.03.25 10:58 B E:\fdmstest.nl Map\fdmstest.nl\db\ckeditor\skins\v2\dialog.css --> thomassen-autos.nl /web/db/ckeditor/skins/v2 dialog.css
2013.03.25 10:58 B E:\fdmstest.nl Map\fdmstest.nl\db\ckeditor\skins\v2\editor.css --> thomassen-autos.nl /web/db/ckeditor/skins/v2 editor.css
2013.03.25 10:58 B E:\fdmstest.nl Map\fdmstest.nl\db\ckeditor\skins\v2\icons.png --> thomassen-autos.nl /web/db/ckeditor/skins/v2 icons.png
2013.03.25 10:58 B E:\fdmstest.nl Map\fdmstest.nl\db\ckeditor\skins\v2\icons_rtl.png --> thomassen-autos.nl /web/db/ckeditor/skins/v2 icons_rtl.png
2013.03.25 10:58 B E:\fdmstest.nl Map\fdmstest.nl\db\ckeditor\skins\v2\skin.js --> thomassen-autos.nl /web/db/ckeditor/skins/v2 skin.js
2013.03.25 10:58 B E:\fdmstest.nl Map\fdmstest.nl\db\ckeditor\skins\v2\templates.css --> thomassen-autos.nl /web/db/ckeditor/skins/v2 templates.css
2013.03.25 10:59 B E:\fdmstest.nl Map\fdmstest.nl\db\ckeditor\skins\v2\WS_FTP.LOG --> thomassen-autos.nl /web/db/ckeditor/skins/v2 WS_FTP.LOG
2014.02.25 16:53 B E:\autoadvance2012.nl\db\ckeditor\skins\v2\WS_FTP.LOG <-- autoadvance.nl /web/db/ckeditor/skins/v2 WS_FTP.LOG
