2011.11.17 17:03 B E:\software\ckeditor_3.6.2\ckeditor\_source\lang\zh.js --> dewildeautos.nl /web/ckeditor/_source/lang zh.js
2011.11.17 17:03 B E:\software\ckeditor_3.6.2\ckeditor\_source\lang\zh-cn.js --> dewildeautos.nl /web/ckeditor/_source/lang zh-cn.js
2011.11.17 17:03 B E:\software\ckeditor_3.6.2\ckeditor\_source\lang\vi.js --> dewildeautos.nl /web/ckeditor/_source/lang vi.js
2011.11.17 17:03 B E:\software\ckeditor_3.6.2\ckeditor\_source\lang\uk.js --> dewildeautos.nl /web/ckeditor/_source/lang uk.js
2011.11.17 17:03 B E:\software\ckeditor_3.6.2\ckeditor\_source\lang\tr.js --> dewildeautos.nl /web/ckeditor/_source/lang tr.js
2011.11.17 17:03 B E:\software\ckeditor_3.6.2\ckeditor\_source\lang\th.js --> dewildeautos.nl /web/ckeditor/_source/lang th.js
2011.11.17 17:03 B E:\software\ckeditor_3.6.2\ckeditor\_source\lang\sv.js --> dewildeautos.nl /web/ckeditor/_source/lang sv.js
2011.11.17 17:03 B E:\software\ckeditor_3.6.2\ckeditor\_source\lang\sr.js --> dewildeautos.nl /web/ckeditor/_source/lang sr.js
2011.11.17 17:03 B E:\software\ckeditor_3.6.2\ckeditor\_source\lang\sr-latn.js --> dewildeautos.nl /web/ckeditor/_source/lang sr-latn.js
2011.11.17 17:03 B E:\software\ckeditor_3.6.2\ckeditor\_source\lang\sl.js --> dewildeautos.nl /web/ckeditor/_source/lang sl.js
2011.11.17 17:03 B E:\software\ckeditor_3.6.2\ckeditor\_source\lang\sk.js --> dewildeautos.nl /web/ckeditor/_source/lang sk.js
2011.11.17 17:03 B E:\software\ckeditor_3.6.2\ckeditor\_source\lang\ru.js --> dewildeautos.nl /web/ckeditor/_source/lang ru.js
2011.11.17 17:03 B E:\software\ckeditor_3.6.2\ckeditor\_source\lang\ro.js --> dewildeautos.nl /web/ckeditor/_source/lang ro.js
2011.11.17 17:03 B E:\software\ckeditor_3.6.2\ckeditor\_source\lang\pt.js --> dewildeautos.nl /web/ckeditor/_source/lang pt.js
2011.11.17 17:03 B E:\software\ckeditor_3.6.2\ckeditor\_source\lang\pt-br.js --> dewildeautos.nl /web/ckeditor/_source/lang pt-br.js
2011.11.17 17:03 B E:\software\ckeditor_3.6.2\ckeditor\_source\lang\pl.js --> dewildeautos.nl /web/ckeditor/_source/lang pl.js
2011.11.17 17:03 B E:\software\ckeditor_3.6.2\ckeditor\_source\lang\no.js --> dewildeautos.nl /web/ckeditor/_source/lang no.js
2011.11.17 17:03 B E:\software\ckeditor_3.6.2\ckeditor\_source\lang\nl.js --> dewildeautos.nl /web/ckeditor/_source/lang nl.js
2011.11.17 17:03 B E:\software\ckeditor_3.6.2\ckeditor\_source\lang\nb.js --> dewildeautos.nl /web/ckeditor/_source/lang nb.js
2011.11.17 17:03 B E:\software\ckeditor_3.6.2\ckeditor\_source\lang\ms.js --> dewildeautos.nl /web/ckeditor/_source/lang ms.js
2011.11.17 17:03 B E:\software\ckeditor_3.6.2\ckeditor\_source\lang\mn.js --> dewildeautos.nl /web/ckeditor/_source/lang mn.js
2011.11.17 17:03 B E:\software\ckeditor_3.6.2\ckeditor\_source\lang\lv.js --> dewildeautos.nl /web/ckeditor/_source/lang lv.js
2011.11.17 17:03 B E:\software\ckeditor_3.6.2\ckeditor\_source\lang\lt.js --> dewildeautos.nl /web/ckeditor/_source/lang lt.js
2011.11.17 17:03 B E:\software\ckeditor_3.6.2\ckeditor\_source\lang\ko.js --> dewildeautos.nl /web/ckeditor/_source/lang ko.js
2011.11.17 17:03 B E:\software\ckeditor_3.6.2\ckeditor\_source\lang\km.js --> dewildeautos.nl /web/ckeditor/_source/lang km.js
2011.11.17 17:03 B E:\software\ckeditor_3.6.2\ckeditor\_source\lang\ka.js --> dewildeautos.nl /web/ckeditor/_source/lang ka.js
2011.11.17 17:03 B E:\software\ckeditor_3.6.2\ckeditor\_source\lang\ja.js --> dewildeautos.nl /web/ckeditor/_source/lang ja.js
2011.11.17 17:03 B E:\software\ckeditor_3.6.2\ckeditor\_source\lang\it.js --> dewildeautos.nl /web/ckeditor/_source/lang it.js
2011.11.17 17:03 B E:\software\ckeditor_3.6.2\ckeditor\_source\lang\is.js --> dewildeautos.nl /web/ckeditor/_source/lang is.js
2011.11.17 17:03 B E:\software\ckeditor_3.6.2\ckeditor\_source\lang\hu.js --> dewildeautos.nl /web/ckeditor/_source/lang hu.js
2011.11.17 17:03 B E:\software\ckeditor_3.6.2\ckeditor\_source\lang\hr.js --> dewildeautos.nl /web/ckeditor/_source/lang hr.js
2011.11.17 17:03 B E:\software\ckeditor_3.6.2\ckeditor\_source\lang\hi.js --> dewildeautos.nl /web/ckeditor/_source/lang hi.js
2011.11.17 17:03 B E:\software\ckeditor_3.6.2\ckeditor\_source\lang\he.js --> dewildeautos.nl /web/ckeditor/_source/lang he.js
2011.11.17 17:03 B E:\software\ckeditor_3.6.2\ckeditor\_source\lang\gu.js --> dewildeautos.nl /web/ckeditor/_source/lang gu.js
2011.11.17 17:03 B E:\software\ckeditor_3.6.2\ckeditor\_source\lang\gl.js --> dewildeautos.nl /web/ckeditor/_source/lang gl.js
2011.11.17 17:03 B E:\software\ckeditor_3.6.2\ckeditor\_source\lang\fr.js --> dewildeautos.nl /web/ckeditor/_source/lang fr.js
2011.11.17 17:03 B E:\software\ckeditor_3.6.2\ckeditor\_source\lang\fr-ca.js --> dewildeautos.nl /web/ckeditor/_source/lang fr-ca.js
2011.11.17 17:03 B E:\software\ckeditor_3.6.2\ckeditor\_source\lang\fo.js --> dewildeautos.nl /web/ckeditor/_source/lang fo.js
2011.11.17 17:03 B E:\software\ckeditor_3.6.2\ckeditor\_source\lang\fi.js --> dewildeautos.nl /web/ckeditor/_source/lang fi.js
2011.11.17 17:03 B E:\software\ckeditor_3.6.2\ckeditor\_source\lang\fa.js --> dewildeautos.nl /web/ckeditor/_source/lang fa.js
2011.11.17 17:03 B E:\software\ckeditor_3.6.2\ckeditor\_source\lang\eu.js --> dewildeautos.nl /web/ckeditor/_source/lang eu.js
2011.11.17 17:03 B E:\software\ckeditor_3.6.2\ckeditor\_source\lang\et.js --> dewildeautos.nl /web/ckeditor/_source/lang et.js
2011.11.17 17:03 B E:\software\ckeditor_3.6.2\ckeditor\_source\lang\es.js --> dewildeautos.nl /web/ckeditor/_source/lang es.js
2011.11.17 17:03 B E:\software\ckeditor_3.6.2\ckeditor\_source\lang\eo.js --> dewildeautos.nl /web/ckeditor/_source/lang eo.js
2011.11.17 17:03 B E:\software\ckeditor_3.6.2\ckeditor\_source\lang\en.js --> dewildeautos.nl /web/ckeditor/_source/lang en.js
2011.11.17 17:03 B E:\software\ckeditor_3.6.2\ckeditor\_source\lang\en-gb.js --> dewildeautos.nl /web/ckeditor/_source/lang en-gb.js
2011.11.17 17:03 B E:\software\ckeditor_3.6.2\ckeditor\_source\lang\en-ca.js --> dewildeautos.nl /web/ckeditor/_source/lang en-ca.js
2011.11.17 17:03 B E:\software\ckeditor_3.6.2\ckeditor\_source\lang\en-au.js --> dewildeautos.nl /web/ckeditor/_source/lang en-au.js
2011.11.17 17:03 B E:\software\ckeditor_3.6.2\ckeditor\_source\lang\el.js --> dewildeautos.nl /web/ckeditor/_source/lang el.js
2011.11.17 17:03 B E:\software\ckeditor_3.6.2\ckeditor\_source\lang\de.js --> dewildeautos.nl /web/ckeditor/_source/lang de.js
2011.11.17 17:03 B E:\software\ckeditor_3.6.2\ckeditor\_source\lang\da.js --> dewildeautos.nl /web/ckeditor/_source/lang da.js
2011.11.17 17:03 B E:\software\ckeditor_3.6.2\ckeditor\_source\lang\cy.js --> dewildeautos.nl /web/ckeditor/_source/lang cy.js
2011.11.17 17:03 B E:\software\ckeditor_3.6.2\ckeditor\_source\lang\cs.js --> dewildeautos.nl /web/ckeditor/_source/lang cs.js
2011.11.17 17:03 B E:\software\ckeditor_3.6.2\ckeditor\_source\lang\ca.js --> dewildeautos.nl /web/ckeditor/_source/lang ca.js
2011.11.17 17:03 B E:\software\ckeditor_3.6.2\ckeditor\_source\lang\bs.js --> dewildeautos.nl /web/ckeditor/_source/lang bs.js
2011.11.17 17:03 B E:\software\ckeditor_3.6.2\ckeditor\_source\lang\bn.js --> dewildeautos.nl /web/ckeditor/_source/lang bn.js
2011.11.17 17:03 B E:\software\ckeditor_3.6.2\ckeditor\_source\lang\bg.js --> dewildeautos.nl /web/ckeditor/_source/lang bg.js
2011.11.17 17:03 B E:\software\ckeditor_3.6.2\ckeditor\_source\lang\ar.js --> dewildeautos.nl /web/ckeditor/_source/lang ar.js
2011.11.17 17:03 B E:\software\ckeditor_3.6.2\ckeditor\_source\lang\af.js --> dewildeautos.nl /web/ckeditor/_source/lang af.js
2011.11.17 17:03 B E:\software\ckeditor_3.6.2\ckeditor\_source\lang\_translationstatus.txt --> dewildeautos.nl /web/ckeditor/_source/lang _translationstatus.txt
2011.11.17 17:03 B E:\software\ckeditor_3.6.2\ckeditor\_source\lang\_languages.js --> dewildeautos.nl /web/ckeditor/_source/lang _languages.js
2011.12.15 13:35 B E:\tijdvoorkwaliteit2011.nl\db\ckeditor\_source\lang\WS_FTP.LOG <-- dewildeautos.nl /web/db/ckeditor/_source/lang WS_FTP.LOG
2011.12.15 13:35 B E:\tijdvoorkwaliteit2011.nl\db\ckeditor\_source\lang\zh-cn.js <-- dewildeautos.nl /web/db/ckeditor/_source/lang zh-cn.js
2011.12.15 13:35 B E:\tijdvoorkwaliteit2011.nl\db\ckeditor\_source\lang\zh.js <-- dewildeautos.nl /web/db/ckeditor/_source/lang zh.js
2011.12.15 13:54 B E:\tijdvoorkwaliteit2011.nl\db\ckeditor\_source\lang\_languages.js --> tijdvoorkwaliteit.nl /web/db/ckeditor/_source/lang _languages.js
2011.12.15 13:54 B E:\tijdvoorkwaliteit2011.nl\db\ckeditor\_source\lang\_translationstatus.txt --> tijdvoorkwaliteit.nl /web/db/ckeditor/_source/lang _translationstatus.txt
2011.12.15 13:54 B E:\tijdvoorkwaliteit2011.nl\db\ckeditor\_source\lang\af.js --> tijdvoorkwaliteit.nl /web/db/ckeditor/_source/lang af.js
2011.12.15 13:54 B E:\tijdvoorkwaliteit2011.nl\db\ckeditor\_source\lang\ar.js --> tijdvoorkwaliteit.nl /web/db/ckeditor/_source/lang ar.js
2011.12.15 13:54 B E:\tijdvoorkwaliteit2011.nl\db\ckeditor\_source\lang\bg.js --> tijdvoorkwaliteit.nl /web/db/ckeditor/_source/lang bg.js
2011.12.15 13:54 B E:\tijdvoorkwaliteit2011.nl\db\ckeditor\_source\lang\bn.js --> tijdvoorkwaliteit.nl /web/db/ckeditor/_source/lang bn.js
2011.12.15 13:54 B E:\tijdvoorkwaliteit2011.nl\db\ckeditor\_source\lang\bs.js --> tijdvoorkwaliteit.nl /web/db/ckeditor/_source/lang bs.js
2011.12.15 13:54 B E:\tijdvoorkwaliteit2011.nl\db\ckeditor\_source\lang\ca.js --> tijdvoorkwaliteit.nl /web/db/ckeditor/_source/lang ca.js
2011.12.15 13:54 B E:\tijdvoorkwaliteit2011.nl\db\ckeditor\_source\lang\cs.js --> tijdvoorkwaliteit.nl /web/db/ckeditor/_source/lang cs.js
2011.12.15 13:54 B E:\tijdvoorkwaliteit2011.nl\db\ckeditor\_source\lang\cy.js --> tijdvoorkwaliteit.nl /web/db/ckeditor/_source/lang cy.js
2011.12.15 13:54 B E:\tijdvoorkwaliteit2011.nl\db\ckeditor\_source\lang\da.js --> tijdvoorkwaliteit.nl /web/db/ckeditor/_source/lang da.js
2011.12.15 13:54 B E:\tijdvoorkwaliteit2011.nl\db\ckeditor\_source\lang\de.js --> tijdvoorkwaliteit.nl /web/db/ckeditor/_source/lang de.js
2011.12.15 13:54 B E:\tijdvoorkwaliteit2011.nl\db\ckeditor\_source\lang\el.js --> tijdvoorkwaliteit.nl /web/db/ckeditor/_source/lang el.js
2011.12.15 13:54 B E:\tijdvoorkwaliteit2011.nl\db\ckeditor\_source\lang\en-au.js --> tijdvoorkwaliteit.nl /web/db/ckeditor/_source/lang en-au.js
2011.12.15 13:54 B E:\tijdvoorkwaliteit2011.nl\db\ckeditor\_source\lang\en-ca.js --> tijdvoorkwaliteit.nl /web/db/ckeditor/_source/lang en-ca.js
2011.12.15 13:54 B E:\tijdvoorkwaliteit2011.nl\db\ckeditor\_source\lang\en-gb.js --> tijdvoorkwaliteit.nl /web/db/ckeditor/_source/lang en-gb.js
2011.12.15 13:54 B E:\tijdvoorkwaliteit2011.nl\db\ckeditor\_source\lang\en.js --> tijdvoorkwaliteit.nl /web/db/ckeditor/_source/lang en.js
2011.12.15 13:54 B E:\tijdvoorkwaliteit2011.nl\db\ckeditor\_source\lang\eo.js --> tijdvoorkwaliteit.nl /web/db/ckeditor/_source/lang eo.js
2011.12.15 13:54 B E:\tijdvoorkwaliteit2011.nl\db\ckeditor\_source\lang\es.js --> tijdvoorkwaliteit.nl /web/db/ckeditor/_source/lang es.js
2011.12.15 13:54 B E:\tijdvoorkwaliteit2011.nl\db\ckeditor\_source\lang\et.js --> tijdvoorkwaliteit.nl /web/db/ckeditor/_source/lang et.js
2011.12.15 13:54 B E:\tijdvoorkwaliteit2011.nl\db\ckeditor\_source\lang\eu.js --> tijdvoorkwaliteit.nl /web/db/ckeditor/_source/lang eu.js
2011.12.15 13:54 B E:\tijdvoorkwaliteit2011.nl\db\ckeditor\_source\lang\fa.js --> tijdvoorkwaliteit.nl /web/db/ckeditor/_source/lang fa.js
2011.12.15 13:54 B E:\tijdvoorkwaliteit2011.nl\db\ckeditor\_source\lang\fi.js --> tijdvoorkwaliteit.nl /web/db/ckeditor/_source/lang fi.js
2011.12.15 13:54 B E:\tijdvoorkwaliteit2011.nl\db\ckeditor\_source\lang\fo.js --> tijdvoorkwaliteit.nl /web/db/ckeditor/_source/lang fo.js
2011.12.15 13:54 B E:\tijdvoorkwaliteit2011.nl\db\ckeditor\_source\lang\fr-ca.js --> tijdvoorkwaliteit.nl /web/db/ckeditor/_source/lang fr-ca.js
2011.12.15 13:54 B E:\tijdvoorkwaliteit2011.nl\db\ckeditor\_source\lang\fr.js --> tijdvoorkwaliteit.nl /web/db/ckeditor/_source/lang fr.js
2011.12.15 13:54 B E:\tijdvoorkwaliteit2011.nl\db\ckeditor\_source\lang\gl.js --> tijdvoorkwaliteit.nl /web/db/ckeditor/_source/lang gl.js
2011.12.15 13:54 B E:\tijdvoorkwaliteit2011.nl\db\ckeditor\_source\lang\gu.js --> tijdvoorkwaliteit.nl /web/db/ckeditor/_source/lang gu.js
2011.12.15 13:54 B E:\tijdvoorkwaliteit2011.nl\db\ckeditor\_source\lang\he.js --> tijdvoorkwaliteit.nl /web/db/ckeditor/_source/lang he.js
2011.12.15 13:54 B E:\tijdvoorkwaliteit2011.nl\db\ckeditor\_source\lang\hi.js --> tijdvoorkwaliteit.nl /web/db/ckeditor/_source/lang hi.js
2011.12.15 13:54 B E:\tijdvoorkwaliteit2011.nl\db\ckeditor\_source\lang\hr.js --> tijdvoorkwaliteit.nl /web/db/ckeditor/_source/lang hr.js
2011.12.15 13:54 B E:\tijdvoorkwaliteit2011.nl\db\ckeditor\_source\lang\hu.js --> tijdvoorkwaliteit.nl /web/db/ckeditor/_source/lang hu.js
2011.12.15 13:54 B E:\tijdvoorkwaliteit2011.nl\db\ckeditor\_source\lang\is.js --> tijdvoorkwaliteit.nl /web/db/ckeditor/_source/lang is.js
2011.12.15 13:54 B E:\tijdvoorkwaliteit2011.nl\db\ckeditor\_source\lang\it.js --> tijdvoorkwaliteit.nl /web/db/ckeditor/_source/lang it.js
2011.12.15 13:54 B E:\tijdvoorkwaliteit2011.nl\db\ckeditor\_source\lang\ja.js --> tijdvoorkwaliteit.nl /web/db/ckeditor/_source/lang ja.js
2011.12.15 13:54 B E:\tijdvoorkwaliteit2011.nl\db\ckeditor\_source\lang\ka.js --> tijdvoorkwaliteit.nl /web/db/ckeditor/_source/lang ka.js
2011.12.15 13:54 B E:\tijdvoorkwaliteit2011.nl\db\ckeditor\_source\lang\km.js --> tijdvoorkwaliteit.nl /web/db/ckeditor/_source/lang km.js
2011.12.15 13:54 B E:\tijdvoorkwaliteit2011.nl\db\ckeditor\_source\lang\ko.js --> tijdvoorkwaliteit.nl /web/db/ckeditor/_source/lang ko.js
2011.12.15 13:54 B E:\tijdvoorkwaliteit2011.nl\db\ckeditor\_source\lang\lt.js --> tijdvoorkwaliteit.nl /web/db/ckeditor/_source/lang lt.js
2011.12.15 13:54 B E:\tijdvoorkwaliteit2011.nl\db\ckeditor\_source\lang\lv.js --> tijdvoorkwaliteit.nl /web/db/ckeditor/_source/lang lv.js
2011.12.15 13:54 B E:\tijdvoorkwaliteit2011.nl\db\ckeditor\_source\lang\mn.js --> tijdvoorkwaliteit.nl /web/db/ckeditor/_source/lang mn.js
2011.12.15 13:54 B E:\tijdvoorkwaliteit2011.nl\db\ckeditor\_source\lang\ms.js --> tijdvoorkwaliteit.nl /web/db/ckeditor/_source/lang ms.js
2011.12.15 13:54 B E:\tijdvoorkwaliteit2011.nl\db\ckeditor\_source\lang\nb.js --> tijdvoorkwaliteit.nl /web/db/ckeditor/_source/lang nb.js
2011.12.15 13:54 B E:\tijdvoorkwaliteit2011.nl\db\ckeditor\_source\lang\nl.js --> tijdvoorkwaliteit.nl /web/db/ckeditor/_source/lang nl.js
2011.12.15 13:54 B E:\tijdvoorkwaliteit2011.nl\db\ckeditor\_source\lang\no.js --> tijdvoorkwaliteit.nl /web/db/ckeditor/_source/lang no.js
2011.12.15 13:54 B E:\tijdvoorkwaliteit2011.nl\db\ckeditor\_source\lang\pl.js --> tijdvoorkwaliteit.nl /web/db/ckeditor/_source/lang pl.js
2011.12.15 13:54 B E:\tijdvoorkwaliteit2011.nl\db\ckeditor\_source\lang\pt-br.js --> tijdvoorkwaliteit.nl /web/db/ckeditor/_source/lang pt-br.js
2011.12.15 13:54 B E:\tijdvoorkwaliteit2011.nl\db\ckeditor\_source\lang\pt.js --> tijdvoorkwaliteit.nl /web/db/ckeditor/_source/lang pt.js
2011.12.15 13:54 B E:\tijdvoorkwaliteit2011.nl\db\ckeditor\_source\lang\ro.js --> tijdvoorkwaliteit.nl /web/db/ckeditor/_source/lang ro.js
2011.12.15 13:54 B E:\tijdvoorkwaliteit2011.nl\db\ckeditor\_source\lang\ru.js --> tijdvoorkwaliteit.nl /web/db/ckeditor/_source/lang ru.js
2011.12.15 13:54 B E:\tijdvoorkwaliteit2011.nl\db\ckeditor\_source\lang\sk.js --> tijdvoorkwaliteit.nl /web/db/ckeditor/_source/lang sk.js
2011.12.15 13:54 B E:\tijdvoorkwaliteit2011.nl\db\ckeditor\_source\lang\sl.js --> tijdvoorkwaliteit.nl /web/db/ckeditor/_source/lang sl.js
2011.12.15 13:54 B E:\tijdvoorkwaliteit2011.nl\db\ckeditor\_source\lang\sr-latn.js --> tijdvoorkwaliteit.nl /web/db/ckeditor/_source/lang sr-latn.js
2011.12.15 13:54 B E:\tijdvoorkwaliteit2011.nl\db\ckeditor\_source\lang\sr.js --> tijdvoorkwaliteit.nl /web/db/ckeditor/_source/lang sr.js
2011.12.15 13:54 B E:\tijdvoorkwaliteit2011.nl\db\ckeditor\_source\lang\sv.js --> tijdvoorkwaliteit.nl /web/db/ckeditor/_source/lang sv.js
2011.12.15 13:54 B E:\tijdvoorkwaliteit2011.nl\db\ckeditor\_source\lang\th.js --> tijdvoorkwaliteit.nl /web/db/ckeditor/_source/lang th.js
2011.12.15 13:54 B E:\tijdvoorkwaliteit2011.nl\db\ckeditor\_source\lang\tr.js --> tijdvoorkwaliteit.nl /web/db/ckeditor/_source/lang tr.js
2011.12.15 13:54 B E:\tijdvoorkwaliteit2011.nl\db\ckeditor\_source\lang\uk.js --> tijdvoorkwaliteit.nl /web/db/ckeditor/_source/lang uk.js
2011.12.15 13:54 B E:\tijdvoorkwaliteit2011.nl\db\ckeditor\_source\lang\vi.js --> tijdvoorkwaliteit.nl /web/db/ckeditor/_source/lang vi.js
2012.04.19 13:34 B E:\tilborghs.nl Map\tilborghs.nl\db\ckeditor\_source\lang\WS_FTP.LOG <-- tijdvoorkwaliteit.nl /web/db/ckeditor/_source/lang WS_FTP.LOG
2012.04.19 13:34 B E:\tilborghs.nl Map\tilborghs.nl\db\ckeditor\_source\lang\zh-cn.js <-- tijdvoorkwaliteit.nl /web/db/ckeditor/_source/lang zh-cn.js
2012.04.19 13:34 B E:\tilborghs.nl Map\tilborghs.nl\db\ckeditor\_source\lang\zh.js <-- tijdvoorkwaliteit.nl /web/db/ckeditor/_source/lang zh.js
2012.04.19 13:40 B E:\tilborghs.nl Map\tilborghs.nl\db\ckeditor\_source\lang\_languages.js --> tilborghs.nl /web/db/ckeditor/_source/lang _languages.js
2012.04.19 13:40 B E:\tilborghs.nl Map\tilborghs.nl\db\ckeditor\_source\lang\_translationstatus.txt --> tilborghs.nl /web/db/ckeditor/_source/lang _translationstatus.txt
2012.04.19 13:40 B E:\tilborghs.nl Map\tilborghs.nl\db\ckeditor\_source\lang\af.js --> tilborghs.nl /web/db/ckeditor/_source/lang af.js
2012.04.19 13:40 B E:\tilborghs.nl Map\tilborghs.nl\db\ckeditor\_source\lang\ar.js --> tilborghs.nl /web/db/ckeditor/_source/lang ar.js
2012.04.19 13:40 B E:\tilborghs.nl Map\tilborghs.nl\db\ckeditor\_source\lang\bg.js --> tilborghs.nl /web/db/ckeditor/_source/lang bg.js
2012.04.19 13:40 B E:\tilborghs.nl Map\tilborghs.nl\db\ckeditor\_source\lang\bn.js --> tilborghs.nl /web/db/ckeditor/_source/lang bn.js
2012.04.19 13:40 B E:\tilborghs.nl Map\tilborghs.nl\db\ckeditor\_source\lang\bs.js --> tilborghs.nl /web/db/ckeditor/_source/lang bs.js
2012.04.19 13:40 B E:\tilborghs.nl Map\tilborghs.nl\db\ckeditor\_source\lang\ca.js --> tilborghs.nl /web/db/ckeditor/_source/lang ca.js
2012.04.19 13:40 B E:\tilborghs.nl Map\tilborghs.nl\db\ckeditor\_source\lang\cs.js --> tilborghs.nl /web/db/ckeditor/_source/lang cs.js
2012.04.19 13:40 B E:\tilborghs.nl Map\tilborghs.nl\db\ckeditor\_source\lang\cy.js --> tilborghs.nl /web/db/ckeditor/_source/lang cy.js
2012.04.19 13:40 B E:\tilborghs.nl Map\tilborghs.nl\db\ckeditor\_source\lang\da.js --> tilborghs.nl /web/db/ckeditor/_source/lang da.js
2012.04.19 13:40 B E:\tilborghs.nl Map\tilborghs.nl\db\ckeditor\_source\lang\de.js --> tilborghs.nl /web/db/ckeditor/_source/lang de.js
2012.04.19 13:40 B E:\tilborghs.nl Map\tilborghs.nl\db\ckeditor\_source\lang\el.js --> tilborghs.nl /web/db/ckeditor/_source/lang el.js
2012.04.19 13:40 B E:\tilborghs.nl Map\tilborghs.nl\db\ckeditor\_source\lang\en-au.js --> tilborghs.nl /web/db/ckeditor/_source/lang en-au.js
2012.04.19 13:40 B E:\tilborghs.nl Map\tilborghs.nl\db\ckeditor\_source\lang\en-ca.js --> tilborghs.nl /web/db/ckeditor/_source/lang en-ca.js
2012.04.19 13:40 B E:\tilborghs.nl Map\tilborghs.nl\db\ckeditor\_source\lang\en-gb.js --> tilborghs.nl /web/db/ckeditor/_source/lang en-gb.js
2012.04.19 13:40 B E:\tilborghs.nl Map\tilborghs.nl\db\ckeditor\_source\lang\en.js --> tilborghs.nl /web/db/ckeditor/_source/lang en.js
2012.04.19 13:40 B E:\tilborghs.nl Map\tilborghs.nl\db\ckeditor\_source\lang\eo.js --> tilborghs.nl /web/db/ckeditor/_source/lang eo.js
2012.04.19 13:40 B E:\tilborghs.nl Map\tilborghs.nl\db\ckeditor\_source\lang\es.js --> tilborghs.nl /web/db/ckeditor/_source/lang es.js
2012.04.19 13:40 B E:\tilborghs.nl Map\tilborghs.nl\db\ckeditor\_source\lang\et.js --> tilborghs.nl /web/db/ckeditor/_source/lang et.js
2012.04.19 13:40 B E:\tilborghs.nl Map\tilborghs.nl\db\ckeditor\_source\lang\eu.js --> tilborghs.nl /web/db/ckeditor/_source/lang eu.js
2012.04.19 13:40 B E:\tilborghs.nl Map\tilborghs.nl\db\ckeditor\_source\lang\fa.js --> tilborghs.nl /web/db/ckeditor/_source/lang fa.js
2012.04.19 13:40 B E:\tilborghs.nl Map\tilborghs.nl\db\ckeditor\_source\lang\fi.js --> tilborghs.nl /web/db/ckeditor/_source/lang fi.js
2012.04.19 13:40 B E:\tilborghs.nl Map\tilborghs.nl\db\ckeditor\_source\lang\fo.js --> tilborghs.nl /web/db/ckeditor/_source/lang fo.js
2012.04.19 13:40 B E:\tilborghs.nl Map\tilborghs.nl\db\ckeditor\_source\lang\fr-ca.js --> tilborghs.nl /web/db/ckeditor/_source/lang fr-ca.js
2012.04.19 13:40 B E:\tilborghs.nl Map\tilborghs.nl\db\ckeditor\_source\lang\fr.js --> tilborghs.nl /web/db/ckeditor/_source/lang fr.js
2012.04.19 13:41 B E:\tilborghs.nl Map\tilborghs.nl\db\ckeditor\_source\lang\gl.js --> tilborghs.nl /web/db/ckeditor/_source/lang gl.js
2012.04.19 13:41 B E:\tilborghs.nl Map\tilborghs.nl\db\ckeditor\_source\lang\gu.js --> tilborghs.nl /web/db/ckeditor/_source/lang gu.js
2012.04.19 13:41 B E:\tilborghs.nl Map\tilborghs.nl\db\ckeditor\_source\lang\he.js --> tilborghs.nl /web/db/ckeditor/_source/lang he.js
2012.04.19 13:41 B E:\tilborghs.nl Map\tilborghs.nl\db\ckeditor\_source\lang\hi.js --> tilborghs.nl /web/db/ckeditor/_source/lang hi.js
2012.04.19 13:41 B E:\tilborghs.nl Map\tilborghs.nl\db\ckeditor\_source\lang\hr.js --> tilborghs.nl /web/db/ckeditor/_source/lang hr.js
2012.04.19 13:41 B E:\tilborghs.nl Map\tilborghs.nl\db\ckeditor\_source\lang\hu.js --> tilborghs.nl /web/db/ckeditor/_source/lang hu.js
2012.04.19 13:41 B E:\tilborghs.nl Map\tilborghs.nl\db\ckeditor\_source\lang\is.js --> tilborghs.nl /web/db/ckeditor/_source/lang is.js
2012.04.19 13:41 B E:\tilborghs.nl Map\tilborghs.nl\db\ckeditor\_source\lang\it.js --> tilborghs.nl /web/db/ckeditor/_source/lang it.js
2012.04.19 13:41 B E:\tilborghs.nl Map\tilborghs.nl\db\ckeditor\_source\lang\ja.js --> tilborghs.nl /web/db/ckeditor/_source/lang ja.js
2012.04.19 13:41 B E:\tilborghs.nl Map\tilborghs.nl\db\ckeditor\_source\lang\ka.js --> tilborghs.nl /web/db/ckeditor/_source/lang ka.js
2012.04.19 13:41 B E:\tilborghs.nl Map\tilborghs.nl\db\ckeditor\_source\lang\km.js --> tilborghs.nl /web/db/ckeditor/_source/lang km.js
2012.04.19 13:41 B E:\tilborghs.nl Map\tilborghs.nl\db\ckeditor\_source\lang\ko.js --> tilborghs.nl /web/db/ckeditor/_source/lang ko.js
2012.04.19 13:41 B E:\tilborghs.nl Map\tilborghs.nl\db\ckeditor\_source\lang\lt.js --> tilborghs.nl /web/db/ckeditor/_source/lang lt.js
2012.04.19 13:41 B E:\tilborghs.nl Map\tilborghs.nl\db\ckeditor\_source\lang\lv.js --> tilborghs.nl /web/db/ckeditor/_source/lang lv.js
2012.04.19 13:41 B E:\tilborghs.nl Map\tilborghs.nl\db\ckeditor\_source\lang\mn.js --> tilborghs.nl /web/db/ckeditor/_source/lang mn.js
2012.04.19 13:41 B E:\tilborghs.nl Map\tilborghs.nl\db\ckeditor\_source\lang\ms.js --> tilborghs.nl /web/db/ckeditor/_source/lang ms.js
2012.04.19 13:41 B E:\tilborghs.nl Map\tilborghs.nl\db\ckeditor\_source\lang\nb.js --> tilborghs.nl /web/db/ckeditor/_source/lang nb.js
2012.04.19 13:41 B E:\tilborghs.nl Map\tilborghs.nl\db\ckeditor\_source\lang\nl.js --> tilborghs.nl /web/db/ckeditor/_source/lang nl.js
2012.04.19 13:41 B E:\tilborghs.nl Map\tilborghs.nl\db\ckeditor\_source\lang\no.js --> tilborghs.nl /web/db/ckeditor/_source/lang no.js
2012.04.19 13:41 B E:\tilborghs.nl Map\tilborghs.nl\db\ckeditor\_source\lang\pl.js --> tilborghs.nl /web/db/ckeditor/_source/lang pl.js
2012.04.19 13:41 B E:\tilborghs.nl Map\tilborghs.nl\db\ckeditor\_source\lang\pt-br.js --> tilborghs.nl /web/db/ckeditor/_source/lang pt-br.js
2012.04.19 13:41 B E:\tilborghs.nl Map\tilborghs.nl\db\ckeditor\_source\lang\pt.js --> tilborghs.nl /web/db/ckeditor/_source/lang pt.js
2012.04.19 13:41 B E:\tilborghs.nl Map\tilborghs.nl\db\ckeditor\_source\lang\ro.js --> tilborghs.nl /web/db/ckeditor/_source/lang ro.js
2012.04.19 13:41 B E:\tilborghs.nl Map\tilborghs.nl\db\ckeditor\_source\lang\ru.js --> tilborghs.nl /web/db/ckeditor/_source/lang ru.js
2012.04.19 13:41 B E:\tilborghs.nl Map\tilborghs.nl\db\ckeditor\_source\lang\sk.js --> tilborghs.nl /web/db/ckeditor/_source/lang sk.js
2012.04.19 13:41 B E:\tilborghs.nl Map\tilborghs.nl\db\ckeditor\_source\lang\sl.js --> tilborghs.nl /web/db/ckeditor/_source/lang sl.js
2012.04.19 13:41 B E:\tilborghs.nl Map\tilborghs.nl\db\ckeditor\_source\lang\sr-latn.js --> tilborghs.nl /web/db/ckeditor/_source/lang sr-latn.js
2012.04.19 13:41 B E:\tilborghs.nl Map\tilborghs.nl\db\ckeditor\_source\lang\sr.js --> tilborghs.nl /web/db/ckeditor/_source/lang sr.js
2012.04.19 13:41 B E:\tilborghs.nl Map\tilborghs.nl\db\ckeditor\_source\lang\sv.js --> tilborghs.nl /web/db/ckeditor/_source/lang sv.js
2012.04.19 13:41 B E:\tilborghs.nl Map\tilborghs.nl\db\ckeditor\_source\lang\th.js --> tilborghs.nl /web/db/ckeditor/_source/lang th.js
2012.04.19 13:41 B E:\tilborghs.nl Map\tilborghs.nl\db\ckeditor\_source\lang\tr.js --> tilborghs.nl /web/db/ckeditor/_source/lang tr.js
2012.04.19 13:41 B E:\tilborghs.nl Map\tilborghs.nl\db\ckeditor\_source\lang\uk.js --> tilborghs.nl /web/db/ckeditor/_source/lang uk.js
2012.04.19 13:41 B E:\tilborghs.nl Map\tilborghs.nl\db\ckeditor\_source\lang\vi.js --> tilborghs.nl /web/db/ckeditor/_source/lang vi.js
2012.04.19 13:41 B E:\tilborghs.nl Map\tilborghs.nl\db\ckeditor\_source\lang\WS_FTP.LOG --> tilborghs.nl /web/db/ckeditor/_source/lang WS_FTP.LOG
2012.04.19 13:41 B E:\tilborghs.nl Map\tilborghs.nl\db\ckeditor\_source\lang\zh-cn.js --> tilborghs.nl /web/db/ckeditor/_source/lang zh-cn.js
2012.04.19 13:41 B E:\tilborghs.nl Map\tilborghs.nl\db\ckeditor\_source\lang\zh.js --> tilborghs.nl /web/db/ckeditor/_source/lang zh.js
2012.05.08 20:54 B E:\autoadvance2010.nl Map\autoadvance2010.nl\db\ckeditor\_source\lang\_languages.js --> autoadvance.nl /web/db/ckeditor/_source/lang _languages.js
2012.05.08 20:54 B E:\autoadvance2010.nl Map\autoadvance2010.nl\db\ckeditor\_source\lang\_translationstatus.txt --> autoadvance.nl /web/db/ckeditor/_source/lang _translationstatus.txt
2012.05.08 20:54 B E:\autoadvance2010.nl Map\autoadvance2010.nl\db\ckeditor\_source\lang\af.js --> autoadvance.nl /web/db/ckeditor/_source/lang af.js
2012.05.08 20:54 B E:\autoadvance2010.nl Map\autoadvance2010.nl\db\ckeditor\_source\lang\ar.js --> autoadvance.nl /web/db/ckeditor/_source/lang ar.js
2012.05.08 20:54 B E:\autoadvance2010.nl Map\autoadvance2010.nl\db\ckeditor\_source\lang\bg.js --> autoadvance.nl /web/db/ckeditor/_source/lang bg.js
2012.05.08 20:54 B E:\autoadvance2010.nl Map\autoadvance2010.nl\db\ckeditor\_source\lang\bn.js --> autoadvance.nl /web/db/ckeditor/_source/lang bn.js
2012.05.08 20:54 B E:\autoadvance2010.nl Map\autoadvance2010.nl\db\ckeditor\_source\lang\bs.js --> autoadvance.nl /web/db/ckeditor/_source/lang bs.js
2012.05.08 20:54 B E:\autoadvance2010.nl Map\autoadvance2010.nl\db\ckeditor\_source\lang\ca.js --> autoadvance.nl /web/db/ckeditor/_source/lang ca.js
2012.05.08 20:54 B E:\autoadvance2010.nl Map\autoadvance2010.nl\db\ckeditor\_source\lang\cs.js --> autoadvance.nl /web/db/ckeditor/_source/lang cs.js
2012.05.08 20:54 B E:\autoadvance2010.nl Map\autoadvance2010.nl\db\ckeditor\_source\lang\cy.js --> autoadvance.nl /web/db/ckeditor/_source/lang cy.js
2012.05.08 20:54 B E:\autoadvance2010.nl Map\autoadvance2010.nl\db\ckeditor\_source\lang\da.js --> autoadvance.nl /web/db/ckeditor/_source/lang da.js
2012.05.08 20:54 B E:\autoadvance2010.nl Map\autoadvance2010.nl\db\ckeditor\_source\lang\de.js --> autoadvance.nl /web/db/ckeditor/_source/lang de.js
2012.05.08 20:54 B E:\autoadvance2010.nl Map\autoadvance2010.nl\db\ckeditor\_source\lang\el.js --> autoadvance.nl /web/db/ckeditor/_source/lang el.js
2012.05.08 20:54 B E:\autoadvance2010.nl Map\autoadvance2010.nl\db\ckeditor\_source\lang\en-au.js --> autoadvance.nl /web/db/ckeditor/_source/lang en-au.js
2012.05.08 20:54 B E:\autoadvance2010.nl Map\autoadvance2010.nl\db\ckeditor\_source\lang\en-ca.js --> autoadvance.nl /web/db/ckeditor/_source/lang en-ca.js
2012.05.08 20:54 B E:\autoadvance2010.nl Map\autoadvance2010.nl\db\ckeditor\_source\lang\en-gb.js --> autoadvance.nl /web/db/ckeditor/_source/lang en-gb.js
2012.05.08 20:54 B E:\autoadvance2010.nl Map\autoadvance2010.nl\db\ckeditor\_source\lang\en.js --> autoadvance.nl /web/db/ckeditor/_source/lang en.js
2012.05.08 20:54 B E:\autoadvance2010.nl Map\autoadvance2010.nl\db\ckeditor\_source\lang\eo.js --> autoadvance.nl /web/db/ckeditor/_source/lang eo.js
2012.05.08 20:54 B E:\autoadvance2010.nl Map\autoadvance2010.nl\db\ckeditor\_source\lang\es.js --> autoadvance.nl /web/db/ckeditor/_source/lang es.js
2012.05.08 20:54 B E:\autoadvance2010.nl Map\autoadvance2010.nl\db\ckeditor\_source\lang\et.js --> autoadvance.nl /web/db/ckeditor/_source/lang et.js
2012.05.08 20:54 B E:\autoadvance2010.nl Map\autoadvance2010.nl\db\ckeditor\_source\lang\eu.js --> autoadvance.nl /web/db/ckeditor/_source/lang eu.js
2012.05.08 20:54 B E:\autoadvance2010.nl Map\autoadvance2010.nl\db\ckeditor\_source\lang\fa.js --> autoadvance.nl /web/db/ckeditor/_source/lang fa.js
2012.05.08 20:54 B E:\autoadvance2010.nl Map\autoadvance2010.nl\db\ckeditor\_source\lang\fi.js --> autoadvance.nl /web/db/ckeditor/_source/lang fi.js
2012.05.08 20:54 B E:\autoadvance2010.nl Map\autoadvance2010.nl\db\ckeditor\_source\lang\fo.js --> autoadvance.nl /web/db/ckeditor/_source/lang fo.js
2012.05.08 20:54 B E:\autoadvance2010.nl Map\autoadvance2010.nl\db\ckeditor\_source\lang\fr-ca.js --> autoadvance.nl /web/db/ckeditor/_source/lang fr-ca.js
2012.05.08 20:54 B E:\autoadvance2010.nl Map\autoadvance2010.nl\db\ckeditor\_source\lang\fr.js --> autoadvance.nl /web/db/ckeditor/_source/lang fr.js
2012.05.08 20:54 B E:\autoadvance2010.nl Map\autoadvance2010.nl\db\ckeditor\_source\lang\gl.js --> autoadvance.nl /web/db/ckeditor/_source/lang gl.js
2012.05.08 20:54 B E:\autoadvance2010.nl Map\autoadvance2010.nl\db\ckeditor\_source\lang\gu.js --> autoadvance.nl /web/db/ckeditor/_source/lang gu.js
2012.05.08 20:54 B E:\autoadvance2010.nl Map\autoadvance2010.nl\db\ckeditor\_source\lang\he.js --> autoadvance.nl /web/db/ckeditor/_source/lang he.js
2012.05.08 20:54 B E:\autoadvance2010.nl Map\autoadvance2010.nl\db\ckeditor\_source\lang\hi.js --> autoadvance.nl /web/db/ckeditor/_source/lang hi.js
2012.05.08 20:54 B E:\autoadvance2010.nl Map\autoadvance2010.nl\db\ckeditor\_source\lang\hr.js --> autoadvance.nl /web/db/ckeditor/_source/lang hr.js
2012.05.08 20:54 B E:\autoadvance2010.nl Map\autoadvance2010.nl\db\ckeditor\_source\lang\hu.js --> autoadvance.nl /web/db/ckeditor/_source/lang hu.js
2012.05.08 20:54 B E:\autoadvance2010.nl Map\autoadvance2010.nl\db\ckeditor\_source\lang\is.js --> autoadvance.nl /web/db/ckeditor/_source/lang is.js
2012.05.08 20:54 B E:\autoadvance2010.nl Map\autoadvance2010.nl\db\ckeditor\_source\lang\it.js --> autoadvance.nl /web/db/ckeditor/_source/lang it.js
2012.05.08 20:54 B E:\autoadvance2010.nl Map\autoadvance2010.nl\db\ckeditor\_source\lang\ja.js --> autoadvance.nl /web/db/ckeditor/_source/lang ja.js
2012.05.08 20:54 B E:\autoadvance2010.nl Map\autoadvance2010.nl\db\ckeditor\_source\lang\ka.js --> autoadvance.nl /web/db/ckeditor/_source/lang ka.js
2012.05.08 20:54 B E:\autoadvance2010.nl Map\autoadvance2010.nl\db\ckeditor\_source\lang\km.js --> autoadvance.nl /web/db/ckeditor/_source/lang km.js
2012.05.08 20:54 B E:\autoadvance2010.nl Map\autoadvance2010.nl\db\ckeditor\_source\lang\ko.js --> autoadvance.nl /web/db/ckeditor/_source/lang ko.js
2012.05.08 20:54 B E:\autoadvance2010.nl Map\autoadvance2010.nl\db\ckeditor\_source\lang\lt.js --> autoadvance.nl /web/db/ckeditor/_source/lang lt.js
2012.05.08 20:54 B E:\autoadvance2010.nl Map\autoadvance2010.nl\db\ckeditor\_source\lang\lv.js --> autoadvance.nl /web/db/ckeditor/_source/lang lv.js
2012.05.08 20:54 B E:\autoadvance2010.nl Map\autoadvance2010.nl\db\ckeditor\_source\lang\mn.js --> autoadvance.nl /web/db/ckeditor/_source/lang mn.js
2012.05.08 20:54 B E:\autoadvance2010.nl Map\autoadvance2010.nl\db\ckeditor\_source\lang\ms.js --> autoadvance.nl /web/db/ckeditor/_source/lang ms.js
2012.05.08 20:55 B E:\autoadvance2010.nl Map\autoadvance2010.nl\db\ckeditor\_source\lang\nb.js --> autoadvance.nl /web/db/ckeditor/_source/lang nb.js
2012.05.08 20:55 B E:\autoadvance2010.nl Map\autoadvance2010.nl\db\ckeditor\_source\lang\nl.js --> autoadvance.nl /web/db/ckeditor/_source/lang nl.js
2012.05.08 20:55 B E:\autoadvance2010.nl Map\autoadvance2010.nl\db\ckeditor\_source\lang\no.js --> autoadvance.nl /web/db/ckeditor/_source/lang no.js
2012.05.08 20:55 B E:\autoadvance2010.nl Map\autoadvance2010.nl\db\ckeditor\_source\lang\pl.js --> autoadvance.nl /web/db/ckeditor/_source/lang pl.js
2012.05.08 20:55 B E:\autoadvance2010.nl Map\autoadvance2010.nl\db\ckeditor\_source\lang\pt-br.js --> autoadvance.nl /web/db/ckeditor/_source/lang pt-br.js
2012.05.08 20:55 B E:\autoadvance2010.nl Map\autoadvance2010.nl\db\ckeditor\_source\lang\pt.js --> autoadvance.nl /web/db/ckeditor/_source/lang pt.js
2012.05.08 20:55 B E:\autoadvance2010.nl Map\autoadvance2010.nl\db\ckeditor\_source\lang\ro.js --> autoadvance.nl /web/db/ckeditor/_source/lang ro.js
2012.05.08 20:55 B E:\autoadvance2010.nl Map\autoadvance2010.nl\db\ckeditor\_source\lang\ru.js --> autoadvance.nl /web/db/ckeditor/_source/lang ru.js
2012.05.08 20:55 B E:\autoadvance2010.nl Map\autoadvance2010.nl\db\ckeditor\_source\lang\sk.js --> autoadvance.nl /web/db/ckeditor/_source/lang sk.js
2012.05.08 20:55 B E:\autoadvance2010.nl Map\autoadvance2010.nl\db\ckeditor\_source\lang\sl.js --> autoadvance.nl /web/db/ckeditor/_source/lang sl.js
2012.05.08 20:55 B E:\autoadvance2010.nl Map\autoadvance2010.nl\db\ckeditor\_source\lang\sr-latn.js --> autoadvance.nl /web/db/ckeditor/_source/lang sr-latn.js
2012.05.08 20:55 B E:\autoadvance2010.nl Map\autoadvance2010.nl\db\ckeditor\_source\lang\sr.js --> autoadvance.nl /web/db/ckeditor/_source/lang sr.js
2012.05.08 20:55 B E:\autoadvance2010.nl Map\autoadvance2010.nl\db\ckeditor\_source\lang\sv.js --> autoadvance.nl /web/db/ckeditor/_source/lang sv.js
2012.05.08 20:55 B E:\autoadvance2010.nl Map\autoadvance2010.nl\db\ckeditor\_source\lang\th.js --> autoadvance.nl /web/db/ckeditor/_source/lang th.js
2012.05.08 20:55 B E:\autoadvance2010.nl Map\autoadvance2010.nl\db\ckeditor\_source\lang\tr.js --> autoadvance.nl /web/db/ckeditor/_source/lang tr.js
2012.05.08 20:55 B E:\autoadvance2010.nl Map\autoadvance2010.nl\db\ckeditor\_source\lang\uk.js --> autoadvance.nl /web/db/ckeditor/_source/lang uk.js
2012.05.08 20:55 B E:\autoadvance2010.nl Map\autoadvance2010.nl\db\ckeditor\_source\lang\vi.js --> autoadvance.nl /web/db/ckeditor/_source/lang vi.js
2013.03.16 11:42 B E:\fdmstest.nl Map\fdmstest.nl\db\ckeditor\_source\lang\WS_FTP.LOG <-- autoadvance.nl /web/db/ckeditor/_source/lang WS_FTP.LOG
2013.03.16 11:42 B E:\fdmstest.nl Map\fdmstest.nl\db\ckeditor\_source\lang\zh-cn.js <-- autoadvance.nl /web/db/ckeditor/_source/lang zh-cn.js
2013.03.16 11:42 B E:\fdmstest.nl Map\fdmstest.nl\db\ckeditor\_source\lang\zh.js <-- autoadvance.nl /web/db/ckeditor/_source/lang zh.js
2013.03.16 12:17 B E:\fdmstest.nl Map\fdmstest.nl\db\ckeditor\_source\lang\_languages.js --> 212.79.241.34 /web/db/ckeditor/_source/lang _languages.js
2013.03.16 12:17 B E:\fdmstest.nl Map\fdmstest.nl\db\ckeditor\_source\lang\_translationstatus.txt --> 212.79.241.34 /web/db/ckeditor/_source/lang _translationstatus.txt
2013.03.16 12:17 B E:\fdmstest.nl Map\fdmstest.nl\db\ckeditor\_source\lang\af.js --> 212.79.241.34 /web/db/ckeditor/_source/lang af.js
2013.03.16 12:17 B E:\fdmstest.nl Map\fdmstest.nl\db\ckeditor\_source\lang\ar.js --> 212.79.241.34 /web/db/ckeditor/_source/lang ar.js
2013.03.16 12:17 B E:\fdmstest.nl Map\fdmstest.nl\db\ckeditor\_source\lang\bg.js --> 212.79.241.34 /web/db/ckeditor/_source/lang bg.js
2013.03.16 12:17 B E:\fdmstest.nl Map\fdmstest.nl\db\ckeditor\_source\lang\bn.js --> 212.79.241.34 /web/db/ckeditor/_source/lang bn.js
2013.03.16 12:17 B E:\fdmstest.nl Map\fdmstest.nl\db\ckeditor\_source\lang\bs.js --> 212.79.241.34 /web/db/ckeditor/_source/lang bs.js
2013.03.16 12:17 B E:\fdmstest.nl Map\fdmstest.nl\db\ckeditor\_source\lang\ca.js --> 212.79.241.34 /web/db/ckeditor/_source/lang ca.js
2013.03.16 12:17 B E:\fdmstest.nl Map\fdmstest.nl\db\ckeditor\_source\lang\cs.js --> 212.79.241.34 /web/db/ckeditor/_source/lang cs.js
2013.03.16 12:17 B E:\fdmstest.nl Map\fdmstest.nl\db\ckeditor\_source\lang\cy.js --> 212.79.241.34 /web/db/ckeditor/_source/lang cy.js
2013.03.16 12:17 B E:\fdmstest.nl Map\fdmstest.nl\db\ckeditor\_source\lang\da.js --> 212.79.241.34 /web/db/ckeditor/_source/lang da.js
2013.03.16 12:17 B E:\fdmstest.nl Map\fdmstest.nl\db\ckeditor\_source\lang\de.js --> 212.79.241.34 /web/db/ckeditor/_source/lang de.js
2013.03.16 12:17 B E:\fdmstest.nl Map\fdmstest.nl\db\ckeditor\_source\lang\el.js --> 212.79.241.34 /web/db/ckeditor/_source/lang el.js
2013.03.16 12:17 B E:\fdmstest.nl Map\fdmstest.nl\db\ckeditor\_source\lang\en-au.js --> 212.79.241.34 /web/db/ckeditor/_source/lang en-au.js
2013.03.16 12:17 B E:\fdmstest.nl Map\fdmstest.nl\db\ckeditor\_source\lang\en-ca.js --> 212.79.241.34 /web/db/ckeditor/_source/lang en-ca.js
2013.03.16 12:17 B E:\fdmstest.nl Map\fdmstest.nl\db\ckeditor\_source\lang\en-gb.js --> 212.79.241.34 /web/db/ckeditor/_source/lang en-gb.js
2013.03.16 12:17 B E:\fdmstest.nl Map\fdmstest.nl\db\ckeditor\_source\lang\en.js --> 212.79.241.34 /web/db/ckeditor/_source/lang en.js
2013.03.16 12:17 B E:\fdmstest.nl Map\fdmstest.nl\db\ckeditor\_source\lang\eo.js --> 212.79.241.34 /web/db/ckeditor/_source/lang eo.js
2013.03.16 12:17 B E:\fdmstest.nl Map\fdmstest.nl\db\ckeditor\_source\lang\es.js --> 212.79.241.34 /web/db/ckeditor/_source/lang es.js
2013.03.16 12:17 B E:\fdmstest.nl Map\fdmstest.nl\db\ckeditor\_source\lang\et.js --> 212.79.241.34 /web/db/ckeditor/_source/lang et.js
2013.03.16 12:17 B E:\fdmstest.nl Map\fdmstest.nl\db\ckeditor\_source\lang\eu.js --> 212.79.241.34 /web/db/ckeditor/_source/lang eu.js
2013.03.16 12:17 B E:\fdmstest.nl Map\fdmstest.nl\db\ckeditor\_source\lang\fa.js --> 212.79.241.34 /web/db/ckeditor/_source/lang fa.js
2013.03.16 12:17 B E:\fdmstest.nl Map\fdmstest.nl\db\ckeditor\_source\lang\fi.js --> 212.79.241.34 /web/db/ckeditor/_source/lang fi.js
2013.03.16 12:17 B E:\fdmstest.nl Map\fdmstest.nl\db\ckeditor\_source\lang\fo.js --> 212.79.241.34 /web/db/ckeditor/_source/lang fo.js
2013.03.16 12:17 B E:\fdmstest.nl Map\fdmstest.nl\db\ckeditor\_source\lang\fr-ca.js --> 212.79.241.34 /web/db/ckeditor/_source/lang fr-ca.js
2013.03.16 12:17 B E:\fdmstest.nl Map\fdmstest.nl\db\ckeditor\_source\lang\fr.js --> 212.79.241.34 /web/db/ckeditor/_source/lang fr.js
2013.03.16 12:17 B E:\fdmstest.nl Map\fdmstest.nl\db\ckeditor\_source\lang\gl.js --> 212.79.241.34 /web/db/ckeditor/_source/lang gl.js
2013.03.16 12:17 B E:\fdmstest.nl Map\fdmstest.nl\db\ckeditor\_source\lang\gu.js --> 212.79.241.34 /web/db/ckeditor/_source/lang gu.js
2013.03.16 12:17 B E:\fdmstest.nl Map\fdmstest.nl\db\ckeditor\_source\lang\he.js --> 212.79.241.34 /web/db/ckeditor/_source/lang he.js
2013.03.16 12:17 B E:\fdmstest.nl Map\fdmstest.nl\db\ckeditor\_source\lang\hi.js --> 212.79.241.34 /web/db/ckeditor/_source/lang hi.js
2013.03.16 12:17 B E:\fdmstest.nl Map\fdmstest.nl\db\ckeditor\_source\lang\hr.js --> 212.79.241.34 /web/db/ckeditor/_source/lang hr.js
2013.03.16 12:17 B E:\fdmstest.nl Map\fdmstest.nl\db\ckeditor\_source\lang\hu.js --> 212.79.241.34 /web/db/ckeditor/_source/lang hu.js
2013.03.16 12:17 B E:\fdmstest.nl Map\fdmstest.nl\db\ckeditor\_source\lang\is.js --> 212.79.241.34 /web/db/ckeditor/_source/lang is.js
2013.03.16 12:17 B E:\fdmstest.nl Map\fdmstest.nl\db\ckeditor\_source\lang\it.js --> 212.79.241.34 /web/db/ckeditor/_source/lang it.js
2013.03.16 12:17 B E:\fdmstest.nl Map\fdmstest.nl\db\ckeditor\_source\lang\ja.js --> 212.79.241.34 /web/db/ckeditor/_source/lang ja.js
2013.03.16 12:17 B E:\fdmstest.nl Map\fdmstest.nl\db\ckeditor\_source\lang\ka.js --> 212.79.241.34 /web/db/ckeditor/_source/lang ka.js
2013.03.16 12:17 B E:\fdmstest.nl Map\fdmstest.nl\db\ckeditor\_source\lang\km.js --> 212.79.241.34 /web/db/ckeditor/_source/lang km.js
2013.03.16 12:17 B E:\fdmstest.nl Map\fdmstest.nl\db\ckeditor\_source\lang\ko.js --> 212.79.241.34 /web/db/ckeditor/_source/lang ko.js
2013.03.16 12:17 B E:\fdmstest.nl Map\fdmstest.nl\db\ckeditor\_source\lang\lt.js --> 212.79.241.34 /web/db/ckeditor/_source/lang lt.js
2013.03.16 12:17 B E:\fdmstest.nl Map\fdmstest.nl\db\ckeditor\_source\lang\lv.js --> 212.79.241.34 /web/db/ckeditor/_source/lang lv.js
2013.03.16 12:17 B E:\fdmstest.nl Map\fdmstest.nl\db\ckeditor\_source\lang\mn.js --> 212.79.241.34 /web/db/ckeditor/_source/lang mn.js
2013.03.16 12:17 B E:\fdmstest.nl Map\fdmstest.nl\db\ckeditor\_source\lang\ms.js --> 212.79.241.34 /web/db/ckeditor/_source/lang ms.js
2013.03.16 12:17 B E:\fdmstest.nl Map\fdmstest.nl\db\ckeditor\_source\lang\nb.js --> 212.79.241.34 /web/db/ckeditor/_source/lang nb.js
2013.03.16 12:17 B E:\fdmstest.nl Map\fdmstest.nl\db\ckeditor\_source\lang\nl.js --> 212.79.241.34 /web/db/ckeditor/_source/lang nl.js
2013.03.16 12:17 B E:\fdmstest.nl Map\fdmstest.nl\db\ckeditor\_source\lang\no.js --> 212.79.241.34 /web/db/ckeditor/_source/lang no.js
2013.03.16 12:17 B E:\fdmstest.nl Map\fdmstest.nl\db\ckeditor\_source\lang\pl.js --> 212.79.241.34 /web/db/ckeditor/_source/lang pl.js
2013.03.16 12:17 B E:\fdmstest.nl Map\fdmstest.nl\db\ckeditor\_source\lang\pt-br.js --> 212.79.241.34 /web/db/ckeditor/_source/lang pt-br.js
2013.03.16 12:17 B E:\fdmstest.nl Map\fdmstest.nl\db\ckeditor\_source\lang\pt.js --> 212.79.241.34 /web/db/ckeditor/_source/lang pt.js
2013.03.16 12:17 B E:\fdmstest.nl Map\fdmstest.nl\db\ckeditor\_source\lang\ro.js --> 212.79.241.34 /web/db/ckeditor/_source/lang ro.js
2013.03.16 12:17 B E:\fdmstest.nl Map\fdmstest.nl\db\ckeditor\_source\lang\ru.js --> 212.79.241.34 /web/db/ckeditor/_source/lang ru.js
2013.03.16 12:17 B E:\fdmstest.nl Map\fdmstest.nl\db\ckeditor\_source\lang\sk.js --> 212.79.241.34 /web/db/ckeditor/_source/lang sk.js
2013.03.16 12:17 B E:\fdmstest.nl Map\fdmstest.nl\db\ckeditor\_source\lang\sl.js --> 212.79.241.34 /web/db/ckeditor/_source/lang sl.js
2013.03.16 12:17 B E:\fdmstest.nl Map\fdmstest.nl\db\ckeditor\_source\lang\sr-latn.js --> 212.79.241.34 /web/db/ckeditor/_source/lang sr-latn.js
2013.03.16 12:17 B E:\fdmstest.nl Map\fdmstest.nl\db\ckeditor\_source\lang\sr.js --> 212.79.241.34 /web/db/ckeditor/_source/lang sr.js
2013.03.16 12:17 B E:\fdmstest.nl Map\fdmstest.nl\db\ckeditor\_source\lang\sv.js --> 212.79.241.34 /web/db/ckeditor/_source/lang sv.js
2013.03.16 12:17 B E:\fdmstest.nl Map\fdmstest.nl\db\ckeditor\_source\lang\th.js --> 212.79.241.34 /web/db/ckeditor/_source/lang th.js
2013.03.16 12:17 B E:\fdmstest.nl Map\fdmstest.nl\db\ckeditor\_source\lang\tr.js --> 212.79.241.34 /web/db/ckeditor/_source/lang tr.js
2013.03.16 12:17 B E:\fdmstest.nl Map\fdmstest.nl\db\ckeditor\_source\lang\uk.js --> 212.79.241.34 /web/db/ckeditor/_source/lang uk.js
2013.03.16 12:17 B E:\fdmstest.nl Map\fdmstest.nl\db\ckeditor\_source\lang\vi.js --> 212.79.241.34 /web/db/ckeditor/_source/lang vi.js
2013.03.23 09:56 B E:\fdmstest.nl Map\fdmstest.nl\db\ckeditor\_source\lang\WS_FTP.LOG <-- fdmtest.nl /web/db/ckeditor/_source/lang WS_FTP.LOG
2013.03.23 09:56 B E:\fdmstest.nl Map\fdmstest.nl\db\ckeditor\_source\lang\zh-cn.js <-- fdmtest.nl /web/db/ckeditor/_source/lang zh-cn.js
2013.03.23 09:56 B E:\fdmstest.nl Map\fdmstest.nl\db\ckeditor\_source\lang\zh.js <-- fdmtest.nl /web/db/ckeditor/_source/lang zh.js
2013.03.24 13:43 B E:\fdmstest.nl Map\fdmstest.nl\db\ckeditor\_source\lang\_languages.js --> dewildeautos.nl /web/db/ckeditor/_source/lang _languages.js
2013.03.24 13:43 B E:\fdmstest.nl Map\fdmstest.nl\db\ckeditor\_source\lang\_translationstatus.txt --> dewildeautos.nl /web/db/ckeditor/_source/lang _translationstatus.txt
2013.03.24 13:43 B E:\fdmstest.nl Map\fdmstest.nl\db\ckeditor\_source\lang\af.js --> dewildeautos.nl /web/db/ckeditor/_source/lang af.js
2013.03.24 13:43 B E:\fdmstest.nl Map\fdmstest.nl\db\ckeditor\_source\lang\ar.js --> dewildeautos.nl /web/db/ckeditor/_source/lang ar.js
2013.03.24 13:43 B E:\fdmstest.nl Map\fdmstest.nl\db\ckeditor\_source\lang\bg.js --> dewildeautos.nl /web/db/ckeditor/_source/lang bg.js
2013.03.24 13:43 B E:\fdmstest.nl Map\fdmstest.nl\db\ckeditor\_source\lang\bn.js --> dewildeautos.nl /web/db/ckeditor/_source/lang bn.js
2013.03.24 13:43 B E:\fdmstest.nl Map\fdmstest.nl\db\ckeditor\_source\lang\bs.js --> dewildeautos.nl /web/db/ckeditor/_source/lang bs.js
2013.03.24 13:43 B E:\fdmstest.nl Map\fdmstest.nl\db\ckeditor\_source\lang\ca.js --> dewildeautos.nl /web/db/ckeditor/_source/lang ca.js
2013.03.24 13:43 B E:\fdmstest.nl Map\fdmstest.nl\db\ckeditor\_source\lang\cs.js --> dewildeautos.nl /web/db/ckeditor/_source/lang cs.js
2013.03.24 13:43 B E:\fdmstest.nl Map\fdmstest.nl\db\ckeditor\_source\lang\cy.js --> dewildeautos.nl /web/db/ckeditor/_source/lang cy.js
2013.03.24 13:43 B E:\fdmstest.nl Map\fdmstest.nl\db\ckeditor\_source\lang\da.js --> dewildeautos.nl /web/db/ckeditor/_source/lang da.js
2013.03.24 13:43 B E:\fdmstest.nl Map\fdmstest.nl\db\ckeditor\_source\lang\de.js --> dewildeautos.nl /web/db/ckeditor/_source/lang de.js
2013.03.24 13:43 B E:\fdmstest.nl Map\fdmstest.nl\db\ckeditor\_source\lang\el.js --> dewildeautos.nl /web/db/ckeditor/_source/lang el.js
2013.03.24 13:43 B E:\fdmstest.nl Map\fdmstest.nl\db\ckeditor\_source\lang\en-au.js --> dewildeautos.nl /web/db/ckeditor/_source/lang en-au.js
2013.03.24 13:43 B E:\fdmstest.nl Map\fdmstest.nl\db\ckeditor\_source\lang\en-ca.js --> dewildeautos.nl /web/db/ckeditor/_source/lang en-ca.js
2013.03.24 13:43 B E:\fdmstest.nl Map\fdmstest.nl\db\ckeditor\_source\lang\en-gb.js --> dewildeautos.nl /web/db/ckeditor/_source/lang en-gb.js
2013.03.24 13:43 B E:\fdmstest.nl Map\fdmstest.nl\db\ckeditor\_source\lang\en.js --> dewildeautos.nl /web/db/ckeditor/_source/lang en.js
2013.03.24 13:43 B E:\fdmstest.nl Map\fdmstest.nl\db\ckeditor\_source\lang\eo.js --> dewildeautos.nl /web/db/ckeditor/_source/lang eo.js
2013.03.24 13:43 B E:\fdmstest.nl Map\fdmstest.nl\db\ckeditor\_source\lang\es.js --> dewildeautos.nl /web/db/ckeditor/_source/lang es.js
2013.03.24 13:43 B E:\fdmstest.nl Map\fdmstest.nl\db\ckeditor\_source\lang\et.js --> dewildeautos.nl /web/db/ckeditor/_source/lang et.js
2013.03.24 13:43 B E:\fdmstest.nl Map\fdmstest.nl\db\ckeditor\_source\lang\eu.js --> dewildeautos.nl /web/db/ckeditor/_source/lang eu.js
2013.03.24 13:43 B E:\fdmstest.nl Map\fdmstest.nl\db\ckeditor\_source\lang\fa.js --> dewildeautos.nl /web/db/ckeditor/_source/lang fa.js
2013.03.24 13:43 B E:\fdmstest.nl Map\fdmstest.nl\db\ckeditor\_source\lang\fi.js --> dewildeautos.nl /web/db/ckeditor/_source/lang fi.js
2013.03.24 13:43 B E:\fdmstest.nl Map\fdmstest.nl\db\ckeditor\_source\lang\fo.js --> dewildeautos.nl /web/db/ckeditor/_source/lang fo.js
2013.03.24 13:43 B E:\fdmstest.nl Map\fdmstest.nl\db\ckeditor\_source\lang\fr-ca.js --> dewildeautos.nl /web/db/ckeditor/_source/lang fr-ca.js
2013.03.24 13:43 B E:\fdmstest.nl Map\fdmstest.nl\db\ckeditor\_source\lang\fr.js --> dewildeautos.nl /web/db/ckeditor/_source/lang fr.js
2013.03.24 13:43 B E:\fdmstest.nl Map\fdmstest.nl\db\ckeditor\_source\lang\gl.js --> dewildeautos.nl /web/db/ckeditor/_source/lang gl.js
2013.03.24 13:43 B E:\fdmstest.nl Map\fdmstest.nl\db\ckeditor\_source\lang\gu.js --> dewildeautos.nl /web/db/ckeditor/_source/lang gu.js
2013.03.24 13:43 B E:\fdmstest.nl Map\fdmstest.nl\db\ckeditor\_source\lang\he.js --> dewildeautos.nl /web/db/ckeditor/_source/lang he.js
2013.03.24 13:43 B E:\fdmstest.nl Map\fdmstest.nl\db\ckeditor\_source\lang\hi.js --> dewildeautos.nl /web/db/ckeditor/_source/lang hi.js
2013.03.24 13:43 B E:\fdmstest.nl Map\fdmstest.nl\db\ckeditor\_source\lang\hr.js --> dewildeautos.nl /web/db/ckeditor/_source/lang hr.js
2013.03.24 13:43 B E:\fdmstest.nl Map\fdmstest.nl\db\ckeditor\_source\lang\hu.js --> dewildeautos.nl /web/db/ckeditor/_source/lang hu.js
2013.03.24 13:43 B E:\fdmstest.nl Map\fdmstest.nl\db\ckeditor\_source\lang\is.js --> dewildeautos.nl /web/db/ckeditor/_source/lang is.js
2013.03.24 13:43 B E:\fdmstest.nl Map\fdmstest.nl\db\ckeditor\_source\lang\it.js --> dewildeautos.nl /web/db/ckeditor/_source/lang it.js
2013.03.24 13:43 B E:\fdmstest.nl Map\fdmstest.nl\db\ckeditor\_source\lang\ja.js --> dewildeautos.nl /web/db/ckeditor/_source/lang ja.js
2013.03.24 13:44 B E:\fdmstest.nl Map\fdmstest.nl\db\ckeditor\_source\lang\ka.js --> dewildeautos.nl /web/db/ckeditor/_source/lang ka.js
2013.03.24 13:44 B E:\fdmstest.nl Map\fdmstest.nl\db\ckeditor\_source\lang\km.js --> dewildeautos.nl /web/db/ckeditor/_source/lang km.js
2013.03.24 13:44 B E:\fdmstest.nl Map\fdmstest.nl\db\ckeditor\_source\lang\ko.js --> dewildeautos.nl /web/db/ckeditor/_source/lang ko.js
2013.03.24 13:44 B E:\fdmstest.nl Map\fdmstest.nl\db\ckeditor\_source\lang\lt.js --> dewildeautos.nl /web/db/ckeditor/_source/lang lt.js
2013.03.24 13:44 B E:\fdmstest.nl Map\fdmstest.nl\db\ckeditor\_source\lang\lv.js --> dewildeautos.nl /web/db/ckeditor/_source/lang lv.js
2013.03.24 13:44 B E:\fdmstest.nl Map\fdmstest.nl\db\ckeditor\_source\lang\mn.js --> dewildeautos.nl /web/db/ckeditor/_source/lang mn.js
2013.03.24 13:44 B E:\fdmstest.nl Map\fdmstest.nl\db\ckeditor\_source\lang\ms.js --> dewildeautos.nl /web/db/ckeditor/_source/lang ms.js
2013.03.24 13:44 B E:\fdmstest.nl Map\fdmstest.nl\db\ckeditor\_source\lang\nb.js --> dewildeautos.nl /web/db/ckeditor/_source/lang nb.js
2013.03.24 13:44 B E:\fdmstest.nl Map\fdmstest.nl\db\ckeditor\_source\lang\nl.js --> dewildeautos.nl /web/db/ckeditor/_source/lang nl.js
2013.03.24 13:44 B E:\fdmstest.nl Map\fdmstest.nl\db\ckeditor\_source\lang\no.js --> dewildeautos.nl /web/db/ckeditor/_source/lang no.js
2013.03.24 13:44 B E:\fdmstest.nl Map\fdmstest.nl\db\ckeditor\_source\lang\pl.js --> dewildeautos.nl /web/db/ckeditor/_source/lang pl.js
2013.03.24 13:44 B E:\fdmstest.nl Map\fdmstest.nl\db\ckeditor\_source\lang\pt-br.js --> dewildeautos.nl /web/db/ckeditor/_source/lang pt-br.js
2013.03.24 13:44 B E:\fdmstest.nl Map\fdmstest.nl\db\ckeditor\_source\lang\pt.js --> dewildeautos.nl /web/db/ckeditor/_source/lang pt.js
2013.03.24 13:44 B E:\fdmstest.nl Map\fdmstest.nl\db\ckeditor\_source\lang\ro.js --> dewildeautos.nl /web/db/ckeditor/_source/lang ro.js
2013.03.24 13:44 B E:\fdmstest.nl Map\fdmstest.nl\db\ckeditor\_source\lang\ru.js --> dewildeautos.nl /web/db/ckeditor/_source/lang ru.js
2013.03.24 13:44 B E:\fdmstest.nl Map\fdmstest.nl\db\ckeditor\_source\lang\sk.js --> dewildeautos.nl /web/db/ckeditor/_source/lang sk.js
2013.03.24 13:44 B E:\fdmstest.nl Map\fdmstest.nl\db\ckeditor\_source\lang\sl.js --> dewildeautos.nl /web/db/ckeditor/_source/lang sl.js
2013.03.24 13:44 B E:\fdmstest.nl Map\fdmstest.nl\db\ckeditor\_source\lang\sr-latn.js --> dewildeautos.nl /web/db/ckeditor/_source/lang sr-latn.js
2013.03.24 13:44 B E:\fdmstest.nl Map\fdmstest.nl\db\ckeditor\_source\lang\sr.js --> dewildeautos.nl /web/db/ckeditor/_source/lang sr.js
2013.03.24 13:44 B E:\fdmstest.nl Map\fdmstest.nl\db\ckeditor\_source\lang\sv.js --> dewildeautos.nl /web/db/ckeditor/_source/lang sv.js
2013.03.24 13:44 B E:\fdmstest.nl Map\fdmstest.nl\db\ckeditor\_source\lang\th.js --> dewildeautos.nl /web/db/ckeditor/_source/lang th.js
2013.03.24 13:44 B E:\fdmstest.nl Map\fdmstest.nl\db\ckeditor\_source\lang\tr.js --> dewildeautos.nl /web/db/ckeditor/_source/lang tr.js
2013.03.24 13:44 B E:\fdmstest.nl Map\fdmstest.nl\db\ckeditor\_source\lang\uk.js --> dewildeautos.nl /web/db/ckeditor/_source/lang uk.js
2013.03.24 13:44 B E:\fdmstest.nl Map\fdmstest.nl\db\ckeditor\_source\lang\vi.js --> dewildeautos.nl /web/db/ckeditor/_source/lang vi.js
2013.03.24 13:44 B E:\fdmstest.nl Map\fdmstest.nl\db\ckeditor\_source\lang\WS_FTP.LOG --> dewildeautos.nl /web/db/ckeditor/_source/lang WS_FTP.LOG
2013.03.24 13:44 B E:\fdmstest.nl Map\fdmstest.nl\db\ckeditor\_source\lang\zh-cn.js --> dewildeautos.nl /web/db/ckeditor/_source/lang zh-cn.js
2013.03.24 13:44 B E:\fdmstest.nl Map\fdmstest.nl\db\ckeditor\_source\lang\zh.js --> dewildeautos.nl /web/db/ckeditor/_source/lang zh.js
2013.03.25 10:49 B E:\fdmstest.nl Map\fdmstest.nl\db\ckeditor\_source\lang\_languages.js --> thomassen-autos.nl /web/db/ckeditor/_source/lang _languages.js
2013.03.25 10:49 B E:\fdmstest.nl Map\fdmstest.nl\db\ckeditor\_source\lang\_translationstatus.txt --> thomassen-autos.nl /web/db/ckeditor/_source/lang _translationstatus.txt
2013.03.25 10:49 B E:\fdmstest.nl Map\fdmstest.nl\db\ckeditor\_source\lang\af.js --> thomassen-autos.nl /web/db/ckeditor/_source/lang af.js
2013.03.25 10:49 B E:\fdmstest.nl Map\fdmstest.nl\db\ckeditor\_source\lang\ar.js --> thomassen-autos.nl /web/db/ckeditor/_source/lang ar.js
2013.03.25 10:49 B E:\fdmstest.nl Map\fdmstest.nl\db\ckeditor\_source\lang\bg.js --> thomassen-autos.nl /web/db/ckeditor/_source/lang bg.js
2013.03.25 10:49 B E:\fdmstest.nl Map\fdmstest.nl\db\ckeditor\_source\lang\bn.js --> thomassen-autos.nl /web/db/ckeditor/_source/lang bn.js
2013.03.25 10:49 B E:\fdmstest.nl Map\fdmstest.nl\db\ckeditor\_source\lang\bs.js --> thomassen-autos.nl /web/db/ckeditor/_source/lang bs.js
2013.03.25 10:49 B E:\fdmstest.nl Map\fdmstest.nl\db\ckeditor\_source\lang\ca.js --> thomassen-autos.nl /web/db/ckeditor/_source/lang ca.js
2013.03.25 10:49 B E:\fdmstest.nl Map\fdmstest.nl\db\ckeditor\_source\lang\cs.js --> thomassen-autos.nl /web/db/ckeditor/_source/lang cs.js
2013.03.25 10:49 B E:\fdmstest.nl Map\fdmstest.nl\db\ckeditor\_source\lang\cy.js --> thomassen-autos.nl /web/db/ckeditor/_source/lang cy.js
2013.03.25 10:49 B E:\fdmstest.nl Map\fdmstest.nl\db\ckeditor\_source\lang\da.js --> thomassen-autos.nl /web/db/ckeditor/_source/lang da.js
2013.03.25 10:49 B E:\fdmstest.nl Map\fdmstest.nl\db\ckeditor\_source\lang\de.js --> thomassen-autos.nl /web/db/ckeditor/_source/lang de.js
2013.03.25 10:49 B E:\fdmstest.nl Map\fdmstest.nl\db\ckeditor\_source\lang\el.js --> thomassen-autos.nl /web/db/ckeditor/_source/lang el.js
2013.03.25 10:49 B E:\fdmstest.nl Map\fdmstest.nl\db\ckeditor\_source\lang\en-au.js --> thomassen-autos.nl /web/db/ckeditor/_source/lang en-au.js
2013.03.25 10:49 B E:\fdmstest.nl Map\fdmstest.nl\db\ckeditor\_source\lang\en-ca.js --> thomassen-autos.nl /web/db/ckeditor/_source/lang en-ca.js
2013.03.25 10:49 B E:\fdmstest.nl Map\fdmstest.nl\db\ckeditor\_source\lang\en-gb.js --> thomassen-autos.nl /web/db/ckeditor/_source/lang en-gb.js
2013.03.25 10:49 B E:\fdmstest.nl Map\fdmstest.nl\db\ckeditor\_source\lang\en.js --> thomassen-autos.nl /web/db/ckeditor/_source/lang en.js
2013.03.25 10:49 B E:\fdmstest.nl Map\fdmstest.nl\db\ckeditor\_source\lang\eo.js --> thomassen-autos.nl /web/db/ckeditor/_source/lang eo.js
2013.03.25 10:49 B E:\fdmstest.nl Map\fdmstest.nl\db\ckeditor\_source\lang\es.js --> thomassen-autos.nl /web/db/ckeditor/_source/lang es.js
2013.03.25 10:49 B E:\fdmstest.nl Map\fdmstest.nl\db\ckeditor\_source\lang\et.js --> thomassen-autos.nl /web/db/ckeditor/_source/lang et.js
2013.03.25 10:49 B E:\fdmstest.nl Map\fdmstest.nl\db\ckeditor\_source\lang\eu.js --> thomassen-autos.nl /web/db/ckeditor/_source/lang eu.js
2013.03.25 10:49 B E:\fdmstest.nl Map\fdmstest.nl\db\ckeditor\_source\lang\fa.js --> thomassen-autos.nl /web/db/ckeditor/_source/lang fa.js
2013.03.25 10:49 B E:\fdmstest.nl Map\fdmstest.nl\db\ckeditor\_source\lang\fi.js --> thomassen-autos.nl /web/db/ckeditor/_source/lang fi.js
2013.03.25 10:49 B E:\fdmstest.nl Map\fdmstest.nl\db\ckeditor\_source\lang\fo.js --> thomassen-autos.nl /web/db/ckeditor/_source/lang fo.js
2013.03.25 10:49 B E:\fdmstest.nl Map\fdmstest.nl\db\ckeditor\_source\lang\fr-ca.js --> thomassen-autos.nl /web/db/ckeditor/_source/lang fr-ca.js
2013.03.25 10:49 B E:\fdmstest.nl Map\fdmstest.nl\db\ckeditor\_source\lang\fr.js --> thomassen-autos.nl /web/db/ckeditor/_source/lang fr.js
2013.03.25 10:49 B E:\fdmstest.nl Map\fdmstest.nl\db\ckeditor\_source\lang\gl.js --> thomassen-autos.nl /web/db/ckeditor/_source/lang gl.js
2013.03.25 10:49 B E:\fdmstest.nl Map\fdmstest.nl\db\ckeditor\_source\lang\gu.js --> thomassen-autos.nl /web/db/ckeditor/_source/lang gu.js
2013.03.25 10:49 B E:\fdmstest.nl Map\fdmstest.nl\db\ckeditor\_source\lang\he.js --> thomassen-autos.nl /web/db/ckeditor/_source/lang he.js
2013.03.25 10:49 B E:\fdmstest.nl Map\fdmstest.nl\db\ckeditor\_source\lang\hi.js --> thomassen-autos.nl /web/db/ckeditor/_source/lang hi.js
2013.03.25 10:49 B E:\fdmstest.nl Map\fdmstest.nl\db\ckeditor\_source\lang\hr.js --> thomassen-autos.nl /web/db/ckeditor/_source/lang hr.js
2013.03.25 10:49 B E:\fdmstest.nl Map\fdmstest.nl\db\ckeditor\_source\lang\hu.js --> thomassen-autos.nl /web/db/ckeditor/_source/lang hu.js
2013.03.25 10:49 B E:\fdmstest.nl Map\fdmstest.nl\db\ckeditor\_source\lang\is.js --> thomassen-autos.nl /web/db/ckeditor/_source/lang is.js
2013.03.25 10:49 B E:\fdmstest.nl Map\fdmstest.nl\db\ckeditor\_source\lang\it.js --> thomassen-autos.nl /web/db/ckeditor/_source/lang it.js
2013.03.25 10:49 B E:\fdmstest.nl Map\fdmstest.nl\db\ckeditor\_source\lang\ja.js --> thomassen-autos.nl /web/db/ckeditor/_source/lang ja.js
2013.03.25 10:49 B E:\fdmstest.nl Map\fdmstest.nl\db\ckeditor\_source\lang\ka.js --> thomassen-autos.nl /web/db/ckeditor/_source/lang ka.js
2013.03.25 10:49 B E:\fdmstest.nl Map\fdmstest.nl\db\ckeditor\_source\lang\km.js --> thomassen-autos.nl /web/db/ckeditor/_source/lang km.js
2013.03.25 10:49 B E:\fdmstest.nl Map\fdmstest.nl\db\ckeditor\_source\lang\ko.js --> thomassen-autos.nl /web/db/ckeditor/_source/lang ko.js
2013.03.25 10:49 B E:\fdmstest.nl Map\fdmstest.nl\db\ckeditor\_source\lang\lt.js --> thomassen-autos.nl /web/db/ckeditor/_source/lang lt.js
2013.03.25 10:49 B E:\fdmstest.nl Map\fdmstest.nl\db\ckeditor\_source\lang\lv.js --> thomassen-autos.nl /web/db/ckeditor/_source/lang lv.js
2013.03.25 10:49 B E:\fdmstest.nl Map\fdmstest.nl\db\ckeditor\_source\lang\mn.js --> thomassen-autos.nl /web/db/ckeditor/_source/lang mn.js
2013.03.25 10:49 B E:\fdmstest.nl Map\fdmstest.nl\db\ckeditor\_source\lang\ms.js --> thomassen-autos.nl /web/db/ckeditor/_source/lang ms.js
2013.03.25 10:49 B E:\fdmstest.nl Map\fdmstest.nl\db\ckeditor\_source\lang\nb.js --> thomassen-autos.nl /web/db/ckeditor/_source/lang nb.js
2013.03.25 10:49 B E:\fdmstest.nl Map\fdmstest.nl\db\ckeditor\_source\lang\nl.js --> thomassen-autos.nl /web/db/ckeditor/_source/lang nl.js
2013.03.25 10:49 B E:\fdmstest.nl Map\fdmstest.nl\db\ckeditor\_source\lang\no.js --> thomassen-autos.nl /web/db/ckeditor/_source/lang no.js
2013.03.25 10:49 B E:\fdmstest.nl Map\fdmstest.nl\db\ckeditor\_source\lang\pl.js --> thomassen-autos.nl /web/db/ckeditor/_source/lang pl.js
2013.03.25 10:49 B E:\fdmstest.nl Map\fdmstest.nl\db\ckeditor\_source\lang\pt-br.js --> thomassen-autos.nl /web/db/ckeditor/_source/lang pt-br.js
2013.03.25 10:49 B E:\fdmstest.nl Map\fdmstest.nl\db\ckeditor\_source\lang\pt.js --> thomassen-autos.nl /web/db/ckeditor/_source/lang pt.js
2013.03.25 10:49 B E:\fdmstest.nl Map\fdmstest.nl\db\ckeditor\_source\lang\ro.js --> thomassen-autos.nl /web/db/ckeditor/_source/lang ro.js
2013.03.25 10:49 B E:\fdmstest.nl Map\fdmstest.nl\db\ckeditor\_source\lang\ru.js --> thomassen-autos.nl /web/db/ckeditor/_source/lang ru.js
2013.03.25 10:49 B E:\fdmstest.nl Map\fdmstest.nl\db\ckeditor\_source\lang\sk.js --> thomassen-autos.nl /web/db/ckeditor/_source/lang sk.js
2013.03.25 10:49 B E:\fdmstest.nl Map\fdmstest.nl\db\ckeditor\_source\lang\sl.js --> thomassen-autos.nl /web/db/ckeditor/_source/lang sl.js
2013.03.25 10:49 B E:\fdmstest.nl Map\fdmstest.nl\db\ckeditor\_source\lang\sr-latn.js --> thomassen-autos.nl /web/db/ckeditor/_source/lang sr-latn.js
2013.03.25 10:49 B E:\fdmstest.nl Map\fdmstest.nl\db\ckeditor\_source\lang\sr.js --> thomassen-autos.nl /web/db/ckeditor/_source/lang sr.js
2013.03.25 10:49 B E:\fdmstest.nl Map\fdmstest.nl\db\ckeditor\_source\lang\sv.js --> thomassen-autos.nl /web/db/ckeditor/_source/lang sv.js
2013.03.25 10:49 B E:\fdmstest.nl Map\fdmstest.nl\db\ckeditor\_source\lang\th.js --> thomassen-autos.nl /web/db/ckeditor/_source/lang th.js
2013.03.25 10:49 B E:\fdmstest.nl Map\fdmstest.nl\db\ckeditor\_source\lang\tr.js --> thomassen-autos.nl /web/db/ckeditor/_source/lang tr.js
2013.03.25 10:49 B E:\fdmstest.nl Map\fdmstest.nl\db\ckeditor\_source\lang\uk.js --> thomassen-autos.nl /web/db/ckeditor/_source/lang uk.js
2013.03.25 10:49 B E:\fdmstest.nl Map\fdmstest.nl\db\ckeditor\_source\lang\vi.js --> thomassen-autos.nl /web/db/ckeditor/_source/lang vi.js
2013.03.25 10:49 B E:\fdmstest.nl Map\fdmstest.nl\db\ckeditor\_source\lang\WS_FTP.LOG --> thomassen-autos.nl /web/db/ckeditor/_source/lang WS_FTP.LOG
2013.03.25 10:49 B E:\fdmstest.nl Map\fdmstest.nl\db\ckeditor\_source\lang\zh-cn.js --> thomassen-autos.nl /web/db/ckeditor/_source/lang zh-cn.js
2013.03.25 10:49 B E:\fdmstest.nl Map\fdmstest.nl\db\ckeditor\_source\lang\zh.js --> thomassen-autos.nl /web/db/ckeditor/_source/lang zh.js
2014.02.25 16:41 B E:\autoadvance2012.nl\db\ckeditor\_source\lang\WS_FTP.LOG <-- autoadvance.nl /web/db/ckeditor/_source/lang WS_FTP.LOG
2014.02.25 16:41 B E:\autoadvance2012.nl\db\ckeditor\_source\lang\zh-cn.js <-- autoadvance.nl /web/db/ckeditor/_source/lang zh-cn.js
2014.02.25 16:41 B E:\autoadvance2012.nl\db\ckeditor\_source\lang\zh.js <-- autoadvance.nl /web/db/ckeditor/_source/lang zh.js
