2011.11.17 17:05 B E:\software\ckeditor_3.6.2\ckeditor\plugins\placeholder\plugin.js --> dewildeautos.nl /web/ckeditor/plugins/placeholder plugin.js
2011.11.17 17:05 B E:\software\ckeditor_3.6.2\ckeditor\plugins\placeholder\placeholder.gif --> dewildeautos.nl /web/ckeditor/plugins/placeholder placeholder.gif
2011.12.15 13:38 B E:\tijdvoorkwaliteit2011.nl\db\ckeditor\plugins\placeholder\WS_FTP.LOG <-- dewildeautos.nl /web/db/ckeditor/plugins/placeholder WS_FTP.LOG
2011.12.15 14:02 B E:\tijdvoorkwaliteit2011.nl\db\ckeditor\plugins\placeholder\placeholder.gif --> tijdvoorkwaliteit.nl /web/db/ckeditor/plugins/placeholder placeholder.gif
2011.12.15 14:02 B E:\tijdvoorkwaliteit2011.nl\db\ckeditor\plugins\placeholder\plugin.js --> tijdvoorkwaliteit.nl /web/db/ckeditor/plugins/placeholder plugin.js
2012.04.19 13:37 B E:\tilborghs.nl Map\tilborghs.nl\db\ckeditor\plugins\placeholder\WS_FTP.LOG <-- tijdvoorkwaliteit.nl /web/db/ckeditor/plugins/placeholder WS_FTP.LOG
2012.04.19 13:52 B E:\tilborghs.nl Map\tilborghs.nl\db\ckeditor\plugins\placeholder\placeholder.gif --> tilborghs.nl /web/db/ckeditor/plugins/placeholder placeholder.gif
2012.04.19 13:52 B E:\tilborghs.nl Map\tilborghs.nl\db\ckeditor\plugins\placeholder\plugin.js --> tilborghs.nl /web/db/ckeditor/plugins/placeholder plugin.js
2012.04.19 13:52 B E:\tilborghs.nl Map\tilborghs.nl\db\ckeditor\plugins\placeholder\WS_FTP.LOG --> tilborghs.nl /web/db/ckeditor/plugins/placeholder WS_FTP.LOG
2012.05.08 21:02 B E:\autoadvance2010.nl Map\autoadvance2010.nl\db\ckeditor\plugins\placeholder\placeholder.gif --> autoadvance.nl /web/db/ckeditor/plugins/placeholder placeholder.gif
2012.05.08 21:02 B E:\autoadvance2010.nl Map\autoadvance2010.nl\db\ckeditor\plugins\placeholder\plugin.js --> autoadvance.nl /web/db/ckeditor/plugins/placeholder plugin.js
2013.03.16 11:45 B E:\fdmstest.nl Map\fdmstest.nl\db\ckeditor\plugins\placeholder\WS_FTP.LOG <-- autoadvance.nl /web/db/ckeditor/plugins/placeholder WS_FTP.LOG
2013.03.16 12:25 B E:\fdmstest.nl Map\fdmstest.nl\db\ckeditor\plugins\placeholder\placeholder.gif --> 212.79.241.34 /web/db/ckeditor/plugins/placeholder placeholder.gif
2013.03.16 12:25 B E:\fdmstest.nl Map\fdmstest.nl\db\ckeditor\plugins\placeholder\plugin.js --> 212.79.241.34 /web/db/ckeditor/plugins/placeholder plugin.js
2013.03.23 09:58 B E:\fdmstest.nl Map\fdmstest.nl\db\ckeditor\plugins\placeholder\WS_FTP.LOG <-- fdmtest.nl /web/db/ckeditor/plugins/placeholder WS_FTP.LOG
2013.03.24 13:50 B E:\fdmstest.nl Map\fdmstest.nl\db\ckeditor\plugins\placeholder\placeholder.gif --> dewildeautos.nl /web/db/ckeditor/plugins/placeholder placeholder.gif
2013.03.24 13:50 B E:\fdmstest.nl Map\fdmstest.nl\db\ckeditor\plugins\placeholder\plugin.js --> dewildeautos.nl /web/db/ckeditor/plugins/placeholder plugin.js
2013.03.24 13:50 B E:\fdmstest.nl Map\fdmstest.nl\db\ckeditor\plugins\placeholder\WS_FTP.LOG --> dewildeautos.nl /web/db/ckeditor/plugins/placeholder WS_FTP.LOG
2013.03.25 10:55 B E:\fdmstest.nl Map\fdmstest.nl\db\ckeditor\plugins\placeholder\placeholder.gif --> thomassen-autos.nl /web/db/ckeditor/plugins/placeholder placeholder.gif
2013.03.25 10:55 B E:\fdmstest.nl Map\fdmstest.nl\db\ckeditor\plugins\placeholder\plugin.js --> thomassen-autos.nl /web/db/ckeditor/plugins/placeholder plugin.js
2013.03.25 10:55 B E:\fdmstest.nl Map\fdmstest.nl\db\ckeditor\plugins\placeholder\WS_FTP.LOG --> thomassen-autos.nl /web/db/ckeditor/plugins/placeholder WS_FTP.LOG
2014.02.25 16:49 B E:\autoadvance2012.nl\db\ckeditor\plugins\placeholder\WS_FTP.LOG <-- autoadvance.nl /web/db/ckeditor/plugins/placeholder WS_FTP.LOG
