2011.11.17 16:58 B E:\software\ckeditor_3.6.2\ckeditor\_source\skins\kama\toolbar.css --> dewildeautos.nl /web/ckeditor/_source/skins/kama toolbar.css
2011.11.17 16:58 B E:\software\ckeditor_3.6.2\ckeditor\_source\skins\kama\templates.css --> dewildeautos.nl /web/ckeditor/_source/skins/kama templates.css
2011.11.17 16:58 B E:\software\ckeditor_3.6.2\ckeditor\_source\skins\kama\skin.js --> dewildeautos.nl /web/ckeditor/_source/skins/kama skin.js
2011.11.17 16:58 B E:\software\ckeditor_3.6.2\ckeditor\_source\skins\kama\richcombo.css --> dewildeautos.nl /web/ckeditor/_source/skins/kama richcombo.css
2011.11.17 16:58 B E:\software\ckeditor_3.6.2\ckeditor\_source\skins\kama\reset.css --> dewildeautos.nl /web/ckeditor/_source/skins/kama reset.css
2011.11.17 16:58 B E:\software\ckeditor_3.6.2\ckeditor\_source\skins\kama\presets.css --> dewildeautos.nl /web/ckeditor/_source/skins/kama presets.css
2011.11.17 16:58 B E:\software\ckeditor_3.6.2\ckeditor\_source\skins\kama\panel.css --> dewildeautos.nl /web/ckeditor/_source/skins/kama panel.css
2011.11.17 16:58 B E:\software\ckeditor_3.6.2\ckeditor\_source\skins\kama\menu.css --> dewildeautos.nl /web/ckeditor/_source/skins/kama menu.css
2011.11.17 16:58 B E:\software\ckeditor_3.6.2\ckeditor\_source\skins\kama\mainui.css --> dewildeautos.nl /web/ckeditor/_source/skins/kama mainui.css
2011.11.17 16:58 B E:\software\ckeditor_3.6.2\ckeditor\_source\skins\kama\icons_rtl.png --> dewildeautos.nl /web/ckeditor/_source/skins/kama icons_rtl.png
2011.11.17 16:58 B E:\software\ckeditor_3.6.2\ckeditor\_source\skins\kama\icons.png --> dewildeautos.nl /web/ckeditor/_source/skins/kama icons.png
2011.11.17 16:58 B E:\software\ckeditor_3.6.2\ckeditor\_source\skins\kama\icons.css --> dewildeautos.nl /web/ckeditor/_source/skins/kama icons.css
2011.11.17 16:58 B E:\software\ckeditor_3.6.2\ckeditor\_source\skins\kama\elementspath.css --> dewildeautos.nl /web/ckeditor/_source/skins/kama elementspath.css
2011.11.17 16:58 B E:\software\ckeditor_3.6.2\ckeditor\_source\skins\kama\editor.css --> dewildeautos.nl /web/ckeditor/_source/skins/kama editor.css
2011.11.17 16:58 B E:\software\ckeditor_3.6.2\ckeditor\_source\skins\kama\dialog.css --> dewildeautos.nl /web/ckeditor/_source/skins/kama dialog.css
2011.12.15 13:37 B E:\tijdvoorkwaliteit2011.nl\db\ckeditor\_source\skins\kama\WS_FTP.LOG <-- dewildeautos.nl /web/db/ckeditor/_source/skins/kama WS_FTP.LOG
2011.12.15 13:59 B E:\tijdvoorkwaliteit2011.nl\db\ckeditor\_source\skins\kama\dialog.css --> tijdvoorkwaliteit.nl /web/db/ckeditor/_source/skins/kama dialog.css
2011.12.15 13:59 B E:\tijdvoorkwaliteit2011.nl\db\ckeditor\_source\skins\kama\editor.css --> tijdvoorkwaliteit.nl /web/db/ckeditor/_source/skins/kama editor.css
2011.12.15 13:59 B E:\tijdvoorkwaliteit2011.nl\db\ckeditor\_source\skins\kama\elementspath.css --> tijdvoorkwaliteit.nl /web/db/ckeditor/_source/skins/kama elementspath.css
2011.12.15 13:59 B E:\tijdvoorkwaliteit2011.nl\db\ckeditor\_source\skins\kama\icons.css --> tijdvoorkwaliteit.nl /web/db/ckeditor/_source/skins/kama icons.css
2011.12.15 13:59 B E:\tijdvoorkwaliteit2011.nl\db\ckeditor\_source\skins\kama\icons.png --> tijdvoorkwaliteit.nl /web/db/ckeditor/_source/skins/kama icons.png
2011.12.15 13:59 B E:\tijdvoorkwaliteit2011.nl\db\ckeditor\_source\skins\kama\icons_rtl.png --> tijdvoorkwaliteit.nl /web/db/ckeditor/_source/skins/kama icons_rtl.png
2011.12.15 13:59 B E:\tijdvoorkwaliteit2011.nl\db\ckeditor\_source\skins\kama\mainui.css --> tijdvoorkwaliteit.nl /web/db/ckeditor/_source/skins/kama mainui.css
2011.12.15 13:59 B E:\tijdvoorkwaliteit2011.nl\db\ckeditor\_source\skins\kama\menu.css --> tijdvoorkwaliteit.nl /web/db/ckeditor/_source/skins/kama menu.css
2011.12.15 13:59 B E:\tijdvoorkwaliteit2011.nl\db\ckeditor\_source\skins\kama\panel.css --> tijdvoorkwaliteit.nl /web/db/ckeditor/_source/skins/kama panel.css
2011.12.15 13:59 B E:\tijdvoorkwaliteit2011.nl\db\ckeditor\_source\skins\kama\presets.css --> tijdvoorkwaliteit.nl /web/db/ckeditor/_source/skins/kama presets.css
2011.12.15 13:59 B E:\tijdvoorkwaliteit2011.nl\db\ckeditor\_source\skins\kama\reset.css --> tijdvoorkwaliteit.nl /web/db/ckeditor/_source/skins/kama reset.css
2011.12.15 13:59 B E:\tijdvoorkwaliteit2011.nl\db\ckeditor\_source\skins\kama\richcombo.css --> tijdvoorkwaliteit.nl /web/db/ckeditor/_source/skins/kama richcombo.css
2011.12.15 13:59 B E:\tijdvoorkwaliteit2011.nl\db\ckeditor\_source\skins\kama\skin.js --> tijdvoorkwaliteit.nl /web/db/ckeditor/_source/skins/kama skin.js
2011.12.15 13:59 B E:\tijdvoorkwaliteit2011.nl\db\ckeditor\_source\skins\kama\templates.css --> tijdvoorkwaliteit.nl /web/db/ckeditor/_source/skins/kama templates.css
2011.12.15 13:59 B E:\tijdvoorkwaliteit2011.nl\db\ckeditor\_source\skins\kama\toolbar.css --> tijdvoorkwaliteit.nl /web/db/ckeditor/_source/skins/kama toolbar.css
2012.04.19 13:36 B E:\tilborghs.nl Map\tilborghs.nl\db\ckeditor\_source\skins\kama\WS_FTP.LOG <-- tijdvoorkwaliteit.nl /web/db/ckeditor/_source/skins/kama WS_FTP.LOG
2012.04.19 13:46 B E:\tilborghs.nl Map\tilborghs.nl\db\ckeditor\_source\skins\kama\dialog.css --> tilborghs.nl /web/db/ckeditor/_source/skins/kama dialog.css
2012.04.19 13:46 B E:\tilborghs.nl Map\tilborghs.nl\db\ckeditor\_source\skins\kama\editor.css --> tilborghs.nl /web/db/ckeditor/_source/skins/kama editor.css
2012.04.19 13:46 B E:\tilborghs.nl Map\tilborghs.nl\db\ckeditor\_source\skins\kama\elementspath.css --> tilborghs.nl /web/db/ckeditor/_source/skins/kama elementspath.css
2012.04.19 13:46 B E:\tilborghs.nl Map\tilborghs.nl\db\ckeditor\_source\skins\kama\icons.css --> tilborghs.nl /web/db/ckeditor/_source/skins/kama icons.css
2012.04.19 13:46 B E:\tilborghs.nl Map\tilborghs.nl\db\ckeditor\_source\skins\kama\icons.png --> tilborghs.nl /web/db/ckeditor/_source/skins/kama icons.png
2012.04.19 13:46 B E:\tilborghs.nl Map\tilborghs.nl\db\ckeditor\_source\skins\kama\icons_rtl.png --> tilborghs.nl /web/db/ckeditor/_source/skins/kama icons_rtl.png
2012.04.19 13:46 B E:\tilborghs.nl Map\tilborghs.nl\db\ckeditor\_source\skins\kama\mainui.css --> tilborghs.nl /web/db/ckeditor/_source/skins/kama mainui.css
2012.04.19 13:46 B E:\tilborghs.nl Map\tilborghs.nl\db\ckeditor\_source\skins\kama\menu.css --> tilborghs.nl /web/db/ckeditor/_source/skins/kama menu.css
2012.04.19 13:46 B E:\tilborghs.nl Map\tilborghs.nl\db\ckeditor\_source\skins\kama\panel.css --> tilborghs.nl /web/db/ckeditor/_source/skins/kama panel.css
2012.04.19 13:46 B E:\tilborghs.nl Map\tilborghs.nl\db\ckeditor\_source\skins\kama\presets.css --> tilborghs.nl /web/db/ckeditor/_source/skins/kama presets.css
2012.04.19 13:46 B E:\tilborghs.nl Map\tilborghs.nl\db\ckeditor\_source\skins\kama\reset.css --> tilborghs.nl /web/db/ckeditor/_source/skins/kama reset.css
2012.04.19 13:46 B E:\tilborghs.nl Map\tilborghs.nl\db\ckeditor\_source\skins\kama\richcombo.css --> tilborghs.nl /web/db/ckeditor/_source/skins/kama richcombo.css
2012.04.19 13:46 B E:\tilborghs.nl Map\tilborghs.nl\db\ckeditor\_source\skins\kama\skin.js --> tilborghs.nl /web/db/ckeditor/_source/skins/kama skin.js
2012.04.19 13:46 B E:\tilborghs.nl Map\tilborghs.nl\db\ckeditor\_source\skins\kama\templates.css --> tilborghs.nl /web/db/ckeditor/_source/skins/kama templates.css
2012.04.19 13:46 B E:\tilborghs.nl Map\tilborghs.nl\db\ckeditor\_source\skins\kama\toolbar.css --> tilborghs.nl /web/db/ckeditor/_source/skins/kama toolbar.css
2012.04.19 13:46 B E:\tilborghs.nl Map\tilborghs.nl\db\ckeditor\_source\skins\kama\WS_FTP.LOG --> tilborghs.nl /web/db/ckeditor/_source/skins/kama WS_FTP.LOG
2012.05.08 20:59 B E:\autoadvance2010.nl Map\autoadvance2010.nl\db\ckeditor\_source\skins\kama\dialog.css --> autoadvance.nl /web/db/ckeditor/_source/skins/kama dialog.css
2012.05.08 20:59 B E:\autoadvance2010.nl Map\autoadvance2010.nl\db\ckeditor\_source\skins\kama\editor.css --> autoadvance.nl /web/db/ckeditor/_source/skins/kama editor.css
2012.05.08 20:59 B E:\autoadvance2010.nl Map\autoadvance2010.nl\db\ckeditor\_source\skins\kama\elementspath.css --> autoadvance.nl /web/db/ckeditor/_source/skins/kama elementspath.css
2012.05.08 20:59 B E:\autoadvance2010.nl Map\autoadvance2010.nl\db\ckeditor\_source\skins\kama\icons.css --> autoadvance.nl /web/db/ckeditor/_source/skins/kama icons.css
2012.05.08 20:59 B E:\autoadvance2010.nl Map\autoadvance2010.nl\db\ckeditor\_source\skins\kama\icons.png --> autoadvance.nl /web/db/ckeditor/_source/skins/kama icons.png
2012.05.08 20:59 B E:\autoadvance2010.nl Map\autoadvance2010.nl\db\ckeditor\_source\skins\kama\icons_rtl.png --> autoadvance.nl /web/db/ckeditor/_source/skins/kama icons_rtl.png
2012.05.08 20:59 B E:\autoadvance2010.nl Map\autoadvance2010.nl\db\ckeditor\_source\skins\kama\mainui.css --> autoadvance.nl /web/db/ckeditor/_source/skins/kama mainui.css
2012.05.08 20:59 B E:\autoadvance2010.nl Map\autoadvance2010.nl\db\ckeditor\_source\skins\kama\menu.css --> autoadvance.nl /web/db/ckeditor/_source/skins/kama menu.css
2012.05.08 20:59 B E:\autoadvance2010.nl Map\autoadvance2010.nl\db\ckeditor\_source\skins\kama\panel.css --> autoadvance.nl /web/db/ckeditor/_source/skins/kama panel.css
2012.05.08 20:59 B E:\autoadvance2010.nl Map\autoadvance2010.nl\db\ckeditor\_source\skins\kama\presets.css --> autoadvance.nl /web/db/ckeditor/_source/skins/kama presets.css
2012.05.08 20:59 B E:\autoadvance2010.nl Map\autoadvance2010.nl\db\ckeditor\_source\skins\kama\reset.css --> autoadvance.nl /web/db/ckeditor/_source/skins/kama reset.css
2012.05.08 20:59 B E:\autoadvance2010.nl Map\autoadvance2010.nl\db\ckeditor\_source\skins\kama\richcombo.css --> autoadvance.nl /web/db/ckeditor/_source/skins/kama richcombo.css
2012.05.08 20:59 B E:\autoadvance2010.nl Map\autoadvance2010.nl\db\ckeditor\_source\skins\kama\skin.js --> autoadvance.nl /web/db/ckeditor/_source/skins/kama skin.js
2012.05.08 20:59 B E:\autoadvance2010.nl Map\autoadvance2010.nl\db\ckeditor\_source\skins\kama\templates.css --> autoadvance.nl /web/db/ckeditor/_source/skins/kama templates.css
2012.05.08 21:00 B E:\autoadvance2010.nl Map\autoadvance2010.nl\db\ckeditor\_source\skins\kama\toolbar.css --> autoadvance.nl /web/db/ckeditor/_source/skins/kama toolbar.css
2013.03.16 11:44 B E:\fdmstest.nl Map\fdmstest.nl\db\ckeditor\_source\skins\kama\WS_FTP.LOG <-- autoadvance.nl /web/db/ckeditor/_source/skins/kama WS_FTP.LOG
2013.03.16 12:22 B E:\fdmstest.nl Map\fdmstest.nl\db\ckeditor\_source\skins\kama\dialog.css --> 212.79.241.34 /web/db/ckeditor/_source/skins/kama dialog.css
2013.03.16 12:22 B E:\fdmstest.nl Map\fdmstest.nl\db\ckeditor\_source\skins\kama\editor.css --> 212.79.241.34 /web/db/ckeditor/_source/skins/kama editor.css
2013.03.16 12:22 B E:\fdmstest.nl Map\fdmstest.nl\db\ckeditor\_source\skins\kama\elementspath.css --> 212.79.241.34 /web/db/ckeditor/_source/skins/kama elementspath.css
2013.03.16 12:22 B E:\fdmstest.nl Map\fdmstest.nl\db\ckeditor\_source\skins\kama\icons.css --> 212.79.241.34 /web/db/ckeditor/_source/skins/kama icons.css
2013.03.16 12:22 B E:\fdmstest.nl Map\fdmstest.nl\db\ckeditor\_source\skins\kama\icons.png --> 212.79.241.34 /web/db/ckeditor/_source/skins/kama icons.png
2013.03.16 12:22 B E:\fdmstest.nl Map\fdmstest.nl\db\ckeditor\_source\skins\kama\icons_rtl.png --> 212.79.241.34 /web/db/ckeditor/_source/skins/kama icons_rtl.png
2013.03.16 12:22 B E:\fdmstest.nl Map\fdmstest.nl\db\ckeditor\_source\skins\kama\mainui.css --> 212.79.241.34 /web/db/ckeditor/_source/skins/kama mainui.css
2013.03.16 12:22 B E:\fdmstest.nl Map\fdmstest.nl\db\ckeditor\_source\skins\kama\menu.css --> 212.79.241.34 /web/db/ckeditor/_source/skins/kama menu.css
2013.03.16 12:22 B E:\fdmstest.nl Map\fdmstest.nl\db\ckeditor\_source\skins\kama\panel.css --> 212.79.241.34 /web/db/ckeditor/_source/skins/kama panel.css
2013.03.16 12:22 B E:\fdmstest.nl Map\fdmstest.nl\db\ckeditor\_source\skins\kama\presets.css --> 212.79.241.34 /web/db/ckeditor/_source/skins/kama presets.css
2013.03.16 12:22 B E:\fdmstest.nl Map\fdmstest.nl\db\ckeditor\_source\skins\kama\reset.css --> 212.79.241.34 /web/db/ckeditor/_source/skins/kama reset.css
2013.03.16 12:22 B E:\fdmstest.nl Map\fdmstest.nl\db\ckeditor\_source\skins\kama\richcombo.css --> 212.79.241.34 /web/db/ckeditor/_source/skins/kama richcombo.css
2013.03.16 12:22 B E:\fdmstest.nl Map\fdmstest.nl\db\ckeditor\_source\skins\kama\skin.js --> 212.79.241.34 /web/db/ckeditor/_source/skins/kama skin.js
2013.03.16 12:22 B E:\fdmstest.nl Map\fdmstest.nl\db\ckeditor\_source\skins\kama\templates.css --> 212.79.241.34 /web/db/ckeditor/_source/skins/kama templates.css
2013.03.16 12:22 B E:\fdmstest.nl Map\fdmstest.nl\db\ckeditor\_source\skins\kama\toolbar.css --> 212.79.241.34 /web/db/ckeditor/_source/skins/kama toolbar.css
2013.03.23 09:57 B E:\fdmstest.nl Map\fdmstest.nl\db\ckeditor\_source\skins\kama\WS_FTP.LOG <-- fdmtest.nl /web/db/ckeditor/_source/skins/kama WS_FTP.LOG
2013.03.24 13:48 B E:\fdmstest.nl Map\fdmstest.nl\db\ckeditor\_source\skins\kama\dialog.css --> dewildeautos.nl /web/db/ckeditor/_source/skins/kama dialog.css
2013.03.24 13:48 B E:\fdmstest.nl Map\fdmstest.nl\db\ckeditor\_source\skins\kama\editor.css --> dewildeautos.nl /web/db/ckeditor/_source/skins/kama editor.css
2013.03.24 13:48 B E:\fdmstest.nl Map\fdmstest.nl\db\ckeditor\_source\skins\kama\elementspath.css --> dewildeautos.nl /web/db/ckeditor/_source/skins/kama elementspath.css
2013.03.24 13:48 B E:\fdmstest.nl Map\fdmstest.nl\db\ckeditor\_source\skins\kama\icons.css --> dewildeautos.nl /web/db/ckeditor/_source/skins/kama icons.css
2013.03.24 13:48 B E:\fdmstest.nl Map\fdmstest.nl\db\ckeditor\_source\skins\kama\icons.png --> dewildeautos.nl /web/db/ckeditor/_source/skins/kama icons.png
2013.03.24 13:48 B E:\fdmstest.nl Map\fdmstest.nl\db\ckeditor\_source\skins\kama\icons_rtl.png --> dewildeautos.nl /web/db/ckeditor/_source/skins/kama icons_rtl.png
2013.03.24 13:48 B E:\fdmstest.nl Map\fdmstest.nl\db\ckeditor\_source\skins\kama\mainui.css --> dewildeautos.nl /web/db/ckeditor/_source/skins/kama mainui.css
2013.03.24 13:48 B E:\fdmstest.nl Map\fdmstest.nl\db\ckeditor\_source\skins\kama\menu.css --> dewildeautos.nl /web/db/ckeditor/_source/skins/kama menu.css
2013.03.24 13:48 B E:\fdmstest.nl Map\fdmstest.nl\db\ckeditor\_source\skins\kama\panel.css --> dewildeautos.nl /web/db/ckeditor/_source/skins/kama panel.css
2013.03.24 13:48 B E:\fdmstest.nl Map\fdmstest.nl\db\ckeditor\_source\skins\kama\presets.css --> dewildeautos.nl /web/db/ckeditor/_source/skins/kama presets.css
2013.03.24 13:48 B E:\fdmstest.nl Map\fdmstest.nl\db\ckeditor\_source\skins\kama\reset.css --> dewildeautos.nl /web/db/ckeditor/_source/skins/kama reset.css
2013.03.24 13:48 B E:\fdmstest.nl Map\fdmstest.nl\db\ckeditor\_source\skins\kama\richcombo.css --> dewildeautos.nl /web/db/ckeditor/_source/skins/kama richcombo.css
2013.03.24 13:48 B E:\fdmstest.nl Map\fdmstest.nl\db\ckeditor\_source\skins\kama\skin.js --> dewildeautos.nl /web/db/ckeditor/_source/skins/kama skin.js
2013.03.24 13:48 B E:\fdmstest.nl Map\fdmstest.nl\db\ckeditor\_source\skins\kama\templates.css --> dewildeautos.nl /web/db/ckeditor/_source/skins/kama templates.css
2013.03.24 13:48 B E:\fdmstest.nl Map\fdmstest.nl\db\ckeditor\_source\skins\kama\toolbar.css --> dewildeautos.nl /web/db/ckeditor/_source/skins/kama toolbar.css
2013.03.24 13:48 B E:\fdmstest.nl Map\fdmstest.nl\db\ckeditor\_source\skins\kama\WS_FTP.LOG --> dewildeautos.nl /web/db/ckeditor/_source/skins/kama WS_FTP.LOG
2013.03.25 10:53 B E:\fdmstest.nl Map\fdmstest.nl\db\ckeditor\_source\skins\kama\dialog.css --> thomassen-autos.nl /web/db/ckeditor/_source/skins/kama dialog.css
2013.03.25 10:53 B E:\fdmstest.nl Map\fdmstest.nl\db\ckeditor\_source\skins\kama\editor.css --> thomassen-autos.nl /web/db/ckeditor/_source/skins/kama editor.css
2013.03.25 10:53 B E:\fdmstest.nl Map\fdmstest.nl\db\ckeditor\_source\skins\kama\elementspath.css --> thomassen-autos.nl /web/db/ckeditor/_source/skins/kama elementspath.css
2013.03.25 10:53 B E:\fdmstest.nl Map\fdmstest.nl\db\ckeditor\_source\skins\kama\icons.css --> thomassen-autos.nl /web/db/ckeditor/_source/skins/kama icons.css
2013.03.25 10:53 B E:\fdmstest.nl Map\fdmstest.nl\db\ckeditor\_source\skins\kama\icons.png --> thomassen-autos.nl /web/db/ckeditor/_source/skins/kama icons.png
2013.03.25 10:53 B E:\fdmstest.nl Map\fdmstest.nl\db\ckeditor\_source\skins\kama\icons_rtl.png --> thomassen-autos.nl /web/db/ckeditor/_source/skins/kama icons_rtl.png
2013.03.25 10:53 B E:\fdmstest.nl Map\fdmstest.nl\db\ckeditor\_source\skins\kama\mainui.css --> thomassen-autos.nl /web/db/ckeditor/_source/skins/kama mainui.css
2013.03.25 10:53 B E:\fdmstest.nl Map\fdmstest.nl\db\ckeditor\_source\skins\kama\menu.css --> thomassen-autos.nl /web/db/ckeditor/_source/skins/kama menu.css
2013.03.25 10:53 B E:\fdmstest.nl Map\fdmstest.nl\db\ckeditor\_source\skins\kama\panel.css --> thomassen-autos.nl /web/db/ckeditor/_source/skins/kama panel.css
2013.03.25 10:53 B E:\fdmstest.nl Map\fdmstest.nl\db\ckeditor\_source\skins\kama\presets.css --> thomassen-autos.nl /web/db/ckeditor/_source/skins/kama presets.css
2013.03.25 10:53 B E:\fdmstest.nl Map\fdmstest.nl\db\ckeditor\_source\skins\kama\reset.css --> thomassen-autos.nl /web/db/ckeditor/_source/skins/kama reset.css
2013.03.25 10:53 B E:\fdmstest.nl Map\fdmstest.nl\db\ckeditor\_source\skins\kama\richcombo.css --> thomassen-autos.nl /web/db/ckeditor/_source/skins/kama richcombo.css
2013.03.25 10:53 B E:\fdmstest.nl Map\fdmstest.nl\db\ckeditor\_source\skins\kama\skin.js --> thomassen-autos.nl /web/db/ckeditor/_source/skins/kama skin.js
2013.03.25 10:53 B E:\fdmstest.nl Map\fdmstest.nl\db\ckeditor\_source\skins\kama\templates.css --> thomassen-autos.nl /web/db/ckeditor/_source/skins/kama templates.css
2013.03.25 10:53 B E:\fdmstest.nl Map\fdmstest.nl\db\ckeditor\_source\skins\kama\toolbar.css --> thomassen-autos.nl /web/db/ckeditor/_source/skins/kama toolbar.css
2013.03.25 10:53 B E:\fdmstest.nl Map\fdmstest.nl\db\ckeditor\_source\skins\kama\WS_FTP.LOG --> thomassen-autos.nl /web/db/ckeditor/_source/skins/kama WS_FTP.LOG
2014.02.25 16:46 B E:\autoadvance2012.nl\db\ckeditor\_source\skins\kama\WS_FTP.LOG <-- autoadvance.nl /web/db/ckeditor/_source/skins/kama WS_FTP.LOG
