2013.03.23 09:57 B E:\fdmstest.nl Map\fdmstest.nl\db\ckeditor\plugins\a11yhelp\dialogs\lang\_translationstatus.txt <-- fdmtest.nl /web/db/ckeditor/plugins/a11yhelp/dialogs/lang _translationstatus.txt
2013.03.23 09:57 B E:\fdmstest.nl Map\fdmstest.nl\db\ckeditor\plugins\a11yhelp\dialogs\lang\ar.js <-- fdmtest.nl /web/db/ckeditor/plugins/a11yhelp/dialogs/lang ar.js
2013.03.23 09:57 B E:\fdmstest.nl Map\fdmstest.nl\db\ckeditor\plugins\a11yhelp\dialogs\lang\bg.js <-- fdmtest.nl /web/db/ckeditor/plugins/a11yhelp/dialogs/lang bg.js
2013.03.23 09:57 B E:\fdmstest.nl Map\fdmstest.nl\db\ckeditor\plugins\a11yhelp\dialogs\lang\ca.js <-- fdmtest.nl /web/db/ckeditor/plugins/a11yhelp/dialogs/lang ca.js
2013.03.23 09:57 B E:\fdmstest.nl Map\fdmstest.nl\db\ckeditor\plugins\a11yhelp\dialogs\lang\cs.js <-- fdmtest.nl /web/db/ckeditor/plugins/a11yhelp/dialogs/lang cs.js
2013.03.23 09:57 B E:\fdmstest.nl Map\fdmstest.nl\db\ckeditor\plugins\a11yhelp\dialogs\lang\cy.js <-- fdmtest.nl /web/db/ckeditor/plugins/a11yhelp/dialogs/lang cy.js
2013.03.23 09:57 B E:\fdmstest.nl Map\fdmstest.nl\db\ckeditor\plugins\a11yhelp\dialogs\lang\da.js <-- fdmtest.nl /web/db/ckeditor/plugins/a11yhelp/dialogs/lang da.js
2013.03.23 09:57 B E:\fdmstest.nl Map\fdmstest.nl\db\ckeditor\plugins\a11yhelp\dialogs\lang\de.js <-- fdmtest.nl /web/db/ckeditor/plugins/a11yhelp/dialogs/lang de.js
2013.03.23 09:58 B E:\fdmstest.nl Map\fdmstest.nl\db\ckeditor\plugins\a11yhelp\dialogs\lang\el.js <-- fdmtest.nl /web/db/ckeditor/plugins/a11yhelp/dialogs/lang el.js
2013.03.23 09:58 B E:\fdmstest.nl Map\fdmstest.nl\db\ckeditor\plugins\a11yhelp\dialogs\lang\en.js <-- fdmtest.nl /web/db/ckeditor/plugins/a11yhelp/dialogs/lang en.js
2013.03.23 09:58 B E:\fdmstest.nl Map\fdmstest.nl\db\ckeditor\plugins\a11yhelp\dialogs\lang\eo.js <-- fdmtest.nl /web/db/ckeditor/plugins/a11yhelp/dialogs/lang eo.js
2013.03.23 09:58 B E:\fdmstest.nl Map\fdmstest.nl\db\ckeditor\plugins\a11yhelp\dialogs\lang\es.js <-- fdmtest.nl /web/db/ckeditor/plugins/a11yhelp/dialogs/lang es.js
2013.03.23 09:58 B E:\fdmstest.nl Map\fdmstest.nl\db\ckeditor\plugins\a11yhelp\dialogs\lang\et.js <-- fdmtest.nl /web/db/ckeditor/plugins/a11yhelp/dialogs/lang et.js
2013.03.23 09:58 B E:\fdmstest.nl Map\fdmstest.nl\db\ckeditor\plugins\a11yhelp\dialogs\lang\fa.js <-- fdmtest.nl /web/db/ckeditor/plugins/a11yhelp/dialogs/lang fa.js
2013.03.23 09:58 B E:\fdmstest.nl Map\fdmstest.nl\db\ckeditor\plugins\a11yhelp\dialogs\lang\fi.js <-- fdmtest.nl /web/db/ckeditor/plugins/a11yhelp/dialogs/lang fi.js
2013.03.23 09:58 B E:\fdmstest.nl Map\fdmstest.nl\db\ckeditor\plugins\a11yhelp\dialogs\lang\fr.js <-- fdmtest.nl /web/db/ckeditor/plugins/a11yhelp/dialogs/lang fr.js
2013.03.23 09:58 B E:\fdmstest.nl Map\fdmstest.nl\db\ckeditor\plugins\a11yhelp\dialogs\lang\gu.js <-- fdmtest.nl /web/db/ckeditor/plugins/a11yhelp/dialogs/lang gu.js
2013.03.23 09:58 B E:\fdmstest.nl Map\fdmstest.nl\db\ckeditor\plugins\a11yhelp\dialogs\lang\he.js <-- fdmtest.nl /web/db/ckeditor/plugins/a11yhelp/dialogs/lang he.js
2013.03.23 09:58 B E:\fdmstest.nl Map\fdmstest.nl\db\ckeditor\plugins\a11yhelp\dialogs\lang\hi.js <-- fdmtest.nl /web/db/ckeditor/plugins/a11yhelp/dialogs/lang hi.js
2013.03.23 09:58 B E:\fdmstest.nl Map\fdmstest.nl\db\ckeditor\plugins\a11yhelp\dialogs\lang\hr.js <-- fdmtest.nl /web/db/ckeditor/plugins/a11yhelp/dialogs/lang hr.js
2013.03.23 09:58 B E:\fdmstest.nl Map\fdmstest.nl\db\ckeditor\plugins\a11yhelp\dialogs\lang\hu.js <-- fdmtest.nl /web/db/ckeditor/plugins/a11yhelp/dialogs/lang hu.js
2013.03.23 09:58 B E:\fdmstest.nl Map\fdmstest.nl\db\ckeditor\plugins\a11yhelp\dialogs\lang\it.js <-- fdmtest.nl /web/db/ckeditor/plugins/a11yhelp/dialogs/lang it.js
2013.03.23 09:58 B E:\fdmstest.nl Map\fdmstest.nl\db\ckeditor\plugins\a11yhelp\dialogs\lang\ja.js <-- fdmtest.nl /web/db/ckeditor/plugins/a11yhelp/dialogs/lang ja.js
2013.03.23 09:58 B E:\fdmstest.nl Map\fdmstest.nl\db\ckeditor\plugins\a11yhelp\dialogs\lang\km.js <-- fdmtest.nl /web/db/ckeditor/plugins/a11yhelp/dialogs/lang km.js
2013.03.23 09:58 B E:\fdmstest.nl Map\fdmstest.nl\db\ckeditor\plugins\a11yhelp\dialogs\lang\ku.js <-- fdmtest.nl /web/db/ckeditor/plugins/a11yhelp/dialogs/lang ku.js
2013.03.23 09:58 B E:\fdmstest.nl Map\fdmstest.nl\db\ckeditor\plugins\a11yhelp\dialogs\lang\lt.js <-- fdmtest.nl /web/db/ckeditor/plugins/a11yhelp/dialogs/lang lt.js
2013.03.23 09:58 B E:\fdmstest.nl Map\fdmstest.nl\db\ckeditor\plugins\a11yhelp\dialogs\lang\lv.js <-- fdmtest.nl /web/db/ckeditor/plugins/a11yhelp/dialogs/lang lv.js
2013.03.23 09:58 B E:\fdmstest.nl Map\fdmstest.nl\db\ckeditor\plugins\a11yhelp\dialogs\lang\mk.js <-- fdmtest.nl /web/db/ckeditor/plugins/a11yhelp/dialogs/lang mk.js
2013.03.23 09:58 B E:\fdmstest.nl Map\fdmstest.nl\db\ckeditor\plugins\a11yhelp\dialogs\lang\mn.js <-- fdmtest.nl /web/db/ckeditor/plugins/a11yhelp/dialogs/lang mn.js
2013.03.23 09:58 B E:\fdmstest.nl Map\fdmstest.nl\db\ckeditor\plugins\a11yhelp\dialogs\lang\nb.js <-- fdmtest.nl /web/db/ckeditor/plugins/a11yhelp/dialogs/lang nb.js
2013.03.23 09:58 B E:\fdmstest.nl Map\fdmstest.nl\db\ckeditor\plugins\a11yhelp\dialogs\lang\nl.js <-- fdmtest.nl /web/db/ckeditor/plugins/a11yhelp/dialogs/lang nl.js
2013.03.23 09:58 B E:\fdmstest.nl Map\fdmstest.nl\db\ckeditor\plugins\a11yhelp\dialogs\lang\no.js <-- fdmtest.nl /web/db/ckeditor/plugins/a11yhelp/dialogs/lang no.js
2013.03.23 09:58 B E:\fdmstest.nl Map\fdmstest.nl\db\ckeditor\plugins\a11yhelp\dialogs\lang\pl.js <-- fdmtest.nl /web/db/ckeditor/plugins/a11yhelp/dialogs/lang pl.js
2013.03.23 09:58 B E:\fdmstest.nl Map\fdmstest.nl\db\ckeditor\plugins\a11yhelp\dialogs\lang\pt-br.js <-- fdmtest.nl /web/db/ckeditor/plugins/a11yhelp/dialogs/lang pt-br.js
2013.03.23 09:58 B E:\fdmstest.nl Map\fdmstest.nl\db\ckeditor\plugins\a11yhelp\dialogs\lang\pt.js <-- fdmtest.nl /web/db/ckeditor/plugins/a11yhelp/dialogs/lang pt.js
2013.03.23 09:58 B E:\fdmstest.nl Map\fdmstest.nl\db\ckeditor\plugins\a11yhelp\dialogs\lang\ro.js <-- fdmtest.nl /web/db/ckeditor/plugins/a11yhelp/dialogs/lang ro.js
2013.03.23 09:58 B E:\fdmstest.nl Map\fdmstest.nl\db\ckeditor\plugins\a11yhelp\dialogs\lang\ru.js <-- fdmtest.nl /web/db/ckeditor/plugins/a11yhelp/dialogs/lang ru.js
2013.03.23 09:58 B E:\fdmstest.nl Map\fdmstest.nl\db\ckeditor\plugins\a11yhelp\dialogs\lang\sk.js <-- fdmtest.nl /web/db/ckeditor/plugins/a11yhelp/dialogs/lang sk.js
2013.03.23 09:58 B E:\fdmstest.nl Map\fdmstest.nl\db\ckeditor\plugins\a11yhelp\dialogs\lang\sl.js <-- fdmtest.nl /web/db/ckeditor/plugins/a11yhelp/dialogs/lang sl.js
2013.03.23 09:58 B E:\fdmstest.nl Map\fdmstest.nl\db\ckeditor\plugins\a11yhelp\dialogs\lang\sv.js <-- fdmtest.nl /web/db/ckeditor/plugins/a11yhelp/dialogs/lang sv.js
2013.03.23 09:58 B E:\fdmstest.nl Map\fdmstest.nl\db\ckeditor\plugins\a11yhelp\dialogs\lang\th.js <-- fdmtest.nl /web/db/ckeditor/plugins/a11yhelp/dialogs/lang th.js
2013.03.23 09:58 B E:\fdmstest.nl Map\fdmstest.nl\db\ckeditor\plugins\a11yhelp\dialogs\lang\tr.js <-- fdmtest.nl /web/db/ckeditor/plugins/a11yhelp/dialogs/lang tr.js
2013.03.23 09:58 B E:\fdmstest.nl Map\fdmstest.nl\db\ckeditor\plugins\a11yhelp\dialogs\lang\ug.js <-- fdmtest.nl /web/db/ckeditor/plugins/a11yhelp/dialogs/lang ug.js
2013.03.23 09:58 B E:\fdmstest.nl Map\fdmstest.nl\db\ckeditor\plugins\a11yhelp\dialogs\lang\uk.js <-- fdmtest.nl /web/db/ckeditor/plugins/a11yhelp/dialogs/lang uk.js
2013.03.23 09:58 B E:\fdmstest.nl Map\fdmstest.nl\db\ckeditor\plugins\a11yhelp\dialogs\lang\vi.js <-- fdmtest.nl /web/db/ckeditor/plugins/a11yhelp/dialogs/lang vi.js
2013.03.23 09:58 B E:\fdmstest.nl Map\fdmstest.nl\db\ckeditor\plugins\a11yhelp\dialogs\lang\zh-cn.js <-- fdmtest.nl /web/db/ckeditor/plugins/a11yhelp/dialogs/lang zh-cn.js
2013.03.24 13:49 B E:\fdmstest.nl Map\fdmstest.nl\db\ckeditor\plugins\a11yhelp\dialogs\lang\_translationstatus.txt --> dewildeautos.nl /web/db/ckeditor/plugins/a11yhelp/dialogs/lang _translationstatus.txt
2013.03.24 13:49 B E:\fdmstest.nl Map\fdmstest.nl\db\ckeditor\plugins\a11yhelp\dialogs\lang\ar.js --> dewildeautos.nl /web/db/ckeditor/plugins/a11yhelp/dialogs/lang ar.js
2013.03.24 13:49 B E:\fdmstest.nl Map\fdmstest.nl\db\ckeditor\plugins\a11yhelp\dialogs\lang\bg.js --> dewildeautos.nl /web/db/ckeditor/plugins/a11yhelp/dialogs/lang bg.js
2013.03.24 13:49 B E:\fdmstest.nl Map\fdmstest.nl\db\ckeditor\plugins\a11yhelp\dialogs\lang\ca.js --> dewildeautos.nl /web/db/ckeditor/plugins/a11yhelp/dialogs/lang ca.js
2013.03.24 13:49 B E:\fdmstest.nl Map\fdmstest.nl\db\ckeditor\plugins\a11yhelp\dialogs\lang\cs.js --> dewildeautos.nl /web/db/ckeditor/plugins/a11yhelp/dialogs/lang cs.js
2013.03.24 13:49 B E:\fdmstest.nl Map\fdmstest.nl\db\ckeditor\plugins\a11yhelp\dialogs\lang\cy.js --> dewildeautos.nl /web/db/ckeditor/plugins/a11yhelp/dialogs/lang cy.js
2013.03.24 13:49 B E:\fdmstest.nl Map\fdmstest.nl\db\ckeditor\plugins\a11yhelp\dialogs\lang\da.js --> dewildeautos.nl /web/db/ckeditor/plugins/a11yhelp/dialogs/lang da.js
2013.03.24 13:49 B E:\fdmstest.nl Map\fdmstest.nl\db\ckeditor\plugins\a11yhelp\dialogs\lang\de.js --> dewildeautos.nl /web/db/ckeditor/plugins/a11yhelp/dialogs/lang de.js
2013.03.24 13:49 B E:\fdmstest.nl Map\fdmstest.nl\db\ckeditor\plugins\a11yhelp\dialogs\lang\el.js --> dewildeautos.nl /web/db/ckeditor/plugins/a11yhelp/dialogs/lang el.js
2013.03.24 13:49 B E:\fdmstest.nl Map\fdmstest.nl\db\ckeditor\plugins\a11yhelp\dialogs\lang\en.js --> dewildeautos.nl /web/db/ckeditor/plugins/a11yhelp/dialogs/lang en.js
2013.03.24 13:49 B E:\fdmstest.nl Map\fdmstest.nl\db\ckeditor\plugins\a11yhelp\dialogs\lang\eo.js --> dewildeautos.nl /web/db/ckeditor/plugins/a11yhelp/dialogs/lang eo.js
2013.03.24 13:49 B E:\fdmstest.nl Map\fdmstest.nl\db\ckeditor\plugins\a11yhelp\dialogs\lang\es.js --> dewildeautos.nl /web/db/ckeditor/plugins/a11yhelp/dialogs/lang es.js
2013.03.24 13:49 B E:\fdmstest.nl Map\fdmstest.nl\db\ckeditor\plugins\a11yhelp\dialogs\lang\et.js --> dewildeautos.nl /web/db/ckeditor/plugins/a11yhelp/dialogs/lang et.js
2013.03.24 13:49 B E:\fdmstest.nl Map\fdmstest.nl\db\ckeditor\plugins\a11yhelp\dialogs\lang\fa.js --> dewildeautos.nl /web/db/ckeditor/plugins/a11yhelp/dialogs/lang fa.js
2013.03.24 13:49 B E:\fdmstest.nl Map\fdmstest.nl\db\ckeditor\plugins\a11yhelp\dialogs\lang\fi.js --> dewildeautos.nl /web/db/ckeditor/plugins/a11yhelp/dialogs/lang fi.js
2013.03.24 13:49 B E:\fdmstest.nl Map\fdmstest.nl\db\ckeditor\plugins\a11yhelp\dialogs\lang\fr.js --> dewildeautos.nl /web/db/ckeditor/plugins/a11yhelp/dialogs/lang fr.js
2013.03.24 13:49 B E:\fdmstest.nl Map\fdmstest.nl\db\ckeditor\plugins\a11yhelp\dialogs\lang\gu.js --> dewildeautos.nl /web/db/ckeditor/plugins/a11yhelp/dialogs/lang gu.js
2013.03.24 13:49 B E:\fdmstest.nl Map\fdmstest.nl\db\ckeditor\plugins\a11yhelp\dialogs\lang\he.js --> dewildeautos.nl /web/db/ckeditor/plugins/a11yhelp/dialogs/lang he.js
2013.03.24 13:49 B E:\fdmstest.nl Map\fdmstest.nl\db\ckeditor\plugins\a11yhelp\dialogs\lang\hi.js --> dewildeautos.nl /web/db/ckeditor/plugins/a11yhelp/dialogs/lang hi.js
2013.03.24 13:49 B E:\fdmstest.nl Map\fdmstest.nl\db\ckeditor\plugins\a11yhelp\dialogs\lang\hr.js --> dewildeautos.nl /web/db/ckeditor/plugins/a11yhelp/dialogs/lang hr.js
2013.03.24 13:49 B E:\fdmstest.nl Map\fdmstest.nl\db\ckeditor\plugins\a11yhelp\dialogs\lang\hu.js --> dewildeautos.nl /web/db/ckeditor/plugins/a11yhelp/dialogs/lang hu.js
2013.03.24 13:49 B E:\fdmstest.nl Map\fdmstest.nl\db\ckeditor\plugins\a11yhelp\dialogs\lang\it.js --> dewildeautos.nl /web/db/ckeditor/plugins/a11yhelp/dialogs/lang it.js
2013.03.24 13:49 B E:\fdmstest.nl Map\fdmstest.nl\db\ckeditor\plugins\a11yhelp\dialogs\lang\ja.js --> dewildeautos.nl /web/db/ckeditor/plugins/a11yhelp/dialogs/lang ja.js
2013.03.24 13:49 B E:\fdmstest.nl Map\fdmstest.nl\db\ckeditor\plugins\a11yhelp\dialogs\lang\km.js --> dewildeautos.nl /web/db/ckeditor/plugins/a11yhelp/dialogs/lang km.js
2013.03.24 13:49 B E:\fdmstest.nl Map\fdmstest.nl\db\ckeditor\plugins\a11yhelp\dialogs\lang\ku.js --> dewildeautos.nl /web/db/ckeditor/plugins/a11yhelp/dialogs/lang ku.js
2013.03.24 13:49 B E:\fdmstest.nl Map\fdmstest.nl\db\ckeditor\plugins\a11yhelp\dialogs\lang\lt.js --> dewildeautos.nl /web/db/ckeditor/plugins/a11yhelp/dialogs/lang lt.js
2013.03.24 13:49 B E:\fdmstest.nl Map\fdmstest.nl\db\ckeditor\plugins\a11yhelp\dialogs\lang\lv.js --> dewildeautos.nl /web/db/ckeditor/plugins/a11yhelp/dialogs/lang lv.js
2013.03.24 13:49 B E:\fdmstest.nl Map\fdmstest.nl\db\ckeditor\plugins\a11yhelp\dialogs\lang\mk.js --> dewildeautos.nl /web/db/ckeditor/plugins/a11yhelp/dialogs/lang mk.js
2013.03.24 13:49 B E:\fdmstest.nl Map\fdmstest.nl\db\ckeditor\plugins\a11yhelp\dialogs\lang\mn.js --> dewildeautos.nl /web/db/ckeditor/plugins/a11yhelp/dialogs/lang mn.js
2013.03.24 13:49 B E:\fdmstest.nl Map\fdmstest.nl\db\ckeditor\plugins\a11yhelp\dialogs\lang\nb.js --> dewildeautos.nl /web/db/ckeditor/plugins/a11yhelp/dialogs/lang nb.js
2013.03.24 13:49 B E:\fdmstest.nl Map\fdmstest.nl\db\ckeditor\plugins\a11yhelp\dialogs\lang\nl.js --> dewildeautos.nl /web/db/ckeditor/plugins/a11yhelp/dialogs/lang nl.js
2013.03.24 13:49 B E:\fdmstest.nl Map\fdmstest.nl\db\ckeditor\plugins\a11yhelp\dialogs\lang\no.js --> dewildeautos.nl /web/db/ckeditor/plugins/a11yhelp/dialogs/lang no.js
2013.03.24 13:49 B E:\fdmstest.nl Map\fdmstest.nl\db\ckeditor\plugins\a11yhelp\dialogs\lang\pl.js --> dewildeautos.nl /web/db/ckeditor/plugins/a11yhelp/dialogs/lang pl.js
2013.03.24 13:49 B E:\fdmstest.nl Map\fdmstest.nl\db\ckeditor\plugins\a11yhelp\dialogs\lang\pt-br.js --> dewildeautos.nl /web/db/ckeditor/plugins/a11yhelp/dialogs/lang pt-br.js
2013.03.24 13:49 B E:\fdmstest.nl Map\fdmstest.nl\db\ckeditor\plugins\a11yhelp\dialogs\lang\pt.js --> dewildeautos.nl /web/db/ckeditor/plugins/a11yhelp/dialogs/lang pt.js
2013.03.24 13:49 B E:\fdmstest.nl Map\fdmstest.nl\db\ckeditor\plugins\a11yhelp\dialogs\lang\ro.js --> dewildeautos.nl /web/db/ckeditor/plugins/a11yhelp/dialogs/lang ro.js
2013.03.24 13:49 B E:\fdmstest.nl Map\fdmstest.nl\db\ckeditor\plugins\a11yhelp\dialogs\lang\ru.js --> dewildeautos.nl /web/db/ckeditor/plugins/a11yhelp/dialogs/lang ru.js
2013.03.24 13:49 B E:\fdmstest.nl Map\fdmstest.nl\db\ckeditor\plugins\a11yhelp\dialogs\lang\sk.js --> dewildeautos.nl /web/db/ckeditor/plugins/a11yhelp/dialogs/lang sk.js
2013.03.24 13:49 B E:\fdmstest.nl Map\fdmstest.nl\db\ckeditor\plugins\a11yhelp\dialogs\lang\sl.js --> dewildeautos.nl /web/db/ckeditor/plugins/a11yhelp/dialogs/lang sl.js
2013.03.24 13:49 B E:\fdmstest.nl Map\fdmstest.nl\db\ckeditor\plugins\a11yhelp\dialogs\lang\sv.js --> dewildeautos.nl /web/db/ckeditor/plugins/a11yhelp/dialogs/lang sv.js
2013.03.24 13:49 B E:\fdmstest.nl Map\fdmstest.nl\db\ckeditor\plugins\a11yhelp\dialogs\lang\th.js --> dewildeautos.nl /web/db/ckeditor/plugins/a11yhelp/dialogs/lang th.js
2013.03.24 13:49 B E:\fdmstest.nl Map\fdmstest.nl\db\ckeditor\plugins\a11yhelp\dialogs\lang\tr.js --> dewildeautos.nl /web/db/ckeditor/plugins/a11yhelp/dialogs/lang tr.js
2013.03.24 13:49 B E:\fdmstest.nl Map\fdmstest.nl\db\ckeditor\plugins\a11yhelp\dialogs\lang\ug.js --> dewildeautos.nl /web/db/ckeditor/plugins/a11yhelp/dialogs/lang ug.js
2013.03.24 13:49 B E:\fdmstest.nl Map\fdmstest.nl\db\ckeditor\plugins\a11yhelp\dialogs\lang\uk.js --> dewildeautos.nl /web/db/ckeditor/plugins/a11yhelp/dialogs/lang uk.js
2013.03.24 13:49 B E:\fdmstest.nl Map\fdmstest.nl\db\ckeditor\plugins\a11yhelp\dialogs\lang\vi.js --> dewildeautos.nl /web/db/ckeditor/plugins/a11yhelp/dialogs/lang vi.js
2013.03.24 13:49 B E:\fdmstest.nl Map\fdmstest.nl\db\ckeditor\plugins\a11yhelp\dialogs\lang\WS_FTP.LOG --> dewildeautos.nl /web/db/ckeditor/plugins/a11yhelp/dialogs/lang WS_FTP.LOG
2013.03.24 13:49 B E:\fdmstest.nl Map\fdmstest.nl\db\ckeditor\plugins\a11yhelp\dialogs\lang\zh-cn.js --> dewildeautos.nl /web/db/ckeditor/plugins/a11yhelp/dialogs/lang zh-cn.js
2013.03.25 10:54 B E:\fdmstest.nl Map\fdmstest.nl\db\ckeditor\plugins\a11yhelp\dialogs\lang\_translationstatus.txt --> thomassen-autos.nl /web/db/ckeditor/plugins/a11yhelp/dialogs/lang _translationstatus.txt
2013.03.25 10:54 B E:\fdmstest.nl Map\fdmstest.nl\db\ckeditor\plugins\a11yhelp\dialogs\lang\ar.js --> thomassen-autos.nl /web/db/ckeditor/plugins/a11yhelp/dialogs/lang ar.js
2013.03.25 10:54 B E:\fdmstest.nl Map\fdmstest.nl\db\ckeditor\plugins\a11yhelp\dialogs\lang\bg.js --> thomassen-autos.nl /web/db/ckeditor/plugins/a11yhelp/dialogs/lang bg.js
2013.03.25 10:54 B E:\fdmstest.nl Map\fdmstest.nl\db\ckeditor\plugins\a11yhelp\dialogs\lang\ca.js --> thomassen-autos.nl /web/db/ckeditor/plugins/a11yhelp/dialogs/lang ca.js
2013.03.25 10:54 B E:\fdmstest.nl Map\fdmstest.nl\db\ckeditor\plugins\a11yhelp\dialogs\lang\cs.js --> thomassen-autos.nl /web/db/ckeditor/plugins/a11yhelp/dialogs/lang cs.js
2013.03.25 10:54 B E:\fdmstest.nl Map\fdmstest.nl\db\ckeditor\plugins\a11yhelp\dialogs\lang\cy.js --> thomassen-autos.nl /web/db/ckeditor/plugins/a11yhelp/dialogs/lang cy.js
2013.03.25 10:54 B E:\fdmstest.nl Map\fdmstest.nl\db\ckeditor\plugins\a11yhelp\dialogs\lang\da.js --> thomassen-autos.nl /web/db/ckeditor/plugins/a11yhelp/dialogs/lang da.js
2013.03.25 10:54 B E:\fdmstest.nl Map\fdmstest.nl\db\ckeditor\plugins\a11yhelp\dialogs\lang\de.js --> thomassen-autos.nl /web/db/ckeditor/plugins/a11yhelp/dialogs/lang de.js
2013.03.25 10:54 B E:\fdmstest.nl Map\fdmstest.nl\db\ckeditor\plugins\a11yhelp\dialogs\lang\el.js --> thomassen-autos.nl /web/db/ckeditor/plugins/a11yhelp/dialogs/lang el.js
2013.03.25 10:54 B E:\fdmstest.nl Map\fdmstest.nl\db\ckeditor\plugins\a11yhelp\dialogs\lang\en.js --> thomassen-autos.nl /web/db/ckeditor/plugins/a11yhelp/dialogs/lang en.js
2013.03.25 10:54 B E:\fdmstest.nl Map\fdmstest.nl\db\ckeditor\plugins\a11yhelp\dialogs\lang\eo.js --> thomassen-autos.nl /web/db/ckeditor/plugins/a11yhelp/dialogs/lang eo.js
2013.03.25 10:54 B E:\fdmstest.nl Map\fdmstest.nl\db\ckeditor\plugins\a11yhelp\dialogs\lang\es.js --> thomassen-autos.nl /web/db/ckeditor/plugins/a11yhelp/dialogs/lang es.js
2013.03.25 10:54 B E:\fdmstest.nl Map\fdmstest.nl\db\ckeditor\plugins\a11yhelp\dialogs\lang\et.js --> thomassen-autos.nl /web/db/ckeditor/plugins/a11yhelp/dialogs/lang et.js
2013.03.25 10:55 B E:\fdmstest.nl Map\fdmstest.nl\db\ckeditor\plugins\a11yhelp\dialogs\lang\fa.js --> thomassen-autos.nl /web/db/ckeditor/plugins/a11yhelp/dialogs/lang fa.js
2013.03.25 10:55 B E:\fdmstest.nl Map\fdmstest.nl\db\ckeditor\plugins\a11yhelp\dialogs\lang\fi.js --> thomassen-autos.nl /web/db/ckeditor/plugins/a11yhelp/dialogs/lang fi.js
2013.03.25 10:55 B E:\fdmstest.nl Map\fdmstest.nl\db\ckeditor\plugins\a11yhelp\dialogs\lang\fr.js --> thomassen-autos.nl /web/db/ckeditor/plugins/a11yhelp/dialogs/lang fr.js
2013.03.25 10:55 B E:\fdmstest.nl Map\fdmstest.nl\db\ckeditor\plugins\a11yhelp\dialogs\lang\gu.js --> thomassen-autos.nl /web/db/ckeditor/plugins/a11yhelp/dialogs/lang gu.js
2013.03.25 10:55 B E:\fdmstest.nl Map\fdmstest.nl\db\ckeditor\plugins\a11yhelp\dialogs\lang\he.js --> thomassen-autos.nl /web/db/ckeditor/plugins/a11yhelp/dialogs/lang he.js
2013.03.25 10:55 B E:\fdmstest.nl Map\fdmstest.nl\db\ckeditor\plugins\a11yhelp\dialogs\lang\hi.js --> thomassen-autos.nl /web/db/ckeditor/plugins/a11yhelp/dialogs/lang hi.js
2013.03.25 10:55 B E:\fdmstest.nl Map\fdmstest.nl\db\ckeditor\plugins\a11yhelp\dialogs\lang\hr.js --> thomassen-autos.nl /web/db/ckeditor/plugins/a11yhelp/dialogs/lang hr.js
2013.03.25 10:55 B E:\fdmstest.nl Map\fdmstest.nl\db\ckeditor\plugins\a11yhelp\dialogs\lang\hu.js --> thomassen-autos.nl /web/db/ckeditor/plugins/a11yhelp/dialogs/lang hu.js
2013.03.25 10:55 B E:\fdmstest.nl Map\fdmstest.nl\db\ckeditor\plugins\a11yhelp\dialogs\lang\it.js --> thomassen-autos.nl /web/db/ckeditor/plugins/a11yhelp/dialogs/lang it.js
2013.03.25 10:55 B E:\fdmstest.nl Map\fdmstest.nl\db\ckeditor\plugins\a11yhelp\dialogs\lang\ja.js --> thomassen-autos.nl /web/db/ckeditor/plugins/a11yhelp/dialogs/lang ja.js
2013.03.25 10:55 B E:\fdmstest.nl Map\fdmstest.nl\db\ckeditor\plugins\a11yhelp\dialogs\lang\km.js --> thomassen-autos.nl /web/db/ckeditor/plugins/a11yhelp/dialogs/lang km.js
2013.03.25 10:55 B E:\fdmstest.nl Map\fdmstest.nl\db\ckeditor\plugins\a11yhelp\dialogs\lang\ku.js --> thomassen-autos.nl /web/db/ckeditor/plugins/a11yhelp/dialogs/lang ku.js
2013.03.25 10:55 B E:\fdmstest.nl Map\fdmstest.nl\db\ckeditor\plugins\a11yhelp\dialogs\lang\lt.js --> thomassen-autos.nl /web/db/ckeditor/plugins/a11yhelp/dialogs/lang lt.js
2013.03.25 10:55 B E:\fdmstest.nl Map\fdmstest.nl\db\ckeditor\plugins\a11yhelp\dialogs\lang\lv.js --> thomassen-autos.nl /web/db/ckeditor/plugins/a11yhelp/dialogs/lang lv.js
2013.03.25 10:55 B E:\fdmstest.nl Map\fdmstest.nl\db\ckeditor\plugins\a11yhelp\dialogs\lang\mk.js --> thomassen-autos.nl /web/db/ckeditor/plugins/a11yhelp/dialogs/lang mk.js
2013.03.25 10:55 B E:\fdmstest.nl Map\fdmstest.nl\db\ckeditor\plugins\a11yhelp\dialogs\lang\mn.js --> thomassen-autos.nl /web/db/ckeditor/plugins/a11yhelp/dialogs/lang mn.js
2013.03.25 10:55 B E:\fdmstest.nl Map\fdmstest.nl\db\ckeditor\plugins\a11yhelp\dialogs\lang\nb.js --> thomassen-autos.nl /web/db/ckeditor/plugins/a11yhelp/dialogs/lang nb.js
2013.03.25 10:55 B E:\fdmstest.nl Map\fdmstest.nl\db\ckeditor\plugins\a11yhelp\dialogs\lang\nl.js --> thomassen-autos.nl /web/db/ckeditor/plugins/a11yhelp/dialogs/lang nl.js
2013.03.25 10:55 B E:\fdmstest.nl Map\fdmstest.nl\db\ckeditor\plugins\a11yhelp\dialogs\lang\no.js --> thomassen-autos.nl /web/db/ckeditor/plugins/a11yhelp/dialogs/lang no.js
2013.03.25 10:55 B E:\fdmstest.nl Map\fdmstest.nl\db\ckeditor\plugins\a11yhelp\dialogs\lang\pl.js --> thomassen-autos.nl /web/db/ckeditor/plugins/a11yhelp/dialogs/lang pl.js
2013.03.25 10:55 B E:\fdmstest.nl Map\fdmstest.nl\db\ckeditor\plugins\a11yhelp\dialogs\lang\pt-br.js --> thomassen-autos.nl /web/db/ckeditor/plugins/a11yhelp/dialogs/lang pt-br.js
2013.03.25 10:55 B E:\fdmstest.nl Map\fdmstest.nl\db\ckeditor\plugins\a11yhelp\dialogs\lang\pt.js --> thomassen-autos.nl /web/db/ckeditor/plugins/a11yhelp/dialogs/lang pt.js
2013.03.25 10:55 B E:\fdmstest.nl Map\fdmstest.nl\db\ckeditor\plugins\a11yhelp\dialogs\lang\ro.js --> thomassen-autos.nl /web/db/ckeditor/plugins/a11yhelp/dialogs/lang ro.js
2013.03.25 10:55 B E:\fdmstest.nl Map\fdmstest.nl\db\ckeditor\plugins\a11yhelp\dialogs\lang\ru.js --> thomassen-autos.nl /web/db/ckeditor/plugins/a11yhelp/dialogs/lang ru.js
2013.03.25 10:55 B E:\fdmstest.nl Map\fdmstest.nl\db\ckeditor\plugins\a11yhelp\dialogs\lang\sk.js --> thomassen-autos.nl /web/db/ckeditor/plugins/a11yhelp/dialogs/lang sk.js
2013.03.25 10:55 B E:\fdmstest.nl Map\fdmstest.nl\db\ckeditor\plugins\a11yhelp\dialogs\lang\sl.js --> thomassen-autos.nl /web/db/ckeditor/plugins/a11yhelp/dialogs/lang sl.js
2013.03.25 10:55 B E:\fdmstest.nl Map\fdmstest.nl\db\ckeditor\plugins\a11yhelp\dialogs\lang\sv.js --> thomassen-autos.nl /web/db/ckeditor/plugins/a11yhelp/dialogs/lang sv.js
2013.03.25 10:55 B E:\fdmstest.nl Map\fdmstest.nl\db\ckeditor\plugins\a11yhelp\dialogs\lang\th.js --> thomassen-autos.nl /web/db/ckeditor/plugins/a11yhelp/dialogs/lang th.js
2013.03.25 10:55 B E:\fdmstest.nl Map\fdmstest.nl\db\ckeditor\plugins\a11yhelp\dialogs\lang\tr.js --> thomassen-autos.nl /web/db/ckeditor/plugins/a11yhelp/dialogs/lang tr.js
2013.03.25 10:55 B E:\fdmstest.nl Map\fdmstest.nl\db\ckeditor\plugins\a11yhelp\dialogs\lang\ug.js --> thomassen-autos.nl /web/db/ckeditor/plugins/a11yhelp/dialogs/lang ug.js
2013.03.25 10:55 B E:\fdmstest.nl Map\fdmstest.nl\db\ckeditor\plugins\a11yhelp\dialogs\lang\uk.js --> thomassen-autos.nl /web/db/ckeditor/plugins/a11yhelp/dialogs/lang uk.js
2013.03.25 10:55 B E:\fdmstest.nl Map\fdmstest.nl\db\ckeditor\plugins\a11yhelp\dialogs\lang\vi.js --> thomassen-autos.nl /web/db/ckeditor/plugins/a11yhelp/dialogs/lang vi.js
2013.03.25 10:55 B E:\fdmstest.nl Map\fdmstest.nl\db\ckeditor\plugins\a11yhelp\dialogs\lang\WS_FTP.LOG --> thomassen-autos.nl /web/db/ckeditor/plugins/a11yhelp/dialogs/lang WS_FTP.LOG
2013.03.25 10:55 B E:\fdmstest.nl Map\fdmstest.nl\db\ckeditor\plugins\a11yhelp\dialogs\lang\zh-cn.js --> thomassen-autos.nl /web/db/ckeditor/plugins/a11yhelp/dialogs/lang zh-cn.js
2014.02.25 16:48 B E:\autoadvance2012.nl\db\ckeditor\plugins\a11yhelp\dialogs\lang\WS_FTP.LOG <-- autoadvance.nl /web/db/ckeditor/plugins/a11yhelp/dialogs/lang WS_FTP.LOG
2014.02.25 16:48 B E:\autoadvance2012.nl\db\ckeditor\plugins\a11yhelp\dialogs\lang\zh-cn.js <-- autoadvance.nl /web/db/ckeditor/plugins/a11yhelp/dialogs/lang zh-cn.js
