2011.11.17 16:59 B E:\software\ckeditor_3.6.2\ckeditor\_source\plugins\smiley\images\wink_smile.gif --> dewildeautos.nl /web/ckeditor/_source/plugins/smiley/images wink_smile.gif
2011.11.17 16:59 B E:\software\ckeditor_3.6.2\ckeditor\_source\plugins\smiley\images\whatchutalkingabout_smile.gif --> dewildeautos.nl /web/ckeditor/_source/plugins/smiley/images whatchutalkingabout_smile.gif
2011.11.17 16:59 B E:\software\ckeditor_3.6.2\ckeditor\_source\plugins\smiley\images\tounge_smile.gif --> dewildeautos.nl /web/ckeditor/_source/plugins/smiley/images tounge_smile.gif
2011.11.17 16:59 B E:\software\ckeditor_3.6.2\ckeditor\_source\plugins\smiley\images\thumbs_up.gif --> dewildeautos.nl /web/ckeditor/_source/plugins/smiley/images thumbs_up.gif
2011.11.17 16:59 B E:\software\ckeditor_3.6.2\ckeditor\_source\plugins\smiley\images\thumbs_down.gif --> dewildeautos.nl /web/ckeditor/_source/plugins/smiley/images thumbs_down.gif
2011.11.17 16:59 B E:\software\ckeditor_3.6.2\ckeditor\_source\plugins\smiley\images\teeth_smile.gif --> dewildeautos.nl /web/ckeditor/_source/plugins/smiley/images teeth_smile.gif
2011.11.17 16:59 B E:\software\ckeditor_3.6.2\ckeditor\_source\plugins\smiley\images\shades_smile.gif --> dewildeautos.nl /web/ckeditor/_source/plugins/smiley/images shades_smile.gif
2011.11.17 16:59 B E:\software\ckeditor_3.6.2\ckeditor\_source\plugins\smiley\images\sad_smile.gif --> dewildeautos.nl /web/ckeditor/_source/plugins/smiley/images sad_smile.gif
2011.11.17 16:59 B E:\software\ckeditor_3.6.2\ckeditor\_source\plugins\smiley\images\regular_smile.gif --> dewildeautos.nl /web/ckeditor/_source/plugins/smiley/images regular_smile.gif
2011.11.17 16:59 B E:\software\ckeditor_3.6.2\ckeditor\_source\plugins\smiley\images\omg_smile.gif --> dewildeautos.nl /web/ckeditor/_source/plugins/smiley/images omg_smile.gif
2011.11.17 16:59 B E:\software\ckeditor_3.6.2\ckeditor\_source\plugins\smiley\images\lightbulb.gif --> dewildeautos.nl /web/ckeditor/_source/plugins/smiley/images lightbulb.gif
2011.11.17 16:59 B E:\software\ckeditor_3.6.2\ckeditor\_source\plugins\smiley\images\kiss.gif --> dewildeautos.nl /web/ckeditor/_source/plugins/smiley/images kiss.gif
2011.11.17 16:59 B E:\software\ckeditor_3.6.2\ckeditor\_source\plugins\smiley\images\heart.gif --> dewildeautos.nl /web/ckeditor/_source/plugins/smiley/images heart.gif
2011.11.17 16:59 B E:\software\ckeditor_3.6.2\ckeditor\_source\plugins\smiley\images\envelope.gif --> dewildeautos.nl /web/ckeditor/_source/plugins/smiley/images envelope.gif
2011.11.17 16:59 B E:\software\ckeditor_3.6.2\ckeditor\_source\plugins\smiley\images\embaressed_smile.gif --> dewildeautos.nl /web/ckeditor/_source/plugins/smiley/images embaressed_smile.gif
2011.11.17 16:59 B E:\software\ckeditor_3.6.2\ckeditor\_source\plugins\smiley\images\devil_smile.gif --> dewildeautos.nl /web/ckeditor/_source/plugins/smiley/images devil_smile.gif
2011.11.17 16:59 B E:\software\ckeditor_3.6.2\ckeditor\_source\plugins\smiley\images\cry_smile.gif --> dewildeautos.nl /web/ckeditor/_source/plugins/smiley/images cry_smile.gif
2011.11.17 16:59 B E:\software\ckeditor_3.6.2\ckeditor\_source\plugins\smiley\images\confused_smile.gif --> dewildeautos.nl /web/ckeditor/_source/plugins/smiley/images confused_smile.gif
2011.11.17 16:59 B E:\software\ckeditor_3.6.2\ckeditor\_source\plugins\smiley\images\broken_heart.gif --> dewildeautos.nl /web/ckeditor/_source/plugins/smiley/images broken_heart.gif
2011.11.17 16:59 B E:\software\ckeditor_3.6.2\ckeditor\_source\plugins\smiley\images\angry_smile.gif --> dewildeautos.nl /web/ckeditor/_source/plugins/smiley/images angry_smile.gif
2011.11.17 16:59 B E:\software\ckeditor_3.6.2\ckeditor\_source\plugins\smiley\images\angel_smile.gif --> dewildeautos.nl /web/ckeditor/_source/plugins/smiley/images angel_smile.gif
2011.12.15 13:37 B E:\tijdvoorkwaliteit2011.nl\db\ckeditor\_source\plugins\smiley\images\WS_FTP.LOG <-- dewildeautos.nl /web/db/ckeditor/_source/plugins/smiley/images WS_FTP.LOG
2011.12.15 13:58 B E:\tijdvoorkwaliteit2011.nl\db\ckeditor\_source\plugins\smiley\images\angel_smile.gif --> tijdvoorkwaliteit.nl /web/db/ckeditor/_source/plugins/smiley/images angel_smile.gif
2011.12.15 13:58 B E:\tijdvoorkwaliteit2011.nl\db\ckeditor\_source\plugins\smiley\images\angry_smile.gif --> tijdvoorkwaliteit.nl /web/db/ckeditor/_source/plugins/smiley/images angry_smile.gif
2011.12.15 13:58 B E:\tijdvoorkwaliteit2011.nl\db\ckeditor\_source\plugins\smiley\images\broken_heart.gif --> tijdvoorkwaliteit.nl /web/db/ckeditor/_source/plugins/smiley/images broken_heart.gif
2011.12.15 13:58 B E:\tijdvoorkwaliteit2011.nl\db\ckeditor\_source\plugins\smiley\images\confused_smile.gif --> tijdvoorkwaliteit.nl /web/db/ckeditor/_source/plugins/smiley/images confused_smile.gif
2011.12.15 13:58 B E:\tijdvoorkwaliteit2011.nl\db\ckeditor\_source\plugins\smiley\images\cry_smile.gif --> tijdvoorkwaliteit.nl /web/db/ckeditor/_source/plugins/smiley/images cry_smile.gif
2011.12.15 13:58 B E:\tijdvoorkwaliteit2011.nl\db\ckeditor\_source\plugins\smiley\images\devil_smile.gif --> tijdvoorkwaliteit.nl /web/db/ckeditor/_source/plugins/smiley/images devil_smile.gif
2011.12.15 13:58 B E:\tijdvoorkwaliteit2011.nl\db\ckeditor\_source\plugins\smiley\images\embaressed_smile.gif --> tijdvoorkwaliteit.nl /web/db/ckeditor/_source/plugins/smiley/images embaressed_smile.gif
2011.12.15 13:58 B E:\tijdvoorkwaliteit2011.nl\db\ckeditor\_source\plugins\smiley\images\envelope.gif --> tijdvoorkwaliteit.nl /web/db/ckeditor/_source/plugins/smiley/images envelope.gif
2011.12.15 13:58 B E:\tijdvoorkwaliteit2011.nl\db\ckeditor\_source\plugins\smiley\images\heart.gif --> tijdvoorkwaliteit.nl /web/db/ckeditor/_source/plugins/smiley/images heart.gif
2011.12.15 13:58 B E:\tijdvoorkwaliteit2011.nl\db\ckeditor\_source\plugins\smiley\images\kiss.gif --> tijdvoorkwaliteit.nl /web/db/ckeditor/_source/plugins/smiley/images kiss.gif
2011.12.15 13:58 B E:\tijdvoorkwaliteit2011.nl\db\ckeditor\_source\plugins\smiley\images\lightbulb.gif --> tijdvoorkwaliteit.nl /web/db/ckeditor/_source/plugins/smiley/images lightbulb.gif
2011.12.15 13:58 B E:\tijdvoorkwaliteit2011.nl\db\ckeditor\_source\plugins\smiley\images\omg_smile.gif --> tijdvoorkwaliteit.nl /web/db/ckeditor/_source/plugins/smiley/images omg_smile.gif
2011.12.15 13:58 B E:\tijdvoorkwaliteit2011.nl\db\ckeditor\_source\plugins\smiley\images\regular_smile.gif --> tijdvoorkwaliteit.nl /web/db/ckeditor/_source/plugins/smiley/images regular_smile.gif
2011.12.15 13:58 B E:\tijdvoorkwaliteit2011.nl\db\ckeditor\_source\plugins\smiley\images\sad_smile.gif --> tijdvoorkwaliteit.nl /web/db/ckeditor/_source/plugins/smiley/images sad_smile.gif
2011.12.15 13:58 B E:\tijdvoorkwaliteit2011.nl\db\ckeditor\_source\plugins\smiley\images\shades_smile.gif --> tijdvoorkwaliteit.nl /web/db/ckeditor/_source/plugins/smiley/images shades_smile.gif
2011.12.15 13:58 B E:\tijdvoorkwaliteit2011.nl\db\ckeditor\_source\plugins\smiley\images\teeth_smile.gif --> tijdvoorkwaliteit.nl /web/db/ckeditor/_source/plugins/smiley/images teeth_smile.gif
2011.12.15 13:58 B E:\tijdvoorkwaliteit2011.nl\db\ckeditor\_source\plugins\smiley\images\thumbs_down.gif --> tijdvoorkwaliteit.nl /web/db/ckeditor/_source/plugins/smiley/images thumbs_down.gif
2011.12.15 13:58 B E:\tijdvoorkwaliteit2011.nl\db\ckeditor\_source\plugins\smiley\images\thumbs_up.gif --> tijdvoorkwaliteit.nl /web/db/ckeditor/_source/plugins/smiley/images thumbs_up.gif
2011.12.15 13:58 B E:\tijdvoorkwaliteit2011.nl\db\ckeditor\_source\plugins\smiley\images\tounge_smile.gif --> tijdvoorkwaliteit.nl /web/db/ckeditor/_source/plugins/smiley/images tounge_smile.gif
2011.12.15 13:58 B E:\tijdvoorkwaliteit2011.nl\db\ckeditor\_source\plugins\smiley\images\whatchutalkingabout_smile.gif --> tijdvoorkwaliteit.nl /web/db/ckeditor/_source/plugins/smiley/images whatchutalkingabout_smile.gif
2011.12.15 13:58 B E:\tijdvoorkwaliteit2011.nl\db\ckeditor\_source\plugins\smiley\images\wink_smile.gif --> tijdvoorkwaliteit.nl /web/db/ckeditor/_source/plugins/smiley/images wink_smile.gif
2012.04.19 13:35 B E:\tilborghs.nl Map\tilborghs.nl\db\ckeditor\_source\plugins\smiley\images\WS_FTP.LOG <-- tijdvoorkwaliteit.nl /web/db/ckeditor/_source/plugins/smiley/images WS_FTP.LOG
2012.04.19 13:44 B E:\tilborghs.nl Map\tilborghs.nl\db\ckeditor\_source\plugins\smiley\images\angel_smile.gif --> tilborghs.nl /web/db/ckeditor/_source/plugins/smiley/images angel_smile.gif
2012.04.19 13:44 B E:\tilborghs.nl Map\tilborghs.nl\db\ckeditor\_source\plugins\smiley\images\angry_smile.gif --> tilborghs.nl /web/db/ckeditor/_source/plugins/smiley/images angry_smile.gif
2012.04.19 13:44 B E:\tilborghs.nl Map\tilborghs.nl\db\ckeditor\_source\plugins\smiley\images\broken_heart.gif --> tilborghs.nl /web/db/ckeditor/_source/plugins/smiley/images broken_heart.gif
2012.04.19 13:44 B E:\tilborghs.nl Map\tilborghs.nl\db\ckeditor\_source\plugins\smiley\images\confused_smile.gif --> tilborghs.nl /web/db/ckeditor/_source/plugins/smiley/images confused_smile.gif
2012.04.19 13:44 B E:\tilborghs.nl Map\tilborghs.nl\db\ckeditor\_source\plugins\smiley\images\cry_smile.gif --> tilborghs.nl /web/db/ckeditor/_source/plugins/smiley/images cry_smile.gif
2012.04.19 13:44 B E:\tilborghs.nl Map\tilborghs.nl\db\ckeditor\_source\plugins\smiley\images\devil_smile.gif --> tilborghs.nl /web/db/ckeditor/_source/plugins/smiley/images devil_smile.gif
2012.04.19 13:44 B E:\tilborghs.nl Map\tilborghs.nl\db\ckeditor\_source\plugins\smiley\images\embaressed_smile.gif --> tilborghs.nl /web/db/ckeditor/_source/plugins/smiley/images embaressed_smile.gif
2012.04.19 13:44 B E:\tilborghs.nl Map\tilborghs.nl\db\ckeditor\_source\plugins\smiley\images\envelope.gif --> tilborghs.nl /web/db/ckeditor/_source/plugins/smiley/images envelope.gif
2012.04.19 13:44 B E:\tilborghs.nl Map\tilborghs.nl\db\ckeditor\_source\plugins\smiley\images\heart.gif --> tilborghs.nl /web/db/ckeditor/_source/plugins/smiley/images heart.gif
2012.04.19 13:44 B E:\tilborghs.nl Map\tilborghs.nl\db\ckeditor\_source\plugins\smiley\images\kiss.gif --> tilborghs.nl /web/db/ckeditor/_source/plugins/smiley/images kiss.gif
2012.04.19 13:44 B E:\tilborghs.nl Map\tilborghs.nl\db\ckeditor\_source\plugins\smiley\images\lightbulb.gif --> tilborghs.nl /web/db/ckeditor/_source/plugins/smiley/images lightbulb.gif
2012.04.19 13:44 B E:\tilborghs.nl Map\tilborghs.nl\db\ckeditor\_source\plugins\smiley\images\omg_smile.gif --> tilborghs.nl /web/db/ckeditor/_source/plugins/smiley/images omg_smile.gif
2012.04.19 13:44 B E:\tilborghs.nl Map\tilborghs.nl\db\ckeditor\_source\plugins\smiley\images\regular_smile.gif --> tilborghs.nl /web/db/ckeditor/_source/plugins/smiley/images regular_smile.gif
2012.04.19 13:44 B E:\tilborghs.nl Map\tilborghs.nl\db\ckeditor\_source\plugins\smiley\images\sad_smile.gif --> tilborghs.nl /web/db/ckeditor/_source/plugins/smiley/images sad_smile.gif
2012.04.19 13:44 B E:\tilborghs.nl Map\tilborghs.nl\db\ckeditor\_source\plugins\smiley\images\shades_smile.gif --> tilborghs.nl /web/db/ckeditor/_source/plugins/smiley/images shades_smile.gif
2012.04.19 13:44 B E:\tilborghs.nl Map\tilborghs.nl\db\ckeditor\_source\plugins\smiley\images\teeth_smile.gif --> tilborghs.nl /web/db/ckeditor/_source/plugins/smiley/images teeth_smile.gif
2012.04.19 13:44 B E:\tilborghs.nl Map\tilborghs.nl\db\ckeditor\_source\plugins\smiley\images\thumbs_down.gif --> tilborghs.nl /web/db/ckeditor/_source/plugins/smiley/images thumbs_down.gif
2012.04.19 13:44 B E:\tilborghs.nl Map\tilborghs.nl\db\ckeditor\_source\plugins\smiley\images\thumbs_up.gif --> tilborghs.nl /web/db/ckeditor/_source/plugins/smiley/images thumbs_up.gif
2012.04.19 13:44 B E:\tilborghs.nl Map\tilborghs.nl\db\ckeditor\_source\plugins\smiley\images\tounge_smile.gif --> tilborghs.nl /web/db/ckeditor/_source/plugins/smiley/images tounge_smile.gif
2012.04.19 13:44 B E:\tilborghs.nl Map\tilborghs.nl\db\ckeditor\_source\plugins\smiley\images\whatchutalkingabout_smile.gif --> tilborghs.nl /web/db/ckeditor/_source/plugins/smiley/images whatchutalkingabout_smile.gif
2012.04.19 13:44 B E:\tilborghs.nl Map\tilborghs.nl\db\ckeditor\_source\plugins\smiley\images\wink_smile.gif --> tilborghs.nl /web/db/ckeditor/_source/plugins/smiley/images wink_smile.gif
2012.04.19 13:44 B E:\tilborghs.nl Map\tilborghs.nl\db\ckeditor\_source\plugins\smiley\images\WS_FTP.LOG --> tilborghs.nl /web/db/ckeditor/_source/plugins/smiley/images WS_FTP.LOG
2012.05.08 20:58 B E:\autoadvance2010.nl Map\autoadvance2010.nl\db\ckeditor\_source\plugins\smiley\images\angel_smile.gif --> autoadvance.nl /web/db/ckeditor/_source/plugins/smiley/images angel_smile.gif
2012.05.08 20:58 B E:\autoadvance2010.nl Map\autoadvance2010.nl\db\ckeditor\_source\plugins\smiley\images\angry_smile.gif --> autoadvance.nl /web/db/ckeditor/_source/plugins/smiley/images angry_smile.gif
2012.05.08 20:58 B E:\autoadvance2010.nl Map\autoadvance2010.nl\db\ckeditor\_source\plugins\smiley\images\broken_heart.gif --> autoadvance.nl /web/db/ckeditor/_source/plugins/smiley/images broken_heart.gif
2012.05.08 20:58 B E:\autoadvance2010.nl Map\autoadvance2010.nl\db\ckeditor\_source\plugins\smiley\images\confused_smile.gif --> autoadvance.nl /web/db/ckeditor/_source/plugins/smiley/images confused_smile.gif
2012.05.08 20:58 B E:\autoadvance2010.nl Map\autoadvance2010.nl\db\ckeditor\_source\plugins\smiley\images\cry_smile.gif --> autoadvance.nl /web/db/ckeditor/_source/plugins/smiley/images cry_smile.gif
2012.05.08 20:58 B E:\autoadvance2010.nl Map\autoadvance2010.nl\db\ckeditor\_source\plugins\smiley\images\devil_smile.gif --> autoadvance.nl /web/db/ckeditor/_source/plugins/smiley/images devil_smile.gif
2012.05.08 20:58 B E:\autoadvance2010.nl Map\autoadvance2010.nl\db\ckeditor\_source\plugins\smiley\images\embaressed_smile.gif --> autoadvance.nl /web/db/ckeditor/_source/plugins/smiley/images embaressed_smile.gif
2012.05.08 20:58 B E:\autoadvance2010.nl Map\autoadvance2010.nl\db\ckeditor\_source\plugins\smiley\images\envelope.gif --> autoadvance.nl /web/db/ckeditor/_source/plugins/smiley/images envelope.gif
2012.05.08 20:58 B E:\autoadvance2010.nl Map\autoadvance2010.nl\db\ckeditor\_source\plugins\smiley\images\heart.gif --> autoadvance.nl /web/db/ckeditor/_source/plugins/smiley/images heart.gif
2012.05.08 20:58 B E:\autoadvance2010.nl Map\autoadvance2010.nl\db\ckeditor\_source\plugins\smiley\images\kiss.gif --> autoadvance.nl /web/db/ckeditor/_source/plugins/smiley/images kiss.gif
2012.05.08 20:58 B E:\autoadvance2010.nl Map\autoadvance2010.nl\db\ckeditor\_source\plugins\smiley\images\lightbulb.gif --> autoadvance.nl /web/db/ckeditor/_source/plugins/smiley/images lightbulb.gif
2012.05.08 20:58 B E:\autoadvance2010.nl Map\autoadvance2010.nl\db\ckeditor\_source\plugins\smiley\images\omg_smile.gif --> autoadvance.nl /web/db/ckeditor/_source/plugins/smiley/images omg_smile.gif
2012.05.08 20:58 B E:\autoadvance2010.nl Map\autoadvance2010.nl\db\ckeditor\_source\plugins\smiley\images\regular_smile.gif --> autoadvance.nl /web/db/ckeditor/_source/plugins/smiley/images regular_smile.gif
2012.05.08 20:58 B E:\autoadvance2010.nl Map\autoadvance2010.nl\db\ckeditor\_source\plugins\smiley\images\sad_smile.gif --> autoadvance.nl /web/db/ckeditor/_source/plugins/smiley/images sad_smile.gif
2012.05.08 20:58 B E:\autoadvance2010.nl Map\autoadvance2010.nl\db\ckeditor\_source\plugins\smiley\images\shades_smile.gif --> autoadvance.nl /web/db/ckeditor/_source/plugins/smiley/images shades_smile.gif
2012.05.08 20:58 B E:\autoadvance2010.nl Map\autoadvance2010.nl\db\ckeditor\_source\plugins\smiley\images\teeth_smile.gif --> autoadvance.nl /web/db/ckeditor/_source/plugins/smiley/images teeth_smile.gif
2012.05.08 20:58 B E:\autoadvance2010.nl Map\autoadvance2010.nl\db\ckeditor\_source\plugins\smiley\images\thumbs_down.gif --> autoadvance.nl /web/db/ckeditor/_source/plugins/smiley/images thumbs_down.gif
2012.05.08 20:58 B E:\autoadvance2010.nl Map\autoadvance2010.nl\db\ckeditor\_source\plugins\smiley\images\thumbs_up.gif --> autoadvance.nl /web/db/ckeditor/_source/plugins/smiley/images thumbs_up.gif
2012.05.08 20:58 B E:\autoadvance2010.nl Map\autoadvance2010.nl\db\ckeditor\_source\plugins\smiley\images\tounge_smile.gif --> autoadvance.nl /web/db/ckeditor/_source/plugins/smiley/images tounge_smile.gif
2012.05.08 20:58 B E:\autoadvance2010.nl Map\autoadvance2010.nl\db\ckeditor\_source\plugins\smiley\images\whatchutalkingabout_smile.gif --> autoadvance.nl /web/db/ckeditor/_source/plugins/smiley/images whatchutalkingabout_smile.gif
2012.05.08 20:58 B E:\autoadvance2010.nl Map\autoadvance2010.nl\db\ckeditor\_source\plugins\smiley\images\wink_smile.gif --> autoadvance.nl /web/db/ckeditor/_source/plugins/smiley/images wink_smile.gif
2013.03.16 11:43 B E:\fdmstest.nl Map\fdmstest.nl\db\ckeditor\_source\plugins\smiley\images\WS_FTP.LOG <-- autoadvance.nl /web/db/ckeditor/_source/plugins/smiley/images WS_FTP.LOG
2013.03.16 12:20 B E:\fdmstest.nl Map\fdmstest.nl\db\ckeditor\_source\plugins\smiley\images\angel_smile.gif --> 212.79.241.34 /web/db/ckeditor/_source/plugins/smiley/images angel_smile.gif
2013.03.16 12:20 B E:\fdmstest.nl Map\fdmstest.nl\db\ckeditor\_source\plugins\smiley\images\angry_smile.gif --> 212.79.241.34 /web/db/ckeditor/_source/plugins/smiley/images angry_smile.gif
2013.03.16 12:20 B E:\fdmstest.nl Map\fdmstest.nl\db\ckeditor\_source\plugins\smiley\images\broken_heart.gif --> 212.79.241.34 /web/db/ckeditor/_source/plugins/smiley/images broken_heart.gif
2013.03.16 12:20 B E:\fdmstest.nl Map\fdmstest.nl\db\ckeditor\_source\plugins\smiley\images\confused_smile.gif --> 212.79.241.34 /web/db/ckeditor/_source/plugins/smiley/images confused_smile.gif
2013.03.16 12:20 B E:\fdmstest.nl Map\fdmstest.nl\db\ckeditor\_source\plugins\smiley\images\cry_smile.gif --> 212.79.241.34 /web/db/ckeditor/_source/plugins/smiley/images cry_smile.gif
2013.03.16 12:20 B E:\fdmstest.nl Map\fdmstest.nl\db\ckeditor\_source\plugins\smiley\images\devil_smile.gif --> 212.79.241.34 /web/db/ckeditor/_source/plugins/smiley/images devil_smile.gif
2013.03.16 12:20 B E:\fdmstest.nl Map\fdmstest.nl\db\ckeditor\_source\plugins\smiley\images\embaressed_smile.gif --> 212.79.241.34 /web/db/ckeditor/_source/plugins/smiley/images embaressed_smile.gif
2013.03.16 12:20 B E:\fdmstest.nl Map\fdmstest.nl\db\ckeditor\_source\plugins\smiley\images\envelope.gif --> 212.79.241.34 /web/db/ckeditor/_source/plugins/smiley/images envelope.gif
2013.03.16 12:20 B E:\fdmstest.nl Map\fdmstest.nl\db\ckeditor\_source\plugins\smiley\images\heart.gif --> 212.79.241.34 /web/db/ckeditor/_source/plugins/smiley/images heart.gif
2013.03.16 12:20 B E:\fdmstest.nl Map\fdmstest.nl\db\ckeditor\_source\plugins\smiley\images\kiss.gif --> 212.79.241.34 /web/db/ckeditor/_source/plugins/smiley/images kiss.gif
2013.03.16 12:20 B E:\fdmstest.nl Map\fdmstest.nl\db\ckeditor\_source\plugins\smiley\images\lightbulb.gif --> 212.79.241.34 /web/db/ckeditor/_source/plugins/smiley/images lightbulb.gif
2013.03.16 12:20 B E:\fdmstest.nl Map\fdmstest.nl\db\ckeditor\_source\plugins\smiley\images\omg_smile.gif --> 212.79.241.34 /web/db/ckeditor/_source/plugins/smiley/images omg_smile.gif
2013.03.16 12:20 B E:\fdmstest.nl Map\fdmstest.nl\db\ckeditor\_source\plugins\smiley\images\regular_smile.gif --> 212.79.241.34 /web/db/ckeditor/_source/plugins/smiley/images regular_smile.gif
2013.03.16 12:20 B E:\fdmstest.nl Map\fdmstest.nl\db\ckeditor\_source\plugins\smiley\images\sad_smile.gif --> 212.79.241.34 /web/db/ckeditor/_source/plugins/smiley/images sad_smile.gif
2013.03.16 12:20 B E:\fdmstest.nl Map\fdmstest.nl\db\ckeditor\_source\plugins\smiley\images\shades_smile.gif --> 212.79.241.34 /web/db/ckeditor/_source/plugins/smiley/images shades_smile.gif
2013.03.16 12:20 B E:\fdmstest.nl Map\fdmstest.nl\db\ckeditor\_source\plugins\smiley\images\teeth_smile.gif --> 212.79.241.34 /web/db/ckeditor/_source/plugins/smiley/images teeth_smile.gif
2013.03.16 12:20 B E:\fdmstest.nl Map\fdmstest.nl\db\ckeditor\_source\plugins\smiley\images\thumbs_down.gif --> 212.79.241.34 /web/db/ckeditor/_source/plugins/smiley/images thumbs_down.gif
2013.03.16 12:20 B E:\fdmstest.nl Map\fdmstest.nl\db\ckeditor\_source\plugins\smiley\images\thumbs_up.gif --> 212.79.241.34 /web/db/ckeditor/_source/plugins/smiley/images thumbs_up.gif
2013.03.16 12:20 B E:\fdmstest.nl Map\fdmstest.nl\db\ckeditor\_source\plugins\smiley\images\tounge_smile.gif --> 212.79.241.34 /web/db/ckeditor/_source/plugins/smiley/images tounge_smile.gif
2013.03.16 12:20 B E:\fdmstest.nl Map\fdmstest.nl\db\ckeditor\_source\plugins\smiley\images\whatchutalkingabout_smile.gif --> 212.79.241.34 /web/db/ckeditor/_source/plugins/smiley/images whatchutalkingabout_smile.gif
2013.03.16 12:20 B E:\fdmstest.nl Map\fdmstest.nl\db\ckeditor\_source\plugins\smiley\images\wink_smile.gif --> 212.79.241.34 /web/db/ckeditor/_source/plugins/smiley/images wink_smile.gif
2013.03.23 09:57 B E:\fdmstest.nl Map\fdmstest.nl\db\ckeditor\_source\plugins\smiley\images\WS_FTP.LOG <-- fdmtest.nl /web/db/ckeditor/_source/plugins/smiley/images WS_FTP.LOG
2013.03.24 13:47 B E:\fdmstest.nl Map\fdmstest.nl\db\ckeditor\_source\plugins\smiley\images\angel_smile.gif --> dewildeautos.nl /web/db/ckeditor/_source/plugins/smiley/images angel_smile.gif
2013.03.24 13:47 B E:\fdmstest.nl Map\fdmstest.nl\db\ckeditor\_source\plugins\smiley\images\angry_smile.gif --> dewildeautos.nl /web/db/ckeditor/_source/plugins/smiley/images angry_smile.gif
2013.03.24 13:47 B E:\fdmstest.nl Map\fdmstest.nl\db\ckeditor\_source\plugins\smiley\images\broken_heart.gif --> dewildeautos.nl /web/db/ckeditor/_source/plugins/smiley/images broken_heart.gif
2013.03.24 13:47 B E:\fdmstest.nl Map\fdmstest.nl\db\ckeditor\_source\plugins\smiley\images\confused_smile.gif --> dewildeautos.nl /web/db/ckeditor/_source/plugins/smiley/images confused_smile.gif
2013.03.24 13:47 B E:\fdmstest.nl Map\fdmstest.nl\db\ckeditor\_source\plugins\smiley\images\cry_smile.gif --> dewildeautos.nl /web/db/ckeditor/_source/plugins/smiley/images cry_smile.gif
2013.03.24 13:47 B E:\fdmstest.nl Map\fdmstest.nl\db\ckeditor\_source\plugins\smiley\images\devil_smile.gif --> dewildeautos.nl /web/db/ckeditor/_source/plugins/smiley/images devil_smile.gif
2013.03.24 13:47 B E:\fdmstest.nl Map\fdmstest.nl\db\ckeditor\_source\plugins\smiley\images\embaressed_smile.gif --> dewildeautos.nl /web/db/ckeditor/_source/plugins/smiley/images embaressed_smile.gif
2013.03.24 13:47 B E:\fdmstest.nl Map\fdmstest.nl\db\ckeditor\_source\plugins\smiley\images\envelope.gif --> dewildeautos.nl /web/db/ckeditor/_source/plugins/smiley/images envelope.gif
2013.03.24 13:47 B E:\fdmstest.nl Map\fdmstest.nl\db\ckeditor\_source\plugins\smiley\images\heart.gif --> dewildeautos.nl /web/db/ckeditor/_source/plugins/smiley/images heart.gif
2013.03.24 13:47 B E:\fdmstest.nl Map\fdmstest.nl\db\ckeditor\_source\plugins\smiley\images\kiss.gif --> dewildeautos.nl /web/db/ckeditor/_source/plugins/smiley/images kiss.gif
2013.03.24 13:47 B E:\fdmstest.nl Map\fdmstest.nl\db\ckeditor\_source\plugins\smiley\images\lightbulb.gif --> dewildeautos.nl /web/db/ckeditor/_source/plugins/smiley/images lightbulb.gif
2013.03.24 13:47 B E:\fdmstest.nl Map\fdmstest.nl\db\ckeditor\_source\plugins\smiley\images\omg_smile.gif --> dewildeautos.nl /web/db/ckeditor/_source/plugins/smiley/images omg_smile.gif
2013.03.24 13:47 B E:\fdmstest.nl Map\fdmstest.nl\db\ckeditor\_source\plugins\smiley\images\regular_smile.gif --> dewildeautos.nl /web/db/ckeditor/_source/plugins/smiley/images regular_smile.gif
2013.03.24 13:47 B E:\fdmstest.nl Map\fdmstest.nl\db\ckeditor\_source\plugins\smiley\images\sad_smile.gif --> dewildeautos.nl /web/db/ckeditor/_source/plugins/smiley/images sad_smile.gif
2013.03.24 13:47 B E:\fdmstest.nl Map\fdmstest.nl\db\ckeditor\_source\plugins\smiley\images\shades_smile.gif --> dewildeautos.nl /web/db/ckeditor/_source/plugins/smiley/images shades_smile.gif
2013.03.24 13:47 B E:\fdmstest.nl Map\fdmstest.nl\db\ckeditor\_source\plugins\smiley\images\teeth_smile.gif --> dewildeautos.nl /web/db/ckeditor/_source/plugins/smiley/images teeth_smile.gif
2013.03.24 13:47 B E:\fdmstest.nl Map\fdmstest.nl\db\ckeditor\_source\plugins\smiley\images\thumbs_down.gif --> dewildeautos.nl /web/db/ckeditor/_source/plugins/smiley/images thumbs_down.gif
2013.03.24 13:47 B E:\fdmstest.nl Map\fdmstest.nl\db\ckeditor\_source\plugins\smiley\images\thumbs_up.gif --> dewildeautos.nl /web/db/ckeditor/_source/plugins/smiley/images thumbs_up.gif
2013.03.24 13:47 B E:\fdmstest.nl Map\fdmstest.nl\db\ckeditor\_source\plugins\smiley\images\tounge_smile.gif --> dewildeautos.nl /web/db/ckeditor/_source/plugins/smiley/images tounge_smile.gif
2013.03.24 13:47 B E:\fdmstest.nl Map\fdmstest.nl\db\ckeditor\_source\plugins\smiley\images\whatchutalkingabout_smile.gif --> dewildeautos.nl /web/db/ckeditor/_source/plugins/smiley/images whatchutalkingabout_smile.gif
2013.03.24 13:47 B E:\fdmstest.nl Map\fdmstest.nl\db\ckeditor\_source\plugins\smiley\images\wink_smile.gif --> dewildeautos.nl /web/db/ckeditor/_source/plugins/smiley/images wink_smile.gif
2013.03.24 13:47 B E:\fdmstest.nl Map\fdmstest.nl\db\ckeditor\_source\plugins\smiley\images\WS_FTP.LOG --> dewildeautos.nl /web/db/ckeditor/_source/plugins/smiley/images WS_FTP.LOG
2013.03.25 10:52 B E:\fdmstest.nl Map\fdmstest.nl\db\ckeditor\_source\plugins\smiley\images\angel_smile.gif --> thomassen-autos.nl /web/db/ckeditor/_source/plugins/smiley/images angel_smile.gif
2013.03.25 10:52 B E:\fdmstest.nl Map\fdmstest.nl\db\ckeditor\_source\plugins\smiley\images\angry_smile.gif --> thomassen-autos.nl /web/db/ckeditor/_source/plugins/smiley/images angry_smile.gif
2013.03.25 10:52 B E:\fdmstest.nl Map\fdmstest.nl\db\ckeditor\_source\plugins\smiley\images\broken_heart.gif --> thomassen-autos.nl /web/db/ckeditor/_source/plugins/smiley/images broken_heart.gif
2013.03.25 10:52 B E:\fdmstest.nl Map\fdmstest.nl\db\ckeditor\_source\plugins\smiley\images\confused_smile.gif --> thomassen-autos.nl /web/db/ckeditor/_source/plugins/smiley/images confused_smile.gif
2013.03.25 10:52 B E:\fdmstest.nl Map\fdmstest.nl\db\ckeditor\_source\plugins\smiley\images\cry_smile.gif --> thomassen-autos.nl /web/db/ckeditor/_source/plugins/smiley/images cry_smile.gif
2013.03.25 10:52 B E:\fdmstest.nl Map\fdmstest.nl\db\ckeditor\_source\plugins\smiley\images\devil_smile.gif --> thomassen-autos.nl /web/db/ckeditor/_source/plugins/smiley/images devil_smile.gif
2013.03.25 10:52 B E:\fdmstest.nl Map\fdmstest.nl\db\ckeditor\_source\plugins\smiley\images\embaressed_smile.gif --> thomassen-autos.nl /web/db/ckeditor/_source/plugins/smiley/images embaressed_smile.gif
2013.03.25 10:52 B E:\fdmstest.nl Map\fdmstest.nl\db\ckeditor\_source\plugins\smiley\images\envelope.gif --> thomassen-autos.nl /web/db/ckeditor/_source/plugins/smiley/images envelope.gif
2013.03.25 10:52 B E:\fdmstest.nl Map\fdmstest.nl\db\ckeditor\_source\plugins\smiley\images\heart.gif --> thomassen-autos.nl /web/db/ckeditor/_source/plugins/smiley/images heart.gif
2013.03.25 10:52 B E:\fdmstest.nl Map\fdmstest.nl\db\ckeditor\_source\plugins\smiley\images\kiss.gif --> thomassen-autos.nl /web/db/ckeditor/_source/plugins/smiley/images kiss.gif
2013.03.25 10:52 B E:\fdmstest.nl Map\fdmstest.nl\db\ckeditor\_source\plugins\smiley\images\lightbulb.gif --> thomassen-autos.nl /web/db/ckeditor/_source/plugins/smiley/images lightbulb.gif
2013.03.25 10:52 B E:\fdmstest.nl Map\fdmstest.nl\db\ckeditor\_source\plugins\smiley\images\omg_smile.gif --> thomassen-autos.nl /web/db/ckeditor/_source/plugins/smiley/images omg_smile.gif
2013.03.25 10:52 B E:\fdmstest.nl Map\fdmstest.nl\db\ckeditor\_source\plugins\smiley\images\regular_smile.gif --> thomassen-autos.nl /web/db/ckeditor/_source/plugins/smiley/images regular_smile.gif
2013.03.25 10:52 B E:\fdmstest.nl Map\fdmstest.nl\db\ckeditor\_source\plugins\smiley\images\sad_smile.gif --> thomassen-autos.nl /web/db/ckeditor/_source/plugins/smiley/images sad_smile.gif
2013.03.25 10:52 B E:\fdmstest.nl Map\fdmstest.nl\db\ckeditor\_source\plugins\smiley\images\shades_smile.gif --> thomassen-autos.nl /web/db/ckeditor/_source/plugins/smiley/images shades_smile.gif
2013.03.25 10:52 B E:\fdmstest.nl Map\fdmstest.nl\db\ckeditor\_source\plugins\smiley\images\teeth_smile.gif --> thomassen-autos.nl /web/db/ckeditor/_source/plugins/smiley/images teeth_smile.gif
2013.03.25 10:52 B E:\fdmstest.nl Map\fdmstest.nl\db\ckeditor\_source\plugins\smiley\images\thumbs_down.gif --> thomassen-autos.nl /web/db/ckeditor/_source/plugins/smiley/images thumbs_down.gif
2013.03.25 10:52 B E:\fdmstest.nl Map\fdmstest.nl\db\ckeditor\_source\plugins\smiley\images\thumbs_up.gif --> thomassen-autos.nl /web/db/ckeditor/_source/plugins/smiley/images thumbs_up.gif
2013.03.25 10:52 B E:\fdmstest.nl Map\fdmstest.nl\db\ckeditor\_source\plugins\smiley\images\tounge_smile.gif --> thomassen-autos.nl /web/db/ckeditor/_source/plugins/smiley/images tounge_smile.gif
2013.03.25 10:52 B E:\fdmstest.nl Map\fdmstest.nl\db\ckeditor\_source\plugins\smiley\images\whatchutalkingabout_smile.gif --> thomassen-autos.nl /web/db/ckeditor/_source/plugins/smiley/images whatchutalkingabout_smile.gif
2013.03.25 10:52 B E:\fdmstest.nl Map\fdmstest.nl\db\ckeditor\_source\plugins\smiley\images\wink_smile.gif --> thomassen-autos.nl /web/db/ckeditor/_source/plugins/smiley/images wink_smile.gif
2013.03.25 10:52 B E:\fdmstest.nl Map\fdmstest.nl\db\ckeditor\_source\plugins\smiley\images\WS_FTP.LOG --> thomassen-autos.nl /web/db/ckeditor/_source/plugins/smiley/images WS_FTP.LOG
2014.02.25 16:44 B E:\autoadvance2012.nl\db\ckeditor\_source\plugins\smiley\images\WS_FTP.LOG <-- autoadvance.nl /web/db/ckeditor/_source/plugins/smiley/images WS_FTP.LOG
