2011.11.17 17:06 B E:\software\ckeditor_3.6.2\ckeditor\plugins\link\dialogs\link.js --> dewildeautos.nl /web/ckeditor/plugins/link/dialogs link.js
2011.11.17 17:06 B E:\software\ckeditor_3.6.2\ckeditor\plugins\link\dialogs\anchor.js --> dewildeautos.nl /web/ckeditor/plugins/link/dialogs anchor.js
2011.12.15 13:38 B E:\tijdvoorkwaliteit2011.nl\db\ckeditor\plugins\link\dialogs\WS_FTP.LOG <-- dewildeautos.nl /web/db/ckeditor/plugins/link/dialogs WS_FTP.LOG
2011.12.15 14:02 B E:\tijdvoorkwaliteit2011.nl\db\ckeditor\plugins\link\dialogs\anchor.js --> tijdvoorkwaliteit.nl /web/db/ckeditor/plugins/link/dialogs anchor.js
2011.12.15 14:02 B E:\tijdvoorkwaliteit2011.nl\db\ckeditor\plugins\link\dialogs\link.js --> tijdvoorkwaliteit.nl /web/db/ckeditor/plugins/link/dialogs link.js
2012.04.19 13:37 B E:\tilborghs.nl Map\tilborghs.nl\db\ckeditor\plugins\link\dialogs\WS_FTP.LOG <-- tijdvoorkwaliteit.nl /web/db/ckeditor/plugins/link/dialogs WS_FTP.LOG
2012.04.19 13:52 B E:\tilborghs.nl Map\tilborghs.nl\db\ckeditor\plugins\link\dialogs\anchor.js --> tilborghs.nl /web/db/ckeditor/plugins/link/dialogs anchor.js
2012.04.19 13:52 B E:\tilborghs.nl Map\tilborghs.nl\db\ckeditor\plugins\link\dialogs\link.js --> tilborghs.nl /web/db/ckeditor/plugins/link/dialogs link.js
2012.04.19 13:52 B E:\tilborghs.nl Map\tilborghs.nl\db\ckeditor\plugins\link\dialogs\WS_FTP.LOG --> tilborghs.nl /web/db/ckeditor/plugins/link/dialogs WS_FTP.LOG
2012.05.08 21:02 B E:\autoadvance2010.nl Map\autoadvance2010.nl\db\ckeditor\plugins\link\dialogs\anchor.js --> autoadvance.nl /web/db/ckeditor/plugins/link/dialogs anchor.js
2012.05.08 21:02 B E:\autoadvance2010.nl Map\autoadvance2010.nl\db\ckeditor\plugins\link\dialogs\link.js --> autoadvance.nl /web/db/ckeditor/plugins/link/dialogs link.js
2013.03.16 11:45 B E:\fdmstest.nl Map\fdmstest.nl\db\ckeditor\plugins\link\dialogs\WS_FTP.LOG <-- autoadvance.nl /web/db/ckeditor/plugins/link/dialogs WS_FTP.LOG
2013.03.16 12:24 B E:\fdmstest.nl Map\fdmstest.nl\db\ckeditor\plugins\link\dialogs\anchor.js --> 212.79.241.34 /web/db/ckeditor/plugins/link/dialogs anchor.js
2013.03.16 12:24 B E:\fdmstest.nl Map\fdmstest.nl\db\ckeditor\plugins\link\dialogs\link.js --> 212.79.241.34 /web/db/ckeditor/plugins/link/dialogs link.js
2013.03.23 09:58 B E:\fdmstest.nl Map\fdmstest.nl\db\ckeditor\plugins\link\dialogs\WS_FTP.LOG <-- fdmtest.nl /web/db/ckeditor/plugins/link/dialogs WS_FTP.LOG
2013.03.24 13:50 B E:\fdmstest.nl Map\fdmstest.nl\db\ckeditor\plugins\link\dialogs\anchor.js --> dewildeautos.nl /web/db/ckeditor/plugins/link/dialogs anchor.js
2013.03.24 13:50 B E:\fdmstest.nl Map\fdmstest.nl\db\ckeditor\plugins\link\dialogs\link.js --> dewildeautos.nl /web/db/ckeditor/plugins/link/dialogs link.js
2013.03.24 13:50 B E:\fdmstest.nl Map\fdmstest.nl\db\ckeditor\plugins\link\dialogs\WS_FTP.LOG --> dewildeautos.nl /web/db/ckeditor/plugins/link/dialogs WS_FTP.LOG
2013.03.25 10:55 B E:\fdmstest.nl Map\fdmstest.nl\db\ckeditor\plugins\link\dialogs\anchor.js --> thomassen-autos.nl /web/db/ckeditor/plugins/link/dialogs anchor.js
2013.03.25 10:55 B E:\fdmstest.nl Map\fdmstest.nl\db\ckeditor\plugins\link\dialogs\link.js --> thomassen-autos.nl /web/db/ckeditor/plugins/link/dialogs link.js
2013.03.25 10:55 B E:\fdmstest.nl Map\fdmstest.nl\db\ckeditor\plugins\link\dialogs\WS_FTP.LOG --> thomassen-autos.nl /web/db/ckeditor/plugins/link/dialogs WS_FTP.LOG
2014.02.25 16:48 B E:\autoadvance2012.nl\db\ckeditor\plugins\link\dialogs\WS_FTP.LOG <-- autoadvance.nl /web/db/ckeditor/plugins/link/dialogs WS_FTP.LOG
