2011.11.17 17:03 B E:\software\ckeditor_3.6.2\ckeditor\_source\core\ui.js --> dewildeautos.nl /web/ckeditor/_source/core ui.js
2011.11.17 17:04 B E:\software\ckeditor_3.6.2\ckeditor\_source\core\tools.js --> dewildeautos.nl /web/ckeditor/_source/core tools.js
2011.11.17 17:04 B E:\software\ckeditor_3.6.2\ckeditor\_source\core\themes.js --> dewildeautos.nl /web/ckeditor/_source/core themes.js
2011.11.17 17:04 B E:\software\ckeditor_3.6.2\ckeditor\_source\core\skins.js --> dewildeautos.nl /web/ckeditor/_source/core skins.js
2011.11.17 17:04 B E:\software\ckeditor_3.6.2\ckeditor\_source\core\scriptloader.js --> dewildeautos.nl /web/ckeditor/_source/core scriptloader.js
2011.11.17 17:04 B E:\software\ckeditor_3.6.2\ckeditor\_source\core\resourcemanager.js --> dewildeautos.nl /web/ckeditor/_source/core resourcemanager.js
2011.11.17 17:04 B E:\software\ckeditor_3.6.2\ckeditor\_source\core\plugins.js --> dewildeautos.nl /web/ckeditor/_source/core plugins.js
2011.11.17 17:04 B E:\software\ckeditor_3.6.2\ckeditor\_source\core\plugindefinition.js --> dewildeautos.nl /web/ckeditor/_source/core plugindefinition.js
2011.11.17 17:04 B E:\software\ckeditor_3.6.2\ckeditor\_source\core\loader.js --> dewildeautos.nl /web/ckeditor/_source/core loader.js
2011.11.17 17:04 B E:\software\ckeditor_3.6.2\ckeditor\_source\core\lang.js --> dewildeautos.nl /web/ckeditor/_source/core lang.js
2011.11.17 17:04 B E:\software\ckeditor_3.6.2\ckeditor\_source\core\htmlparser.js --> dewildeautos.nl /web/ckeditor/_source/core htmlparser.js
2011.11.17 17:04 B E:\software\ckeditor_3.6.2\ckeditor\_source\core\focusmanager.js --> dewildeautos.nl /web/ckeditor/_source/core focusmanager.js
2011.11.17 17:04 B E:\software\ckeditor_3.6.2\ckeditor\_source\core\eventInfo.js --> dewildeautos.nl /web/ckeditor/_source/core eventInfo.js
2011.11.17 17:04 B E:\software\ckeditor_3.6.2\ckeditor\_source\core\event.js --> dewildeautos.nl /web/ckeditor/_source/core event.js
2011.11.17 17:04 B E:\software\ckeditor_3.6.2\ckeditor\_source\core\env.js --> dewildeautos.nl /web/ckeditor/_source/core env.js
2011.11.17 17:04 B E:\software\ckeditor_3.6.2\ckeditor\_source\core\editor_basic.js --> dewildeautos.nl /web/ckeditor/_source/core editor_basic.js
2011.11.17 17:04 B E:\software\ckeditor_3.6.2\ckeditor\_source\core\editor.js --> dewildeautos.nl /web/ckeditor/_source/core editor.js
2011.11.17 17:04 B E:\software\ckeditor_3.6.2\ckeditor\_source\core\dtd.js --> dewildeautos.nl /web/ckeditor/_source/core dtd.js
2011.11.17 17:04 B E:\software\ckeditor_3.6.2\ckeditor\_source\core\dom.js --> dewildeautos.nl /web/ckeditor/_source/core dom.js
2011.11.17 17:04 B E:\software\ckeditor_3.6.2\ckeditor\_source\core\dataprocessor.js --> dewildeautos.nl /web/ckeditor/_source/core dataprocessor.js
2011.11.17 17:04 B E:\software\ckeditor_3.6.2\ckeditor\_source\core\config.js --> dewildeautos.nl /web/ckeditor/_source/core config.js
2011.11.17 17:04 B E:\software\ckeditor_3.6.2\ckeditor\_source\core\commanddefinition.js --> dewildeautos.nl /web/ckeditor/_source/core commanddefinition.js
2011.11.17 17:04 B E:\software\ckeditor_3.6.2\ckeditor\_source\core\command.js --> dewildeautos.nl /web/ckeditor/_source/core command.js
2011.11.17 17:04 B E:\software\ckeditor_3.6.2\ckeditor\_source\core\ckeditor_basic.js --> dewildeautos.nl /web/ckeditor/_source/core ckeditor_basic.js
2011.11.17 17:04 B E:\software\ckeditor_3.6.2\ckeditor\_source\core\ckeditor_base.js --> dewildeautos.nl /web/ckeditor/_source/core ckeditor_base.js
2011.11.17 17:04 B E:\software\ckeditor_3.6.2\ckeditor\_source\core\ckeditor.js --> dewildeautos.nl /web/ckeditor/_source/core ckeditor.js
2011.11.17 17:04 B E:\software\ckeditor_3.6.2\ckeditor\_source\core\_bootstrap.js --> dewildeautos.nl /web/ckeditor/_source/core _bootstrap.js
2011.12.15 13:35 B E:\tijdvoorkwaliteit2011.nl\db\ckeditor\_source\core\WS_FTP.LOG <-- dewildeautos.nl /web/db/ckeditor/_source/core WS_FTP.LOG
2011.12.15 13:53 B E:\tijdvoorkwaliteit2011.nl\db\ckeditor\_source\core\_bootstrap.js --> tijdvoorkwaliteit.nl /web/db/ckeditor/_source/core _bootstrap.js
2011.12.15 13:53 B E:\tijdvoorkwaliteit2011.nl\db\ckeditor\_source\core\ckeditor.js --> tijdvoorkwaliteit.nl /web/db/ckeditor/_source/core ckeditor.js
2011.12.15 13:53 B E:\tijdvoorkwaliteit2011.nl\db\ckeditor\_source\core\ckeditor_base.js --> tijdvoorkwaliteit.nl /web/db/ckeditor/_source/core ckeditor_base.js
2011.12.15 13:54 B E:\tijdvoorkwaliteit2011.nl\db\ckeditor\_source\core\ckeditor_basic.js --> tijdvoorkwaliteit.nl /web/db/ckeditor/_source/core ckeditor_basic.js
2011.12.15 13:54 B E:\tijdvoorkwaliteit2011.nl\db\ckeditor\_source\core\command.js --> tijdvoorkwaliteit.nl /web/db/ckeditor/_source/core command.js
2011.12.15 13:54 B E:\tijdvoorkwaliteit2011.nl\db\ckeditor\_source\core\commanddefinition.js --> tijdvoorkwaliteit.nl /web/db/ckeditor/_source/core commanddefinition.js
2011.12.15 13:54 B E:\tijdvoorkwaliteit2011.nl\db\ckeditor\_source\core\config.js --> tijdvoorkwaliteit.nl /web/db/ckeditor/_source/core config.js
2011.12.15 13:54 B E:\tijdvoorkwaliteit2011.nl\db\ckeditor\_source\core\dataprocessor.js --> tijdvoorkwaliteit.nl /web/db/ckeditor/_source/core dataprocessor.js
2011.12.15 13:54 B E:\tijdvoorkwaliteit2011.nl\db\ckeditor\_source\core\dom.js --> tijdvoorkwaliteit.nl /web/db/ckeditor/_source/core dom.js
2011.12.15 13:54 B E:\tijdvoorkwaliteit2011.nl\db\ckeditor\_source\core\dtd.js --> tijdvoorkwaliteit.nl /web/db/ckeditor/_source/core dtd.js
2011.12.15 13:54 B E:\tijdvoorkwaliteit2011.nl\db\ckeditor\_source\core\editor.js --> tijdvoorkwaliteit.nl /web/db/ckeditor/_source/core editor.js
2011.12.15 13:54 B E:\tijdvoorkwaliteit2011.nl\db\ckeditor\_source\core\editor_basic.js --> tijdvoorkwaliteit.nl /web/db/ckeditor/_source/core editor_basic.js
2011.12.15 13:54 B E:\tijdvoorkwaliteit2011.nl\db\ckeditor\_source\core\env.js --> tijdvoorkwaliteit.nl /web/db/ckeditor/_source/core env.js
2011.12.15 13:54 B E:\tijdvoorkwaliteit2011.nl\db\ckeditor\_source\core\event.js --> tijdvoorkwaliteit.nl /web/db/ckeditor/_source/core event.js
2011.12.15 13:54 B E:\tijdvoorkwaliteit2011.nl\db\ckeditor\_source\core\eventInfo.js --> tijdvoorkwaliteit.nl /web/db/ckeditor/_source/core eventInfo.js
2011.12.15 13:54 B E:\tijdvoorkwaliteit2011.nl\db\ckeditor\_source\core\focusmanager.js --> tijdvoorkwaliteit.nl /web/db/ckeditor/_source/core focusmanager.js
2011.12.15 13:54 B E:\tijdvoorkwaliteit2011.nl\db\ckeditor\_source\core\htmlparser.js --> tijdvoorkwaliteit.nl /web/db/ckeditor/_source/core htmlparser.js
2011.12.15 13:54 B E:\tijdvoorkwaliteit2011.nl\db\ckeditor\_source\core\lang.js --> tijdvoorkwaliteit.nl /web/db/ckeditor/_source/core lang.js
2011.12.15 13:54 B E:\tijdvoorkwaliteit2011.nl\db\ckeditor\_source\core\loader.js --> tijdvoorkwaliteit.nl /web/db/ckeditor/_source/core loader.js
2011.12.15 13:54 B E:\tijdvoorkwaliteit2011.nl\db\ckeditor\_source\core\plugindefinition.js --> tijdvoorkwaliteit.nl /web/db/ckeditor/_source/core plugindefinition.js
2011.12.15 13:54 B E:\tijdvoorkwaliteit2011.nl\db\ckeditor\_source\core\plugins.js --> tijdvoorkwaliteit.nl /web/db/ckeditor/_source/core plugins.js
2011.12.15 13:54 B E:\tijdvoorkwaliteit2011.nl\db\ckeditor\_source\core\resourcemanager.js --> tijdvoorkwaliteit.nl /web/db/ckeditor/_source/core resourcemanager.js
2011.12.15 13:54 B E:\tijdvoorkwaliteit2011.nl\db\ckeditor\_source\core\scriptloader.js --> tijdvoorkwaliteit.nl /web/db/ckeditor/_source/core scriptloader.js
2011.12.15 13:54 B E:\tijdvoorkwaliteit2011.nl\db\ckeditor\_source\core\skins.js --> tijdvoorkwaliteit.nl /web/db/ckeditor/_source/core skins.js
2011.12.15 13:54 B E:\tijdvoorkwaliteit2011.nl\db\ckeditor\_source\core\themes.js --> tijdvoorkwaliteit.nl /web/db/ckeditor/_source/core themes.js
2011.12.15 13:54 B E:\tijdvoorkwaliteit2011.nl\db\ckeditor\_source\core\tools.js --> tijdvoorkwaliteit.nl /web/db/ckeditor/_source/core tools.js
2011.12.15 13:54 B E:\tijdvoorkwaliteit2011.nl\db\ckeditor\_source\core\ui.js --> tijdvoorkwaliteit.nl /web/db/ckeditor/_source/core ui.js
2012.04.19 13:33 B E:\tilborghs.nl Map\tilborghs.nl\db\ckeditor\_source\core\WS_FTP.LOG <-- tijdvoorkwaliteit.nl /web/db/ckeditor/_source/core WS_FTP.LOG
2012.04.19 13:40 B E:\tilborghs.nl Map\tilborghs.nl\db\ckeditor\_source\core\_bootstrap.js --> tilborghs.nl /web/db/ckeditor/_source/core _bootstrap.js
2012.04.19 13:40 B E:\tilborghs.nl Map\tilborghs.nl\db\ckeditor\_source\core\ckeditor.js --> tilborghs.nl /web/db/ckeditor/_source/core ckeditor.js
2012.04.19 13:40 B E:\tilborghs.nl Map\tilborghs.nl\db\ckeditor\_source\core\ckeditor_base.js --> tilborghs.nl /web/db/ckeditor/_source/core ckeditor_base.js
2012.04.19 13:40 B E:\tilborghs.nl Map\tilborghs.nl\db\ckeditor\_source\core\ckeditor_basic.js --> tilborghs.nl /web/db/ckeditor/_source/core ckeditor_basic.js
2012.04.19 13:40 B E:\tilborghs.nl Map\tilborghs.nl\db\ckeditor\_source\core\command.js --> tilborghs.nl /web/db/ckeditor/_source/core command.js
2012.04.19 13:40 B E:\tilborghs.nl Map\tilborghs.nl\db\ckeditor\_source\core\commanddefinition.js --> tilborghs.nl /web/db/ckeditor/_source/core commanddefinition.js
2012.04.19 13:40 B E:\tilborghs.nl Map\tilborghs.nl\db\ckeditor\_source\core\config.js --> tilborghs.nl /web/db/ckeditor/_source/core config.js
2012.04.19 13:40 B E:\tilborghs.nl Map\tilborghs.nl\db\ckeditor\_source\core\dataprocessor.js --> tilborghs.nl /web/db/ckeditor/_source/core dataprocessor.js
2012.04.19 13:40 B E:\tilborghs.nl Map\tilborghs.nl\db\ckeditor\_source\core\dom.js --> tilborghs.nl /web/db/ckeditor/_source/core dom.js
2012.04.19 13:40 B E:\tilborghs.nl Map\tilborghs.nl\db\ckeditor\_source\core\dtd.js --> tilborghs.nl /web/db/ckeditor/_source/core dtd.js
2012.04.19 13:40 B E:\tilborghs.nl Map\tilborghs.nl\db\ckeditor\_source\core\editor.js --> tilborghs.nl /web/db/ckeditor/_source/core editor.js
2012.04.19 13:40 B E:\tilborghs.nl Map\tilborghs.nl\db\ckeditor\_source\core\editor_basic.js --> tilborghs.nl /web/db/ckeditor/_source/core editor_basic.js
2012.04.19 13:40 B E:\tilborghs.nl Map\tilborghs.nl\db\ckeditor\_source\core\env.js --> tilborghs.nl /web/db/ckeditor/_source/core env.js
2012.04.19 13:40 B E:\tilborghs.nl Map\tilborghs.nl\db\ckeditor\_source\core\event.js --> tilborghs.nl /web/db/ckeditor/_source/core event.js
2012.04.19 13:40 B E:\tilborghs.nl Map\tilborghs.nl\db\ckeditor\_source\core\eventInfo.js --> tilborghs.nl /web/db/ckeditor/_source/core eventInfo.js
2012.04.19 13:40 B E:\tilborghs.nl Map\tilborghs.nl\db\ckeditor\_source\core\focusmanager.js --> tilborghs.nl /web/db/ckeditor/_source/core focusmanager.js
2012.04.19 13:40 B E:\tilborghs.nl Map\tilborghs.nl\db\ckeditor\_source\core\htmlparser.js --> tilborghs.nl /web/db/ckeditor/_source/core htmlparser.js
2012.04.19 13:40 B E:\tilborghs.nl Map\tilborghs.nl\db\ckeditor\_source\core\lang.js --> tilborghs.nl /web/db/ckeditor/_source/core lang.js
2012.04.19 13:40 B E:\tilborghs.nl Map\tilborghs.nl\db\ckeditor\_source\core\loader.js --> tilborghs.nl /web/db/ckeditor/_source/core loader.js
2012.04.19 13:40 B E:\tilborghs.nl Map\tilborghs.nl\db\ckeditor\_source\core\plugindefinition.js --> tilborghs.nl /web/db/ckeditor/_source/core plugindefinition.js
2012.04.19 13:40 B E:\tilborghs.nl Map\tilborghs.nl\db\ckeditor\_source\core\plugins.js --> tilborghs.nl /web/db/ckeditor/_source/core plugins.js
2012.04.19 13:40 B E:\tilborghs.nl Map\tilborghs.nl\db\ckeditor\_source\core\resourcemanager.js --> tilborghs.nl /web/db/ckeditor/_source/core resourcemanager.js
2012.04.19 13:40 B E:\tilborghs.nl Map\tilborghs.nl\db\ckeditor\_source\core\scriptloader.js --> tilborghs.nl /web/db/ckeditor/_source/core scriptloader.js
2012.04.19 13:40 B E:\tilborghs.nl Map\tilborghs.nl\db\ckeditor\_source\core\skins.js --> tilborghs.nl /web/db/ckeditor/_source/core skins.js
2012.04.19 13:40 B E:\tilborghs.nl Map\tilborghs.nl\db\ckeditor\_source\core\themes.js --> tilborghs.nl /web/db/ckeditor/_source/core themes.js
2012.04.19 13:40 B E:\tilborghs.nl Map\tilborghs.nl\db\ckeditor\_source\core\tools.js --> tilborghs.nl /web/db/ckeditor/_source/core tools.js
2012.04.19 13:40 B E:\tilborghs.nl Map\tilborghs.nl\db\ckeditor\_source\core\ui.js --> tilborghs.nl /web/db/ckeditor/_source/core ui.js
2012.04.19 13:40 B E:\tilborghs.nl Map\tilborghs.nl\db\ckeditor\_source\core\WS_FTP.LOG --> tilborghs.nl /web/db/ckeditor/_source/core WS_FTP.LOG
2012.05.08 20:54 B E:\autoadvance2010.nl Map\autoadvance2010.nl\db\ckeditor\_source\core\_bootstrap.js --> autoadvance.nl /web/db/ckeditor/_source/core _bootstrap.js
2012.05.08 20:54 B E:\autoadvance2010.nl Map\autoadvance2010.nl\db\ckeditor\_source\core\ckeditor.js --> autoadvance.nl /web/db/ckeditor/_source/core ckeditor.js
2012.05.08 20:54 B E:\autoadvance2010.nl Map\autoadvance2010.nl\db\ckeditor\_source\core\ckeditor_base.js --> autoadvance.nl /web/db/ckeditor/_source/core ckeditor_base.js
2012.05.08 20:54 B E:\autoadvance2010.nl Map\autoadvance2010.nl\db\ckeditor\_source\core\ckeditor_basic.js --> autoadvance.nl /web/db/ckeditor/_source/core ckeditor_basic.js
2012.05.08 20:54 B E:\autoadvance2010.nl Map\autoadvance2010.nl\db\ckeditor\_source\core\command.js --> autoadvance.nl /web/db/ckeditor/_source/core command.js
2012.05.08 20:54 B E:\autoadvance2010.nl Map\autoadvance2010.nl\db\ckeditor\_source\core\commanddefinition.js --> autoadvance.nl /web/db/ckeditor/_source/core commanddefinition.js
2012.05.08 20:54 B E:\autoadvance2010.nl Map\autoadvance2010.nl\db\ckeditor\_source\core\config.js --> autoadvance.nl /web/db/ckeditor/_source/core config.js
2012.05.08 20:54 B E:\autoadvance2010.nl Map\autoadvance2010.nl\db\ckeditor\_source\core\dataprocessor.js --> autoadvance.nl /web/db/ckeditor/_source/core dataprocessor.js
2012.05.08 20:54 B E:\autoadvance2010.nl Map\autoadvance2010.nl\db\ckeditor\_source\core\dom.js --> autoadvance.nl /web/db/ckeditor/_source/core dom.js
2012.05.08 20:54 B E:\autoadvance2010.nl Map\autoadvance2010.nl\db\ckeditor\_source\core\dtd.js --> autoadvance.nl /web/db/ckeditor/_source/core dtd.js
2012.05.08 20:54 B E:\autoadvance2010.nl Map\autoadvance2010.nl\db\ckeditor\_source\core\editor.js --> autoadvance.nl /web/db/ckeditor/_source/core editor.js
2012.05.08 20:54 B E:\autoadvance2010.nl Map\autoadvance2010.nl\db\ckeditor\_source\core\editor_basic.js --> autoadvance.nl /web/db/ckeditor/_source/core editor_basic.js
2012.05.08 20:54 B E:\autoadvance2010.nl Map\autoadvance2010.nl\db\ckeditor\_source\core\env.js --> autoadvance.nl /web/db/ckeditor/_source/core env.js
2012.05.08 20:54 B E:\autoadvance2010.nl Map\autoadvance2010.nl\db\ckeditor\_source\core\event.js --> autoadvance.nl /web/db/ckeditor/_source/core event.js
2012.05.08 20:54 B E:\autoadvance2010.nl Map\autoadvance2010.nl\db\ckeditor\_source\core\eventInfo.js --> autoadvance.nl /web/db/ckeditor/_source/core eventInfo.js
2012.05.08 20:54 B E:\autoadvance2010.nl Map\autoadvance2010.nl\db\ckeditor\_source\core\focusmanager.js --> autoadvance.nl /web/db/ckeditor/_source/core focusmanager.js
2012.05.08 20:54 B E:\autoadvance2010.nl Map\autoadvance2010.nl\db\ckeditor\_source\core\htmlparser.js --> autoadvance.nl /web/db/ckeditor/_source/core htmlparser.js
2012.05.08 20:54 B E:\autoadvance2010.nl Map\autoadvance2010.nl\db\ckeditor\_source\core\lang.js --> autoadvance.nl /web/db/ckeditor/_source/core lang.js
2012.05.08 20:54 B E:\autoadvance2010.nl Map\autoadvance2010.nl\db\ckeditor\_source\core\loader.js --> autoadvance.nl /web/db/ckeditor/_source/core loader.js
2012.05.08 20:54 B E:\autoadvance2010.nl Map\autoadvance2010.nl\db\ckeditor\_source\core\plugindefinition.js --> autoadvance.nl /web/db/ckeditor/_source/core plugindefinition.js
2012.05.08 20:54 B E:\autoadvance2010.nl Map\autoadvance2010.nl\db\ckeditor\_source\core\plugins.js --> autoadvance.nl /web/db/ckeditor/_source/core plugins.js
2012.05.08 20:54 B E:\autoadvance2010.nl Map\autoadvance2010.nl\db\ckeditor\_source\core\resourcemanager.js --> autoadvance.nl /web/db/ckeditor/_source/core resourcemanager.js
2012.05.08 20:54 B E:\autoadvance2010.nl Map\autoadvance2010.nl\db\ckeditor\_source\core\scriptloader.js --> autoadvance.nl /web/db/ckeditor/_source/core scriptloader.js
2012.05.08 20:54 B E:\autoadvance2010.nl Map\autoadvance2010.nl\db\ckeditor\_source\core\skins.js --> autoadvance.nl /web/db/ckeditor/_source/core skins.js
2012.05.08 20:54 B E:\autoadvance2010.nl Map\autoadvance2010.nl\db\ckeditor\_source\core\themes.js --> autoadvance.nl /web/db/ckeditor/_source/core themes.js
2012.05.08 20:54 B E:\autoadvance2010.nl Map\autoadvance2010.nl\db\ckeditor\_source\core\tools.js --> autoadvance.nl /web/db/ckeditor/_source/core tools.js
2012.05.08 20:54 B E:\autoadvance2010.nl Map\autoadvance2010.nl\db\ckeditor\_source\core\ui.js --> autoadvance.nl /web/db/ckeditor/_source/core ui.js
2013.03.16 11:42 B E:\fdmstest.nl Map\fdmstest.nl\db\ckeditor\_source\core\WS_FTP.LOG <-- autoadvance.nl /web/db/ckeditor/_source/core WS_FTP.LOG
2013.03.16 12:16 B E:\fdmstest.nl Map\fdmstest.nl\db\ckeditor\_source\core\_bootstrap.js --> 212.79.241.34 /web/db/ckeditor/_source/core _bootstrap.js
2013.03.16 12:16 B E:\fdmstest.nl Map\fdmstest.nl\db\ckeditor\_source\core\ckeditor.js --> 212.79.241.34 /web/db/ckeditor/_source/core ckeditor.js
2013.03.16 12:16 B E:\fdmstest.nl Map\fdmstest.nl\db\ckeditor\_source\core\ckeditor_base.js --> 212.79.241.34 /web/db/ckeditor/_source/core ckeditor_base.js
2013.03.16 12:16 B E:\fdmstest.nl Map\fdmstest.nl\db\ckeditor\_source\core\ckeditor_basic.js --> 212.79.241.34 /web/db/ckeditor/_source/core ckeditor_basic.js
2013.03.16 12:16 B E:\fdmstest.nl Map\fdmstest.nl\db\ckeditor\_source\core\command.js --> 212.79.241.34 /web/db/ckeditor/_source/core command.js
2013.03.16 12:16 B E:\fdmstest.nl Map\fdmstest.nl\db\ckeditor\_source\core\commanddefinition.js --> 212.79.241.34 /web/db/ckeditor/_source/core commanddefinition.js
2013.03.16 12:16 B E:\fdmstest.nl Map\fdmstest.nl\db\ckeditor\_source\core\config.js --> 212.79.241.34 /web/db/ckeditor/_source/core config.js
2013.03.16 12:16 B E:\fdmstest.nl Map\fdmstest.nl\db\ckeditor\_source\core\dataprocessor.js --> 212.79.241.34 /web/db/ckeditor/_source/core dataprocessor.js
2013.03.16 12:16 B E:\fdmstest.nl Map\fdmstest.nl\db\ckeditor\_source\core\dom.js --> 212.79.241.34 /web/db/ckeditor/_source/core dom.js
2013.03.16 12:16 B E:\fdmstest.nl Map\fdmstest.nl\db\ckeditor\_source\core\dtd.js --> 212.79.241.34 /web/db/ckeditor/_source/core dtd.js
2013.03.16 12:16 B E:\fdmstest.nl Map\fdmstest.nl\db\ckeditor\_source\core\editor.js --> 212.79.241.34 /web/db/ckeditor/_source/core editor.js
2013.03.16 12:16 B E:\fdmstest.nl Map\fdmstest.nl\db\ckeditor\_source\core\editor_basic.js --> 212.79.241.34 /web/db/ckeditor/_source/core editor_basic.js
2013.03.16 12:16 B E:\fdmstest.nl Map\fdmstest.nl\db\ckeditor\_source\core\env.js --> 212.79.241.34 /web/db/ckeditor/_source/core env.js
2013.03.16 12:16 B E:\fdmstest.nl Map\fdmstest.nl\db\ckeditor\_source\core\event.js --> 212.79.241.34 /web/db/ckeditor/_source/core event.js
2013.03.16 12:16 B E:\fdmstest.nl Map\fdmstest.nl\db\ckeditor\_source\core\eventInfo.js --> 212.79.241.34 /web/db/ckeditor/_source/core eventInfo.js
2013.03.16 12:17 B E:\fdmstest.nl Map\fdmstest.nl\db\ckeditor\_source\core\focusmanager.js --> 212.79.241.34 /web/db/ckeditor/_source/core focusmanager.js
2013.03.16 12:17 B E:\fdmstest.nl Map\fdmstest.nl\db\ckeditor\_source\core\htmlparser.js --> 212.79.241.34 /web/db/ckeditor/_source/core htmlparser.js
2013.03.16 12:17 B E:\fdmstest.nl Map\fdmstest.nl\db\ckeditor\_source\core\lang.js --> 212.79.241.34 /web/db/ckeditor/_source/core lang.js
2013.03.16 12:17 B E:\fdmstest.nl Map\fdmstest.nl\db\ckeditor\_source\core\loader.js --> 212.79.241.34 /web/db/ckeditor/_source/core loader.js
2013.03.16 12:17 B E:\fdmstest.nl Map\fdmstest.nl\db\ckeditor\_source\core\plugindefinition.js --> 212.79.241.34 /web/db/ckeditor/_source/core plugindefinition.js
2013.03.16 12:17 B E:\fdmstest.nl Map\fdmstest.nl\db\ckeditor\_source\core\plugins.js --> 212.79.241.34 /web/db/ckeditor/_source/core plugins.js
2013.03.16 12:17 B E:\fdmstest.nl Map\fdmstest.nl\db\ckeditor\_source\core\resourcemanager.js --> 212.79.241.34 /web/db/ckeditor/_source/core resourcemanager.js
2013.03.16 12:17 B E:\fdmstest.nl Map\fdmstest.nl\db\ckeditor\_source\core\scriptloader.js --> 212.79.241.34 /web/db/ckeditor/_source/core scriptloader.js
2013.03.16 12:17 B E:\fdmstest.nl Map\fdmstest.nl\db\ckeditor\_source\core\skins.js --> 212.79.241.34 /web/db/ckeditor/_source/core skins.js
2013.03.16 12:17 B E:\fdmstest.nl Map\fdmstest.nl\db\ckeditor\_source\core\themes.js --> 212.79.241.34 /web/db/ckeditor/_source/core themes.js
2013.03.16 12:17 B E:\fdmstest.nl Map\fdmstest.nl\db\ckeditor\_source\core\tools.js --> 212.79.241.34 /web/db/ckeditor/_source/core tools.js
2013.03.16 12:17 B E:\fdmstest.nl Map\fdmstest.nl\db\ckeditor\_source\core\ui.js --> 212.79.241.34 /web/db/ckeditor/_source/core ui.js
2013.03.23 09:56 B E:\fdmstest.nl Map\fdmstest.nl\db\ckeditor\_source\core\WS_FTP.LOG <-- fdmtest.nl /web/db/ckeditor/_source/core WS_FTP.LOG
2013.03.24 13:43 B E:\fdmstest.nl Map\fdmstest.nl\db\ckeditor\_source\core\_bootstrap.js --> dewildeautos.nl /web/db/ckeditor/_source/core _bootstrap.js
2013.03.24 13:43 B E:\fdmstest.nl Map\fdmstest.nl\db\ckeditor\_source\core\ckeditor.js --> dewildeautos.nl /web/db/ckeditor/_source/core ckeditor.js
2013.03.24 13:43 B E:\fdmstest.nl Map\fdmstest.nl\db\ckeditor\_source\core\ckeditor_base.js --> dewildeautos.nl /web/db/ckeditor/_source/core ckeditor_base.js
2013.03.24 13:43 B E:\fdmstest.nl Map\fdmstest.nl\db\ckeditor\_source\core\ckeditor_basic.js --> dewildeautos.nl /web/db/ckeditor/_source/core ckeditor_basic.js
2013.03.24 13:43 B E:\fdmstest.nl Map\fdmstest.nl\db\ckeditor\_source\core\command.js --> dewildeautos.nl /web/db/ckeditor/_source/core command.js
2013.03.24 13:43 B E:\fdmstest.nl Map\fdmstest.nl\db\ckeditor\_source\core\commanddefinition.js --> dewildeautos.nl /web/db/ckeditor/_source/core commanddefinition.js
2013.03.24 13:43 B E:\fdmstest.nl Map\fdmstest.nl\db\ckeditor\_source\core\config.js --> dewildeautos.nl /web/db/ckeditor/_source/core config.js
2013.03.24 13:43 B E:\fdmstest.nl Map\fdmstest.nl\db\ckeditor\_source\core\dataprocessor.js --> dewildeautos.nl /web/db/ckeditor/_source/core dataprocessor.js
2013.03.24 13:43 B E:\fdmstest.nl Map\fdmstest.nl\db\ckeditor\_source\core\dom.js --> dewildeautos.nl /web/db/ckeditor/_source/core dom.js
2013.03.24 13:43 B E:\fdmstest.nl Map\fdmstest.nl\db\ckeditor\_source\core\dtd.js --> dewildeautos.nl /web/db/ckeditor/_source/core dtd.js
2013.03.24 13:43 B E:\fdmstest.nl Map\fdmstest.nl\db\ckeditor\_source\core\editor.js --> dewildeautos.nl /web/db/ckeditor/_source/core editor.js
2013.03.24 13:43 B E:\fdmstest.nl Map\fdmstest.nl\db\ckeditor\_source\core\editor_basic.js --> dewildeautos.nl /web/db/ckeditor/_source/core editor_basic.js
2013.03.24 13:43 B E:\fdmstest.nl Map\fdmstest.nl\db\ckeditor\_source\core\env.js --> dewildeautos.nl /web/db/ckeditor/_source/core env.js
2013.03.24 13:43 B E:\fdmstest.nl Map\fdmstest.nl\db\ckeditor\_source\core\event.js --> dewildeautos.nl /web/db/ckeditor/_source/core event.js
2013.03.24 13:43 B E:\fdmstest.nl Map\fdmstest.nl\db\ckeditor\_source\core\eventInfo.js --> dewildeautos.nl /web/db/ckeditor/_source/core eventInfo.js
2013.03.24 13:43 B E:\fdmstest.nl Map\fdmstest.nl\db\ckeditor\_source\core\focusmanager.js --> dewildeautos.nl /web/db/ckeditor/_source/core focusmanager.js
2013.03.24 13:43 B E:\fdmstest.nl Map\fdmstest.nl\db\ckeditor\_source\core\htmlparser.js --> dewildeautos.nl /web/db/ckeditor/_source/core htmlparser.js
2013.03.24 13:43 B E:\fdmstest.nl Map\fdmstest.nl\db\ckeditor\_source\core\lang.js --> dewildeautos.nl /web/db/ckeditor/_source/core lang.js
2013.03.24 13:43 B E:\fdmstest.nl Map\fdmstest.nl\db\ckeditor\_source\core\loader.js --> dewildeautos.nl /web/db/ckeditor/_source/core loader.js
2013.03.24 13:43 B E:\fdmstest.nl Map\fdmstest.nl\db\ckeditor\_source\core\plugindefinition.js --> dewildeautos.nl /web/db/ckeditor/_source/core plugindefinition.js
2013.03.24 13:43 B E:\fdmstest.nl Map\fdmstest.nl\db\ckeditor\_source\core\plugins.js --> dewildeautos.nl /web/db/ckeditor/_source/core plugins.js
2013.03.24 13:43 B E:\fdmstest.nl Map\fdmstest.nl\db\ckeditor\_source\core\resourcemanager.js --> dewildeautos.nl /web/db/ckeditor/_source/core resourcemanager.js
2013.03.24 13:43 B E:\fdmstest.nl Map\fdmstest.nl\db\ckeditor\_source\core\scriptloader.js --> dewildeautos.nl /web/db/ckeditor/_source/core scriptloader.js
2013.03.24 13:43 B E:\fdmstest.nl Map\fdmstest.nl\db\ckeditor\_source\core\skins.js --> dewildeautos.nl /web/db/ckeditor/_source/core skins.js
2013.03.24 13:43 B E:\fdmstest.nl Map\fdmstest.nl\db\ckeditor\_source\core\themes.js --> dewildeautos.nl /web/db/ckeditor/_source/core themes.js
2013.03.24 13:43 B E:\fdmstest.nl Map\fdmstest.nl\db\ckeditor\_source\core\tools.js --> dewildeautos.nl /web/db/ckeditor/_source/core tools.js
2013.03.24 13:43 B E:\fdmstest.nl Map\fdmstest.nl\db\ckeditor\_source\core\ui.js --> dewildeautos.nl /web/db/ckeditor/_source/core ui.js
2013.03.24 13:43 B E:\fdmstest.nl Map\fdmstest.nl\db\ckeditor\_source\core\WS_FTP.LOG --> dewildeautos.nl /web/db/ckeditor/_source/core WS_FTP.LOG
2013.03.25 10:48 B E:\fdmstest.nl Map\fdmstest.nl\db\ckeditor\_source\core\_bootstrap.js --> thomassen-autos.nl /web/db/ckeditor/_source/core _bootstrap.js
2013.03.25 10:48 B E:\fdmstest.nl Map\fdmstest.nl\db\ckeditor\_source\core\ckeditor.js --> thomassen-autos.nl /web/db/ckeditor/_source/core ckeditor.js
2013.03.25 10:48 B E:\fdmstest.nl Map\fdmstest.nl\db\ckeditor\_source\core\ckeditor_base.js --> thomassen-autos.nl /web/db/ckeditor/_source/core ckeditor_base.js
2013.03.25 10:48 B E:\fdmstest.nl Map\fdmstest.nl\db\ckeditor\_source\core\ckeditor_basic.js --> thomassen-autos.nl /web/db/ckeditor/_source/core ckeditor_basic.js
2013.03.25 10:49 B E:\fdmstest.nl Map\fdmstest.nl\db\ckeditor\_source\core\command.js --> thomassen-autos.nl /web/db/ckeditor/_source/core command.js
2013.03.25 10:49 B E:\fdmstest.nl Map\fdmstest.nl\db\ckeditor\_source\core\commanddefinition.js --> thomassen-autos.nl /web/db/ckeditor/_source/core commanddefinition.js
2013.03.25 10:49 B E:\fdmstest.nl Map\fdmstest.nl\db\ckeditor\_source\core\config.js --> thomassen-autos.nl /web/db/ckeditor/_source/core config.js
2013.03.25 10:49 B E:\fdmstest.nl Map\fdmstest.nl\db\ckeditor\_source\core\dataprocessor.js --> thomassen-autos.nl /web/db/ckeditor/_source/core dataprocessor.js
2013.03.25 10:49 B E:\fdmstest.nl Map\fdmstest.nl\db\ckeditor\_source\core\dom.js --> thomassen-autos.nl /web/db/ckeditor/_source/core dom.js
2013.03.25 10:49 B E:\fdmstest.nl Map\fdmstest.nl\db\ckeditor\_source\core\dtd.js --> thomassen-autos.nl /web/db/ckeditor/_source/core dtd.js
2013.03.25 10:49 B E:\fdmstest.nl Map\fdmstest.nl\db\ckeditor\_source\core\editor.js --> thomassen-autos.nl /web/db/ckeditor/_source/core editor.js
2013.03.25 10:49 B E:\fdmstest.nl Map\fdmstest.nl\db\ckeditor\_source\core\editor_basic.js --> thomassen-autos.nl /web/db/ckeditor/_source/core editor_basic.js
2013.03.25 10:49 B E:\fdmstest.nl Map\fdmstest.nl\db\ckeditor\_source\core\env.js --> thomassen-autos.nl /web/db/ckeditor/_source/core env.js
2013.03.25 10:49 B E:\fdmstest.nl Map\fdmstest.nl\db\ckeditor\_source\core\event.js --> thomassen-autos.nl /web/db/ckeditor/_source/core event.js
2013.03.25 10:49 B E:\fdmstest.nl Map\fdmstest.nl\db\ckeditor\_source\core\eventInfo.js --> thomassen-autos.nl /web/db/ckeditor/_source/core eventInfo.js
2013.03.25 10:49 B E:\fdmstest.nl Map\fdmstest.nl\db\ckeditor\_source\core\focusmanager.js --> thomassen-autos.nl /web/db/ckeditor/_source/core focusmanager.js
2013.03.25 10:49 B E:\fdmstest.nl Map\fdmstest.nl\db\ckeditor\_source\core\htmlparser.js --> thomassen-autos.nl /web/db/ckeditor/_source/core htmlparser.js
2013.03.25 10:49 B E:\fdmstest.nl Map\fdmstest.nl\db\ckeditor\_source\core\lang.js --> thomassen-autos.nl /web/db/ckeditor/_source/core lang.js
2013.03.25 10:49 B E:\fdmstest.nl Map\fdmstest.nl\db\ckeditor\_source\core\loader.js --> thomassen-autos.nl /web/db/ckeditor/_source/core loader.js
2013.03.25 10:49 B E:\fdmstest.nl Map\fdmstest.nl\db\ckeditor\_source\core\plugindefinition.js --> thomassen-autos.nl /web/db/ckeditor/_source/core plugindefinition.js
2013.03.25 10:49 B E:\fdmstest.nl Map\fdmstest.nl\db\ckeditor\_source\core\plugins.js --> thomassen-autos.nl /web/db/ckeditor/_source/core plugins.js
2013.03.25 10:49 B E:\fdmstest.nl Map\fdmstest.nl\db\ckeditor\_source\core\resourcemanager.js --> thomassen-autos.nl /web/db/ckeditor/_source/core resourcemanager.js
2013.03.25 10:49 B E:\fdmstest.nl Map\fdmstest.nl\db\ckeditor\_source\core\scriptloader.js --> thomassen-autos.nl /web/db/ckeditor/_source/core scriptloader.js
2013.03.25 10:49 B E:\fdmstest.nl Map\fdmstest.nl\db\ckeditor\_source\core\skins.js --> thomassen-autos.nl /web/db/ckeditor/_source/core skins.js
2013.03.25 10:49 B E:\fdmstest.nl Map\fdmstest.nl\db\ckeditor\_source\core\themes.js --> thomassen-autos.nl /web/db/ckeditor/_source/core themes.js
2013.03.25 10:49 B E:\fdmstest.nl Map\fdmstest.nl\db\ckeditor\_source\core\tools.js --> thomassen-autos.nl /web/db/ckeditor/_source/core tools.js
2013.03.25 10:49 B E:\fdmstest.nl Map\fdmstest.nl\db\ckeditor\_source\core\ui.js --> thomassen-autos.nl /web/db/ckeditor/_source/core ui.js
2013.03.25 10:49 B E:\fdmstest.nl Map\fdmstest.nl\db\ckeditor\_source\core\WS_FTP.LOG --> thomassen-autos.nl /web/db/ckeditor/_source/core WS_FTP.LOG
2014.02.25 16:40 B E:\autoadvance2012.nl\db\ckeditor\_source\core\WS_FTP.LOG <-- autoadvance.nl /web/db/ckeditor/_source/core WS_FTP.LOG
