2011.11.17 17:03 B E:\software\ckeditor_3.6.2\ckeditor\_source\core\htmlparser\text.js --> dewildeautos.nl /web/ckeditor/_source/core/htmlparser text.js
2011.11.17 17:03 B E:\software\ckeditor_3.6.2\ckeditor\_source\core\htmlparser\fragment.js --> dewildeautos.nl /web/ckeditor/_source/core/htmlparser fragment.js
2011.11.17 17:03 B E:\software\ckeditor_3.6.2\ckeditor\_source\core\htmlparser\filter.js --> dewildeautos.nl /web/ckeditor/_source/core/htmlparser filter.js
2011.11.17 17:03 B E:\software\ckeditor_3.6.2\ckeditor\_source\core\htmlparser\element.js --> dewildeautos.nl /web/ckeditor/_source/core/htmlparser element.js
2011.11.17 17:03 B E:\software\ckeditor_3.6.2\ckeditor\_source\core\htmlparser\comment.js --> dewildeautos.nl /web/ckeditor/_source/core/htmlparser comment.js
2011.11.17 17:03 B E:\software\ckeditor_3.6.2\ckeditor\_source\core\htmlparser\cdata.js --> dewildeautos.nl /web/ckeditor/_source/core/htmlparser cdata.js
2011.11.17 17:03 B E:\software\ckeditor_3.6.2\ckeditor\_source\core\htmlparser\basicwriter.js --> dewildeautos.nl /web/ckeditor/_source/core/htmlparser basicwriter.js
2011.12.15 13:35 B E:\tijdvoorkwaliteit2011.nl\db\ckeditor\_source\core\htmlparser\WS_FTP.LOG <-- dewildeautos.nl /web/db/ckeditor/_source/core/htmlparser WS_FTP.LOG
2011.12.15 13:53 B E:\tijdvoorkwaliteit2011.nl\db\ckeditor\_source\core\htmlparser\basicwriter.js --> tijdvoorkwaliteit.nl /web/db/ckeditor/_source/core/htmlparser basicwriter.js
2011.12.15 13:53 B E:\tijdvoorkwaliteit2011.nl\db\ckeditor\_source\core\htmlparser\cdata.js --> tijdvoorkwaliteit.nl /web/db/ckeditor/_source/core/htmlparser cdata.js
2011.12.15 13:53 B E:\tijdvoorkwaliteit2011.nl\db\ckeditor\_source\core\htmlparser\comment.js --> tijdvoorkwaliteit.nl /web/db/ckeditor/_source/core/htmlparser comment.js
2011.12.15 13:53 B E:\tijdvoorkwaliteit2011.nl\db\ckeditor\_source\core\htmlparser\element.js --> tijdvoorkwaliteit.nl /web/db/ckeditor/_source/core/htmlparser element.js
2011.12.15 13:53 B E:\tijdvoorkwaliteit2011.nl\db\ckeditor\_source\core\htmlparser\filter.js --> tijdvoorkwaliteit.nl /web/db/ckeditor/_source/core/htmlparser filter.js
2011.12.15 13:53 B E:\tijdvoorkwaliteit2011.nl\db\ckeditor\_source\core\htmlparser\fragment.js --> tijdvoorkwaliteit.nl /web/db/ckeditor/_source/core/htmlparser fragment.js
2011.12.15 13:53 B E:\tijdvoorkwaliteit2011.nl\db\ckeditor\_source\core\htmlparser\text.js --> tijdvoorkwaliteit.nl /web/db/ckeditor/_source/core/htmlparser text.js
2012.04.19 13:33 B E:\tilborghs.nl Map\tilborghs.nl\db\ckeditor\_source\core\htmlparser\WS_FTP.LOG <-- tijdvoorkwaliteit.nl /web/db/ckeditor/_source/core/htmlparser WS_FTP.LOG
2012.04.19 13:40 B E:\tilborghs.nl Map\tilborghs.nl\db\ckeditor\_source\core\htmlparser\basicwriter.js --> tilborghs.nl /web/db/ckeditor/_source/core/htmlparser basicwriter.js
2012.04.19 13:40 B E:\tilborghs.nl Map\tilborghs.nl\db\ckeditor\_source\core\htmlparser\cdata.js --> tilborghs.nl /web/db/ckeditor/_source/core/htmlparser cdata.js
2012.04.19 13:40 B E:\tilborghs.nl Map\tilborghs.nl\db\ckeditor\_source\core\htmlparser\comment.js --> tilborghs.nl /web/db/ckeditor/_source/core/htmlparser comment.js
2012.04.19 13:40 B E:\tilborghs.nl Map\tilborghs.nl\db\ckeditor\_source\core\htmlparser\element.js --> tilborghs.nl /web/db/ckeditor/_source/core/htmlparser element.js
2012.04.19 13:40 B E:\tilborghs.nl Map\tilborghs.nl\db\ckeditor\_source\core\htmlparser\filter.js --> tilborghs.nl /web/db/ckeditor/_source/core/htmlparser filter.js
2012.04.19 13:40 B E:\tilborghs.nl Map\tilborghs.nl\db\ckeditor\_source\core\htmlparser\fragment.js --> tilborghs.nl /web/db/ckeditor/_source/core/htmlparser fragment.js
2012.04.19 13:40 B E:\tilborghs.nl Map\tilborghs.nl\db\ckeditor\_source\core\htmlparser\text.js --> tilborghs.nl /web/db/ckeditor/_source/core/htmlparser text.js
2012.04.19 13:40 B E:\tilborghs.nl Map\tilborghs.nl\db\ckeditor\_source\core\htmlparser\WS_FTP.LOG --> tilborghs.nl /web/db/ckeditor/_source/core/htmlparser WS_FTP.LOG
2012.05.08 20:54 B E:\autoadvance2010.nl Map\autoadvance2010.nl\db\ckeditor\_source\core\htmlparser\basicwriter.js --> autoadvance.nl /web/db/ckeditor/_source/core/htmlparser basicwriter.js
2012.05.08 20:54 B E:\autoadvance2010.nl Map\autoadvance2010.nl\db\ckeditor\_source\core\htmlparser\cdata.js --> autoadvance.nl /web/db/ckeditor/_source/core/htmlparser cdata.js
2012.05.08 20:54 B E:\autoadvance2010.nl Map\autoadvance2010.nl\db\ckeditor\_source\core\htmlparser\comment.js --> autoadvance.nl /web/db/ckeditor/_source/core/htmlparser comment.js
2012.05.08 20:54 B E:\autoadvance2010.nl Map\autoadvance2010.nl\db\ckeditor\_source\core\htmlparser\element.js --> autoadvance.nl /web/db/ckeditor/_source/core/htmlparser element.js
2012.05.08 20:54 B E:\autoadvance2010.nl Map\autoadvance2010.nl\db\ckeditor\_source\core\htmlparser\filter.js --> autoadvance.nl /web/db/ckeditor/_source/core/htmlparser filter.js
2012.05.08 20:54 B E:\autoadvance2010.nl Map\autoadvance2010.nl\db\ckeditor\_source\core\htmlparser\fragment.js --> autoadvance.nl /web/db/ckeditor/_source/core/htmlparser fragment.js
2012.05.08 20:54 B E:\autoadvance2010.nl Map\autoadvance2010.nl\db\ckeditor\_source\core\htmlparser\text.js --> autoadvance.nl /web/db/ckeditor/_source/core/htmlparser text.js
2013.03.16 11:41 B E:\fdmstest.nl Map\fdmstest.nl\db\ckeditor\_source\core\htmlparser\WS_FTP.LOG <-- autoadvance.nl /web/db/ckeditor/_source/core/htmlparser WS_FTP.LOG
2013.03.16 12:16 B E:\fdmstest.nl Map\fdmstest.nl\db\ckeditor\_source\core\htmlparser\basicwriter.js --> 212.79.241.34 /web/db/ckeditor/_source/core/htmlparser basicwriter.js
2013.03.16 12:16 B E:\fdmstest.nl Map\fdmstest.nl\db\ckeditor\_source\core\htmlparser\cdata.js --> 212.79.241.34 /web/db/ckeditor/_source/core/htmlparser cdata.js
2013.03.16 12:16 B E:\fdmstest.nl Map\fdmstest.nl\db\ckeditor\_source\core\htmlparser\comment.js --> 212.79.241.34 /web/db/ckeditor/_source/core/htmlparser comment.js
2013.03.16 12:16 B E:\fdmstest.nl Map\fdmstest.nl\db\ckeditor\_source\core\htmlparser\element.js --> 212.79.241.34 /web/db/ckeditor/_source/core/htmlparser element.js
2013.03.16 12:16 B E:\fdmstest.nl Map\fdmstest.nl\db\ckeditor\_source\core\htmlparser\filter.js --> 212.79.241.34 /web/db/ckeditor/_source/core/htmlparser filter.js
2013.03.16 12:16 B E:\fdmstest.nl Map\fdmstest.nl\db\ckeditor\_source\core\htmlparser\fragment.js --> 212.79.241.34 /web/db/ckeditor/_source/core/htmlparser fragment.js
2013.03.16 12:16 B E:\fdmstest.nl Map\fdmstest.nl\db\ckeditor\_source\core\htmlparser\text.js --> 212.79.241.34 /web/db/ckeditor/_source/core/htmlparser text.js
2013.03.23 09:56 B E:\fdmstest.nl Map\fdmstest.nl\db\ckeditor\_source\core\htmlparser\WS_FTP.LOG <-- fdmtest.nl /web/db/ckeditor/_source/core/htmlparser WS_FTP.LOG
2013.03.24 13:43 B E:\fdmstest.nl Map\fdmstest.nl\db\ckeditor\_source\core\htmlparser\basicwriter.js --> dewildeautos.nl /web/db/ckeditor/_source/core/htmlparser basicwriter.js
2013.03.24 13:43 B E:\fdmstest.nl Map\fdmstest.nl\db\ckeditor\_source\core\htmlparser\cdata.js --> dewildeautos.nl /web/db/ckeditor/_source/core/htmlparser cdata.js
2013.03.24 13:43 B E:\fdmstest.nl Map\fdmstest.nl\db\ckeditor\_source\core\htmlparser\comment.js --> dewildeautos.nl /web/db/ckeditor/_source/core/htmlparser comment.js
2013.03.24 13:43 B E:\fdmstest.nl Map\fdmstest.nl\db\ckeditor\_source\core\htmlparser\element.js --> dewildeautos.nl /web/db/ckeditor/_source/core/htmlparser element.js
2013.03.24 13:43 B E:\fdmstest.nl Map\fdmstest.nl\db\ckeditor\_source\core\htmlparser\filter.js --> dewildeautos.nl /web/db/ckeditor/_source/core/htmlparser filter.js
2013.03.24 13:43 B E:\fdmstest.nl Map\fdmstest.nl\db\ckeditor\_source\core\htmlparser\fragment.js --> dewildeautos.nl /web/db/ckeditor/_source/core/htmlparser fragment.js
2013.03.24 13:43 B E:\fdmstest.nl Map\fdmstest.nl\db\ckeditor\_source\core\htmlparser\text.js --> dewildeautos.nl /web/db/ckeditor/_source/core/htmlparser text.js
2013.03.24 13:43 B E:\fdmstest.nl Map\fdmstest.nl\db\ckeditor\_source\core\htmlparser\WS_FTP.LOG --> dewildeautos.nl /web/db/ckeditor/_source/core/htmlparser WS_FTP.LOG
2013.03.25 10:48 B E:\fdmstest.nl Map\fdmstest.nl\db\ckeditor\_source\core\htmlparser\basicwriter.js --> thomassen-autos.nl /web/db/ckeditor/_source/core/htmlparser basicwriter.js
2013.03.25 10:48 B E:\fdmstest.nl Map\fdmstest.nl\db\ckeditor\_source\core\htmlparser\cdata.js --> thomassen-autos.nl /web/db/ckeditor/_source/core/htmlparser cdata.js
2013.03.25 10:48 B E:\fdmstest.nl Map\fdmstest.nl\db\ckeditor\_source\core\htmlparser\comment.js --> thomassen-autos.nl /web/db/ckeditor/_source/core/htmlparser comment.js
2013.03.25 10:48 B E:\fdmstest.nl Map\fdmstest.nl\db\ckeditor\_source\core\htmlparser\element.js --> thomassen-autos.nl /web/db/ckeditor/_source/core/htmlparser element.js
2013.03.25 10:48 B E:\fdmstest.nl Map\fdmstest.nl\db\ckeditor\_source\core\htmlparser\filter.js --> thomassen-autos.nl /web/db/ckeditor/_source/core/htmlparser filter.js
2013.03.25 10:48 B E:\fdmstest.nl Map\fdmstest.nl\db\ckeditor\_source\core\htmlparser\fragment.js --> thomassen-autos.nl /web/db/ckeditor/_source/core/htmlparser fragment.js
2013.03.25 10:48 B E:\fdmstest.nl Map\fdmstest.nl\db\ckeditor\_source\core\htmlparser\text.js --> thomassen-autos.nl /web/db/ckeditor/_source/core/htmlparser text.js
2013.03.25 10:48 B E:\fdmstest.nl Map\fdmstest.nl\db\ckeditor\_source\core\htmlparser\WS_FTP.LOG --> thomassen-autos.nl /web/db/ckeditor/_source/core/htmlparser WS_FTP.LOG
2014.02.25 16:40 B E:\autoadvance2012.nl\db\ckeditor\_source\core\htmlparser\WS_FTP.LOG <-- autoadvance.nl /web/db/ckeditor/_source/core/htmlparser WS_FTP.LOG
