2011.11.17 17:03 B E:\software\ckeditor_3.6.2\ckeditor\_source\plugins\a11yhelp\lang\he.js --> dewildeautos.nl /web/ckeditor/_source/plugins/a11yhelp/lang he.js
2011.11.17 17:03 B E:\software\ckeditor_3.6.2\ckeditor\_source\plugins\a11yhelp\lang\en.js --> dewildeautos.nl /web/ckeditor/_source/plugins/a11yhelp/lang en.js
2011.12.15 13:35 B E:\tijdvoorkwaliteit2011.nl\db\ckeditor\_source\plugins\a11yhelp\lang\WS_FTP.LOG <-- dewildeautos.nl /web/db/ckeditor/_source/plugins/a11yhelp/lang WS_FTP.LOG
2011.12.15 13:55 B E:\tijdvoorkwaliteit2011.nl\db\ckeditor\_source\plugins\a11yhelp\lang\en.js --> tijdvoorkwaliteit.nl /web/db/ckeditor/_source/plugins/a11yhelp/lang en.js
2011.12.15 13:55 B E:\tijdvoorkwaliteit2011.nl\db\ckeditor\_source\plugins\a11yhelp\lang\he.js --> tijdvoorkwaliteit.nl /web/db/ckeditor/_source/plugins/a11yhelp/lang he.js
2012.04.19 13:34 B E:\tilborghs.nl Map\tilborghs.nl\db\ckeditor\_source\plugins\a11yhelp\lang\WS_FTP.LOG <-- tijdvoorkwaliteit.nl /web/db/ckeditor/_source/plugins/a11yhelp/lang WS_FTP.LOG
2012.04.19 13:41 B E:\tilborghs.nl Map\tilborghs.nl\db\ckeditor\_source\plugins\a11yhelp\lang\en.js --> tilborghs.nl /web/db/ckeditor/_source/plugins/a11yhelp/lang en.js
2012.04.19 13:41 B E:\tilborghs.nl Map\tilborghs.nl\db\ckeditor\_source\plugins\a11yhelp\lang\he.js --> tilborghs.nl /web/db/ckeditor/_source/plugins/a11yhelp/lang he.js
2012.04.19 13:41 B E:\tilborghs.nl Map\tilborghs.nl\db\ckeditor\_source\plugins\a11yhelp\lang\WS_FTP.LOG --> tilborghs.nl /web/db/ckeditor/_source/plugins/a11yhelp/lang WS_FTP.LOG
2012.05.08 20:55 B E:\autoadvance2010.nl Map\autoadvance2010.nl\db\ckeditor\_source\plugins\a11yhelp\lang\en.js --> autoadvance.nl /web/db/ckeditor/_source/plugins/a11yhelp/lang en.js
2012.05.08 20:55 B E:\autoadvance2010.nl Map\autoadvance2010.nl\db\ckeditor\_source\plugins\a11yhelp\lang\he.js --> autoadvance.nl /web/db/ckeditor/_source/plugins/a11yhelp/lang he.js
2013.03.16 11:42 B E:\fdmstest.nl Map\fdmstest.nl\db\ckeditor\_source\plugins\a11yhelp\lang\WS_FTP.LOG <-- autoadvance.nl /web/db/ckeditor/_source/plugins/a11yhelp/lang WS_FTP.LOG
2013.03.16 12:17 B E:\fdmstest.nl Map\fdmstest.nl\db\ckeditor\_source\plugins\a11yhelp\lang\en.js --> 212.79.241.34 /web/db/ckeditor/_source/plugins/a11yhelp/lang en.js
2013.03.16 12:17 B E:\fdmstest.nl Map\fdmstest.nl\db\ckeditor\_source\plugins\a11yhelp\lang\he.js --> 212.79.241.34 /web/db/ckeditor/_source/plugins/a11yhelp/lang he.js
2013.03.23 09:56 B E:\fdmstest.nl Map\fdmstest.nl\db\ckeditor\_source\plugins\a11yhelp\lang\WS_FTP.LOG <-- fdmtest.nl /web/db/ckeditor/_source/plugins/a11yhelp/lang WS_FTP.LOG
2013.03.24 13:44 B E:\fdmstest.nl Map\fdmstest.nl\db\ckeditor\_source\plugins\a11yhelp\lang\en.js --> dewildeautos.nl /web/db/ckeditor/_source/plugins/a11yhelp/lang en.js
2013.03.24 13:44 B E:\fdmstest.nl Map\fdmstest.nl\db\ckeditor\_source\plugins\a11yhelp\lang\he.js --> dewildeautos.nl /web/db/ckeditor/_source/plugins/a11yhelp/lang he.js
2013.03.24 13:44 B E:\fdmstest.nl Map\fdmstest.nl\db\ckeditor\_source\plugins\a11yhelp\lang\WS_FTP.LOG --> dewildeautos.nl /web/db/ckeditor/_source/plugins/a11yhelp/lang WS_FTP.LOG
2013.03.25 10:49 B E:\fdmstest.nl Map\fdmstest.nl\db\ckeditor\_source\plugins\a11yhelp\lang\en.js --> thomassen-autos.nl /web/db/ckeditor/_source/plugins/a11yhelp/lang en.js
2013.03.25 10:49 B E:\fdmstest.nl Map\fdmstest.nl\db\ckeditor\_source\plugins\a11yhelp\lang\he.js --> thomassen-autos.nl /web/db/ckeditor/_source/plugins/a11yhelp/lang he.js
2013.03.25 10:49 B E:\fdmstest.nl Map\fdmstest.nl\db\ckeditor\_source\plugins\a11yhelp\lang\WS_FTP.LOG --> thomassen-autos.nl /web/db/ckeditor/_source/plugins/a11yhelp/lang WS_FTP.LOG
2014.02.25 16:41 B E:\autoadvance2012.nl\db\ckeditor\_source\plugins\a11yhelp\lang\WS_FTP.LOG <-- autoadvance.nl /web/db/ckeditor/_source/plugins/a11yhelp/lang WS_FTP.LOG
