2011.11.17 17:08 B E:\software\ckeditor_3.6.2\ckeditor\LICENSE.html --> dewildeautos.nl /web/ckeditor LICENSE.html
2011.11.17 17:08 B E:\software\ckeditor_3.6.2\ckeditor\INSTALL.html --> dewildeautos.nl /web/ckeditor INSTALL.html
2011.11.17 17:08 B E:\software\ckeditor_3.6.2\ckeditor\contents.css --> dewildeautos.nl /web/ckeditor contents.css
2011.11.17 17:08 B E:\software\ckeditor_3.6.2\ckeditor\config.js --> dewildeautos.nl /web/ckeditor config.js
2011.11.17 17:08 B E:\software\ckeditor_3.6.2\ckeditor\ckeditor_source.js --> dewildeautos.nl /web/ckeditor ckeditor_source.js
2011.11.17 17:08 B E:\software\ckeditor_3.6.2\ckeditor\ckeditor_php5.php --> dewildeautos.nl /web/ckeditor ckeditor_php5.php
2011.11.17 17:08 B E:\software\ckeditor_3.6.2\ckeditor\ckeditor_php4.php --> dewildeautos.nl /web/ckeditor ckeditor_php4.php
2011.11.17 17:08 B E:\software\ckeditor_3.6.2\ckeditor\ckeditor_basic_source.js --> dewildeautos.nl /web/ckeditor ckeditor_basic_source.js
2011.11.17 17:08 B E:\software\ckeditor_3.6.2\ckeditor\ckeditor_basic.js --> dewildeautos.nl /web/ckeditor ckeditor_basic.js
2011.11.17 17:08 B E:\software\ckeditor_3.6.2\ckeditor\ckeditor.php --> dewildeautos.nl /web/ckeditor ckeditor.php
2011.11.17 17:08 B E:\software\ckeditor_3.6.2\ckeditor\ckeditor.pack --> dewildeautos.nl /web/ckeditor ckeditor.pack
2011.11.17 17:08 B E:\software\ckeditor_3.6.2\ckeditor\ckeditor.js --> dewildeautos.nl /web/ckeditor ckeditor.js
2011.11.17 17:08 B E:\software\ckeditor_3.6.2\ckeditor\ckeditor.asp --> dewildeautos.nl /web/ckeditor ckeditor.asp
2011.11.17 17:08 B E:\software\ckeditor_3.6.2\ckeditor\CHANGES.html --> dewildeautos.nl /web/ckeditor CHANGES.html
2011.11.17 17:08 B E:\software\ckeditor_3.6.2\ckeditor\.htaccess --> dewildeautos.nl /web/ckeditor .htaccess
2011.12.15 13:39 B E:\tijdvoorkwaliteit2011.nl\db\ckeditor\WS_FTP.LOG <-- dewildeautos.nl /web/db/ckeditor WS_FTP.LOG
2011.12.15 14:03 B E:\tijdvoorkwaliteit2011.nl\db\ckeditor\.htaccess --> tijdvoorkwaliteit.nl /web/db/ckeditor .htaccess
2011.12.15 14:03 B E:\tijdvoorkwaliteit2011.nl\db\ckeditor\CHANGES.html --> tijdvoorkwaliteit.nl /web/db/ckeditor CHANGES.html
2011.12.15 14:03 B E:\tijdvoorkwaliteit2011.nl\db\ckeditor\ckeditor.asp --> tijdvoorkwaliteit.nl /web/db/ckeditor ckeditor.asp
2011.12.15 14:03 B E:\tijdvoorkwaliteit2011.nl\db\ckeditor\ckeditor.js --> tijdvoorkwaliteit.nl /web/db/ckeditor ckeditor.js
2011.12.15 14:03 B E:\tijdvoorkwaliteit2011.nl\db\ckeditor\ckeditor.pack --> tijdvoorkwaliteit.nl /web/db/ckeditor ckeditor.pack
2011.12.15 14:03 B E:\tijdvoorkwaliteit2011.nl\db\ckeditor\ckeditor.php --> tijdvoorkwaliteit.nl /web/db/ckeditor ckeditor.php
2011.12.15 14:03 B E:\tijdvoorkwaliteit2011.nl\db\ckeditor\ckeditor_basic.js --> tijdvoorkwaliteit.nl /web/db/ckeditor ckeditor_basic.js
2011.12.15 14:03 B E:\tijdvoorkwaliteit2011.nl\db\ckeditor\ckeditor_basic_source.js --> tijdvoorkwaliteit.nl /web/db/ckeditor ckeditor_basic_source.js
2011.12.15 14:03 B E:\tijdvoorkwaliteit2011.nl\db\ckeditor\ckeditor_php4.php --> tijdvoorkwaliteit.nl /web/db/ckeditor ckeditor_php4.php
2011.12.15 14:03 B E:\tijdvoorkwaliteit2011.nl\db\ckeditor\ckeditor_php5.php --> tijdvoorkwaliteit.nl /web/db/ckeditor ckeditor_php5.php
2011.12.15 14:03 B E:\tijdvoorkwaliteit2011.nl\db\ckeditor\ckeditor_source.js --> tijdvoorkwaliteit.nl /web/db/ckeditor ckeditor_source.js
2011.12.15 14:03 B E:\tijdvoorkwaliteit2011.nl\db\ckeditor\config.js --> tijdvoorkwaliteit.nl /web/db/ckeditor config.js
2011.12.15 14:03 B E:\tijdvoorkwaliteit2011.nl\db\ckeditor\contents.css --> tijdvoorkwaliteit.nl /web/db/ckeditor contents.css
2011.12.15 14:03 B E:\tijdvoorkwaliteit2011.nl\db\ckeditor\LICENSE.html --> tijdvoorkwaliteit.nl /web/db/ckeditor LICENSE.html
2012.04.19 13:38 B E:\tilborghs.nl Map\tilborghs.nl\db\ckeditor\WS_FTP.LOG <-- tijdvoorkwaliteit.nl /web/db/ckeditor WS_FTP.LOG
2012.04.19 13:55 B E:\tilborghs.nl Map\tilborghs.nl\db\ckeditor\.htaccess --> tilborghs.nl /web/db/ckeditor .htaccess
2012.04.19 13:55 B E:\tilborghs.nl Map\tilborghs.nl\db\ckeditor\CHANGES.html --> tilborghs.nl /web/db/ckeditor CHANGES.html
2012.04.19 13:55 B E:\tilborghs.nl Map\tilborghs.nl\db\ckeditor\ckeditor.asp --> tilborghs.nl /web/db/ckeditor ckeditor.asp
2012.04.19 13:55 B E:\tilborghs.nl Map\tilborghs.nl\db\ckeditor\ckeditor.js --> tilborghs.nl /web/db/ckeditor ckeditor.js
2012.04.19 13:55 B E:\tilborghs.nl Map\tilborghs.nl\db\ckeditor\ckeditor.pack --> tilborghs.nl /web/db/ckeditor ckeditor.pack
2012.04.19 13:55 B E:\tilborghs.nl Map\tilborghs.nl\db\ckeditor\ckeditor.php --> tilborghs.nl /web/db/ckeditor ckeditor.php
2012.04.19 13:55 B E:\tilborghs.nl Map\tilborghs.nl\db\ckeditor\ckeditor_basic.js --> tilborghs.nl /web/db/ckeditor ckeditor_basic.js
2012.04.19 13:55 B E:\tilborghs.nl Map\tilborghs.nl\db\ckeditor\ckeditor_basic_source.js --> tilborghs.nl /web/db/ckeditor ckeditor_basic_source.js
2012.04.19 13:55 B E:\tilborghs.nl Map\tilborghs.nl\db\ckeditor\ckeditor_php4.php --> tilborghs.nl /web/db/ckeditor ckeditor_php4.php
2012.04.19 13:55 B E:\tilborghs.nl Map\tilborghs.nl\db\ckeditor\ckeditor_php5.php --> tilborghs.nl /web/db/ckeditor ckeditor_php5.php
2012.04.19 13:55 B E:\tilborghs.nl Map\tilborghs.nl\db\ckeditor\ckeditor_source.js --> tilborghs.nl /web/db/ckeditor ckeditor_source.js
2012.04.19 13:55 B E:\tilborghs.nl Map\tilborghs.nl\db\ckeditor\config.js --> tilborghs.nl /web/db/ckeditor config.js
2012.04.19 13:55 B E:\tilborghs.nl Map\tilborghs.nl\db\ckeditor\contents.css --> tilborghs.nl /web/db/ckeditor contents.css
2012.04.19 13:55 B E:\tilborghs.nl Map\tilborghs.nl\db\ckeditor\LICENSE.html --> tilborghs.nl /web/db/ckeditor LICENSE.html
2012.04.19 13:55 B E:\tilborghs.nl Map\tilborghs.nl\db\ckeditor\WS_FTP.LOG --> tilborghs.nl /web/db/ckeditor WS_FTP.LOG
2012.05.08 21:04 B E:\autoadvance2010.nl Map\autoadvance2010.nl\db\ckeditor\.htaccess --> autoadvance.nl /web/db/ckeditor .htaccess
2012.05.08 21:04 B E:\autoadvance2010.nl Map\autoadvance2010.nl\db\ckeditor\CHANGES.html --> autoadvance.nl /web/db/ckeditor CHANGES.html
2012.05.08 21:04 B E:\autoadvance2010.nl Map\autoadvance2010.nl\db\ckeditor\ckeditor.asp --> autoadvance.nl /web/db/ckeditor ckeditor.asp
2012.05.08 21:04 B E:\autoadvance2010.nl Map\autoadvance2010.nl\db\ckeditor\ckeditor.js --> autoadvance.nl /web/db/ckeditor ckeditor.js
2012.05.08 21:04 B E:\autoadvance2010.nl Map\autoadvance2010.nl\db\ckeditor\ckeditor.pack --> autoadvance.nl /web/db/ckeditor ckeditor.pack
2012.05.08 21:04 B E:\autoadvance2010.nl Map\autoadvance2010.nl\db\ckeditor\ckeditor.php --> autoadvance.nl /web/db/ckeditor ckeditor.php
2012.05.08 21:04 B E:\autoadvance2010.nl Map\autoadvance2010.nl\db\ckeditor\ckeditor_basic.js --> autoadvance.nl /web/db/ckeditor ckeditor_basic.js
2012.05.08 21:04 B E:\autoadvance2010.nl Map\autoadvance2010.nl\db\ckeditor\ckeditor_basic_source.js --> autoadvance.nl /web/db/ckeditor ckeditor_basic_source.js
2012.05.08 21:04 B E:\autoadvance2010.nl Map\autoadvance2010.nl\db\ckeditor\ckeditor_php4.php --> autoadvance.nl /web/db/ckeditor ckeditor_php4.php
2012.05.08 21:04 B E:\autoadvance2010.nl Map\autoadvance2010.nl\db\ckeditor\ckeditor_php5.php --> autoadvance.nl /web/db/ckeditor ckeditor_php5.php
2012.05.08 21:04 B E:\autoadvance2010.nl Map\autoadvance2010.nl\db\ckeditor\ckeditor_source.js --> autoadvance.nl /web/db/ckeditor ckeditor_source.js
2012.05.08 21:04 B E:\autoadvance2010.nl Map\autoadvance2010.nl\db\ckeditor\config.js --> autoadvance.nl /web/db/ckeditor config.js
2012.05.08 21:04 B E:\autoadvance2010.nl Map\autoadvance2010.nl\db\ckeditor\contents.css --> autoadvance.nl /web/db/ckeditor contents.css
2012.05.08 21:04 B E:\autoadvance2010.nl Map\autoadvance2010.nl\db\ckeditor\LICENSE.html --> autoadvance.nl /web/db/ckeditor LICENSE.html
2013.03.16 11:45 B E:\fdmstest.nl Map\fdmstest.nl\db\ckeditor\WS_FTP.LOG <-- autoadvance.nl /web/db/ckeditor WS_FTP.LOG
2013.03.16 12:26 B E:\fdmstest.nl Map\fdmstest.nl\db\ckeditor\.htaccess --> 212.79.241.34 /web/db/ckeditor .htaccess
2013.03.16 12:26 B E:\fdmstest.nl Map\fdmstest.nl\db\ckeditor\CHANGES.html --> 212.79.241.34 /web/db/ckeditor CHANGES.html
2013.03.16 12:26 B E:\fdmstest.nl Map\fdmstest.nl\db\ckeditor\ckeditor.asp --> 212.79.241.34 /web/db/ckeditor ckeditor.asp
2013.03.16 12:26 B E:\fdmstest.nl Map\fdmstest.nl\db\ckeditor\ckeditor.js --> 212.79.241.34 /web/db/ckeditor ckeditor.js
2013.03.16 12:26 B E:\fdmstest.nl Map\fdmstest.nl\db\ckeditor\ckeditor.pack --> 212.79.241.34 /web/db/ckeditor ckeditor.pack
2013.03.16 12:26 B E:\fdmstest.nl Map\fdmstest.nl\db\ckeditor\ckeditor.php --> 212.79.241.34 /web/db/ckeditor ckeditor.php
2013.03.16 12:26 B E:\fdmstest.nl Map\fdmstest.nl\db\ckeditor\ckeditor_basic.js --> 212.79.241.34 /web/db/ckeditor ckeditor_basic.js
2013.03.16 12:26 B E:\fdmstest.nl Map\fdmstest.nl\db\ckeditor\ckeditor_basic_source.js --> 212.79.241.34 /web/db/ckeditor ckeditor_basic_source.js
2013.03.16 12:26 B E:\fdmstest.nl Map\fdmstest.nl\db\ckeditor\ckeditor_php4.php --> 212.79.241.34 /web/db/ckeditor ckeditor_php4.php
2013.03.16 12:26 B E:\fdmstest.nl Map\fdmstest.nl\db\ckeditor\ckeditor_php5.php --> 212.79.241.34 /web/db/ckeditor ckeditor_php5.php
2013.03.16 12:26 B E:\fdmstest.nl Map\fdmstest.nl\db\ckeditor\ckeditor_source.js --> 212.79.241.34 /web/db/ckeditor ckeditor_source.js
2013.03.16 12:26 B E:\fdmstest.nl Map\fdmstest.nl\db\ckeditor\config.js --> 212.79.241.34 /web/db/ckeditor config.js
2013.03.16 12:26 B E:\fdmstest.nl Map\fdmstest.nl\db\ckeditor\contents.css --> 212.79.241.34 /web/db/ckeditor contents.css
2013.03.16 12:26 B E:\fdmstest.nl Map\fdmstest.nl\db\ckeditor\LICENSE.html --> 212.79.241.34 /web/db/ckeditor LICENSE.html
2013.03.23 09:59 B E:\fdmstest.nl Map\fdmstest.nl\db\ckeditor\WS_FTP.LOG <-- fdmtest.nl /web/db/ckeditor WS_FTP.LOG
2013.03.24 13:54 B E:\fdmstest.nl Map\fdmstest.nl\db\ckeditor\.htaccess --> dewildeautos.nl /web/db/ckeditor .htaccess
2013.03.24 13:54 B E:\fdmstest.nl Map\fdmstest.nl\db\ckeditor\build-config.js --> dewildeautos.nl /web/db/ckeditor build-config.js
2013.03.24 13:54 B E:\fdmstest.nl Map\fdmstest.nl\db\ckeditor\CHANGES.html --> dewildeautos.nl /web/db/ckeditor CHANGES.html
2013.03.24 13:54 B E:\fdmstest.nl Map\fdmstest.nl\db\ckeditor\CHANGES.md --> dewildeautos.nl /web/db/ckeditor CHANGES.md
2013.03.24 13:54 B E:\fdmstest.nl Map\fdmstest.nl\db\ckeditor\ckeditor.asp --> dewildeautos.nl /web/db/ckeditor ckeditor.asp
2013.03.24 13:54 B E:\fdmstest.nl Map\fdmstest.nl\db\ckeditor\ckeditor.js --> dewildeautos.nl /web/db/ckeditor ckeditor.js
2013.03.24 13:54 B E:\fdmstest.nl Map\fdmstest.nl\db\ckeditor\ckeditor.pack --> dewildeautos.nl /web/db/ckeditor ckeditor.pack
2013.03.24 13:54 B E:\fdmstest.nl Map\fdmstest.nl\db\ckeditor\ckeditor.php --> dewildeautos.nl /web/db/ckeditor ckeditor.php
2013.03.24 13:54 B E:\fdmstest.nl Map\fdmstest.nl\db\ckeditor\ckeditor_basic.js --> dewildeautos.nl /web/db/ckeditor ckeditor_basic.js
2013.03.24 13:54 B E:\fdmstest.nl Map\fdmstest.nl\db\ckeditor\ckeditor_basic_source.js --> dewildeautos.nl /web/db/ckeditor ckeditor_basic_source.js
2013.03.24 13:54 B E:\fdmstest.nl Map\fdmstest.nl\db\ckeditor\ckeditor_php4.php --> dewildeautos.nl /web/db/ckeditor ckeditor_php4.php
2013.03.24 13:54 B E:\fdmstest.nl Map\fdmstest.nl\db\ckeditor\ckeditor_php5.php --> dewildeautos.nl /web/db/ckeditor ckeditor_php5.php
2013.03.24 13:54 B E:\fdmstest.nl Map\fdmstest.nl\db\ckeditor\ckeditor_source.js --> dewildeautos.nl /web/db/ckeditor ckeditor_source.js
2013.03.24 13:54 B E:\fdmstest.nl Map\fdmstest.nl\db\ckeditor\config.js --> dewildeautos.nl /web/db/ckeditor config.js
2013.03.24 13:54 B E:\fdmstest.nl Map\fdmstest.nl\db\ckeditor\contents.css --> dewildeautos.nl /web/db/ckeditor contents.css
2013.03.24 13:54 B E:\fdmstest.nl Map\fdmstest.nl\db\ckeditor\LICENSE.html --> dewildeautos.nl /web/db/ckeditor LICENSE.html
2013.03.24 13:54 B E:\fdmstest.nl Map\fdmstest.nl\db\ckeditor\LICENSE.md --> dewildeautos.nl /web/db/ckeditor LICENSE.md
2013.03.24 13:54 B E:\fdmstest.nl Map\fdmstest.nl\db\ckeditor\README.md --> dewildeautos.nl /web/db/ckeditor README.md
2013.03.24 13:54 B E:\fdmstest.nl Map\fdmstest.nl\db\ckeditor\styles.js --> dewildeautos.nl /web/db/ckeditor styles.js
2013.03.24 13:54 B E:\fdmstest.nl Map\fdmstest.nl\db\ckeditor\WS_FTP.LOG --> dewildeautos.nl /web/db/ckeditor WS_FTP.LOG
2013.03.25 10:59 B E:\fdmstest.nl Map\fdmstest.nl\db\ckeditor\.htaccess --> thomassen-autos.nl /web/db/ckeditor .htaccess
2013.03.25 10:59 B E:\fdmstest.nl Map\fdmstest.nl\db\ckeditor\build-config.js --> thomassen-autos.nl /web/db/ckeditor build-config.js
2013.03.25 10:59 B E:\fdmstest.nl Map\fdmstest.nl\db\ckeditor\CHANGES.html --> thomassen-autos.nl /web/db/ckeditor CHANGES.html
2013.03.25 10:59 B E:\fdmstest.nl Map\fdmstest.nl\db\ckeditor\CHANGES.md --> thomassen-autos.nl /web/db/ckeditor CHANGES.md
2013.03.25 10:59 B E:\fdmstest.nl Map\fdmstest.nl\db\ckeditor\ckeditor.asp --> thomassen-autos.nl /web/db/ckeditor ckeditor.asp
2013.03.25 10:59 B E:\fdmstest.nl Map\fdmstest.nl\db\ckeditor\ckeditor.js --> thomassen-autos.nl /web/db/ckeditor ckeditor.js
2013.03.25 10:59 B E:\fdmstest.nl Map\fdmstest.nl\db\ckeditor\ckeditor.pack --> thomassen-autos.nl /web/db/ckeditor ckeditor.pack
2013.03.25 10:59 B E:\fdmstest.nl Map\fdmstest.nl\db\ckeditor\ckeditor.php --> thomassen-autos.nl /web/db/ckeditor ckeditor.php
2013.03.25 10:59 B E:\fdmstest.nl Map\fdmstest.nl\db\ckeditor\ckeditor_basic.js --> thomassen-autos.nl /web/db/ckeditor ckeditor_basic.js
2013.03.25 10:59 B E:\fdmstest.nl Map\fdmstest.nl\db\ckeditor\ckeditor_basic_source.js --> thomassen-autos.nl /web/db/ckeditor ckeditor_basic_source.js
2013.03.25 10:59 B E:\fdmstest.nl Map\fdmstest.nl\db\ckeditor\ckeditor_php4.php --> thomassen-autos.nl /web/db/ckeditor ckeditor_php4.php
2013.03.25 10:59 B E:\fdmstest.nl Map\fdmstest.nl\db\ckeditor\ckeditor_php5.php --> thomassen-autos.nl /web/db/ckeditor ckeditor_php5.php
2013.03.25 10:59 B E:\fdmstest.nl Map\fdmstest.nl\db\ckeditor\ckeditor_source.js --> thomassen-autos.nl /web/db/ckeditor ckeditor_source.js
2013.03.25 10:59 B E:\fdmstest.nl Map\fdmstest.nl\db\ckeditor\config.js --> thomassen-autos.nl /web/db/ckeditor config.js
2013.03.25 10:59 B E:\fdmstest.nl Map\fdmstest.nl\db\ckeditor\contents.css --> thomassen-autos.nl /web/db/ckeditor contents.css
2013.03.25 10:59 B E:\fdmstest.nl Map\fdmstest.nl\db\ckeditor\LICENSE.html --> thomassen-autos.nl /web/db/ckeditor LICENSE.html
2013.03.25 10:59 B E:\fdmstest.nl Map\fdmstest.nl\db\ckeditor\LICENSE.md --> thomassen-autos.nl /web/db/ckeditor LICENSE.md
2013.03.25 10:59 B E:\fdmstest.nl Map\fdmstest.nl\db\ckeditor\README.md --> thomassen-autos.nl /web/db/ckeditor README.md
2013.03.25 10:59 B E:\fdmstest.nl Map\fdmstest.nl\db\ckeditor\styles.js --> thomassen-autos.nl /web/db/ckeditor styles.js
2013.03.25 10:59 B E:\fdmstest.nl Map\fdmstest.nl\db\ckeditor\WS_FTP.LOG --> thomassen-autos.nl /web/db/ckeditor WS_FTP.LOG
2014.02.25 16:53 B E:\autoadvance2012.nl\db\ckeditor\WS_FTP.LOG <-- autoadvance.nl /web/db/ckeditor WS_FTP.LOG
