2011.11.17 16:58 B E:\software\ckeditor_3.6.2\ckeditor\_source\skins\kama\images\toolbar_start.gif --> dewildeautos.nl /web/ckeditor/_source/skins/kama/images toolbar_start.gif
2011.11.17 16:58 B E:\software\ckeditor_3.6.2\ckeditor\_source\skins\kama\images\sprites_ie6.png --> dewildeautos.nl /web/ckeditor/_source/skins/kama/images sprites_ie6.png
2011.11.17 16:58 B E:\software\ckeditor_3.6.2\ckeditor\_source\skins\kama\images\sprites.png --> dewildeautos.nl /web/ckeditor/_source/skins/kama/images sprites.png
2011.11.17 16:58 B E:\software\ckeditor_3.6.2\ckeditor\_source\skins\kama\images\noimage.png --> dewildeautos.nl /web/ckeditor/_source/skins/kama/images noimage.png
2011.11.17 16:58 B E:\software\ckeditor_3.6.2\ckeditor\_source\skins\kama\images\mini.gif --> dewildeautos.nl /web/ckeditor/_source/skins/kama/images mini.gif
2011.11.17 16:58 B E:\software\ckeditor_3.6.2\ckeditor\_source\skins\kama\images\dialog_sides_rtl.png --> dewildeautos.nl /web/ckeditor/_source/skins/kama/images dialog_sides_rtl.png
2011.11.17 16:58 B E:\software\ckeditor_3.6.2\ckeditor\_source\skins\kama\images\dialog_sides.png --> dewildeautos.nl /web/ckeditor/_source/skins/kama/images dialog_sides.png
2011.11.17 16:58 B E:\software\ckeditor_3.6.2\ckeditor\_source\skins\kama\images\dialog_sides.gif --> dewildeautos.nl /web/ckeditor/_source/skins/kama/images dialog_sides.gif
2011.12.15 13:37 B E:\tijdvoorkwaliteit2011.nl\db\ckeditor\_source\skins\kama\images\WS_FTP.LOG <-- dewildeautos.nl /web/db/ckeditor/_source/skins/kama/images WS_FTP.LOG
2011.12.15 13:59 B E:\tijdvoorkwaliteit2011.nl\db\ckeditor\_source\skins\kama\images\dialog_sides.gif --> tijdvoorkwaliteit.nl /web/db/ckeditor/_source/skins/kama/images dialog_sides.gif
2011.12.15 13:59 B E:\tijdvoorkwaliteit2011.nl\db\ckeditor\_source\skins\kama\images\dialog_sides.png --> tijdvoorkwaliteit.nl /web/db/ckeditor/_source/skins/kama/images dialog_sides.png
2011.12.15 13:59 B E:\tijdvoorkwaliteit2011.nl\db\ckeditor\_source\skins\kama\images\dialog_sides_rtl.png --> tijdvoorkwaliteit.nl /web/db/ckeditor/_source/skins/kama/images dialog_sides_rtl.png
2011.12.15 13:59 B E:\tijdvoorkwaliteit2011.nl\db\ckeditor\_source\skins\kama\images\mini.gif --> tijdvoorkwaliteit.nl /web/db/ckeditor/_source/skins/kama/images mini.gif
2011.12.15 13:59 B E:\tijdvoorkwaliteit2011.nl\db\ckeditor\_source\skins\kama\images\noimage.png --> tijdvoorkwaliteit.nl /web/db/ckeditor/_source/skins/kama/images noimage.png
2011.12.15 13:59 B E:\tijdvoorkwaliteit2011.nl\db\ckeditor\_source\skins\kama\images\sprites.png --> tijdvoorkwaliteit.nl /web/db/ckeditor/_source/skins/kama/images sprites.png
2011.12.15 13:59 B E:\tijdvoorkwaliteit2011.nl\db\ckeditor\_source\skins\kama\images\sprites_ie6.png --> tijdvoorkwaliteit.nl /web/db/ckeditor/_source/skins/kama/images sprites_ie6.png
2011.12.15 13:59 B E:\tijdvoorkwaliteit2011.nl\db\ckeditor\_source\skins\kama\images\toolbar_start.gif --> tijdvoorkwaliteit.nl /web/db/ckeditor/_source/skins/kama/images toolbar_start.gif
2012.04.19 13:36 B E:\tilborghs.nl Map\tilborghs.nl\db\ckeditor\_source\skins\kama\images\WS_FTP.LOG <-- tijdvoorkwaliteit.nl /web/db/ckeditor/_source/skins/kama/images WS_FTP.LOG
2012.04.19 13:45 B E:\tilborghs.nl Map\tilborghs.nl\db\ckeditor\_source\skins\kama\images\dialog_sides.gif --> tilborghs.nl /web/db/ckeditor/_source/skins/kama/images dialog_sides.gif
2012.04.19 13:45 B E:\tilborghs.nl Map\tilborghs.nl\db\ckeditor\_source\skins\kama\images\dialog_sides.png --> tilborghs.nl /web/db/ckeditor/_source/skins/kama/images dialog_sides.png
2012.04.19 13:46 B E:\tilborghs.nl Map\tilborghs.nl\db\ckeditor\_source\skins\kama\images\dialog_sides_rtl.png --> tilborghs.nl /web/db/ckeditor/_source/skins/kama/images dialog_sides_rtl.png
2012.04.19 13:46 B E:\tilborghs.nl Map\tilborghs.nl\db\ckeditor\_source\skins\kama\images\mini.gif --> tilborghs.nl /web/db/ckeditor/_source/skins/kama/images mini.gif
2012.04.19 13:46 B E:\tilborghs.nl Map\tilborghs.nl\db\ckeditor\_source\skins\kama\images\noimage.png --> tilborghs.nl /web/db/ckeditor/_source/skins/kama/images noimage.png
2012.04.19 13:46 B E:\tilborghs.nl Map\tilborghs.nl\db\ckeditor\_source\skins\kama\images\sprites.png --> tilborghs.nl /web/db/ckeditor/_source/skins/kama/images sprites.png
2012.04.19 13:46 B E:\tilborghs.nl Map\tilborghs.nl\db\ckeditor\_source\skins\kama\images\sprites_ie6.png --> tilborghs.nl /web/db/ckeditor/_source/skins/kama/images sprites_ie6.png
2012.04.19 13:46 B E:\tilborghs.nl Map\tilborghs.nl\db\ckeditor\_source\skins\kama\images\toolbar_start.gif --> tilborghs.nl /web/db/ckeditor/_source/skins/kama/images toolbar_start.gif
2012.04.19 13:46 B E:\tilborghs.nl Map\tilborghs.nl\db\ckeditor\_source\skins\kama\images\WS_FTP.LOG --> tilborghs.nl /web/db/ckeditor/_source/skins/kama/images WS_FTP.LOG
2012.05.08 20:59 B E:\autoadvance2010.nl Map\autoadvance2010.nl\db\ckeditor\_source\skins\kama\images\dialog_sides.gif --> autoadvance.nl /web/db/ckeditor/_source/skins/kama/images dialog_sides.gif
2012.05.08 20:59 B E:\autoadvance2010.nl Map\autoadvance2010.nl\db\ckeditor\_source\skins\kama\images\dialog_sides.png --> autoadvance.nl /web/db/ckeditor/_source/skins/kama/images dialog_sides.png
2012.05.08 20:59 B E:\autoadvance2010.nl Map\autoadvance2010.nl\db\ckeditor\_source\skins\kama\images\dialog_sides_rtl.png --> autoadvance.nl /web/db/ckeditor/_source/skins/kama/images dialog_sides_rtl.png
2012.05.08 20:59 B E:\autoadvance2010.nl Map\autoadvance2010.nl\db\ckeditor\_source\skins\kama\images\mini.gif --> autoadvance.nl /web/db/ckeditor/_source/skins/kama/images mini.gif
2012.05.08 20:59 B E:\autoadvance2010.nl Map\autoadvance2010.nl\db\ckeditor\_source\skins\kama\images\noimage.png --> autoadvance.nl /web/db/ckeditor/_source/skins/kama/images noimage.png
2012.05.08 20:59 B E:\autoadvance2010.nl Map\autoadvance2010.nl\db\ckeditor\_source\skins\kama\images\sprites.png --> autoadvance.nl /web/db/ckeditor/_source/skins/kama/images sprites.png
2012.05.08 20:59 B E:\autoadvance2010.nl Map\autoadvance2010.nl\db\ckeditor\_source\skins\kama\images\sprites_ie6.png --> autoadvance.nl /web/db/ckeditor/_source/skins/kama/images sprites_ie6.png
2012.05.08 20:59 B E:\autoadvance2010.nl Map\autoadvance2010.nl\db\ckeditor\_source\skins\kama\images\toolbar_start.gif --> autoadvance.nl /web/db/ckeditor/_source/skins/kama/images toolbar_start.gif
2013.03.16 11:44 B E:\fdmstest.nl Map\fdmstest.nl\db\ckeditor\_source\skins\kama\images\WS_FTP.LOG <-- autoadvance.nl /web/db/ckeditor/_source/skins/kama/images WS_FTP.LOG
2013.03.16 12:22 B E:\fdmstest.nl Map\fdmstest.nl\db\ckeditor\_source\skins\kama\images\dialog_sides.gif --> 212.79.241.34 /web/db/ckeditor/_source/skins/kama/images dialog_sides.gif
2013.03.16 12:22 B E:\fdmstest.nl Map\fdmstest.nl\db\ckeditor\_source\skins\kama\images\dialog_sides.png --> 212.79.241.34 /web/db/ckeditor/_source/skins/kama/images dialog_sides.png
2013.03.16 12:22 B E:\fdmstest.nl Map\fdmstest.nl\db\ckeditor\_source\skins\kama\images\dialog_sides_rtl.png --> 212.79.241.34 /web/db/ckeditor/_source/skins/kama/images dialog_sides_rtl.png
2013.03.16 12:22 B E:\fdmstest.nl Map\fdmstest.nl\db\ckeditor\_source\skins\kama\images\mini.gif --> 212.79.241.34 /web/db/ckeditor/_source/skins/kama/images mini.gif
2013.03.16 12:22 B E:\fdmstest.nl Map\fdmstest.nl\db\ckeditor\_source\skins\kama\images\noimage.png --> 212.79.241.34 /web/db/ckeditor/_source/skins/kama/images noimage.png
2013.03.16 12:22 B E:\fdmstest.nl Map\fdmstest.nl\db\ckeditor\_source\skins\kama\images\sprites.png --> 212.79.241.34 /web/db/ckeditor/_source/skins/kama/images sprites.png
2013.03.16 12:22 B E:\fdmstest.nl Map\fdmstest.nl\db\ckeditor\_source\skins\kama\images\sprites_ie6.png --> 212.79.241.34 /web/db/ckeditor/_source/skins/kama/images sprites_ie6.png
2013.03.16 12:22 B E:\fdmstest.nl Map\fdmstest.nl\db\ckeditor\_source\skins\kama\images\toolbar_start.gif --> 212.79.241.34 /web/db/ckeditor/_source/skins/kama/images toolbar_start.gif
2013.03.23 09:57 B E:\fdmstest.nl Map\fdmstest.nl\db\ckeditor\_source\skins\kama\images\WS_FTP.LOG <-- fdmtest.nl /web/db/ckeditor/_source/skins/kama/images WS_FTP.LOG
2013.03.24 13:47 B E:\fdmstest.nl Map\fdmstest.nl\db\ckeditor\_source\skins\kama\images\dialog_sides.gif --> dewildeautos.nl /web/db/ckeditor/_source/skins/kama/images dialog_sides.gif
2013.03.24 13:47 B E:\fdmstest.nl Map\fdmstest.nl\db\ckeditor\_source\skins\kama\images\dialog_sides.png --> dewildeautos.nl /web/db/ckeditor/_source/skins/kama/images dialog_sides.png
2013.03.24 13:47 B E:\fdmstest.nl Map\fdmstest.nl\db\ckeditor\_source\skins\kama\images\dialog_sides_rtl.png --> dewildeautos.nl /web/db/ckeditor/_source/skins/kama/images dialog_sides_rtl.png
2013.03.24 13:47 B E:\fdmstest.nl Map\fdmstest.nl\db\ckeditor\_source\skins\kama\images\mini.gif --> dewildeautos.nl /web/db/ckeditor/_source/skins/kama/images mini.gif
2013.03.24 13:47 B E:\fdmstest.nl Map\fdmstest.nl\db\ckeditor\_source\skins\kama\images\noimage.png --> dewildeautos.nl /web/db/ckeditor/_source/skins/kama/images noimage.png
2013.03.24 13:48 B E:\fdmstest.nl Map\fdmstest.nl\db\ckeditor\_source\skins\kama\images\sprites.png --> dewildeautos.nl /web/db/ckeditor/_source/skins/kama/images sprites.png
2013.03.24 13:48 B E:\fdmstest.nl Map\fdmstest.nl\db\ckeditor\_source\skins\kama\images\sprites_ie6.png --> dewildeautos.nl /web/db/ckeditor/_source/skins/kama/images sprites_ie6.png
2013.03.24 13:48 B E:\fdmstest.nl Map\fdmstest.nl\db\ckeditor\_source\skins\kama\images\toolbar_start.gif --> dewildeautos.nl /web/db/ckeditor/_source/skins/kama/images toolbar_start.gif
2013.03.24 13:48 B E:\fdmstest.nl Map\fdmstest.nl\db\ckeditor\_source\skins\kama\images\WS_FTP.LOG --> dewildeautos.nl /web/db/ckeditor/_source/skins/kama/images WS_FTP.LOG
2013.03.25 10:53 B E:\fdmstest.nl Map\fdmstest.nl\db\ckeditor\_source\skins\kama\images\dialog_sides.gif --> thomassen-autos.nl /web/db/ckeditor/_source/skins/kama/images dialog_sides.gif
2013.03.25 10:53 B E:\fdmstest.nl Map\fdmstest.nl\db\ckeditor\_source\skins\kama\images\dialog_sides.png --> thomassen-autos.nl /web/db/ckeditor/_source/skins/kama/images dialog_sides.png
2013.03.25 10:53 B E:\fdmstest.nl Map\fdmstest.nl\db\ckeditor\_source\skins\kama\images\dialog_sides_rtl.png --> thomassen-autos.nl /web/db/ckeditor/_source/skins/kama/images dialog_sides_rtl.png
2013.03.25 10:53 B E:\fdmstest.nl Map\fdmstest.nl\db\ckeditor\_source\skins\kama\images\mini.gif --> thomassen-autos.nl /web/db/ckeditor/_source/skins/kama/images mini.gif
2013.03.25 10:53 B E:\fdmstest.nl Map\fdmstest.nl\db\ckeditor\_source\skins\kama\images\noimage.png --> thomassen-autos.nl /web/db/ckeditor/_source/skins/kama/images noimage.png
2013.03.25 10:53 B E:\fdmstest.nl Map\fdmstest.nl\db\ckeditor\_source\skins\kama\images\sprites.png --> thomassen-autos.nl /web/db/ckeditor/_source/skins/kama/images sprites.png
2013.03.25 10:53 B E:\fdmstest.nl Map\fdmstest.nl\db\ckeditor\_source\skins\kama\images\sprites_ie6.png --> thomassen-autos.nl /web/db/ckeditor/_source/skins/kama/images sprites_ie6.png
2013.03.25 10:53 B E:\fdmstest.nl Map\fdmstest.nl\db\ckeditor\_source\skins\kama\images\toolbar_start.gif --> thomassen-autos.nl /web/db/ckeditor/_source/skins/kama/images toolbar_start.gif
2013.03.25 10:53 B E:\fdmstest.nl Map\fdmstest.nl\db\ckeditor\_source\skins\kama\images\WS_FTP.LOG --> thomassen-autos.nl /web/db/ckeditor/_source/skins/kama/images WS_FTP.LOG
2014.02.25 16:45 B E:\autoadvance2012.nl\db\ckeditor\_source\skins\kama\images\WS_FTP.LOG <-- autoadvance.nl /web/db/ckeditor/_source/skins/kama/images WS_FTP.LOG
