2011.11.17 19:05 B E:\dewildeautos11.nl Map\dewildeautos11.nl\db\ckeditor\_samples\ajax.html <-- dewildeautos.nl /web/ckeditor/_samples ajax.html
2011.11.17 19:05 B E:\dewildeautos11.nl Map\dewildeautos11.nl\db\ckeditor\_samples\api.html <-- dewildeautos.nl /web/ckeditor/_samples api.html
2011.11.17 19:05 B E:\dewildeautos11.nl Map\dewildeautos11.nl\db\ckeditor\_samples\api_dialog.html <-- dewildeautos.nl /web/ckeditor/_samples api_dialog.html
2011.11.17 19:05 B E:\dewildeautos11.nl Map\dewildeautos11.nl\db\ckeditor\_samples\autogrow.html <-- dewildeautos.nl /web/ckeditor/_samples autogrow.html
2011.11.17 19:05 B E:\dewildeautos11.nl Map\dewildeautos11.nl\db\ckeditor\_samples\bbcode.html <-- dewildeautos.nl /web/ckeditor/_samples bbcode.html
2011.11.17 19:05 B E:\dewildeautos11.nl Map\dewildeautos11.nl\db\ckeditor\_samples\devtools.html <-- dewildeautos.nl /web/ckeditor/_samples devtools.html
2011.11.17 19:05 B E:\dewildeautos11.nl Map\dewildeautos11.nl\db\ckeditor\_samples\divreplace.html <-- dewildeautos.nl /web/ckeditor/_samples divreplace.html
2011.11.17 19:05 B E:\dewildeautos11.nl Map\dewildeautos11.nl\db\ckeditor\_samples\enterkey.html <-- dewildeautos.nl /web/ckeditor/_samples enterkey.html
2011.11.17 19:05 B E:\dewildeautos11.nl Map\dewildeautos11.nl\db\ckeditor\_samples\fullpage.html <-- dewildeautos.nl /web/ckeditor/_samples fullpage.html
2011.11.17 19:05 B E:\dewildeautos11.nl Map\dewildeautos11.nl\db\ckeditor\_samples\index.html <-- dewildeautos.nl /web/ckeditor/_samples index.html
2011.11.17 19:05 B E:\dewildeautos11.nl Map\dewildeautos11.nl\db\ckeditor\_samples\jqueryadapter.html <-- dewildeautos.nl /web/ckeditor/_samples jqueryadapter.html
2011.11.17 19:05 B E:\dewildeautos11.nl Map\dewildeautos11.nl\db\ckeditor\_samples\output_for_flash.html <-- dewildeautos.nl /web/ckeditor/_samples output_for_flash.html
2011.11.17 19:05 B E:\dewildeautos11.nl Map\dewildeautos11.nl\db\ckeditor\_samples\output_html.html <-- dewildeautos.nl /web/ckeditor/_samples output_html.html
2011.11.17 19:05 B E:\dewildeautos11.nl Map\dewildeautos11.nl\db\ckeditor\_samples\output_xhtml.html <-- dewildeautos.nl /web/ckeditor/_samples output_xhtml.html
2011.11.17 19:05 B E:\dewildeautos11.nl Map\dewildeautos11.nl\db\ckeditor\_samples\placeholder.html <-- dewildeautos.nl /web/ckeditor/_samples placeholder.html
2011.11.17 19:05 B E:\dewildeautos11.nl Map\dewildeautos11.nl\db\ckeditor\_samples\readonly.html <-- dewildeautos.nl /web/ckeditor/_samples readonly.html
2011.11.17 19:05 B E:\dewildeautos11.nl Map\dewildeautos11.nl\db\ckeditor\_samples\replacebyclass.html <-- dewildeautos.nl /web/ckeditor/_samples replacebyclass.html
2011.11.17 19:05 B E:\dewildeautos11.nl Map\dewildeautos11.nl\db\ckeditor\_samples\replacebycode.html <-- dewildeautos.nl /web/ckeditor/_samples replacebycode.html
2011.11.17 19:05 B E:\dewildeautos11.nl Map\dewildeautos11.nl\db\ckeditor\_samples\sample.css <-- dewildeautos.nl /web/ckeditor/_samples sample.css
2011.11.17 19:05 B E:\dewildeautos11.nl Map\dewildeautos11.nl\db\ckeditor\_samples\sample.js <-- dewildeautos.nl /web/ckeditor/_samples sample.js
2011.11.17 19:05 B E:\dewildeautos11.nl Map\dewildeautos11.nl\db\ckeditor\_samples\sample_posteddata.php <-- dewildeautos.nl /web/ckeditor/_samples sample_posteddata.php
2011.11.17 19:05 B E:\dewildeautos11.nl Map\dewildeautos11.nl\db\ckeditor\_samples\sharedspaces.html <-- dewildeautos.nl /web/ckeditor/_samples sharedspaces.html
2011.11.17 19:05 B E:\dewildeautos11.nl Map\dewildeautos11.nl\db\ckeditor\_samples\skins.html <-- dewildeautos.nl /web/ckeditor/_samples skins.html
2011.11.17 19:05 B E:\dewildeautos11.nl Map\dewildeautos11.nl\db\ckeditor\_samples\stylesheetparser.html <-- dewildeautos.nl /web/ckeditor/_samples stylesheetparser.html
2011.11.17 19:05 B E:\dewildeautos11.nl Map\dewildeautos11.nl\db\ckeditor\_samples\tableresize.html <-- dewildeautos.nl /web/ckeditor/_samples tableresize.html
2011.11.17 19:05 B E:\dewildeautos11.nl Map\dewildeautos11.nl\db\ckeditor\_samples\ui_color.html <-- dewildeautos.nl /web/ckeditor/_samples ui_color.html
2011.11.17 19:05 B E:\dewildeautos11.nl Map\dewildeautos11.nl\db\ckeditor\_samples\ui_languages.html <-- dewildeautos.nl /web/ckeditor/_samples ui_languages.html
2012.04.27 13:37 B E:\vanaerleautos.nl\db\ckeditor\_samples\ajax.html --> www.vanaerleautos.nl /web/db/ckeditor/_samples ajax.html
2012.04.27 13:37 B E:\vanaerleautos.nl\db\ckeditor\_samples\api.html --> www.vanaerleautos.nl /web/db/ckeditor/_samples api.html
2012.04.27 13:37 B E:\vanaerleautos.nl\db\ckeditor\_samples\api_dialog.html --> www.vanaerleautos.nl /web/db/ckeditor/_samples api_dialog.html
2012.04.27 13:37 B E:\vanaerleautos.nl\db\ckeditor\_samples\autogrow.html --> www.vanaerleautos.nl /web/db/ckeditor/_samples autogrow.html
2012.04.27 13:37 B E:\vanaerleautos.nl\db\ckeditor\_samples\bbcode.html --> www.vanaerleautos.nl /web/db/ckeditor/_samples bbcode.html
2012.04.27 13:37 B E:\vanaerleautos.nl\db\ckeditor\_samples\devtools.html --> www.vanaerleautos.nl /web/db/ckeditor/_samples devtools.html
2012.04.27 13:37 B E:\vanaerleautos.nl\db\ckeditor\_samples\divreplace.html --> www.vanaerleautos.nl /web/db/ckeditor/_samples divreplace.html
2012.04.27 13:37 B E:\vanaerleautos.nl\db\ckeditor\_samples\enterkey.html --> www.vanaerleautos.nl /web/db/ckeditor/_samples enterkey.html
2012.04.27 13:37 B E:\vanaerleautos.nl\db\ckeditor\_samples\fullpage.html --> www.vanaerleautos.nl /web/db/ckeditor/_samples fullpage.html
2012.04.27 13:37 B E:\vanaerleautos.nl\db\ckeditor\_samples\index.html --> www.vanaerleautos.nl /web/db/ckeditor/_samples index.html
2012.04.27 13:37 B E:\vanaerleautos.nl\db\ckeditor\_samples\jqueryadapter.html --> www.vanaerleautos.nl /web/db/ckeditor/_samples jqueryadapter.html
2012.04.27 13:37 B E:\vanaerleautos.nl\db\ckeditor\_samples\output_for_flash.html --> www.vanaerleautos.nl /web/db/ckeditor/_samples output_for_flash.html
2012.04.27 13:37 B E:\vanaerleautos.nl\db\ckeditor\_samples\output_html.html --> www.vanaerleautos.nl /web/db/ckeditor/_samples output_html.html
2012.04.27 13:37 B E:\vanaerleautos.nl\db\ckeditor\_samples\output_xhtml.html --> www.vanaerleautos.nl /web/db/ckeditor/_samples output_xhtml.html
2012.04.27 13:37 B E:\vanaerleautos.nl\db\ckeditor\_samples\placeholder.html --> www.vanaerleautos.nl /web/db/ckeditor/_samples placeholder.html
2012.04.27 13:37 B E:\vanaerleautos.nl\db\ckeditor\_samples\readonly.html --> www.vanaerleautos.nl /web/db/ckeditor/_samples readonly.html
2012.04.27 13:37 B E:\vanaerleautos.nl\db\ckeditor\_samples\replacebyclass.html --> www.vanaerleautos.nl /web/db/ckeditor/_samples replacebyclass.html
2012.04.27 13:37 B E:\vanaerleautos.nl\db\ckeditor\_samples\replacebycode.html --> www.vanaerleautos.nl /web/db/ckeditor/_samples replacebycode.html
2012.04.27 13:37 B E:\vanaerleautos.nl\db\ckeditor\_samples\sample.css --> www.vanaerleautos.nl /web/db/ckeditor/_samples sample.css
2012.04.27 13:37 B E:\vanaerleautos.nl\db\ckeditor\_samples\sample.js --> www.vanaerleautos.nl /web/db/ckeditor/_samples sample.js
2012.04.27 13:37 B E:\vanaerleautos.nl\db\ckeditor\_samples\sample_posteddata.php --> www.vanaerleautos.nl /web/db/ckeditor/_samples sample_posteddata.php
2012.04.27 13:37 B E:\vanaerleautos.nl\db\ckeditor\_samples\sharedspaces.html --> www.vanaerleautos.nl /web/db/ckeditor/_samples sharedspaces.html
2012.04.27 13:37 B E:\vanaerleautos.nl\db\ckeditor\_samples\skins.html --> www.vanaerleautos.nl /web/db/ckeditor/_samples skins.html
2012.04.27 13:38 B E:\vanaerleautos.nl\db\ckeditor\_samples\stylesheetparser.html --> www.vanaerleautos.nl /web/db/ckeditor/_samples stylesheetparser.html
2012.04.27 13:38 B E:\vanaerleautos.nl\db\ckeditor\_samples\tableresize.html --> www.vanaerleautos.nl /web/db/ckeditor/_samples tableresize.html
2012.04.27 13:38 B E:\vanaerleautos.nl\db\ckeditor\_samples\ui_color.html --> www.vanaerleautos.nl /web/db/ckeditor/_samples ui_color.html
2012.04.27 13:38 B E:\vanaerleautos.nl\db\ckeditor\_samples\ui_languages.html --> www.vanaerleautos.nl /web/db/ckeditor/_samples ui_languages.html
2012.04.27 13:38 B E:\vanaerleautos.nl\db\ckeditor\_samples\WS_FTP.LOG --> www.vanaerleautos.nl /web/db/ckeditor/_samples WS_FTP.LOG
2012.05.08 20:53 B E:\autoadvance2010.nl Map\autoadvance2010.nl\db\ckeditor\_samples\ajax.html --> autoadvance.nl /web/db/ckeditor/_samples ajax.html
2012.05.08 20:53 B E:\autoadvance2010.nl Map\autoadvance2010.nl\db\ckeditor\_samples\api.html --> autoadvance.nl /web/db/ckeditor/_samples api.html
2012.05.08 20:53 B E:\autoadvance2010.nl Map\autoadvance2010.nl\db\ckeditor\_samples\api_dialog.html --> autoadvance.nl /web/db/ckeditor/_samples api_dialog.html
2012.05.08 20:53 B E:\autoadvance2010.nl Map\autoadvance2010.nl\db\ckeditor\_samples\autogrow.html --> autoadvance.nl /web/db/ckeditor/_samples autogrow.html
2012.05.08 20:53 B E:\autoadvance2010.nl Map\autoadvance2010.nl\db\ckeditor\_samples\bbcode.html --> autoadvance.nl /web/db/ckeditor/_samples bbcode.html
2012.05.08 20:53 B E:\autoadvance2010.nl Map\autoadvance2010.nl\db\ckeditor\_samples\devtools.html --> autoadvance.nl /web/db/ckeditor/_samples devtools.html
2012.05.08 20:53 B E:\autoadvance2010.nl Map\autoadvance2010.nl\db\ckeditor\_samples\divreplace.html --> autoadvance.nl /web/db/ckeditor/_samples divreplace.html
2012.05.08 20:53 B E:\autoadvance2010.nl Map\autoadvance2010.nl\db\ckeditor\_samples\enterkey.html --> autoadvance.nl /web/db/ckeditor/_samples enterkey.html
2012.05.08 20:53 B E:\autoadvance2010.nl Map\autoadvance2010.nl\db\ckeditor\_samples\fullpage.html --> autoadvance.nl /web/db/ckeditor/_samples fullpage.html
2012.05.08 20:53 B E:\autoadvance2010.nl Map\autoadvance2010.nl\db\ckeditor\_samples\index.html --> autoadvance.nl /web/db/ckeditor/_samples index.html
2012.05.08 20:53 B E:\autoadvance2010.nl Map\autoadvance2010.nl\db\ckeditor\_samples\jqueryadapter.html --> autoadvance.nl /web/db/ckeditor/_samples jqueryadapter.html
2012.05.08 20:53 B E:\autoadvance2010.nl Map\autoadvance2010.nl\db\ckeditor\_samples\output_for_flash.html --> autoadvance.nl /web/db/ckeditor/_samples output_for_flash.html
2012.05.08 20:53 B E:\autoadvance2010.nl Map\autoadvance2010.nl\db\ckeditor\_samples\output_html.html --> autoadvance.nl /web/db/ckeditor/_samples output_html.html
2012.05.08 20:53 B E:\autoadvance2010.nl Map\autoadvance2010.nl\db\ckeditor\_samples\output_xhtml.html --> autoadvance.nl /web/db/ckeditor/_samples output_xhtml.html
2012.05.08 20:53 B E:\autoadvance2010.nl Map\autoadvance2010.nl\db\ckeditor\_samples\placeholder.html --> autoadvance.nl /web/db/ckeditor/_samples placeholder.html
2012.05.08 20:53 B E:\autoadvance2010.nl Map\autoadvance2010.nl\db\ckeditor\_samples\readonly.html --> autoadvance.nl /web/db/ckeditor/_samples readonly.html
2012.05.08 20:53 B E:\autoadvance2010.nl Map\autoadvance2010.nl\db\ckeditor\_samples\replacebyclass.html --> autoadvance.nl /web/db/ckeditor/_samples replacebyclass.html
2012.05.08 20:53 B E:\autoadvance2010.nl Map\autoadvance2010.nl\db\ckeditor\_samples\replacebycode.html --> autoadvance.nl /web/db/ckeditor/_samples replacebycode.html
2012.05.08 20:53 B E:\autoadvance2010.nl Map\autoadvance2010.nl\db\ckeditor\_samples\sample.css --> autoadvance.nl /web/db/ckeditor/_samples sample.css
2012.05.08 20:53 B E:\autoadvance2010.nl Map\autoadvance2010.nl\db\ckeditor\_samples\sample.js --> autoadvance.nl /web/db/ckeditor/_samples sample.js
2012.05.08 20:53 B E:\autoadvance2010.nl Map\autoadvance2010.nl\db\ckeditor\_samples\sample_posteddata.php --> autoadvance.nl /web/db/ckeditor/_samples sample_posteddata.php
2012.05.08 20:53 B E:\autoadvance2010.nl Map\autoadvance2010.nl\db\ckeditor\_samples\sharedspaces.html --> autoadvance.nl /web/db/ckeditor/_samples sharedspaces.html
2012.05.08 20:53 B E:\autoadvance2010.nl Map\autoadvance2010.nl\db\ckeditor\_samples\skins.html --> autoadvance.nl /web/db/ckeditor/_samples skins.html
2012.05.08 20:53 B E:\autoadvance2010.nl Map\autoadvance2010.nl\db\ckeditor\_samples\stylesheetparser.html --> autoadvance.nl /web/db/ckeditor/_samples stylesheetparser.html
2012.05.08 20:53 B E:\autoadvance2010.nl Map\autoadvance2010.nl\db\ckeditor\_samples\tableresize.html --> autoadvance.nl /web/db/ckeditor/_samples tableresize.html
2012.05.08 20:53 B E:\autoadvance2010.nl Map\autoadvance2010.nl\db\ckeditor\_samples\ui_color.html --> autoadvance.nl /web/db/ckeditor/_samples ui_color.html
2012.05.08 20:53 B E:\autoadvance2010.nl Map\autoadvance2010.nl\db\ckeditor\_samples\ui_languages.html --> autoadvance.nl /web/db/ckeditor/_samples ui_languages.html
2013.03.16 11:41 B E:\fdmstest.nl Map\fdmstest.nl\db\ckeditor\_samples\WS_FTP.LOG <-- autoadvance.nl /web/db/ckeditor/_samples WS_FTP.LOG
2013.03.16 12:15 B E:\fdmstest.nl Map\fdmstest.nl\db\ckeditor\_samples\ajax.html --> 212.79.241.34 /web/db/ckeditor/_samples ajax.html
2013.03.16 12:15 B E:\fdmstest.nl Map\fdmstest.nl\db\ckeditor\_samples\api.html --> 212.79.241.34 /web/db/ckeditor/_samples api.html
2013.03.16 12:15 B E:\fdmstest.nl Map\fdmstest.nl\db\ckeditor\_samples\api_dialog.html --> 212.79.241.34 /web/db/ckeditor/_samples api_dialog.html
2013.03.16 12:15 B E:\fdmstest.nl Map\fdmstest.nl\db\ckeditor\_samples\autogrow.html --> 212.79.241.34 /web/db/ckeditor/_samples autogrow.html
2013.03.16 12:15 B E:\fdmstest.nl Map\fdmstest.nl\db\ckeditor\_samples\bbcode.html --> 212.79.241.34 /web/db/ckeditor/_samples bbcode.html
2013.03.16 12:15 B E:\fdmstest.nl Map\fdmstest.nl\db\ckeditor\_samples\devtools.html --> 212.79.241.34 /web/db/ckeditor/_samples devtools.html
2013.03.16 12:15 B E:\fdmstest.nl Map\fdmstest.nl\db\ckeditor\_samples\divreplace.html --> 212.79.241.34 /web/db/ckeditor/_samples divreplace.html
2013.03.16 12:15 B E:\fdmstest.nl Map\fdmstest.nl\db\ckeditor\_samples\enterkey.html --> 212.79.241.34 /web/db/ckeditor/_samples enterkey.html
2013.03.16 12:15 B E:\fdmstest.nl Map\fdmstest.nl\db\ckeditor\_samples\fullpage.html --> 212.79.241.34 /web/db/ckeditor/_samples fullpage.html
2013.03.16 12:15 B E:\fdmstest.nl Map\fdmstest.nl\db\ckeditor\_samples\index.html --> 212.79.241.34 /web/db/ckeditor/_samples index.html
2013.03.16 12:15 B E:\fdmstest.nl Map\fdmstest.nl\db\ckeditor\_samples\jqueryadapter.html --> 212.79.241.34 /web/db/ckeditor/_samples jqueryadapter.html
2013.03.16 12:15 B E:\fdmstest.nl Map\fdmstest.nl\db\ckeditor\_samples\output_for_flash.html --> 212.79.241.34 /web/db/ckeditor/_samples output_for_flash.html
2013.03.16 12:15 B E:\fdmstest.nl Map\fdmstest.nl\db\ckeditor\_samples\output_html.html --> 212.79.241.34 /web/db/ckeditor/_samples output_html.html
2013.03.16 12:16 B E:\fdmstest.nl Map\fdmstest.nl\db\ckeditor\_samples\output_xhtml.html --> 212.79.241.34 /web/db/ckeditor/_samples output_xhtml.html
2013.03.16 12:16 B E:\fdmstest.nl Map\fdmstest.nl\db\ckeditor\_samples\placeholder.html --> 212.79.241.34 /web/db/ckeditor/_samples placeholder.html
2013.03.16 12:16 B E:\fdmstest.nl Map\fdmstest.nl\db\ckeditor\_samples\readonly.html --> 212.79.241.34 /web/db/ckeditor/_samples readonly.html
2013.03.16 12:16 B E:\fdmstest.nl Map\fdmstest.nl\db\ckeditor\_samples\replacebyclass.html --> 212.79.241.34 /web/db/ckeditor/_samples replacebyclass.html
2013.03.16 12:16 B E:\fdmstest.nl Map\fdmstest.nl\db\ckeditor\_samples\replacebycode.html --> 212.79.241.34 /web/db/ckeditor/_samples replacebycode.html
2013.03.16 12:16 B E:\fdmstest.nl Map\fdmstest.nl\db\ckeditor\_samples\sample.css --> 212.79.241.34 /web/db/ckeditor/_samples sample.css
2013.03.16 12:16 B E:\fdmstest.nl Map\fdmstest.nl\db\ckeditor\_samples\sample.js --> 212.79.241.34 /web/db/ckeditor/_samples sample.js
2013.03.16 12:16 B E:\fdmstest.nl Map\fdmstest.nl\db\ckeditor\_samples\sample_posteddata.php --> 212.79.241.34 /web/db/ckeditor/_samples sample_posteddata.php
2013.03.16 12:16 B E:\fdmstest.nl Map\fdmstest.nl\db\ckeditor\_samples\sharedspaces.html --> 212.79.241.34 /web/db/ckeditor/_samples sharedspaces.html
2013.03.16 12:16 B E:\fdmstest.nl Map\fdmstest.nl\db\ckeditor\_samples\skins.html --> 212.79.241.34 /web/db/ckeditor/_samples skins.html
2013.03.16 12:16 B E:\fdmstest.nl Map\fdmstest.nl\db\ckeditor\_samples\stylesheetparser.html --> 212.79.241.34 /web/db/ckeditor/_samples stylesheetparser.html
2013.03.16 12:16 B E:\fdmstest.nl Map\fdmstest.nl\db\ckeditor\_samples\tableresize.html --> 212.79.241.34 /web/db/ckeditor/_samples tableresize.html
2013.03.16 12:16 B E:\fdmstest.nl Map\fdmstest.nl\db\ckeditor\_samples\ui_color.html --> 212.79.241.34 /web/db/ckeditor/_samples ui_color.html
2013.03.16 12:16 B E:\fdmstest.nl Map\fdmstest.nl\db\ckeditor\_samples\ui_languages.html --> 212.79.241.34 /web/db/ckeditor/_samples ui_languages.html
2013.03.23 09:55 B E:\fdmstest.nl Map\fdmstest.nl\db\ckeditor\_samples\WS_FTP.LOG <-- fdmtest.nl /web/db/ckeditor/_samples WS_FTP.LOG
2013.03.24 13:42 B E:\fdmstest.nl Map\fdmstest.nl\db\ckeditor\_samples\ajax.html --> dewildeautos.nl /web/db/ckeditor/_samples ajax.html
2013.03.24 13:42 B E:\fdmstest.nl Map\fdmstest.nl\db\ckeditor\_samples\api.html --> dewildeautos.nl /web/db/ckeditor/_samples api.html
2013.03.24 13:42 B E:\fdmstest.nl Map\fdmstest.nl\db\ckeditor\_samples\api_dialog.html --> dewildeautos.nl /web/db/ckeditor/_samples api_dialog.html
2013.03.24 13:42 B E:\fdmstest.nl Map\fdmstest.nl\db\ckeditor\_samples\autogrow.html --> dewildeautos.nl /web/db/ckeditor/_samples autogrow.html
2013.03.24 13:42 B E:\fdmstest.nl Map\fdmstest.nl\db\ckeditor\_samples\bbcode.html --> dewildeautos.nl /web/db/ckeditor/_samples bbcode.html
2013.03.24 13:42 B E:\fdmstest.nl Map\fdmstest.nl\db\ckeditor\_samples\devtools.html --> dewildeautos.nl /web/db/ckeditor/_samples devtools.html
2013.03.24 13:42 B E:\fdmstest.nl Map\fdmstest.nl\db\ckeditor\_samples\divreplace.html --> dewildeautos.nl /web/db/ckeditor/_samples divreplace.html
2013.03.24 13:42 B E:\fdmstest.nl Map\fdmstest.nl\db\ckeditor\_samples\enterkey.html --> dewildeautos.nl /web/db/ckeditor/_samples enterkey.html
2013.03.24 13:42 B E:\fdmstest.nl Map\fdmstest.nl\db\ckeditor\_samples\fullpage.html --> dewildeautos.nl /web/db/ckeditor/_samples fullpage.html
2013.03.24 13:42 B E:\fdmstest.nl Map\fdmstest.nl\db\ckeditor\_samples\index.html --> dewildeautos.nl /web/db/ckeditor/_samples index.html
2013.03.24 13:42 B E:\fdmstest.nl Map\fdmstest.nl\db\ckeditor\_samples\jqueryadapter.html --> dewildeautos.nl /web/db/ckeditor/_samples jqueryadapter.html
2013.03.24 13:42 B E:\fdmstest.nl Map\fdmstest.nl\db\ckeditor\_samples\output_for_flash.html --> dewildeautos.nl /web/db/ckeditor/_samples output_for_flash.html
2013.03.24 13:42 B E:\fdmstest.nl Map\fdmstest.nl\db\ckeditor\_samples\output_html.html --> dewildeautos.nl /web/db/ckeditor/_samples output_html.html
2013.03.24 13:42 B E:\fdmstest.nl Map\fdmstest.nl\db\ckeditor\_samples\output_xhtml.html --> dewildeautos.nl /web/db/ckeditor/_samples output_xhtml.html
2013.03.24 13:42 B E:\fdmstest.nl Map\fdmstest.nl\db\ckeditor\_samples\placeholder.html --> dewildeautos.nl /web/db/ckeditor/_samples placeholder.html
2013.03.24 13:42 B E:\fdmstest.nl Map\fdmstest.nl\db\ckeditor\_samples\readonly.html --> dewildeautos.nl /web/db/ckeditor/_samples readonly.html
2013.03.24 13:42 B E:\fdmstest.nl Map\fdmstest.nl\db\ckeditor\_samples\replacebyclass.html --> dewildeautos.nl /web/db/ckeditor/_samples replacebyclass.html
2013.03.24 13:42 B E:\fdmstest.nl Map\fdmstest.nl\db\ckeditor\_samples\replacebycode.html --> dewildeautos.nl /web/db/ckeditor/_samples replacebycode.html
2013.03.24 13:42 B E:\fdmstest.nl Map\fdmstest.nl\db\ckeditor\_samples\sample.css --> dewildeautos.nl /web/db/ckeditor/_samples sample.css
2013.03.24 13:42 B E:\fdmstest.nl Map\fdmstest.nl\db\ckeditor\_samples\sample.js --> dewildeautos.nl /web/db/ckeditor/_samples sample.js
2013.03.24 13:42 B E:\fdmstest.nl Map\fdmstest.nl\db\ckeditor\_samples\sample_posteddata.php --> dewildeautos.nl /web/db/ckeditor/_samples sample_posteddata.php
2013.03.24 13:42 B E:\fdmstest.nl Map\fdmstest.nl\db\ckeditor\_samples\sharedspaces.html --> dewildeautos.nl /web/db/ckeditor/_samples sharedspaces.html
2013.03.24 13:42 B E:\fdmstest.nl Map\fdmstest.nl\db\ckeditor\_samples\skins.html --> dewildeautos.nl /web/db/ckeditor/_samples skins.html
2013.03.24 13:42 B E:\fdmstest.nl Map\fdmstest.nl\db\ckeditor\_samples\stylesheetparser.html --> dewildeautos.nl /web/db/ckeditor/_samples stylesheetparser.html
2013.03.24 13:42 B E:\fdmstest.nl Map\fdmstest.nl\db\ckeditor\_samples\tableresize.html --> dewildeautos.nl /web/db/ckeditor/_samples tableresize.html
2013.03.24 13:42 B E:\fdmstest.nl Map\fdmstest.nl\db\ckeditor\_samples\ui_color.html --> dewildeautos.nl /web/db/ckeditor/_samples ui_color.html
2013.03.24 13:42 B E:\fdmstest.nl Map\fdmstest.nl\db\ckeditor\_samples\ui_languages.html --> dewildeautos.nl /web/db/ckeditor/_samples ui_languages.html
2013.03.24 13:42 B E:\fdmstest.nl Map\fdmstest.nl\db\ckeditor\_samples\WS_FTP.LOG --> dewildeautos.nl /web/db/ckeditor/_samples WS_FTP.LOG
2013.03.25 10:48 B E:\fdmstest.nl Map\fdmstest.nl\db\ckeditor\_samples\ajax.html --> thomassen-autos.nl /web/db/ckeditor/_samples ajax.html
2013.03.25 10:48 B E:\fdmstest.nl Map\fdmstest.nl\db\ckeditor\_samples\api.html --> thomassen-autos.nl /web/db/ckeditor/_samples api.html
2013.03.25 10:48 B E:\fdmstest.nl Map\fdmstest.nl\db\ckeditor\_samples\api_dialog.html --> thomassen-autos.nl /web/db/ckeditor/_samples api_dialog.html
2013.03.25 10:48 B E:\fdmstest.nl Map\fdmstest.nl\db\ckeditor\_samples\autogrow.html --> thomassen-autos.nl /web/db/ckeditor/_samples autogrow.html
2013.03.25 10:48 B E:\fdmstest.nl Map\fdmstest.nl\db\ckeditor\_samples\bbcode.html --> thomassen-autos.nl /web/db/ckeditor/_samples bbcode.html
2013.03.25 10:48 B E:\fdmstest.nl Map\fdmstest.nl\db\ckeditor\_samples\devtools.html --> thomassen-autos.nl /web/db/ckeditor/_samples devtools.html
2013.03.25 10:48 B E:\fdmstest.nl Map\fdmstest.nl\db\ckeditor\_samples\divreplace.html --> thomassen-autos.nl /web/db/ckeditor/_samples divreplace.html
2013.03.25 10:48 B E:\fdmstest.nl Map\fdmstest.nl\db\ckeditor\_samples\enterkey.html --> thomassen-autos.nl /web/db/ckeditor/_samples enterkey.html
2013.03.25 10:48 B E:\fdmstest.nl Map\fdmstest.nl\db\ckeditor\_samples\fullpage.html --> thomassen-autos.nl /web/db/ckeditor/_samples fullpage.html
2013.03.25 10:48 B E:\fdmstest.nl Map\fdmstest.nl\db\ckeditor\_samples\index.html --> thomassen-autos.nl /web/db/ckeditor/_samples index.html
2013.03.25 10:48 B E:\fdmstest.nl Map\fdmstest.nl\db\ckeditor\_samples\jqueryadapter.html --> thomassen-autos.nl /web/db/ckeditor/_samples jqueryadapter.html
2013.03.25 10:48 B E:\fdmstest.nl Map\fdmstest.nl\db\ckeditor\_samples\output_for_flash.html --> thomassen-autos.nl /web/db/ckeditor/_samples output_for_flash.html
2013.03.25 10:48 B E:\fdmstest.nl Map\fdmstest.nl\db\ckeditor\_samples\output_html.html --> thomassen-autos.nl /web/db/ckeditor/_samples output_html.html
2013.03.25 10:48 B E:\fdmstest.nl Map\fdmstest.nl\db\ckeditor\_samples\output_xhtml.html --> thomassen-autos.nl /web/db/ckeditor/_samples output_xhtml.html
2013.03.25 10:48 B E:\fdmstest.nl Map\fdmstest.nl\db\ckeditor\_samples\placeholder.html --> thomassen-autos.nl /web/db/ckeditor/_samples placeholder.html
2013.03.25 10:48 B E:\fdmstest.nl Map\fdmstest.nl\db\ckeditor\_samples\readonly.html --> thomassen-autos.nl /web/db/ckeditor/_samples readonly.html
2013.03.25 10:48 B E:\fdmstest.nl Map\fdmstest.nl\db\ckeditor\_samples\replacebyclass.html --> thomassen-autos.nl /web/db/ckeditor/_samples replacebyclass.html
2013.03.25 10:48 B E:\fdmstest.nl Map\fdmstest.nl\db\ckeditor\_samples\replacebycode.html --> thomassen-autos.nl /web/db/ckeditor/_samples replacebycode.html
2013.03.25 10:48 B E:\fdmstest.nl Map\fdmstest.nl\db\ckeditor\_samples\sample.css --> thomassen-autos.nl /web/db/ckeditor/_samples sample.css
2013.03.25 10:48 B E:\fdmstest.nl Map\fdmstest.nl\db\ckeditor\_samples\sample.js --> thomassen-autos.nl /web/db/ckeditor/_samples sample.js
2013.03.25 10:48 B E:\fdmstest.nl Map\fdmstest.nl\db\ckeditor\_samples\sample_posteddata.php --> thomassen-autos.nl /web/db/ckeditor/_samples sample_posteddata.php
2013.03.25 10:48 B E:\fdmstest.nl Map\fdmstest.nl\db\ckeditor\_samples\sharedspaces.html --> thomassen-autos.nl /web/db/ckeditor/_samples sharedspaces.html
2013.03.25 10:48 B E:\fdmstest.nl Map\fdmstest.nl\db\ckeditor\_samples\skins.html --> thomassen-autos.nl /web/db/ckeditor/_samples skins.html
2013.03.25 10:48 B E:\fdmstest.nl Map\fdmstest.nl\db\ckeditor\_samples\stylesheetparser.html --> thomassen-autos.nl /web/db/ckeditor/_samples stylesheetparser.html
2013.03.25 10:48 B E:\fdmstest.nl Map\fdmstest.nl\db\ckeditor\_samples\tableresize.html --> thomassen-autos.nl /web/db/ckeditor/_samples tableresize.html
2013.03.25 10:48 B E:\fdmstest.nl Map\fdmstest.nl\db\ckeditor\_samples\ui_color.html --> thomassen-autos.nl /web/db/ckeditor/_samples ui_color.html
2013.03.25 10:48 B E:\fdmstest.nl Map\fdmstest.nl\db\ckeditor\_samples\ui_languages.html --> thomassen-autos.nl /web/db/ckeditor/_samples ui_languages.html
2013.03.25 10:48 B E:\fdmstest.nl Map\fdmstest.nl\db\ckeditor\_samples\WS_FTP.LOG --> thomassen-autos.nl /web/db/ckeditor/_samples WS_FTP.LOG
2014.02.25 16:39 B E:\autoadvance2012.nl\db\ckeditor\_samples\WS_FTP.LOG <-- autoadvance.nl /web/db/ckeditor/_samples WS_FTP.LOG
