2011.11.17 17:01 B E:\software\ckeditor_3.6.2\ckeditor\_source\plugins\forms\dialogs\textfield.js --> dewildeautos.nl /web/ckeditor/_source/plugins/forms/dialogs textfield.js
2011.11.17 17:01 B E:\software\ckeditor_3.6.2\ckeditor\_source\plugins\forms\dialogs\textarea.js --> dewildeautos.nl /web/ckeditor/_source/plugins/forms/dialogs textarea.js
2011.11.17 17:01 B E:\software\ckeditor_3.6.2\ckeditor\_source\plugins\forms\dialogs\select.js --> dewildeautos.nl /web/ckeditor/_source/plugins/forms/dialogs select.js
2011.11.17 17:01 B E:\software\ckeditor_3.6.2\ckeditor\_source\plugins\forms\dialogs\radio.js --> dewildeautos.nl /web/ckeditor/_source/plugins/forms/dialogs radio.js
2011.11.17 17:01 B E:\software\ckeditor_3.6.2\ckeditor\_source\plugins\forms\dialogs\hiddenfield.js --> dewildeautos.nl /web/ckeditor/_source/plugins/forms/dialogs hiddenfield.js
2011.11.17 17:01 B E:\software\ckeditor_3.6.2\ckeditor\_source\plugins\forms\dialogs\form.js --> dewildeautos.nl /web/ckeditor/_source/plugins/forms/dialogs form.js
2011.11.17 17:01 B E:\software\ckeditor_3.6.2\ckeditor\_source\plugins\forms\dialogs\checkbox.js --> dewildeautos.nl /web/ckeditor/_source/plugins/forms/dialogs checkbox.js
2011.11.17 17:01 B E:\software\ckeditor_3.6.2\ckeditor\_source\plugins\forms\dialogs\button.js --> dewildeautos.nl /web/ckeditor/_source/plugins/forms/dialogs button.js
2011.12.15 13:36 B E:\tijdvoorkwaliteit2011.nl\db\ckeditor\_source\plugins\forms\dialogs\WS_FTP.LOG <-- dewildeautos.nl /web/db/ckeditor/_source/plugins/forms/dialogs WS_FTP.LOG
2011.12.15 13:56 B E:\tijdvoorkwaliteit2011.nl\db\ckeditor\_source\plugins\forms\dialogs\button.js --> tijdvoorkwaliteit.nl /web/db/ckeditor/_source/plugins/forms/dialogs button.js
2011.12.15 13:56 B E:\tijdvoorkwaliteit2011.nl\db\ckeditor\_source\plugins\forms\dialogs\checkbox.js --> tijdvoorkwaliteit.nl /web/db/ckeditor/_source/plugins/forms/dialogs checkbox.js
2011.12.15 13:56 B E:\tijdvoorkwaliteit2011.nl\db\ckeditor\_source\plugins\forms\dialogs\form.js --> tijdvoorkwaliteit.nl /web/db/ckeditor/_source/plugins/forms/dialogs form.js
2011.12.15 13:56 B E:\tijdvoorkwaliteit2011.nl\db\ckeditor\_source\plugins\forms\dialogs\hiddenfield.js --> tijdvoorkwaliteit.nl /web/db/ckeditor/_source/plugins/forms/dialogs hiddenfield.js
2011.12.15 13:56 B E:\tijdvoorkwaliteit2011.nl\db\ckeditor\_source\plugins\forms\dialogs\radio.js --> tijdvoorkwaliteit.nl /web/db/ckeditor/_source/plugins/forms/dialogs radio.js
2011.12.15 13:56 B E:\tijdvoorkwaliteit2011.nl\db\ckeditor\_source\plugins\forms\dialogs\select.js --> tijdvoorkwaliteit.nl /web/db/ckeditor/_source/plugins/forms/dialogs select.js
2011.12.15 13:56 B E:\tijdvoorkwaliteit2011.nl\db\ckeditor\_source\plugins\forms\dialogs\textarea.js --> tijdvoorkwaliteit.nl /web/db/ckeditor/_source/plugins/forms/dialogs textarea.js
2011.12.15 13:56 B E:\tijdvoorkwaliteit2011.nl\db\ckeditor\_source\plugins\forms\dialogs\textfield.js --> tijdvoorkwaliteit.nl /web/db/ckeditor/_source/plugins/forms/dialogs textfield.js
2012.04.19 13:34 B E:\tilborghs.nl Map\tilborghs.nl\db\ckeditor\_source\plugins\forms\dialogs\WS_FTP.LOG <-- tijdvoorkwaliteit.nl /web/db/ckeditor/_source/plugins/forms/dialogs WS_FTP.LOG
2012.04.19 13:42 B E:\tilborghs.nl Map\tilborghs.nl\db\ckeditor\_source\plugins\forms\dialogs\button.js --> tilborghs.nl /web/db/ckeditor/_source/plugins/forms/dialogs button.js
2012.04.19 13:42 B E:\tilborghs.nl Map\tilborghs.nl\db\ckeditor\_source\plugins\forms\dialogs\checkbox.js --> tilborghs.nl /web/db/ckeditor/_source/plugins/forms/dialogs checkbox.js
2012.04.19 13:42 B E:\tilborghs.nl Map\tilborghs.nl\db\ckeditor\_source\plugins\forms\dialogs\form.js --> tilborghs.nl /web/db/ckeditor/_source/plugins/forms/dialogs form.js
2012.04.19 13:42 B E:\tilborghs.nl Map\tilborghs.nl\db\ckeditor\_source\plugins\forms\dialogs\hiddenfield.js --> tilborghs.nl /web/db/ckeditor/_source/plugins/forms/dialogs hiddenfield.js
2012.04.19 13:42 B E:\tilborghs.nl Map\tilborghs.nl\db\ckeditor\_source\plugins\forms\dialogs\radio.js --> tilborghs.nl /web/db/ckeditor/_source/plugins/forms/dialogs radio.js
2012.04.19 13:43 B E:\tilborghs.nl Map\tilborghs.nl\db\ckeditor\_source\plugins\forms\dialogs\select.js --> tilborghs.nl /web/db/ckeditor/_source/plugins/forms/dialogs select.js
2012.04.19 13:43 B E:\tilborghs.nl Map\tilborghs.nl\db\ckeditor\_source\plugins\forms\dialogs\textarea.js --> tilborghs.nl /web/db/ckeditor/_source/plugins/forms/dialogs textarea.js
2012.04.19 13:43 B E:\tilborghs.nl Map\tilborghs.nl\db\ckeditor\_source\plugins\forms\dialogs\textfield.js --> tilborghs.nl /web/db/ckeditor/_source/plugins/forms/dialogs textfield.js
2012.04.19 13:43 B E:\tilborghs.nl Map\tilborghs.nl\db\ckeditor\_source\plugins\forms\dialogs\WS_FTP.LOG --> tilborghs.nl /web/db/ckeditor/_source/plugins/forms/dialogs WS_FTP.LOG
2012.05.08 20:56 B E:\autoadvance2010.nl Map\autoadvance2010.nl\db\ckeditor\_source\plugins\forms\dialogs\button.js --> autoadvance.nl /web/db/ckeditor/_source/plugins/forms/dialogs button.js
2012.05.08 20:56 B E:\autoadvance2010.nl Map\autoadvance2010.nl\db\ckeditor\_source\plugins\forms\dialogs\checkbox.js --> autoadvance.nl /web/db/ckeditor/_source/plugins/forms/dialogs checkbox.js
2012.05.08 20:56 B E:\autoadvance2010.nl Map\autoadvance2010.nl\db\ckeditor\_source\plugins\forms\dialogs\form.js --> autoadvance.nl /web/db/ckeditor/_source/plugins/forms/dialogs form.js
2012.05.08 20:56 B E:\autoadvance2010.nl Map\autoadvance2010.nl\db\ckeditor\_source\plugins\forms\dialogs\hiddenfield.js --> autoadvance.nl /web/db/ckeditor/_source/plugins/forms/dialogs hiddenfield.js
2012.05.08 20:56 B E:\autoadvance2010.nl Map\autoadvance2010.nl\db\ckeditor\_source\plugins\forms\dialogs\radio.js --> autoadvance.nl /web/db/ckeditor/_source/plugins/forms/dialogs radio.js
2012.05.08 20:56 B E:\autoadvance2010.nl Map\autoadvance2010.nl\db\ckeditor\_source\plugins\forms\dialogs\select.js --> autoadvance.nl /web/db/ckeditor/_source/plugins/forms/dialogs select.js
2012.05.08 20:56 B E:\autoadvance2010.nl Map\autoadvance2010.nl\db\ckeditor\_source\plugins\forms\dialogs\textarea.js --> autoadvance.nl /web/db/ckeditor/_source/plugins/forms/dialogs textarea.js
2012.05.08 20:56 B E:\autoadvance2010.nl Map\autoadvance2010.nl\db\ckeditor\_source\plugins\forms\dialogs\textfield.js --> autoadvance.nl /web/db/ckeditor/_source/plugins/forms/dialogs textfield.js
2013.03.16 11:42 B E:\fdmstest.nl Map\fdmstest.nl\db\ckeditor\_source\plugins\forms\dialogs\WS_FTP.LOG <-- autoadvance.nl /web/db/ckeditor/_source/plugins/forms/dialogs WS_FTP.LOG
2013.03.16 12:19 B E:\fdmstest.nl Map\fdmstest.nl\db\ckeditor\_source\plugins\forms\dialogs\button.js --> 212.79.241.34 /web/db/ckeditor/_source/plugins/forms/dialogs button.js
2013.03.16 12:19 B E:\fdmstest.nl Map\fdmstest.nl\db\ckeditor\_source\plugins\forms\dialogs\checkbox.js --> 212.79.241.34 /web/db/ckeditor/_source/plugins/forms/dialogs checkbox.js
2013.03.16 12:19 B E:\fdmstest.nl Map\fdmstest.nl\db\ckeditor\_source\plugins\forms\dialogs\form.js --> 212.79.241.34 /web/db/ckeditor/_source/plugins/forms/dialogs form.js
2013.03.16 12:19 B E:\fdmstest.nl Map\fdmstest.nl\db\ckeditor\_source\plugins\forms\dialogs\hiddenfield.js --> 212.79.241.34 /web/db/ckeditor/_source/plugins/forms/dialogs hiddenfield.js
2013.03.16 12:19 B E:\fdmstest.nl Map\fdmstest.nl\db\ckeditor\_source\plugins\forms\dialogs\radio.js --> 212.79.241.34 /web/db/ckeditor/_source/plugins/forms/dialogs radio.js
2013.03.16 12:19 B E:\fdmstest.nl Map\fdmstest.nl\db\ckeditor\_source\plugins\forms\dialogs\select.js --> 212.79.241.34 /web/db/ckeditor/_source/plugins/forms/dialogs select.js
2013.03.16 12:19 B E:\fdmstest.nl Map\fdmstest.nl\db\ckeditor\_source\plugins\forms\dialogs\textarea.js --> 212.79.241.34 /web/db/ckeditor/_source/plugins/forms/dialogs textarea.js
2013.03.16 12:19 B E:\fdmstest.nl Map\fdmstest.nl\db\ckeditor\_source\plugins\forms\dialogs\textfield.js --> 212.79.241.34 /web/db/ckeditor/_source/plugins/forms/dialogs textfield.js
2013.03.23 09:56 B E:\fdmstest.nl Map\fdmstest.nl\db\ckeditor\_source\plugins\forms\dialogs\WS_FTP.LOG <-- fdmtest.nl /web/db/ckeditor/_source/plugins/forms/dialogs WS_FTP.LOG
2013.03.24 13:45 B E:\fdmstest.nl Map\fdmstest.nl\db\ckeditor\_source\plugins\forms\dialogs\button.js --> dewildeautos.nl /web/db/ckeditor/_source/plugins/forms/dialogs button.js
2013.03.24 13:45 B E:\fdmstest.nl Map\fdmstest.nl\db\ckeditor\_source\plugins\forms\dialogs\checkbox.js --> dewildeautos.nl /web/db/ckeditor/_source/plugins/forms/dialogs checkbox.js
2013.03.24 13:45 B E:\fdmstest.nl Map\fdmstest.nl\db\ckeditor\_source\plugins\forms\dialogs\form.js --> dewildeautos.nl /web/db/ckeditor/_source/plugins/forms/dialogs form.js
2013.03.24 13:45 B E:\fdmstest.nl Map\fdmstest.nl\db\ckeditor\_source\plugins\forms\dialogs\hiddenfield.js --> dewildeautos.nl /web/db/ckeditor/_source/plugins/forms/dialogs hiddenfield.js
2013.03.24 13:45 B E:\fdmstest.nl Map\fdmstest.nl\db\ckeditor\_source\plugins\forms\dialogs\radio.js --> dewildeautos.nl /web/db/ckeditor/_source/plugins/forms/dialogs radio.js
2013.03.24 13:45 B E:\fdmstest.nl Map\fdmstest.nl\db\ckeditor\_source\plugins\forms\dialogs\select.js --> dewildeautos.nl /web/db/ckeditor/_source/plugins/forms/dialogs select.js
2013.03.24 13:45 B E:\fdmstest.nl Map\fdmstest.nl\db\ckeditor\_source\plugins\forms\dialogs\textarea.js --> dewildeautos.nl /web/db/ckeditor/_source/plugins/forms/dialogs textarea.js
2013.03.24 13:45 B E:\fdmstest.nl Map\fdmstest.nl\db\ckeditor\_source\plugins\forms\dialogs\textfield.js --> dewildeautos.nl /web/db/ckeditor/_source/plugins/forms/dialogs textfield.js
2013.03.24 13:45 B E:\fdmstest.nl Map\fdmstest.nl\db\ckeditor\_source\plugins\forms\dialogs\WS_FTP.LOG --> dewildeautos.nl /web/db/ckeditor/_source/plugins/forms/dialogs WS_FTP.LOG
2013.03.25 10:51 B E:\fdmstest.nl Map\fdmstest.nl\db\ckeditor\_source\plugins\forms\dialogs\button.js --> thomassen-autos.nl /web/db/ckeditor/_source/plugins/forms/dialogs button.js
2013.03.25 10:51 B E:\fdmstest.nl Map\fdmstest.nl\db\ckeditor\_source\plugins\forms\dialogs\checkbox.js --> thomassen-autos.nl /web/db/ckeditor/_source/plugins/forms/dialogs checkbox.js
2013.03.25 10:51 B E:\fdmstest.nl Map\fdmstest.nl\db\ckeditor\_source\plugins\forms\dialogs\form.js --> thomassen-autos.nl /web/db/ckeditor/_source/plugins/forms/dialogs form.js
2013.03.25 10:51 B E:\fdmstest.nl Map\fdmstest.nl\db\ckeditor\_source\plugins\forms\dialogs\hiddenfield.js --> thomassen-autos.nl /web/db/ckeditor/_source/plugins/forms/dialogs hiddenfield.js
2013.03.25 10:51 B E:\fdmstest.nl Map\fdmstest.nl\db\ckeditor\_source\plugins\forms\dialogs\radio.js --> thomassen-autos.nl /web/db/ckeditor/_source/plugins/forms/dialogs radio.js
2013.03.25 10:51 B E:\fdmstest.nl Map\fdmstest.nl\db\ckeditor\_source\plugins\forms\dialogs\select.js --> thomassen-autos.nl /web/db/ckeditor/_source/plugins/forms/dialogs select.js
2013.03.25 10:51 B E:\fdmstest.nl Map\fdmstest.nl\db\ckeditor\_source\plugins\forms\dialogs\textarea.js --> thomassen-autos.nl /web/db/ckeditor/_source/plugins/forms/dialogs textarea.js
2013.03.25 10:51 B E:\fdmstest.nl Map\fdmstest.nl\db\ckeditor\_source\plugins\forms\dialogs\textfield.js --> thomassen-autos.nl /web/db/ckeditor/_source/plugins/forms/dialogs textfield.js
2013.03.25 10:51 B E:\fdmstest.nl Map\fdmstest.nl\db\ckeditor\_source\plugins\forms\dialogs\WS_FTP.LOG --> thomassen-autos.nl /web/db/ckeditor/_source/plugins/forms/dialogs WS_FTP.LOG
2014.02.25 16:42 B E:\autoadvance2012.nl\db\ckeditor\_source\plugins\forms\dialogs\WS_FTP.LOG <-- autoadvance.nl /web/db/ckeditor/_source/plugins/forms/dialogs WS_FTP.LOG
