2013.03.23 09:59 B E:\fdmstest.nl Map\fdmstest.nl\db\ckeditor\skins\moono\dialog.css <-- fdmtest.nl /web/db/ckeditor/skins/moono dialog.css
2013.03.23 09:59 B E:\fdmstest.nl Map\fdmstest.nl\db\ckeditor\skins\moono\dialog_ie.css <-- fdmtest.nl /web/db/ckeditor/skins/moono dialog_ie.css
2013.03.23 09:59 B E:\fdmstest.nl Map\fdmstest.nl\db\ckeditor\skins\moono\dialog_ie7.css <-- fdmtest.nl /web/db/ckeditor/skins/moono dialog_ie7.css
2013.03.23 09:59 B E:\fdmstest.nl Map\fdmstest.nl\db\ckeditor\skins\moono\dialog_ie8.css <-- fdmtest.nl /web/db/ckeditor/skins/moono dialog_ie8.css
2013.03.23 09:59 B E:\fdmstest.nl Map\fdmstest.nl\db\ckeditor\skins\moono\dialog_iequirks.css <-- fdmtest.nl /web/db/ckeditor/skins/moono dialog_iequirks.css
2013.03.23 09:59 B E:\fdmstest.nl Map\fdmstest.nl\db\ckeditor\skins\moono\dialog_opera.css <-- fdmtest.nl /web/db/ckeditor/skins/moono dialog_opera.css
2013.03.23 09:59 B E:\fdmstest.nl Map\fdmstest.nl\db\ckeditor\skins\moono\editor.css <-- fdmtest.nl /web/db/ckeditor/skins/moono editor.css
2013.03.23 09:59 B E:\fdmstest.nl Map\fdmstest.nl\db\ckeditor\skins\moono\editor_gecko.css <-- fdmtest.nl /web/db/ckeditor/skins/moono editor_gecko.css
2013.03.23 09:59 B E:\fdmstest.nl Map\fdmstest.nl\db\ckeditor\skins\moono\editor_ie.css <-- fdmtest.nl /web/db/ckeditor/skins/moono editor_ie.css
2013.03.23 09:59 B E:\fdmstest.nl Map\fdmstest.nl\db\ckeditor\skins\moono\editor_ie7.css <-- fdmtest.nl /web/db/ckeditor/skins/moono editor_ie7.css
2013.03.23 09:59 B E:\fdmstest.nl Map\fdmstest.nl\db\ckeditor\skins\moono\editor_ie8.css <-- fdmtest.nl /web/db/ckeditor/skins/moono editor_ie8.css
2013.03.23 09:59 B E:\fdmstest.nl Map\fdmstest.nl\db\ckeditor\skins\moono\editor_iequirks.css <-- fdmtest.nl /web/db/ckeditor/skins/moono editor_iequirks.css
2013.03.23 09:59 B E:\fdmstest.nl Map\fdmstest.nl\db\ckeditor\skins\moono\icons.png <-- fdmtest.nl /web/db/ckeditor/skins/moono icons.png
2013.03.23 09:59 B E:\fdmstest.nl Map\fdmstest.nl\db\ckeditor\skins\moono\readme.md <-- fdmtest.nl /web/db/ckeditor/skins/moono readme.md
2013.03.24 13:53 B E:\fdmstest.nl Map\fdmstest.nl\db\ckeditor\skins\moono\dialog.css --> dewildeautos.nl /web/db/ckeditor/skins/moono dialog.css
2013.03.24 13:53 B E:\fdmstest.nl Map\fdmstest.nl\db\ckeditor\skins\moono\dialog_ie.css --> dewildeautos.nl /web/db/ckeditor/skins/moono dialog_ie.css
2013.03.24 13:53 B E:\fdmstest.nl Map\fdmstest.nl\db\ckeditor\skins\moono\dialog_ie7.css --> dewildeautos.nl /web/db/ckeditor/skins/moono dialog_ie7.css
2013.03.24 13:53 B E:\fdmstest.nl Map\fdmstest.nl\db\ckeditor\skins\moono\dialog_ie8.css --> dewildeautos.nl /web/db/ckeditor/skins/moono dialog_ie8.css
2013.03.24 13:53 B E:\fdmstest.nl Map\fdmstest.nl\db\ckeditor\skins\moono\dialog_iequirks.css --> dewildeautos.nl /web/db/ckeditor/skins/moono dialog_iequirks.css
2013.03.24 13:53 B E:\fdmstest.nl Map\fdmstest.nl\db\ckeditor\skins\moono\dialog_opera.css --> dewildeautos.nl /web/db/ckeditor/skins/moono dialog_opera.css
2013.03.24 13:53 B E:\fdmstest.nl Map\fdmstest.nl\db\ckeditor\skins\moono\editor.css --> dewildeautos.nl /web/db/ckeditor/skins/moono editor.css
2013.03.24 13:53 B E:\fdmstest.nl Map\fdmstest.nl\db\ckeditor\skins\moono\editor_gecko.css --> dewildeautos.nl /web/db/ckeditor/skins/moono editor_gecko.css
2013.03.24 13:53 B E:\fdmstest.nl Map\fdmstest.nl\db\ckeditor\skins\moono\editor_ie.css --> dewildeautos.nl /web/db/ckeditor/skins/moono editor_ie.css
2013.03.24 13:53 B E:\fdmstest.nl Map\fdmstest.nl\db\ckeditor\skins\moono\editor_ie7.css --> dewildeautos.nl /web/db/ckeditor/skins/moono editor_ie7.css
2013.03.24 13:53 B E:\fdmstest.nl Map\fdmstest.nl\db\ckeditor\skins\moono\editor_ie8.css --> dewildeautos.nl /web/db/ckeditor/skins/moono editor_ie8.css
2013.03.24 13:53 B E:\fdmstest.nl Map\fdmstest.nl\db\ckeditor\skins\moono\editor_iequirks.css --> dewildeautos.nl /web/db/ckeditor/skins/moono editor_iequirks.css
2013.03.24 13:53 B E:\fdmstest.nl Map\fdmstest.nl\db\ckeditor\skins\moono\icons.png --> dewildeautos.nl /web/db/ckeditor/skins/moono icons.png
2013.03.24 13:53 B E:\fdmstest.nl Map\fdmstest.nl\db\ckeditor\skins\moono\readme.md --> dewildeautos.nl /web/db/ckeditor/skins/moono readme.md
2013.03.24 13:53 B E:\fdmstest.nl Map\fdmstest.nl\db\ckeditor\skins\moono\WS_FTP.LOG --> dewildeautos.nl /web/db/ckeditor/skins/moono WS_FTP.LOG
2013.03.25 10:58 B E:\fdmstest.nl Map\fdmstest.nl\db\ckeditor\skins\moono\dialog.css --> thomassen-autos.nl /web/db/ckeditor/skins/moono dialog.css
2013.03.25 10:58 B E:\fdmstest.nl Map\fdmstest.nl\db\ckeditor\skins\moono\dialog_ie.css --> thomassen-autos.nl /web/db/ckeditor/skins/moono dialog_ie.css
2013.03.25 10:58 B E:\fdmstest.nl Map\fdmstest.nl\db\ckeditor\skins\moono\dialog_ie7.css --> thomassen-autos.nl /web/db/ckeditor/skins/moono dialog_ie7.css
2013.03.25 10:58 B E:\fdmstest.nl Map\fdmstest.nl\db\ckeditor\skins\moono\dialog_ie8.css --> thomassen-autos.nl /web/db/ckeditor/skins/moono dialog_ie8.css
2013.03.25 10:58 B E:\fdmstest.nl Map\fdmstest.nl\db\ckeditor\skins\moono\dialog_iequirks.css --> thomassen-autos.nl /web/db/ckeditor/skins/moono dialog_iequirks.css
2013.03.25 10:58 B E:\fdmstest.nl Map\fdmstest.nl\db\ckeditor\skins\moono\dialog_opera.css --> thomassen-autos.nl /web/db/ckeditor/skins/moono dialog_opera.css
2013.03.25 10:58 B E:\fdmstest.nl Map\fdmstest.nl\db\ckeditor\skins\moono\editor.css --> thomassen-autos.nl /web/db/ckeditor/skins/moono editor.css
2013.03.25 10:58 B E:\fdmstest.nl Map\fdmstest.nl\db\ckeditor\skins\moono\editor_gecko.css --> thomassen-autos.nl /web/db/ckeditor/skins/moono editor_gecko.css
2013.03.25 10:58 B E:\fdmstest.nl Map\fdmstest.nl\db\ckeditor\skins\moono\editor_ie.css --> thomassen-autos.nl /web/db/ckeditor/skins/moono editor_ie.css
2013.03.25 10:58 B E:\fdmstest.nl Map\fdmstest.nl\db\ckeditor\skins\moono\editor_ie7.css --> thomassen-autos.nl /web/db/ckeditor/skins/moono editor_ie7.css
2013.03.25 10:58 B E:\fdmstest.nl Map\fdmstest.nl\db\ckeditor\skins\moono\editor_ie8.css --> thomassen-autos.nl /web/db/ckeditor/skins/moono editor_ie8.css
2013.03.25 10:58 B E:\fdmstest.nl Map\fdmstest.nl\db\ckeditor\skins\moono\editor_iequirks.css --> thomassen-autos.nl /web/db/ckeditor/skins/moono editor_iequirks.css
2013.03.25 10:58 B E:\fdmstest.nl Map\fdmstest.nl\db\ckeditor\skins\moono\icons.png --> thomassen-autos.nl /web/db/ckeditor/skins/moono icons.png
2013.03.25 10:58 B E:\fdmstest.nl Map\fdmstest.nl\db\ckeditor\skins\moono\readme.md --> thomassen-autos.nl /web/db/ckeditor/skins/moono readme.md
2013.03.25 10:58 B E:\fdmstest.nl Map\fdmstest.nl\db\ckeditor\skins\moono\WS_FTP.LOG --> thomassen-autos.nl /web/db/ckeditor/skins/moono WS_FTP.LOG
2014.02.25 16:52 B E:\autoadvance2012.nl\db\ckeditor\skins\moono\WS_FTP.LOG <-- autoadvance.nl /web/db/ckeditor/skins/moono WS_FTP.LOG
