2011.11.17 19:05 B E:\dewildeautos11.nl Map\dewildeautos11.nl\db\ckeditor\_samples\asp\advanced.asp <-- dewildeautos.nl /web/ckeditor/_samples/asp advanced.asp
2011.11.17 19:05 B E:\dewildeautos11.nl Map\dewildeautos11.nl\db\ckeditor\_samples\asp\events.asp <-- dewildeautos.nl /web/ckeditor/_samples/asp events.asp
2011.11.17 19:05 B E:\dewildeautos11.nl Map\dewildeautos11.nl\db\ckeditor\_samples\asp\index.html <-- dewildeautos.nl /web/ckeditor/_samples/asp index.html
2011.11.17 19:05 B E:\dewildeautos11.nl Map\dewildeautos11.nl\db\ckeditor\_samples\asp\replace.asp <-- dewildeautos.nl /web/ckeditor/_samples/asp replace.asp
2011.11.17 19:05 B E:\dewildeautos11.nl Map\dewildeautos11.nl\db\ckeditor\_samples\asp\replaceall.asp <-- dewildeautos.nl /web/ckeditor/_samples/asp replaceall.asp
2011.11.17 19:05 B E:\dewildeautos11.nl Map\dewildeautos11.nl\db\ckeditor\_samples\asp\sample_posteddata.asp <-- dewildeautos.nl /web/ckeditor/_samples/asp sample_posteddata.asp
2011.11.17 19:05 B E:\dewildeautos11.nl Map\dewildeautos11.nl\db\ckeditor\_samples\asp\standalone.asp <-- dewildeautos.nl /web/ckeditor/_samples/asp standalone.asp
2012.04.27 13:37 B E:\vanaerleautos.nl\db\ckeditor\_samples\asp\advanced.asp --> www.vanaerleautos.nl /web/db/ckeditor/_samples/asp advanced.asp
2012.04.27 13:37 B E:\vanaerleautos.nl\db\ckeditor\_samples\asp\events.asp --> www.vanaerleautos.nl /web/db/ckeditor/_samples/asp events.asp
2012.04.27 13:37 B E:\vanaerleautos.nl\db\ckeditor\_samples\asp\index.html --> www.vanaerleautos.nl /web/db/ckeditor/_samples/asp index.html
2012.04.27 13:37 B E:\vanaerleautos.nl\db\ckeditor\_samples\asp\replace.asp --> www.vanaerleautos.nl /web/db/ckeditor/_samples/asp replace.asp
2012.04.27 13:37 B E:\vanaerleautos.nl\db\ckeditor\_samples\asp\replaceall.asp --> www.vanaerleautos.nl /web/db/ckeditor/_samples/asp replaceall.asp
2012.04.27 13:37 B E:\vanaerleautos.nl\db\ckeditor\_samples\asp\sample_posteddata.asp --> www.vanaerleautos.nl /web/db/ckeditor/_samples/asp sample_posteddata.asp
2012.04.27 13:37 B E:\vanaerleautos.nl\db\ckeditor\_samples\asp\standalone.asp --> www.vanaerleautos.nl /web/db/ckeditor/_samples/asp standalone.asp
2012.04.27 13:37 B E:\vanaerleautos.nl\db\ckeditor\_samples\asp\WS_FTP.LOG --> www.vanaerleautos.nl /web/db/ckeditor/_samples/asp WS_FTP.LOG
2012.05.08 20:53 B E:\autoadvance2010.nl Map\autoadvance2010.nl\db\ckeditor\_samples\asp\advanced.asp --> autoadvance.nl /web/db/ckeditor/_samples/asp advanced.asp
2012.05.08 20:53 B E:\autoadvance2010.nl Map\autoadvance2010.nl\db\ckeditor\_samples\asp\events.asp --> autoadvance.nl /web/db/ckeditor/_samples/asp events.asp
2012.05.08 20:53 B E:\autoadvance2010.nl Map\autoadvance2010.nl\db\ckeditor\_samples\asp\index.html --> autoadvance.nl /web/db/ckeditor/_samples/asp index.html
2012.05.08 20:53 B E:\autoadvance2010.nl Map\autoadvance2010.nl\db\ckeditor\_samples\asp\replace.asp --> autoadvance.nl /web/db/ckeditor/_samples/asp replace.asp
2012.05.08 20:53 B E:\autoadvance2010.nl Map\autoadvance2010.nl\db\ckeditor\_samples\asp\replaceall.asp --> autoadvance.nl /web/db/ckeditor/_samples/asp replaceall.asp
2012.05.08 20:53 B E:\autoadvance2010.nl Map\autoadvance2010.nl\db\ckeditor\_samples\asp\sample_posteddata.asp --> autoadvance.nl /web/db/ckeditor/_samples/asp sample_posteddata.asp
2012.05.08 20:53 B E:\autoadvance2010.nl Map\autoadvance2010.nl\db\ckeditor\_samples\asp\standalone.asp --> autoadvance.nl /web/db/ckeditor/_samples/asp standalone.asp
2013.03.16 11:41 B E:\fdmstest.nl Map\fdmstest.nl\db\ckeditor\_samples\asp\WS_FTP.LOG <-- autoadvance.nl /web/db/ckeditor/_samples/asp WS_FTP.LOG
2013.03.16 12:15 B E:\fdmstest.nl Map\fdmstest.nl\db\ckeditor\_samples\asp\advanced.asp --> 212.79.241.34 /web/db/ckeditor/_samples/asp advanced.asp
2013.03.16 12:15 B E:\fdmstest.nl Map\fdmstest.nl\db\ckeditor\_samples\asp\events.asp --> 212.79.241.34 /web/db/ckeditor/_samples/asp events.asp
2013.03.16 12:15 B E:\fdmstest.nl Map\fdmstest.nl\db\ckeditor\_samples\asp\index.html --> 212.79.241.34 /web/db/ckeditor/_samples/asp index.html
2013.03.16 12:15 B E:\fdmstest.nl Map\fdmstest.nl\db\ckeditor\_samples\asp\replace.asp --> 212.79.241.34 /web/db/ckeditor/_samples/asp replace.asp
2013.03.16 12:15 B E:\fdmstest.nl Map\fdmstest.nl\db\ckeditor\_samples\asp\replaceall.asp --> 212.79.241.34 /web/db/ckeditor/_samples/asp replaceall.asp
2013.03.16 12:15 B E:\fdmstest.nl Map\fdmstest.nl\db\ckeditor\_samples\asp\sample_posteddata.asp --> 212.79.241.34 /web/db/ckeditor/_samples/asp sample_posteddata.asp
2013.03.16 12:15 B E:\fdmstest.nl Map\fdmstest.nl\db\ckeditor\_samples\asp\standalone.asp --> 212.79.241.34 /web/db/ckeditor/_samples/asp standalone.asp
2013.03.23 09:55 B E:\fdmstest.nl Map\fdmstest.nl\db\ckeditor\_samples\asp\WS_FTP.LOG <-- fdmtest.nl /web/db/ckeditor/_samples/asp WS_FTP.LOG
2013.03.24 13:42 B E:\fdmstest.nl Map\fdmstest.nl\db\ckeditor\_samples\asp\advanced.asp --> dewildeautos.nl /web/db/ckeditor/_samples/asp advanced.asp
2013.03.24 13:42 B E:\fdmstest.nl Map\fdmstest.nl\db\ckeditor\_samples\asp\events.asp --> dewildeautos.nl /web/db/ckeditor/_samples/asp events.asp
2013.03.24 13:42 B E:\fdmstest.nl Map\fdmstest.nl\db\ckeditor\_samples\asp\index.html --> dewildeautos.nl /web/db/ckeditor/_samples/asp index.html
2013.03.24 13:42 B E:\fdmstest.nl Map\fdmstest.nl\db\ckeditor\_samples\asp\replace.asp --> dewildeautos.nl /web/db/ckeditor/_samples/asp replace.asp
2013.03.24 13:42 B E:\fdmstest.nl Map\fdmstest.nl\db\ckeditor\_samples\asp\replaceall.asp --> dewildeautos.nl /web/db/ckeditor/_samples/asp replaceall.asp
2013.03.24 13:42 B E:\fdmstest.nl Map\fdmstest.nl\db\ckeditor\_samples\asp\sample_posteddata.asp --> dewildeautos.nl /web/db/ckeditor/_samples/asp sample_posteddata.asp
2013.03.24 13:42 B E:\fdmstest.nl Map\fdmstest.nl\db\ckeditor\_samples\asp\standalone.asp --> dewildeautos.nl /web/db/ckeditor/_samples/asp standalone.asp
2013.03.24 13:42 B E:\fdmstest.nl Map\fdmstest.nl\db\ckeditor\_samples\asp\WS_FTP.LOG --> dewildeautos.nl /web/db/ckeditor/_samples/asp WS_FTP.LOG
2013.03.25 10:47 B E:\fdmstest.nl Map\fdmstest.nl\db\ckeditor\_samples\asp\advanced.asp --> thomassen-autos.nl /web/db/ckeditor/_samples/asp advanced.asp
2013.03.25 10:47 B E:\fdmstest.nl Map\fdmstest.nl\db\ckeditor\_samples\asp\events.asp --> thomassen-autos.nl /web/db/ckeditor/_samples/asp events.asp
2013.03.25 10:47 B E:\fdmstest.nl Map\fdmstest.nl\db\ckeditor\_samples\asp\index.html --> thomassen-autos.nl /web/db/ckeditor/_samples/asp index.html
2013.03.25 10:47 B E:\fdmstest.nl Map\fdmstest.nl\db\ckeditor\_samples\asp\replace.asp --> thomassen-autos.nl /web/db/ckeditor/_samples/asp replace.asp
2013.03.25 10:47 B E:\fdmstest.nl Map\fdmstest.nl\db\ckeditor\_samples\asp\replaceall.asp --> thomassen-autos.nl /web/db/ckeditor/_samples/asp replaceall.asp
2013.03.25 10:47 B E:\fdmstest.nl Map\fdmstest.nl\db\ckeditor\_samples\asp\sample_posteddata.asp --> thomassen-autos.nl /web/db/ckeditor/_samples/asp sample_posteddata.asp
2013.03.25 10:47 B E:\fdmstest.nl Map\fdmstest.nl\db\ckeditor\_samples\asp\standalone.asp --> thomassen-autos.nl /web/db/ckeditor/_samples/asp standalone.asp
2013.03.25 10:47 B E:\fdmstest.nl Map\fdmstest.nl\db\ckeditor\_samples\asp\WS_FTP.LOG --> thomassen-autos.nl /web/db/ckeditor/_samples/asp WS_FTP.LOG
2014.02.25 16:38 B E:\autoadvance2012.nl\db\ckeditor\_samples\asp\WS_FTP.LOG <-- autoadvance.nl /web/db/ckeditor/_samples/asp WS_FTP.LOG
