2011.11.17 16:58 B E:\software\ckeditor_3.6.2\ckeditor\_source\skins\office2003\toolbar.css --> dewildeautos.nl /web/ckeditor/_source/skins/office2003 toolbar.css
2011.11.17 16:58 B E:\software\ckeditor_3.6.2\ckeditor\_source\skins\office2003\templates.css --> dewildeautos.nl /web/ckeditor/_source/skins/office2003 templates.css
2011.11.17 16:58 B E:\software\ckeditor_3.6.2\ckeditor\_source\skins\office2003\skin.js --> dewildeautos.nl /web/ckeditor/_source/skins/office2003 skin.js
2011.11.17 16:58 B E:\software\ckeditor_3.6.2\ckeditor\_source\skins\office2003\richcombo.css --> dewildeautos.nl /web/ckeditor/_source/skins/office2003 richcombo.css
2011.11.17 16:58 B E:\software\ckeditor_3.6.2\ckeditor\_source\skins\office2003\reset.css --> dewildeautos.nl /web/ckeditor/_source/skins/office2003 reset.css
2011.11.17 16:58 B E:\software\ckeditor_3.6.2\ckeditor\_source\skins\office2003\presets.css --> dewildeautos.nl /web/ckeditor/_source/skins/office2003 presets.css
2011.11.17 16:58 B E:\software\ckeditor_3.6.2\ckeditor\_source\skins\office2003\panel.css --> dewildeautos.nl /web/ckeditor/_source/skins/office2003 panel.css
2011.11.17 16:58 B E:\software\ckeditor_3.6.2\ckeditor\_source\skins\office2003\menu.css --> dewildeautos.nl /web/ckeditor/_source/skins/office2003 menu.css
2011.11.17 16:58 B E:\software\ckeditor_3.6.2\ckeditor\_source\skins\office2003\mainui.css --> dewildeautos.nl /web/ckeditor/_source/skins/office2003 mainui.css
2011.11.17 16:58 B E:\software\ckeditor_3.6.2\ckeditor\_source\skins\office2003\icons_rtl.png --> dewildeautos.nl /web/ckeditor/_source/skins/office2003 icons_rtl.png
2011.11.17 16:58 B E:\software\ckeditor_3.6.2\ckeditor\_source\skins\office2003\icons.png --> dewildeautos.nl /web/ckeditor/_source/skins/office2003 icons.png
2011.11.17 16:58 B E:\software\ckeditor_3.6.2\ckeditor\_source\skins\office2003\icons.css --> dewildeautos.nl /web/ckeditor/_source/skins/office2003 icons.css
2011.11.17 16:58 B E:\software\ckeditor_3.6.2\ckeditor\_source\skins\office2003\elementspath.css --> dewildeautos.nl /web/ckeditor/_source/skins/office2003 elementspath.css
2011.11.17 16:58 B E:\software\ckeditor_3.6.2\ckeditor\_source\skins\office2003\editor.css --> dewildeautos.nl /web/ckeditor/_source/skins/office2003 editor.css
2011.11.17 16:58 B E:\software\ckeditor_3.6.2\ckeditor\_source\skins\office2003\dialog.css --> dewildeautos.nl /web/ckeditor/_source/skins/office2003 dialog.css
2011.12.15 13:37 B E:\tijdvoorkwaliteit2011.nl\db\ckeditor\_source\skins\office2003\WS_FTP.LOG <-- dewildeautos.nl /web/db/ckeditor/_source/skins/office2003 WS_FTP.LOG
2011.12.15 13:59 B E:\tijdvoorkwaliteit2011.nl\db\ckeditor\_source\skins\office2003\dialog.css --> tijdvoorkwaliteit.nl /web/db/ckeditor/_source/skins/office2003 dialog.css
2011.12.15 13:59 B E:\tijdvoorkwaliteit2011.nl\db\ckeditor\_source\skins\office2003\editor.css --> tijdvoorkwaliteit.nl /web/db/ckeditor/_source/skins/office2003 editor.css
2011.12.15 13:59 B E:\tijdvoorkwaliteit2011.nl\db\ckeditor\_source\skins\office2003\elementspath.css --> tijdvoorkwaliteit.nl /web/db/ckeditor/_source/skins/office2003 elementspath.css
2011.12.15 13:59 B E:\tijdvoorkwaliteit2011.nl\db\ckeditor\_source\skins\office2003\icons.css --> tijdvoorkwaliteit.nl /web/db/ckeditor/_source/skins/office2003 icons.css
2011.12.15 13:59 B E:\tijdvoorkwaliteit2011.nl\db\ckeditor\_source\skins\office2003\icons.png --> tijdvoorkwaliteit.nl /web/db/ckeditor/_source/skins/office2003 icons.png
2011.12.15 13:59 B E:\tijdvoorkwaliteit2011.nl\db\ckeditor\_source\skins\office2003\icons_rtl.png --> tijdvoorkwaliteit.nl /web/db/ckeditor/_source/skins/office2003 icons_rtl.png
2011.12.15 13:59 B E:\tijdvoorkwaliteit2011.nl\db\ckeditor\_source\skins\office2003\mainui.css --> tijdvoorkwaliteit.nl /web/db/ckeditor/_source/skins/office2003 mainui.css
2011.12.15 13:59 B E:\tijdvoorkwaliteit2011.nl\db\ckeditor\_source\skins\office2003\menu.css --> tijdvoorkwaliteit.nl /web/db/ckeditor/_source/skins/office2003 menu.css
2011.12.15 13:59 B E:\tijdvoorkwaliteit2011.nl\db\ckeditor\_source\skins\office2003\panel.css --> tijdvoorkwaliteit.nl /web/db/ckeditor/_source/skins/office2003 panel.css
2011.12.15 13:59 B E:\tijdvoorkwaliteit2011.nl\db\ckeditor\_source\skins\office2003\presets.css --> tijdvoorkwaliteit.nl /web/db/ckeditor/_source/skins/office2003 presets.css
2011.12.15 13:59 B E:\tijdvoorkwaliteit2011.nl\db\ckeditor\_source\skins\office2003\reset.css --> tijdvoorkwaliteit.nl /web/db/ckeditor/_source/skins/office2003 reset.css
2011.12.15 13:59 B E:\tijdvoorkwaliteit2011.nl\db\ckeditor\_source\skins\office2003\richcombo.css --> tijdvoorkwaliteit.nl /web/db/ckeditor/_source/skins/office2003 richcombo.css
2011.12.15 13:59 B E:\tijdvoorkwaliteit2011.nl\db\ckeditor\_source\skins\office2003\skin.js --> tijdvoorkwaliteit.nl /web/db/ckeditor/_source/skins/office2003 skin.js
2011.12.15 13:59 B E:\tijdvoorkwaliteit2011.nl\db\ckeditor\_source\skins\office2003\templates.css --> tijdvoorkwaliteit.nl /web/db/ckeditor/_source/skins/office2003 templates.css
2011.12.15 13:59 B E:\tijdvoorkwaliteit2011.nl\db\ckeditor\_source\skins\office2003\toolbar.css --> tijdvoorkwaliteit.nl /web/db/ckeditor/_source/skins/office2003 toolbar.css
2012.04.19 13:36 B E:\tilborghs.nl Map\tilborghs.nl\db\ckeditor\_source\skins\office2003\WS_FTP.LOG <-- tijdvoorkwaliteit.nl /web/db/ckeditor/_source/skins/office2003 WS_FTP.LOG
2012.04.19 13:46 B E:\tilborghs.nl Map\tilborghs.nl\db\ckeditor\_source\skins\office2003\dialog.css --> tilborghs.nl /web/db/ckeditor/_source/skins/office2003 dialog.css
2012.04.19 13:46 B E:\tilborghs.nl Map\tilborghs.nl\db\ckeditor\_source\skins\office2003\editor.css --> tilborghs.nl /web/db/ckeditor/_source/skins/office2003 editor.css
2012.04.19 13:46 B E:\tilborghs.nl Map\tilborghs.nl\db\ckeditor\_source\skins\office2003\elementspath.css --> tilborghs.nl /web/db/ckeditor/_source/skins/office2003 elementspath.css
2012.04.19 13:46 B E:\tilborghs.nl Map\tilborghs.nl\db\ckeditor\_source\skins\office2003\icons.css --> tilborghs.nl /web/db/ckeditor/_source/skins/office2003 icons.css
2012.04.19 13:46 B E:\tilborghs.nl Map\tilborghs.nl\db\ckeditor\_source\skins\office2003\icons.png --> tilborghs.nl /web/db/ckeditor/_source/skins/office2003 icons.png
2012.04.19 13:46 B E:\tilborghs.nl Map\tilborghs.nl\db\ckeditor\_source\skins\office2003\icons_rtl.png --> tilborghs.nl /web/db/ckeditor/_source/skins/office2003 icons_rtl.png
2012.04.19 13:46 B E:\tilborghs.nl Map\tilborghs.nl\db\ckeditor\_source\skins\office2003\mainui.css --> tilborghs.nl /web/db/ckeditor/_source/skins/office2003 mainui.css
2012.04.19 13:46 B E:\tilborghs.nl Map\tilborghs.nl\db\ckeditor\_source\skins\office2003\menu.css --> tilborghs.nl /web/db/ckeditor/_source/skins/office2003 menu.css
2012.04.19 13:47 B E:\tilborghs.nl Map\tilborghs.nl\db\ckeditor\_source\skins\office2003\panel.css --> tilborghs.nl /web/db/ckeditor/_source/skins/office2003 panel.css
2012.04.19 13:47 B E:\tilborghs.nl Map\tilborghs.nl\db\ckeditor\_source\skins\office2003\presets.css --> tilborghs.nl /web/db/ckeditor/_source/skins/office2003 presets.css
2012.04.19 13:47 B E:\tilborghs.nl Map\tilborghs.nl\db\ckeditor\_source\skins\office2003\reset.css --> tilborghs.nl /web/db/ckeditor/_source/skins/office2003 reset.css
2012.04.19 13:47 B E:\tilborghs.nl Map\tilborghs.nl\db\ckeditor\_source\skins\office2003\richcombo.css --> tilborghs.nl /web/db/ckeditor/_source/skins/office2003 richcombo.css
2012.04.19 13:47 B E:\tilborghs.nl Map\tilborghs.nl\db\ckeditor\_source\skins\office2003\skin.js --> tilborghs.nl /web/db/ckeditor/_source/skins/office2003 skin.js
2012.04.19 13:47 B E:\tilborghs.nl Map\tilborghs.nl\db\ckeditor\_source\skins\office2003\templates.css --> tilborghs.nl /web/db/ckeditor/_source/skins/office2003 templates.css
2012.04.19 13:47 B E:\tilborghs.nl Map\tilborghs.nl\db\ckeditor\_source\skins\office2003\toolbar.css --> tilborghs.nl /web/db/ckeditor/_source/skins/office2003 toolbar.css
2012.04.19 13:47 B E:\tilborghs.nl Map\tilborghs.nl\db\ckeditor\_source\skins\office2003\WS_FTP.LOG --> tilborghs.nl /web/db/ckeditor/_source/skins/office2003 WS_FTP.LOG
2012.05.08 21:00 B E:\autoadvance2010.nl Map\autoadvance2010.nl\db\ckeditor\_source\skins\office2003\dialog.css --> autoadvance.nl /web/db/ckeditor/_source/skins/office2003 dialog.css
2012.05.08 21:00 B E:\autoadvance2010.nl Map\autoadvance2010.nl\db\ckeditor\_source\skins\office2003\editor.css --> autoadvance.nl /web/db/ckeditor/_source/skins/office2003 editor.css
2012.05.08 21:00 B E:\autoadvance2010.nl Map\autoadvance2010.nl\db\ckeditor\_source\skins\office2003\elementspath.css --> autoadvance.nl /web/db/ckeditor/_source/skins/office2003 elementspath.css
2012.05.08 21:00 B E:\autoadvance2010.nl Map\autoadvance2010.nl\db\ckeditor\_source\skins\office2003\icons.css --> autoadvance.nl /web/db/ckeditor/_source/skins/office2003 icons.css
2012.05.08 21:00 B E:\autoadvance2010.nl Map\autoadvance2010.nl\db\ckeditor\_source\skins\office2003\icons.png --> autoadvance.nl /web/db/ckeditor/_source/skins/office2003 icons.png
2012.05.08 21:00 B E:\autoadvance2010.nl Map\autoadvance2010.nl\db\ckeditor\_source\skins\office2003\icons_rtl.png --> autoadvance.nl /web/db/ckeditor/_source/skins/office2003 icons_rtl.png
2012.05.08 21:00 B E:\autoadvance2010.nl Map\autoadvance2010.nl\db\ckeditor\_source\skins\office2003\mainui.css --> autoadvance.nl /web/db/ckeditor/_source/skins/office2003 mainui.css
2012.05.08 21:00 B E:\autoadvance2010.nl Map\autoadvance2010.nl\db\ckeditor\_source\skins\office2003\menu.css --> autoadvance.nl /web/db/ckeditor/_source/skins/office2003 menu.css
2012.05.08 21:00 B E:\autoadvance2010.nl Map\autoadvance2010.nl\db\ckeditor\_source\skins\office2003\panel.css --> autoadvance.nl /web/db/ckeditor/_source/skins/office2003 panel.css
2012.05.08 21:00 B E:\autoadvance2010.nl Map\autoadvance2010.nl\db\ckeditor\_source\skins\office2003\presets.css --> autoadvance.nl /web/db/ckeditor/_source/skins/office2003 presets.css
2012.05.08 21:00 B E:\autoadvance2010.nl Map\autoadvance2010.nl\db\ckeditor\_source\skins\office2003\reset.css --> autoadvance.nl /web/db/ckeditor/_source/skins/office2003 reset.css
2012.05.08 21:00 B E:\autoadvance2010.nl Map\autoadvance2010.nl\db\ckeditor\_source\skins\office2003\richcombo.css --> autoadvance.nl /web/db/ckeditor/_source/skins/office2003 richcombo.css
2012.05.08 21:00 B E:\autoadvance2010.nl Map\autoadvance2010.nl\db\ckeditor\_source\skins\office2003\skin.js --> autoadvance.nl /web/db/ckeditor/_source/skins/office2003 skin.js
2012.05.08 21:00 B E:\autoadvance2010.nl Map\autoadvance2010.nl\db\ckeditor\_source\skins\office2003\templates.css --> autoadvance.nl /web/db/ckeditor/_source/skins/office2003 templates.css
2012.05.08 21:00 B E:\autoadvance2010.nl Map\autoadvance2010.nl\db\ckeditor\_source\skins\office2003\toolbar.css --> autoadvance.nl /web/db/ckeditor/_source/skins/office2003 toolbar.css
2013.03.16 11:44 B E:\fdmstest.nl Map\fdmstest.nl\db\ckeditor\_source\skins\office2003\WS_FTP.LOG <-- autoadvance.nl /web/db/ckeditor/_source/skins/office2003 WS_FTP.LOG
2013.03.16 12:22 B E:\fdmstest.nl Map\fdmstest.nl\db\ckeditor\_source\skins\office2003\dialog.css --> 212.79.241.34 /web/db/ckeditor/_source/skins/office2003 dialog.css
2013.03.16 12:22 B E:\fdmstest.nl Map\fdmstest.nl\db\ckeditor\_source\skins\office2003\editor.css --> 212.79.241.34 /web/db/ckeditor/_source/skins/office2003 editor.css
2013.03.16 12:22 B E:\fdmstest.nl Map\fdmstest.nl\db\ckeditor\_source\skins\office2003\elementspath.css --> 212.79.241.34 /web/db/ckeditor/_source/skins/office2003 elementspath.css
2013.03.16 12:22 B E:\fdmstest.nl Map\fdmstest.nl\db\ckeditor\_source\skins\office2003\icons.css --> 212.79.241.34 /web/db/ckeditor/_source/skins/office2003 icons.css
2013.03.16 12:22 B E:\fdmstest.nl Map\fdmstest.nl\db\ckeditor\_source\skins\office2003\icons.png --> 212.79.241.34 /web/db/ckeditor/_source/skins/office2003 icons.png
2013.03.16 12:22 B E:\fdmstest.nl Map\fdmstest.nl\db\ckeditor\_source\skins\office2003\icons_rtl.png --> 212.79.241.34 /web/db/ckeditor/_source/skins/office2003 icons_rtl.png
2013.03.16 12:22 B E:\fdmstest.nl Map\fdmstest.nl\db\ckeditor\_source\skins\office2003\mainui.css --> 212.79.241.34 /web/db/ckeditor/_source/skins/office2003 mainui.css
2013.03.16 12:22 B E:\fdmstest.nl Map\fdmstest.nl\db\ckeditor\_source\skins\office2003\menu.css --> 212.79.241.34 /web/db/ckeditor/_source/skins/office2003 menu.css
2013.03.16 12:22 B E:\fdmstest.nl Map\fdmstest.nl\db\ckeditor\_source\skins\office2003\panel.css --> 212.79.241.34 /web/db/ckeditor/_source/skins/office2003 panel.css
2013.03.16 12:22 B E:\fdmstest.nl Map\fdmstest.nl\db\ckeditor\_source\skins\office2003\presets.css --> 212.79.241.34 /web/db/ckeditor/_source/skins/office2003 presets.css
2013.03.16 12:22 B E:\fdmstest.nl Map\fdmstest.nl\db\ckeditor\_source\skins\office2003\reset.css --> 212.79.241.34 /web/db/ckeditor/_source/skins/office2003 reset.css
2013.03.16 12:22 B E:\fdmstest.nl Map\fdmstest.nl\db\ckeditor\_source\skins\office2003\richcombo.css --> 212.79.241.34 /web/db/ckeditor/_source/skins/office2003 richcombo.css
2013.03.16 12:22 B E:\fdmstest.nl Map\fdmstest.nl\db\ckeditor\_source\skins\office2003\skin.js --> 212.79.241.34 /web/db/ckeditor/_source/skins/office2003 skin.js
2013.03.16 12:22 B E:\fdmstest.nl Map\fdmstest.nl\db\ckeditor\_source\skins\office2003\templates.css --> 212.79.241.34 /web/db/ckeditor/_source/skins/office2003 templates.css
2013.03.16 12:22 B E:\fdmstest.nl Map\fdmstest.nl\db\ckeditor\_source\skins\office2003\toolbar.css --> 212.79.241.34 /web/db/ckeditor/_source/skins/office2003 toolbar.css
2013.03.16 12:22 B E:\fdmstest.nl Map\fdmstest.nl\db\ckeditor\_source\skins\office2003\WS_FTP.LOG --> 212.79.241.34 /web/db/ckeditor/_source/skins/office2003 WS_FTP.LOG
2013.03.23 09:57 B E:\fdmstest.nl Map\fdmstest.nl\db\ckeditor\_source\skins\office2003\dialog.css <-- fdmtest.nl /web/db/ckeditor/_source/skins/office2003 dialog.css
2013.03.23 09:57 B E:\fdmstest.nl Map\fdmstest.nl\db\ckeditor\_source\skins\office2003\editor.css <-- fdmtest.nl /web/db/ckeditor/_source/skins/office2003 editor.css
2013.03.23 09:57 B E:\fdmstest.nl Map\fdmstest.nl\db\ckeditor\_source\skins\office2003\elementspath.css <-- fdmtest.nl /web/db/ckeditor/_source/skins/office2003 elementspath.css
2013.03.23 09:57 B E:\fdmstest.nl Map\fdmstest.nl\db\ckeditor\_source\skins\office2003\icons.css <-- fdmtest.nl /web/db/ckeditor/_source/skins/office2003 icons.css
2013.03.23 09:57 B E:\fdmstest.nl Map\fdmstest.nl\db\ckeditor\_source\skins\office2003\icons.png <-- fdmtest.nl /web/db/ckeditor/_source/skins/office2003 icons.png
2013.03.23 09:57 B E:\fdmstest.nl Map\fdmstest.nl\db\ckeditor\_source\skins\office2003\icons_rtl.png <-- fdmtest.nl /web/db/ckeditor/_source/skins/office2003 icons_rtl.png
2013.03.23 09:57 B E:\fdmstest.nl Map\fdmstest.nl\db\ckeditor\_source\skins\office2003\mainui.css <-- fdmtest.nl /web/db/ckeditor/_source/skins/office2003 mainui.css
2013.03.23 09:57 B E:\fdmstest.nl Map\fdmstest.nl\db\ckeditor\_source\skins\office2003\menu.css <-- fdmtest.nl /web/db/ckeditor/_source/skins/office2003 menu.css
2013.03.23 09:57 B E:\fdmstest.nl Map\fdmstest.nl\db\ckeditor\_source\skins\office2003\panel.css <-- fdmtest.nl /web/db/ckeditor/_source/skins/office2003 panel.css
2013.03.23 09:57 B E:\fdmstest.nl Map\fdmstest.nl\db\ckeditor\_source\skins\office2003\presets.css <-- fdmtest.nl /web/db/ckeditor/_source/skins/office2003 presets.css
2013.03.23 09:57 B E:\fdmstest.nl Map\fdmstest.nl\db\ckeditor\_source\skins\office2003\reset.css <-- fdmtest.nl /web/db/ckeditor/_source/skins/office2003 reset.css
2013.03.23 09:57 B E:\fdmstest.nl Map\fdmstest.nl\db\ckeditor\_source\skins\office2003\richcombo.css <-- fdmtest.nl /web/db/ckeditor/_source/skins/office2003 richcombo.css
2013.03.23 09:57 B E:\fdmstest.nl Map\fdmstest.nl\db\ckeditor\_source\skins\office2003\skin.js <-- fdmtest.nl /web/db/ckeditor/_source/skins/office2003 skin.js
2013.03.23 09:57 B E:\fdmstest.nl Map\fdmstest.nl\db\ckeditor\_source\skins\office2003\templates.css <-- fdmtest.nl /web/db/ckeditor/_source/skins/office2003 templates.css
2013.03.23 09:57 B E:\fdmstest.nl Map\fdmstest.nl\db\ckeditor\_source\skins\office2003\toolbar.css <-- fdmtest.nl /web/db/ckeditor/_source/skins/office2003 toolbar.css
2013.03.24 13:48 B E:\fdmstest.nl Map\fdmstest.nl\db\ckeditor\_source\skins\office2003\dialog.css --> dewildeautos.nl /web/db/ckeditor/_source/skins/office2003 dialog.css
2013.03.24 13:48 B E:\fdmstest.nl Map\fdmstest.nl\db\ckeditor\_source\skins\office2003\editor.css --> dewildeautos.nl /web/db/ckeditor/_source/skins/office2003 editor.css
2013.03.24 13:48 B E:\fdmstest.nl Map\fdmstest.nl\db\ckeditor\_source\skins\office2003\elementspath.css --> dewildeautos.nl /web/db/ckeditor/_source/skins/office2003 elementspath.css
2013.03.24 13:48 B E:\fdmstest.nl Map\fdmstest.nl\db\ckeditor\_source\skins\office2003\icons.css --> dewildeautos.nl /web/db/ckeditor/_source/skins/office2003 icons.css
2013.03.24 13:48 B E:\fdmstest.nl Map\fdmstest.nl\db\ckeditor\_source\skins\office2003\icons.png --> dewildeautos.nl /web/db/ckeditor/_source/skins/office2003 icons.png
2013.03.24 13:48 B E:\fdmstest.nl Map\fdmstest.nl\db\ckeditor\_source\skins\office2003\icons_rtl.png --> dewildeautos.nl /web/db/ckeditor/_source/skins/office2003 icons_rtl.png
2013.03.24 13:48 B E:\fdmstest.nl Map\fdmstest.nl\db\ckeditor\_source\skins\office2003\mainui.css --> dewildeautos.nl /web/db/ckeditor/_source/skins/office2003 mainui.css
2013.03.24 13:48 B E:\fdmstest.nl Map\fdmstest.nl\db\ckeditor\_source\skins\office2003\menu.css --> dewildeautos.nl /web/db/ckeditor/_source/skins/office2003 menu.css
2013.03.24 13:48 B E:\fdmstest.nl Map\fdmstest.nl\db\ckeditor\_source\skins\office2003\panel.css --> dewildeautos.nl /web/db/ckeditor/_source/skins/office2003 panel.css
2013.03.24 13:48 B E:\fdmstest.nl Map\fdmstest.nl\db\ckeditor\_source\skins\office2003\presets.css --> dewildeautos.nl /web/db/ckeditor/_source/skins/office2003 presets.css
2013.03.24 13:48 B E:\fdmstest.nl Map\fdmstest.nl\db\ckeditor\_source\skins\office2003\reset.css --> dewildeautos.nl /web/db/ckeditor/_source/skins/office2003 reset.css
2013.03.24 13:48 B E:\fdmstest.nl Map\fdmstest.nl\db\ckeditor\_source\skins\office2003\richcombo.css --> dewildeautos.nl /web/db/ckeditor/_source/skins/office2003 richcombo.css
2013.03.24 13:48 B E:\fdmstest.nl Map\fdmstest.nl\db\ckeditor\_source\skins\office2003\skin.js --> dewildeautos.nl /web/db/ckeditor/_source/skins/office2003 skin.js
2013.03.24 13:48 B E:\fdmstest.nl Map\fdmstest.nl\db\ckeditor\_source\skins\office2003\templates.css --> dewildeautos.nl /web/db/ckeditor/_source/skins/office2003 templates.css
2013.03.24 13:48 B E:\fdmstest.nl Map\fdmstest.nl\db\ckeditor\_source\skins\office2003\toolbar.css --> dewildeautos.nl /web/db/ckeditor/_source/skins/office2003 toolbar.css
2013.03.24 13:48 B E:\fdmstest.nl Map\fdmstest.nl\db\ckeditor\_source\skins\office2003\WS_FTP.LOG --> dewildeautos.nl /web/db/ckeditor/_source/skins/office2003 WS_FTP.LOG
2013.03.25 10:53 B E:\fdmstest.nl Map\fdmstest.nl\db\ckeditor\_source\skins\office2003\dialog.css --> thomassen-autos.nl /web/db/ckeditor/_source/skins/office2003 dialog.css
2013.03.25 10:53 B E:\fdmstest.nl Map\fdmstest.nl\db\ckeditor\_source\skins\office2003\editor.css --> thomassen-autos.nl /web/db/ckeditor/_source/skins/office2003 editor.css
2013.03.25 10:53 B E:\fdmstest.nl Map\fdmstest.nl\db\ckeditor\_source\skins\office2003\elementspath.css --> thomassen-autos.nl /web/db/ckeditor/_source/skins/office2003 elementspath.css
2013.03.25 10:53 B E:\fdmstest.nl Map\fdmstest.nl\db\ckeditor\_source\skins\office2003\icons.css --> thomassen-autos.nl /web/db/ckeditor/_source/skins/office2003 icons.css
2013.03.25 10:53 B E:\fdmstest.nl Map\fdmstest.nl\db\ckeditor\_source\skins\office2003\icons.png --> thomassen-autos.nl /web/db/ckeditor/_source/skins/office2003 icons.png
2013.03.25 10:53 B E:\fdmstest.nl Map\fdmstest.nl\db\ckeditor\_source\skins\office2003\icons_rtl.png --> thomassen-autos.nl /web/db/ckeditor/_source/skins/office2003 icons_rtl.png
2013.03.25 10:53 B E:\fdmstest.nl Map\fdmstest.nl\db\ckeditor\_source\skins\office2003\mainui.css --> thomassen-autos.nl /web/db/ckeditor/_source/skins/office2003 mainui.css
2013.03.25 10:53 B E:\fdmstest.nl Map\fdmstest.nl\db\ckeditor\_source\skins\office2003\menu.css --> thomassen-autos.nl /web/db/ckeditor/_source/skins/office2003 menu.css
2013.03.25 10:53 B E:\fdmstest.nl Map\fdmstest.nl\db\ckeditor\_source\skins\office2003\panel.css --> thomassen-autos.nl /web/db/ckeditor/_source/skins/office2003 panel.css
2013.03.25 10:53 B E:\fdmstest.nl Map\fdmstest.nl\db\ckeditor\_source\skins\office2003\presets.css --> thomassen-autos.nl /web/db/ckeditor/_source/skins/office2003 presets.css
2013.03.25 10:53 B E:\fdmstest.nl Map\fdmstest.nl\db\ckeditor\_source\skins\office2003\reset.css --> thomassen-autos.nl /web/db/ckeditor/_source/skins/office2003 reset.css
2013.03.25 10:54 B E:\fdmstest.nl Map\fdmstest.nl\db\ckeditor\_source\skins\office2003\richcombo.css --> thomassen-autos.nl /web/db/ckeditor/_source/skins/office2003 richcombo.css
2013.03.25 10:54 B E:\fdmstest.nl Map\fdmstest.nl\db\ckeditor\_source\skins\office2003\skin.js --> thomassen-autos.nl /web/db/ckeditor/_source/skins/office2003 skin.js
2013.03.25 10:54 B E:\fdmstest.nl Map\fdmstest.nl\db\ckeditor\_source\skins\office2003\templates.css --> thomassen-autos.nl /web/db/ckeditor/_source/skins/office2003 templates.css
2013.03.25 10:54 B E:\fdmstest.nl Map\fdmstest.nl\db\ckeditor\_source\skins\office2003\toolbar.css --> thomassen-autos.nl /web/db/ckeditor/_source/skins/office2003 toolbar.css
2013.03.25 10:54 B E:\fdmstest.nl Map\fdmstest.nl\db\ckeditor\_source\skins\office2003\WS_FTP.LOG --> thomassen-autos.nl /web/db/ckeditor/_source/skins/office2003 WS_FTP.LOG
2014.02.25 16:46 B E:\autoadvance2012.nl\db\ckeditor\_source\skins\office2003\WS_FTP.LOG <-- autoadvance.nl /web/db/ckeditor/_source/skins/office2003 WS_FTP.LOG
