2013.03.23 09:58 B E:\fdmstest.nl Map\fdmstest.nl\db\ckeditor\plugins\specialchar\dialogs\lang\_translationstatus.txt <-- fdmtest.nl /web/db/ckeditor/plugins/specialchar/dialogs/lang _translationstatus.txt
2013.03.23 09:58 B E:\fdmstest.nl Map\fdmstest.nl\db\ckeditor\plugins\specialchar\dialogs\lang\ca.js <-- fdmtest.nl /web/db/ckeditor/plugins/specialchar/dialogs/lang ca.js
2013.03.23 09:58 B E:\fdmstest.nl Map\fdmstest.nl\db\ckeditor\plugins\specialchar\dialogs\lang\cs.js <-- fdmtest.nl /web/db/ckeditor/plugins/specialchar/dialogs/lang cs.js
2013.03.23 09:58 B E:\fdmstest.nl Map\fdmstest.nl\db\ckeditor\plugins\specialchar\dialogs\lang\cy.js <-- fdmtest.nl /web/db/ckeditor/plugins/specialchar/dialogs/lang cy.js
2013.03.23 09:58 B E:\fdmstest.nl Map\fdmstest.nl\db\ckeditor\plugins\specialchar\dialogs\lang\de.js <-- fdmtest.nl /web/db/ckeditor/plugins/specialchar/dialogs/lang de.js
2013.03.23 09:58 B E:\fdmstest.nl Map\fdmstest.nl\db\ckeditor\plugins\specialchar\dialogs\lang\el.js <-- fdmtest.nl /web/db/ckeditor/plugins/specialchar/dialogs/lang el.js
2013.03.23 09:58 B E:\fdmstest.nl Map\fdmstest.nl\db\ckeditor\plugins\specialchar\dialogs\lang\en.js <-- fdmtest.nl /web/db/ckeditor/plugins/specialchar/dialogs/lang en.js
2013.03.23 09:58 B E:\fdmstest.nl Map\fdmstest.nl\db\ckeditor\plugins\specialchar\dialogs\lang\eo.js <-- fdmtest.nl /web/db/ckeditor/plugins/specialchar/dialogs/lang eo.js
2013.03.23 09:58 B E:\fdmstest.nl Map\fdmstest.nl\db\ckeditor\plugins\specialchar\dialogs\lang\et.js <-- fdmtest.nl /web/db/ckeditor/plugins/specialchar/dialogs/lang et.js
2013.03.23 09:58 B E:\fdmstest.nl Map\fdmstest.nl\db\ckeditor\plugins\specialchar\dialogs\lang\fa.js <-- fdmtest.nl /web/db/ckeditor/plugins/specialchar/dialogs/lang fa.js
2013.03.23 09:58 B E:\fdmstest.nl Map\fdmstest.nl\db\ckeditor\plugins\specialchar\dialogs\lang\fi.js <-- fdmtest.nl /web/db/ckeditor/plugins/specialchar/dialogs/lang fi.js
2013.03.23 09:58 B E:\fdmstest.nl Map\fdmstest.nl\db\ckeditor\plugins\specialchar\dialogs\lang\fr.js <-- fdmtest.nl /web/db/ckeditor/plugins/specialchar/dialogs/lang fr.js
2013.03.23 09:58 B E:\fdmstest.nl Map\fdmstest.nl\db\ckeditor\plugins\specialchar\dialogs\lang\he.js <-- fdmtest.nl /web/db/ckeditor/plugins/specialchar/dialogs/lang he.js
2013.03.23 09:58 B E:\fdmstest.nl Map\fdmstest.nl\db\ckeditor\plugins\specialchar\dialogs\lang\hr.js <-- fdmtest.nl /web/db/ckeditor/plugins/specialchar/dialogs/lang hr.js
2013.03.23 09:58 B E:\fdmstest.nl Map\fdmstest.nl\db\ckeditor\plugins\specialchar\dialogs\lang\it.js <-- fdmtest.nl /web/db/ckeditor/plugins/specialchar/dialogs/lang it.js
2013.03.23 09:58 B E:\fdmstest.nl Map\fdmstest.nl\db\ckeditor\plugins\specialchar\dialogs\lang\ku.js <-- fdmtest.nl /web/db/ckeditor/plugins/specialchar/dialogs/lang ku.js
2013.03.23 09:58 B E:\fdmstest.nl Map\fdmstest.nl\db\ckeditor\plugins\specialchar\dialogs\lang\lv.js <-- fdmtest.nl /web/db/ckeditor/plugins/specialchar/dialogs/lang lv.js
2013.03.23 09:58 B E:\fdmstest.nl Map\fdmstest.nl\db\ckeditor\plugins\specialchar\dialogs\lang\nb.js <-- fdmtest.nl /web/db/ckeditor/plugins/specialchar/dialogs/lang nb.js
2013.03.23 09:58 B E:\fdmstest.nl Map\fdmstest.nl\db\ckeditor\plugins\specialchar\dialogs\lang\nl.js <-- fdmtest.nl /web/db/ckeditor/plugins/specialchar/dialogs/lang nl.js
2013.03.23 09:58 B E:\fdmstest.nl Map\fdmstest.nl\db\ckeditor\plugins\specialchar\dialogs\lang\no.js <-- fdmtest.nl /web/db/ckeditor/plugins/specialchar/dialogs/lang no.js
2013.03.23 09:58 B E:\fdmstest.nl Map\fdmstest.nl\db\ckeditor\plugins\specialchar\dialogs\lang\pl.js <-- fdmtest.nl /web/db/ckeditor/plugins/specialchar/dialogs/lang pl.js
2013.03.23 09:58 B E:\fdmstest.nl Map\fdmstest.nl\db\ckeditor\plugins\specialchar\dialogs\lang\pt-br.js <-- fdmtest.nl /web/db/ckeditor/plugins/specialchar/dialogs/lang pt-br.js
2013.03.23 09:58 B E:\fdmstest.nl Map\fdmstest.nl\db\ckeditor\plugins\specialchar\dialogs\lang\sk.js <-- fdmtest.nl /web/db/ckeditor/plugins/specialchar/dialogs/lang sk.js
2013.03.23 09:58 B E:\fdmstest.nl Map\fdmstest.nl\db\ckeditor\plugins\specialchar\dialogs\lang\sv.js <-- fdmtest.nl /web/db/ckeditor/plugins/specialchar/dialogs/lang sv.js
2013.03.23 09:58 B E:\fdmstest.nl Map\fdmstest.nl\db\ckeditor\plugins\specialchar\dialogs\lang\th.js <-- fdmtest.nl /web/db/ckeditor/plugins/specialchar/dialogs/lang th.js
2013.03.23 09:58 B E:\fdmstest.nl Map\fdmstest.nl\db\ckeditor\plugins\specialchar\dialogs\lang\tr.js <-- fdmtest.nl /web/db/ckeditor/plugins/specialchar/dialogs/lang tr.js
2013.03.23 09:58 B E:\fdmstest.nl Map\fdmstest.nl\db\ckeditor\plugins\specialchar\dialogs\lang\ug.js <-- fdmtest.nl /web/db/ckeditor/plugins/specialchar/dialogs/lang ug.js
2013.03.23 09:58 B E:\fdmstest.nl Map\fdmstest.nl\db\ckeditor\plugins\specialchar\dialogs\lang\zh-cn.js <-- fdmtest.nl /web/db/ckeditor/plugins/specialchar/dialogs/lang zh-cn.js
2013.03.24 13:50 B E:\fdmstest.nl Map\fdmstest.nl\db\ckeditor\plugins\specialchar\dialogs\lang\_translationstatus.txt --> dewildeautos.nl /web/db/ckeditor/plugins/specialchar/dialogs/lang _translationstatus.txt
2013.03.24 13:51 B E:\fdmstest.nl Map\fdmstest.nl\db\ckeditor\plugins\specialchar\dialogs\lang\ca.js --> dewildeautos.nl /web/db/ckeditor/plugins/specialchar/dialogs/lang ca.js
2013.03.24 13:51 B E:\fdmstest.nl Map\fdmstest.nl\db\ckeditor\plugins\specialchar\dialogs\lang\cs.js --> dewildeautos.nl /web/db/ckeditor/plugins/specialchar/dialogs/lang cs.js
2013.03.24 13:51 B E:\fdmstest.nl Map\fdmstest.nl\db\ckeditor\plugins\specialchar\dialogs\lang\cy.js --> dewildeautos.nl /web/db/ckeditor/plugins/specialchar/dialogs/lang cy.js
2013.03.24 13:51 B E:\fdmstest.nl Map\fdmstest.nl\db\ckeditor\plugins\specialchar\dialogs\lang\de.js --> dewildeautos.nl /web/db/ckeditor/plugins/specialchar/dialogs/lang de.js
2013.03.24 13:51 B E:\fdmstest.nl Map\fdmstest.nl\db\ckeditor\plugins\specialchar\dialogs\lang\el.js --> dewildeautos.nl /web/db/ckeditor/plugins/specialchar/dialogs/lang el.js
2013.03.24 13:51 B E:\fdmstest.nl Map\fdmstest.nl\db\ckeditor\plugins\specialchar\dialogs\lang\en.js --> dewildeautos.nl /web/db/ckeditor/plugins/specialchar/dialogs/lang en.js
2013.03.24 13:51 B E:\fdmstest.nl Map\fdmstest.nl\db\ckeditor\plugins\specialchar\dialogs\lang\eo.js --> dewildeautos.nl /web/db/ckeditor/plugins/specialchar/dialogs/lang eo.js
2013.03.24 13:51 B E:\fdmstest.nl Map\fdmstest.nl\db\ckeditor\plugins\specialchar\dialogs\lang\et.js --> dewildeautos.nl /web/db/ckeditor/plugins/specialchar/dialogs/lang et.js
2013.03.24 13:51 B E:\fdmstest.nl Map\fdmstest.nl\db\ckeditor\plugins\specialchar\dialogs\lang\fa.js --> dewildeautos.nl /web/db/ckeditor/plugins/specialchar/dialogs/lang fa.js
2013.03.24 13:51 B E:\fdmstest.nl Map\fdmstest.nl\db\ckeditor\plugins\specialchar\dialogs\lang\fi.js --> dewildeautos.nl /web/db/ckeditor/plugins/specialchar/dialogs/lang fi.js
2013.03.24 13:51 B E:\fdmstest.nl Map\fdmstest.nl\db\ckeditor\plugins\specialchar\dialogs\lang\fr.js --> dewildeautos.nl /web/db/ckeditor/plugins/specialchar/dialogs/lang fr.js
2013.03.24 13:51 B E:\fdmstest.nl Map\fdmstest.nl\db\ckeditor\plugins\specialchar\dialogs\lang\he.js --> dewildeautos.nl /web/db/ckeditor/plugins/specialchar/dialogs/lang he.js
2013.03.24 13:51 B E:\fdmstest.nl Map\fdmstest.nl\db\ckeditor\plugins\specialchar\dialogs\lang\hr.js --> dewildeautos.nl /web/db/ckeditor/plugins/specialchar/dialogs/lang hr.js
2013.03.24 13:51 B E:\fdmstest.nl Map\fdmstest.nl\db\ckeditor\plugins\specialchar\dialogs\lang\it.js --> dewildeautos.nl /web/db/ckeditor/plugins/specialchar/dialogs/lang it.js
2013.03.24 13:51 B E:\fdmstest.nl Map\fdmstest.nl\db\ckeditor\plugins\specialchar\dialogs\lang\ku.js --> dewildeautos.nl /web/db/ckeditor/plugins/specialchar/dialogs/lang ku.js
2013.03.24 13:51 B E:\fdmstest.nl Map\fdmstest.nl\db\ckeditor\plugins\specialchar\dialogs\lang\lv.js --> dewildeautos.nl /web/db/ckeditor/plugins/specialchar/dialogs/lang lv.js
2013.03.24 13:51 B E:\fdmstest.nl Map\fdmstest.nl\db\ckeditor\plugins\specialchar\dialogs\lang\nb.js --> dewildeautos.nl /web/db/ckeditor/plugins/specialchar/dialogs/lang nb.js
2013.03.24 13:51 B E:\fdmstest.nl Map\fdmstest.nl\db\ckeditor\plugins\specialchar\dialogs\lang\nl.js --> dewildeautos.nl /web/db/ckeditor/plugins/specialchar/dialogs/lang nl.js
2013.03.24 13:51 B E:\fdmstest.nl Map\fdmstest.nl\db\ckeditor\plugins\specialchar\dialogs\lang\no.js --> dewildeautos.nl /web/db/ckeditor/plugins/specialchar/dialogs/lang no.js
2013.03.24 13:51 B E:\fdmstest.nl Map\fdmstest.nl\db\ckeditor\plugins\specialchar\dialogs\lang\pl.js --> dewildeautos.nl /web/db/ckeditor/plugins/specialchar/dialogs/lang pl.js
2013.03.24 13:51 B E:\fdmstest.nl Map\fdmstest.nl\db\ckeditor\plugins\specialchar\dialogs\lang\pt-br.js --> dewildeautos.nl /web/db/ckeditor/plugins/specialchar/dialogs/lang pt-br.js
2013.03.24 13:51 B E:\fdmstest.nl Map\fdmstest.nl\db\ckeditor\plugins\specialchar\dialogs\lang\sk.js --> dewildeautos.nl /web/db/ckeditor/plugins/specialchar/dialogs/lang sk.js
2013.03.24 13:51 B E:\fdmstest.nl Map\fdmstest.nl\db\ckeditor\plugins\specialchar\dialogs\lang\sv.js --> dewildeautos.nl /web/db/ckeditor/plugins/specialchar/dialogs/lang sv.js
2013.03.24 13:51 B E:\fdmstest.nl Map\fdmstest.nl\db\ckeditor\plugins\specialchar\dialogs\lang\th.js --> dewildeautos.nl /web/db/ckeditor/plugins/specialchar/dialogs/lang th.js
2013.03.24 13:51 B E:\fdmstest.nl Map\fdmstest.nl\db\ckeditor\plugins\specialchar\dialogs\lang\tr.js --> dewildeautos.nl /web/db/ckeditor/plugins/specialchar/dialogs/lang tr.js
2013.03.24 13:51 B E:\fdmstest.nl Map\fdmstest.nl\db\ckeditor\plugins\specialchar\dialogs\lang\ug.js --> dewildeautos.nl /web/db/ckeditor/plugins/specialchar/dialogs/lang ug.js
2013.03.24 13:51 B E:\fdmstest.nl Map\fdmstest.nl\db\ckeditor\plugins\specialchar\dialogs\lang\WS_FTP.LOG --> dewildeautos.nl /web/db/ckeditor/plugins/specialchar/dialogs/lang WS_FTP.LOG
2013.03.24 13:51 B E:\fdmstest.nl Map\fdmstest.nl\db\ckeditor\plugins\specialchar\dialogs\lang\zh-cn.js --> dewildeautos.nl /web/db/ckeditor/plugins/specialchar/dialogs/lang zh-cn.js
2013.03.25 10:56 B E:\fdmstest.nl Map\fdmstest.nl\db\ckeditor\plugins\specialchar\dialogs\lang\_translationstatus.txt --> thomassen-autos.nl /web/db/ckeditor/plugins/specialchar/dialogs/lang _translationstatus.txt
2013.03.25 10:56 B E:\fdmstest.nl Map\fdmstest.nl\db\ckeditor\plugins\specialchar\dialogs\lang\ca.js --> thomassen-autos.nl /web/db/ckeditor/plugins/specialchar/dialogs/lang ca.js
2013.03.25 10:56 B E:\fdmstest.nl Map\fdmstest.nl\db\ckeditor\plugins\specialchar\dialogs\lang\cs.js --> thomassen-autos.nl /web/db/ckeditor/plugins/specialchar/dialogs/lang cs.js
2013.03.25 10:56 B E:\fdmstest.nl Map\fdmstest.nl\db\ckeditor\plugins\specialchar\dialogs\lang\cy.js --> thomassen-autos.nl /web/db/ckeditor/plugins/specialchar/dialogs/lang cy.js
2013.03.25 10:56 B E:\fdmstest.nl Map\fdmstest.nl\db\ckeditor\plugins\specialchar\dialogs\lang\de.js --> thomassen-autos.nl /web/db/ckeditor/plugins/specialchar/dialogs/lang de.js
2013.03.25 10:56 B E:\fdmstest.nl Map\fdmstest.nl\db\ckeditor\plugins\specialchar\dialogs\lang\el.js --> thomassen-autos.nl /web/db/ckeditor/plugins/specialchar/dialogs/lang el.js
2013.03.25 10:56 B E:\fdmstest.nl Map\fdmstest.nl\db\ckeditor\plugins\specialchar\dialogs\lang\en.js --> thomassen-autos.nl /web/db/ckeditor/plugins/specialchar/dialogs/lang en.js
2013.03.25 10:56 B E:\fdmstest.nl Map\fdmstest.nl\db\ckeditor\plugins\specialchar\dialogs\lang\eo.js --> thomassen-autos.nl /web/db/ckeditor/plugins/specialchar/dialogs/lang eo.js
2013.03.25 10:56 B E:\fdmstest.nl Map\fdmstest.nl\db\ckeditor\plugins\specialchar\dialogs\lang\et.js --> thomassen-autos.nl /web/db/ckeditor/plugins/specialchar/dialogs/lang et.js
2013.03.25 10:56 B E:\fdmstest.nl Map\fdmstest.nl\db\ckeditor\plugins\specialchar\dialogs\lang\fa.js --> thomassen-autos.nl /web/db/ckeditor/plugins/specialchar/dialogs/lang fa.js
2013.03.25 10:56 B E:\fdmstest.nl Map\fdmstest.nl\db\ckeditor\plugins\specialchar\dialogs\lang\fi.js --> thomassen-autos.nl /web/db/ckeditor/plugins/specialchar/dialogs/lang fi.js
2013.03.25 10:56 B E:\fdmstest.nl Map\fdmstest.nl\db\ckeditor\plugins\specialchar\dialogs\lang\fr.js --> thomassen-autos.nl /web/db/ckeditor/plugins/specialchar/dialogs/lang fr.js
2013.03.25 10:56 B E:\fdmstest.nl Map\fdmstest.nl\db\ckeditor\plugins\specialchar\dialogs\lang\he.js --> thomassen-autos.nl /web/db/ckeditor/plugins/specialchar/dialogs/lang he.js
2013.03.25 10:56 B E:\fdmstest.nl Map\fdmstest.nl\db\ckeditor\plugins\specialchar\dialogs\lang\hr.js --> thomassen-autos.nl /web/db/ckeditor/plugins/specialchar/dialogs/lang hr.js
2013.03.25 10:56 B E:\fdmstest.nl Map\fdmstest.nl\db\ckeditor\plugins\specialchar\dialogs\lang\it.js --> thomassen-autos.nl /web/db/ckeditor/plugins/specialchar/dialogs/lang it.js
2013.03.25 10:56 B E:\fdmstest.nl Map\fdmstest.nl\db\ckeditor\plugins\specialchar\dialogs\lang\ku.js --> thomassen-autos.nl /web/db/ckeditor/plugins/specialchar/dialogs/lang ku.js
2013.03.25 10:56 B E:\fdmstest.nl Map\fdmstest.nl\db\ckeditor\plugins\specialchar\dialogs\lang\lv.js --> thomassen-autos.nl /web/db/ckeditor/plugins/specialchar/dialogs/lang lv.js
2013.03.25 10:56 B E:\fdmstest.nl Map\fdmstest.nl\db\ckeditor\plugins\specialchar\dialogs\lang\nb.js --> thomassen-autos.nl /web/db/ckeditor/plugins/specialchar/dialogs/lang nb.js
2013.03.25 10:56 B E:\fdmstest.nl Map\fdmstest.nl\db\ckeditor\plugins\specialchar\dialogs\lang\nl.js --> thomassen-autos.nl /web/db/ckeditor/plugins/specialchar/dialogs/lang nl.js
2013.03.25 10:56 B E:\fdmstest.nl Map\fdmstest.nl\db\ckeditor\plugins\specialchar\dialogs\lang\no.js --> thomassen-autos.nl /web/db/ckeditor/plugins/specialchar/dialogs/lang no.js
2013.03.25 10:56 B E:\fdmstest.nl Map\fdmstest.nl\db\ckeditor\plugins\specialchar\dialogs\lang\pl.js --> thomassen-autos.nl /web/db/ckeditor/plugins/specialchar/dialogs/lang pl.js
2013.03.25 10:56 B E:\fdmstest.nl Map\fdmstest.nl\db\ckeditor\plugins\specialchar\dialogs\lang\pt-br.js --> thomassen-autos.nl /web/db/ckeditor/plugins/specialchar/dialogs/lang pt-br.js
2013.03.25 10:56 B E:\fdmstest.nl Map\fdmstest.nl\db\ckeditor\plugins\specialchar\dialogs\lang\sk.js --> thomassen-autos.nl /web/db/ckeditor/plugins/specialchar/dialogs/lang sk.js
2013.03.25 10:56 B E:\fdmstest.nl Map\fdmstest.nl\db\ckeditor\plugins\specialchar\dialogs\lang\sv.js --> thomassen-autos.nl /web/db/ckeditor/plugins/specialchar/dialogs/lang sv.js
2013.03.25 10:56 B E:\fdmstest.nl Map\fdmstest.nl\db\ckeditor\plugins\specialchar\dialogs\lang\th.js --> thomassen-autos.nl /web/db/ckeditor/plugins/specialchar/dialogs/lang th.js
2013.03.25 10:56 B E:\fdmstest.nl Map\fdmstest.nl\db\ckeditor\plugins\specialchar\dialogs\lang\tr.js --> thomassen-autos.nl /web/db/ckeditor/plugins/specialchar/dialogs/lang tr.js
2013.03.25 10:56 B E:\fdmstest.nl Map\fdmstest.nl\db\ckeditor\plugins\specialchar\dialogs\lang\ug.js --> thomassen-autos.nl /web/db/ckeditor/plugins/specialchar/dialogs/lang ug.js
2013.03.25 10:56 B E:\fdmstest.nl Map\fdmstest.nl\db\ckeditor\plugins\specialchar\dialogs\lang\WS_FTP.LOG --> thomassen-autos.nl /web/db/ckeditor/plugins/specialchar/dialogs/lang WS_FTP.LOG
2013.03.25 10:56 B E:\fdmstest.nl Map\fdmstest.nl\db\ckeditor\plugins\specialchar\dialogs\lang\zh-cn.js --> thomassen-autos.nl /web/db/ckeditor/plugins/specialchar/dialogs/lang zh-cn.js
2014.02.25 16:49 B E:\autoadvance2012.nl\db\ckeditor\plugins\specialchar\dialogs\lang\WS_FTP.LOG <-- autoadvance.nl /web/db/ckeditor/plugins/specialchar/dialogs/lang WS_FTP.LOG
2014.02.25 16:49 B E:\autoadvance2012.nl\db\ckeditor\plugins\specialchar\dialogs\lang\zh-cn.js <-- autoadvance.nl /web/db/ckeditor/plugins/specialchar/dialogs/lang zh-cn.js
