2011.11.17 17:05 B E:\software\ckeditor_3.6.2\ckeditor\plugins\wsc\dialogs\wsc.js --> dewildeautos.nl /web/ckeditor/plugins/wsc/dialogs wsc.js
2011.11.17 17:05 B E:\software\ckeditor_3.6.2\ckeditor\plugins\wsc\dialogs\wsc.css --> dewildeautos.nl /web/ckeditor/plugins/wsc/dialogs wsc.css
2011.11.17 17:05 B E:\software\ckeditor_3.6.2\ckeditor\plugins\wsc\dialogs\tmpFrameset.html --> dewildeautos.nl /web/ckeditor/plugins/wsc/dialogs tmpFrameset.html
2011.11.17 17:05 B E:\software\ckeditor_3.6.2\ckeditor\plugins\wsc\dialogs\ciframe.html --> dewildeautos.nl /web/ckeditor/plugins/wsc/dialogs ciframe.html
2011.12.15 13:39 B E:\tijdvoorkwaliteit2011.nl\db\ckeditor\plugins\wsc\dialogs\WS_FTP.LOG <-- dewildeautos.nl /web/db/ckeditor/plugins/wsc/dialogs WS_FTP.LOG
2011.12.15 13:39 B E:\tijdvoorkwaliteit2011.nl\db\ckeditor\plugins\wsc\dialogs\wsc.css <-- dewildeautos.nl /web/db/ckeditor/plugins/wsc/dialogs wsc.css
2011.12.15 13:39 B E:\tijdvoorkwaliteit2011.nl\db\ckeditor\plugins\wsc\dialogs\wsc.js <-- dewildeautos.nl /web/db/ckeditor/plugins/wsc/dialogs wsc.js
2011.12.15 14:03 B E:\tijdvoorkwaliteit2011.nl\db\ckeditor\plugins\wsc\dialogs\ciframe.html --> tijdvoorkwaliteit.nl /web/db/ckeditor/plugins/wsc/dialogs ciframe.html
2011.12.15 14:03 B E:\tijdvoorkwaliteit2011.nl\db\ckeditor\plugins\wsc\dialogs\tmpFrameset.html --> tijdvoorkwaliteit.nl /web/db/ckeditor/plugins/wsc/dialogs tmpFrameset.html
2012.04.19 13:37 B E:\tilborghs.nl Map\tilborghs.nl\db\ckeditor\plugins\wsc\dialogs\WS_FTP.LOG <-- tijdvoorkwaliteit.nl /web/db/ckeditor/plugins/wsc/dialogs WS_FTP.LOG
2012.04.19 13:37 B E:\tilborghs.nl Map\tilborghs.nl\db\ckeditor\plugins\wsc\dialogs\wsc.css <-- tijdvoorkwaliteit.nl /web/db/ckeditor/plugins/wsc/dialogs wsc.css
2012.04.19 13:37 B E:\tilborghs.nl Map\tilborghs.nl\db\ckeditor\plugins\wsc\dialogs\wsc.js <-- tijdvoorkwaliteit.nl /web/db/ckeditor/plugins/wsc/dialogs wsc.js
2012.04.19 13:54 B E:\tilborghs.nl Map\tilborghs.nl\db\ckeditor\plugins\wsc\dialogs\ciframe.html --> tilborghs.nl /web/db/ckeditor/plugins/wsc/dialogs ciframe.html
2012.04.19 13:54 B E:\tilborghs.nl Map\tilborghs.nl\db\ckeditor\plugins\wsc\dialogs\tmpFrameset.html --> tilborghs.nl /web/db/ckeditor/plugins/wsc/dialogs tmpFrameset.html
2012.04.19 13:54 B E:\tilborghs.nl Map\tilborghs.nl\db\ckeditor\plugins\wsc\dialogs\WS_FTP.LOG --> tilborghs.nl /web/db/ckeditor/plugins/wsc/dialogs WS_FTP.LOG
2012.04.19 13:54 B E:\tilborghs.nl Map\tilborghs.nl\db\ckeditor\plugins\wsc\dialogs\wsc.css --> tilborghs.nl /web/db/ckeditor/plugins/wsc/dialogs wsc.css
2012.04.19 13:54 B E:\tilborghs.nl Map\tilborghs.nl\db\ckeditor\plugins\wsc\dialogs\wsc.js --> tilborghs.nl /web/db/ckeditor/plugins/wsc/dialogs wsc.js
2012.05.08 21:03 B E:\autoadvance2010.nl Map\autoadvance2010.nl\db\ckeditor\plugins\wsc\dialogs\ciframe.html --> autoadvance.nl /web/db/ckeditor/plugins/wsc/dialogs ciframe.html
2012.05.08 21:03 B E:\autoadvance2010.nl Map\autoadvance2010.nl\db\ckeditor\plugins\wsc\dialogs\tmpFrameset.html --> autoadvance.nl /web/db/ckeditor/plugins/wsc/dialogs tmpFrameset.html
2013.03.16 11:45 B E:\fdmstest.nl Map\fdmstest.nl\db\ckeditor\plugins\wsc\dialogs\WS_FTP.LOG <-- autoadvance.nl /web/db/ckeditor/plugins/wsc/dialogs WS_FTP.LOG
2013.03.16 11:45 B E:\fdmstest.nl Map\fdmstest.nl\db\ckeditor\plugins\wsc\dialogs\wsc.css <-- autoadvance.nl /web/db/ckeditor/plugins/wsc/dialogs wsc.css
2013.03.16 11:45 B E:\fdmstest.nl Map\fdmstest.nl\db\ckeditor\plugins\wsc\dialogs\wsc.js <-- autoadvance.nl /web/db/ckeditor/plugins/wsc/dialogs wsc.js
2013.03.16 12:25 B E:\fdmstest.nl Map\fdmstest.nl\db\ckeditor\plugins\wsc\dialogs\ciframe.html --> 212.79.241.34 /web/db/ckeditor/plugins/wsc/dialogs ciframe.html
2013.03.16 12:25 B E:\fdmstest.nl Map\fdmstest.nl\db\ckeditor\plugins\wsc\dialogs\tmpFrameset.html --> 212.79.241.34 /web/db/ckeditor/plugins/wsc/dialogs tmpFrameset.html
2013.03.23 09:58 B E:\fdmstest.nl Map\fdmstest.nl\db\ckeditor\plugins\wsc\dialogs\WS_FTP.LOG <-- fdmtest.nl /web/db/ckeditor/plugins/wsc/dialogs WS_FTP.LOG
2013.03.23 09:58 B E:\fdmstest.nl Map\fdmstest.nl\db\ckeditor\plugins\wsc\dialogs\wsc.css <-- fdmtest.nl /web/db/ckeditor/plugins/wsc/dialogs wsc.css
2013.03.23 09:58 B E:\fdmstest.nl Map\fdmstest.nl\db\ckeditor\plugins\wsc\dialogs\wsc.js <-- fdmtest.nl /web/db/ckeditor/plugins/wsc/dialogs wsc.js
2013.03.24 13:52 B E:\fdmstest.nl Map\fdmstest.nl\db\ckeditor\plugins\wsc\dialogs\ciframe.html --> dewildeautos.nl /web/db/ckeditor/plugins/wsc/dialogs ciframe.html
2013.03.24 13:52 B E:\fdmstest.nl Map\fdmstest.nl\db\ckeditor\plugins\wsc\dialogs\tmpFrameset.html --> dewildeautos.nl /web/db/ckeditor/plugins/wsc/dialogs tmpFrameset.html
2013.03.24 13:52 B E:\fdmstest.nl Map\fdmstest.nl\db\ckeditor\plugins\wsc\dialogs\WS_FTP.LOG --> dewildeautos.nl /web/db/ckeditor/plugins/wsc/dialogs WS_FTP.LOG
2013.03.24 13:52 B E:\fdmstest.nl Map\fdmstest.nl\db\ckeditor\plugins\wsc\dialogs\wsc.css --> dewildeautos.nl /web/db/ckeditor/plugins/wsc/dialogs wsc.css
2013.03.24 13:52 B E:\fdmstest.nl Map\fdmstest.nl\db\ckeditor\plugins\wsc\dialogs\wsc.js --> dewildeautos.nl /web/db/ckeditor/plugins/wsc/dialogs wsc.js
2013.03.25 10:57 B E:\fdmstest.nl Map\fdmstest.nl\db\ckeditor\plugins\wsc\dialogs\ciframe.html --> thomassen-autos.nl /web/db/ckeditor/plugins/wsc/dialogs ciframe.html
2013.03.25 10:57 B E:\fdmstest.nl Map\fdmstest.nl\db\ckeditor\plugins\wsc\dialogs\tmpFrameset.html --> thomassen-autos.nl /web/db/ckeditor/plugins/wsc/dialogs tmpFrameset.html
2013.03.25 10:57 B E:\fdmstest.nl Map\fdmstest.nl\db\ckeditor\plugins\wsc\dialogs\WS_FTP.LOG --> thomassen-autos.nl /web/db/ckeditor/plugins/wsc/dialogs WS_FTP.LOG
2013.03.25 10:57 B E:\fdmstest.nl Map\fdmstest.nl\db\ckeditor\plugins\wsc\dialogs\wsc.css --> thomassen-autos.nl /web/db/ckeditor/plugins/wsc/dialogs wsc.css
2013.03.25 10:57 B E:\fdmstest.nl Map\fdmstest.nl\db\ckeditor\plugins\wsc\dialogs\wsc.js --> thomassen-autos.nl /web/db/ckeditor/plugins/wsc/dialogs wsc.js
2014.02.25 16:51 B E:\autoadvance2012.nl\db\ckeditor\plugins\wsc\dialogs\WS_FTP.LOG <-- autoadvance.nl /web/db/ckeditor/plugins/wsc/dialogs WS_FTP.LOG
2014.02.25 16:51 B E:\autoadvance2012.nl\db\ckeditor\plugins\wsc\dialogs\wsc.css <-- autoadvance.nl /web/db/ckeditor/plugins/wsc/dialogs wsc.css
2014.02.25 16:51 B E:\autoadvance2012.nl\db\ckeditor\plugins\wsc\dialogs\wsc.js <-- autoadvance.nl /web/db/ckeditor/plugins/wsc/dialogs wsc.js
