2011.11.17 17:03 B E:\software\ckeditor_3.6.2\ckeditor\_source\core\dom\window.js --> dewildeautos.nl /web/ckeditor/_source/core/dom window.js
2011.11.17 17:03 B E:\software\ckeditor_3.6.2\ckeditor\_source\core\dom\walker.js --> dewildeautos.nl /web/ckeditor/_source/core/dom walker.js
2011.11.17 17:03 B E:\software\ckeditor_3.6.2\ckeditor\_source\core\dom\text.js --> dewildeautos.nl /web/ckeditor/_source/core/dom text.js
2011.11.17 17:03 B E:\software\ckeditor_3.6.2\ckeditor\_source\core\dom\rangelist.js --> dewildeautos.nl /web/ckeditor/_source/core/dom rangelist.js
2011.11.17 17:03 B E:\software\ckeditor_3.6.2\ckeditor\_source\core\dom\range.js --> dewildeautos.nl /web/ckeditor/_source/core/dom range.js
2011.11.17 17:03 B E:\software\ckeditor_3.6.2\ckeditor\_source\core\dom\nodelist.js --> dewildeautos.nl /web/ckeditor/_source/core/dom nodelist.js
2011.11.17 17:03 B E:\software\ckeditor_3.6.2\ckeditor\_source\core\dom\node.js --> dewildeautos.nl /web/ckeditor/_source/core/dom node.js
2011.11.17 17:03 B E:\software\ckeditor_3.6.2\ckeditor\_source\core\dom\event.js --> dewildeautos.nl /web/ckeditor/_source/core/dom event.js
2011.11.17 17:03 B E:\software\ckeditor_3.6.2\ckeditor\_source\core\dom\elementpath.js --> dewildeautos.nl /web/ckeditor/_source/core/dom elementpath.js
2011.11.17 17:03 B E:\software\ckeditor_3.6.2\ckeditor\_source\core\dom\element.js --> dewildeautos.nl /web/ckeditor/_source/core/dom element.js
2011.11.17 17:03 B E:\software\ckeditor_3.6.2\ckeditor\_source\core\dom\domobject.js --> dewildeautos.nl /web/ckeditor/_source/core/dom domobject.js
2011.11.17 17:03 B E:\software\ckeditor_3.6.2\ckeditor\_source\core\dom\documentfragment.js --> dewildeautos.nl /web/ckeditor/_source/core/dom documentfragment.js
2011.11.17 17:03 B E:\software\ckeditor_3.6.2\ckeditor\_source\core\dom\document.js --> dewildeautos.nl /web/ckeditor/_source/core/dom document.js
2011.11.17 17:03 B E:\software\ckeditor_3.6.2\ckeditor\_source\core\dom\comment.js --> dewildeautos.nl /web/ckeditor/_source/core/dom comment.js
2011.12.15 13:35 B E:\tijdvoorkwaliteit2011.nl\db\ckeditor\_source\core\dom\WS_FTP.LOG <-- dewildeautos.nl /web/db/ckeditor/_source/core/dom WS_FTP.LOG
2011.12.15 13:53 B E:\tijdvoorkwaliteit2011.nl\db\ckeditor\_source\core\dom\comment.js --> tijdvoorkwaliteit.nl /web/db/ckeditor/_source/core/dom comment.js
2011.12.15 13:53 B E:\tijdvoorkwaliteit2011.nl\db\ckeditor\_source\core\dom\document.js --> tijdvoorkwaliteit.nl /web/db/ckeditor/_source/core/dom document.js
2011.12.15 13:53 B E:\tijdvoorkwaliteit2011.nl\db\ckeditor\_source\core\dom\documentfragment.js --> tijdvoorkwaliteit.nl /web/db/ckeditor/_source/core/dom documentfragment.js
2011.12.15 13:53 B E:\tijdvoorkwaliteit2011.nl\db\ckeditor\_source\core\dom\domobject.js --> tijdvoorkwaliteit.nl /web/db/ckeditor/_source/core/dom domobject.js
2011.12.15 13:53 B E:\tijdvoorkwaliteit2011.nl\db\ckeditor\_source\core\dom\element.js --> tijdvoorkwaliteit.nl /web/db/ckeditor/_source/core/dom element.js
2011.12.15 13:53 B E:\tijdvoorkwaliteit2011.nl\db\ckeditor\_source\core\dom\elementpath.js --> tijdvoorkwaliteit.nl /web/db/ckeditor/_source/core/dom elementpath.js
2011.12.15 13:53 B E:\tijdvoorkwaliteit2011.nl\db\ckeditor\_source\core\dom\event.js --> tijdvoorkwaliteit.nl /web/db/ckeditor/_source/core/dom event.js
2011.12.15 13:53 B E:\tijdvoorkwaliteit2011.nl\db\ckeditor\_source\core\dom\node.js --> tijdvoorkwaliteit.nl /web/db/ckeditor/_source/core/dom node.js
2011.12.15 13:53 B E:\tijdvoorkwaliteit2011.nl\db\ckeditor\_source\core\dom\nodelist.js --> tijdvoorkwaliteit.nl /web/db/ckeditor/_source/core/dom nodelist.js
2011.12.15 13:53 B E:\tijdvoorkwaliteit2011.nl\db\ckeditor\_source\core\dom\range.js --> tijdvoorkwaliteit.nl /web/db/ckeditor/_source/core/dom range.js
2011.12.15 13:53 B E:\tijdvoorkwaliteit2011.nl\db\ckeditor\_source\core\dom\rangelist.js --> tijdvoorkwaliteit.nl /web/db/ckeditor/_source/core/dom rangelist.js
2011.12.15 13:53 B E:\tijdvoorkwaliteit2011.nl\db\ckeditor\_source\core\dom\text.js --> tijdvoorkwaliteit.nl /web/db/ckeditor/_source/core/dom text.js
2011.12.15 13:53 B E:\tijdvoorkwaliteit2011.nl\db\ckeditor\_source\core\dom\walker.js --> tijdvoorkwaliteit.nl /web/db/ckeditor/_source/core/dom walker.js
2011.12.15 13:53 B E:\tijdvoorkwaliteit2011.nl\db\ckeditor\_source\core\dom\window.js --> tijdvoorkwaliteit.nl /web/db/ckeditor/_source/core/dom window.js
2012.04.19 13:33 B E:\tilborghs.nl Map\tilborghs.nl\db\ckeditor\_source\core\dom\WS_FTP.LOG <-- tijdvoorkwaliteit.nl /web/db/ckeditor/_source/core/dom WS_FTP.LOG
2012.04.19 13:39 B E:\tilborghs.nl Map\tilborghs.nl\db\ckeditor\_source\core\dom\comment.js --> tilborghs.nl /web/db/ckeditor/_source/core/dom comment.js
2012.04.19 13:39 B E:\tilborghs.nl Map\tilborghs.nl\db\ckeditor\_source\core\dom\document.js --> tilborghs.nl /web/db/ckeditor/_source/core/dom document.js
2012.04.19 13:39 B E:\tilborghs.nl Map\tilborghs.nl\db\ckeditor\_source\core\dom\documentfragment.js --> tilborghs.nl /web/db/ckeditor/_source/core/dom documentfragment.js
2012.04.19 13:39 B E:\tilborghs.nl Map\tilborghs.nl\db\ckeditor\_source\core\dom\domobject.js --> tilborghs.nl /web/db/ckeditor/_source/core/dom domobject.js
2012.04.19 13:39 B E:\tilborghs.nl Map\tilborghs.nl\db\ckeditor\_source\core\dom\element.js --> tilborghs.nl /web/db/ckeditor/_source/core/dom element.js
2012.04.19 13:39 B E:\tilborghs.nl Map\tilborghs.nl\db\ckeditor\_source\core\dom\elementpath.js --> tilborghs.nl /web/db/ckeditor/_source/core/dom elementpath.js
2012.04.19 13:39 B E:\tilborghs.nl Map\tilborghs.nl\db\ckeditor\_source\core\dom\event.js --> tilborghs.nl /web/db/ckeditor/_source/core/dom event.js
2012.04.19 13:39 B E:\tilborghs.nl Map\tilborghs.nl\db\ckeditor\_source\core\dom\node.js --> tilborghs.nl /web/db/ckeditor/_source/core/dom node.js
2012.04.19 13:39 B E:\tilborghs.nl Map\tilborghs.nl\db\ckeditor\_source\core\dom\nodelist.js --> tilborghs.nl /web/db/ckeditor/_source/core/dom nodelist.js
2012.04.19 13:39 B E:\tilborghs.nl Map\tilborghs.nl\db\ckeditor\_source\core\dom\range.js --> tilborghs.nl /web/db/ckeditor/_source/core/dom range.js
2012.04.19 13:39 B E:\tilborghs.nl Map\tilborghs.nl\db\ckeditor\_source\core\dom\rangelist.js --> tilborghs.nl /web/db/ckeditor/_source/core/dom rangelist.js
2012.04.19 13:39 B E:\tilborghs.nl Map\tilborghs.nl\db\ckeditor\_source\core\dom\text.js --> tilborghs.nl /web/db/ckeditor/_source/core/dom text.js
2012.04.19 13:40 B E:\tilborghs.nl Map\tilborghs.nl\db\ckeditor\_source\core\dom\walker.js --> tilborghs.nl /web/db/ckeditor/_source/core/dom walker.js
2012.04.19 13:40 B E:\tilborghs.nl Map\tilborghs.nl\db\ckeditor\_source\core\dom\window.js --> tilborghs.nl /web/db/ckeditor/_source/core/dom window.js
2012.04.19 13:40 B E:\tilborghs.nl Map\tilborghs.nl\db\ckeditor\_source\core\dom\WS_FTP.LOG --> tilborghs.nl /web/db/ckeditor/_source/core/dom WS_FTP.LOG
2012.05.08 20:53 B E:\autoadvance2010.nl Map\autoadvance2010.nl\db\ckeditor\_source\core\dom\comment.js --> autoadvance.nl /web/db/ckeditor/_source/core/dom comment.js
2012.05.08 20:53 B E:\autoadvance2010.nl Map\autoadvance2010.nl\db\ckeditor\_source\core\dom\document.js --> autoadvance.nl /web/db/ckeditor/_source/core/dom document.js
2012.05.08 20:53 B E:\autoadvance2010.nl Map\autoadvance2010.nl\db\ckeditor\_source\core\dom\documentfragment.js --> autoadvance.nl /web/db/ckeditor/_source/core/dom documentfragment.js
2012.05.08 20:53 B E:\autoadvance2010.nl Map\autoadvance2010.nl\db\ckeditor\_source\core\dom\domobject.js --> autoadvance.nl /web/db/ckeditor/_source/core/dom domobject.js
2012.05.08 20:53 B E:\autoadvance2010.nl Map\autoadvance2010.nl\db\ckeditor\_source\core\dom\element.js --> autoadvance.nl /web/db/ckeditor/_source/core/dom element.js
2012.05.08 20:53 B E:\autoadvance2010.nl Map\autoadvance2010.nl\db\ckeditor\_source\core\dom\elementpath.js --> autoadvance.nl /web/db/ckeditor/_source/core/dom elementpath.js
2012.05.08 20:53 B E:\autoadvance2010.nl Map\autoadvance2010.nl\db\ckeditor\_source\core\dom\event.js --> autoadvance.nl /web/db/ckeditor/_source/core/dom event.js
2012.05.08 20:53 B E:\autoadvance2010.nl Map\autoadvance2010.nl\db\ckeditor\_source\core\dom\node.js --> autoadvance.nl /web/db/ckeditor/_source/core/dom node.js
2012.05.08 20:53 B E:\autoadvance2010.nl Map\autoadvance2010.nl\db\ckeditor\_source\core\dom\nodelist.js --> autoadvance.nl /web/db/ckeditor/_source/core/dom nodelist.js
2012.05.08 20:53 B E:\autoadvance2010.nl Map\autoadvance2010.nl\db\ckeditor\_source\core\dom\range.js --> autoadvance.nl /web/db/ckeditor/_source/core/dom range.js
2012.05.08 20:53 B E:\autoadvance2010.nl Map\autoadvance2010.nl\db\ckeditor\_source\core\dom\rangelist.js --> autoadvance.nl /web/db/ckeditor/_source/core/dom rangelist.js
2012.05.08 20:54 B E:\autoadvance2010.nl Map\autoadvance2010.nl\db\ckeditor\_source\core\dom\text.js --> autoadvance.nl /web/db/ckeditor/_source/core/dom text.js
2012.05.08 20:54 B E:\autoadvance2010.nl Map\autoadvance2010.nl\db\ckeditor\_source\core\dom\walker.js --> autoadvance.nl /web/db/ckeditor/_source/core/dom walker.js
2012.05.08 20:54 B E:\autoadvance2010.nl Map\autoadvance2010.nl\db\ckeditor\_source\core\dom\window.js --> autoadvance.nl /web/db/ckeditor/_source/core/dom window.js
2013.03.16 11:41 B E:\fdmstest.nl Map\fdmstest.nl\db\ckeditor\_source\core\dom\WS_FTP.LOG <-- autoadvance.nl /web/db/ckeditor/_source/core/dom WS_FTP.LOG
2013.03.16 12:16 B E:\fdmstest.nl Map\fdmstest.nl\db\ckeditor\_source\core\dom\comment.js --> 212.79.241.34 /web/db/ckeditor/_source/core/dom comment.js
2013.03.16 12:16 B E:\fdmstest.nl Map\fdmstest.nl\db\ckeditor\_source\core\dom\document.js --> 212.79.241.34 /web/db/ckeditor/_source/core/dom document.js
2013.03.16 12:16 B E:\fdmstest.nl Map\fdmstest.nl\db\ckeditor\_source\core\dom\documentfragment.js --> 212.79.241.34 /web/db/ckeditor/_source/core/dom documentfragment.js
2013.03.16 12:16 B E:\fdmstest.nl Map\fdmstest.nl\db\ckeditor\_source\core\dom\domobject.js --> 212.79.241.34 /web/db/ckeditor/_source/core/dom domobject.js
2013.03.16 12:16 B E:\fdmstest.nl Map\fdmstest.nl\db\ckeditor\_source\core\dom\element.js --> 212.79.241.34 /web/db/ckeditor/_source/core/dom element.js
2013.03.16 12:16 B E:\fdmstest.nl Map\fdmstest.nl\db\ckeditor\_source\core\dom\elementpath.js --> 212.79.241.34 /web/db/ckeditor/_source/core/dom elementpath.js
2013.03.16 12:16 B E:\fdmstest.nl Map\fdmstest.nl\db\ckeditor\_source\core\dom\event.js --> 212.79.241.34 /web/db/ckeditor/_source/core/dom event.js
2013.03.16 12:16 B E:\fdmstest.nl Map\fdmstest.nl\db\ckeditor\_source\core\dom\node.js --> 212.79.241.34 /web/db/ckeditor/_source/core/dom node.js
2013.03.16 12:16 B E:\fdmstest.nl Map\fdmstest.nl\db\ckeditor\_source\core\dom\nodelist.js --> 212.79.241.34 /web/db/ckeditor/_source/core/dom nodelist.js
2013.03.16 12:16 B E:\fdmstest.nl Map\fdmstest.nl\db\ckeditor\_source\core\dom\range.js --> 212.79.241.34 /web/db/ckeditor/_source/core/dom range.js
2013.03.16 12:16 B E:\fdmstest.nl Map\fdmstest.nl\db\ckeditor\_source\core\dom\rangelist.js --> 212.79.241.34 /web/db/ckeditor/_source/core/dom rangelist.js
2013.03.16 12:16 B E:\fdmstest.nl Map\fdmstest.nl\db\ckeditor\_source\core\dom\text.js --> 212.79.241.34 /web/db/ckeditor/_source/core/dom text.js
2013.03.16 12:16 B E:\fdmstest.nl Map\fdmstest.nl\db\ckeditor\_source\core\dom\walker.js --> 212.79.241.34 /web/db/ckeditor/_source/core/dom walker.js
2013.03.16 12:16 B E:\fdmstest.nl Map\fdmstest.nl\db\ckeditor\_source\core\dom\window.js --> 212.79.241.34 /web/db/ckeditor/_source/core/dom window.js
2013.03.23 09:56 B E:\fdmstest.nl Map\fdmstest.nl\db\ckeditor\_source\core\dom\WS_FTP.LOG <-- fdmtest.nl /web/db/ckeditor/_source/core/dom WS_FTP.LOG
2013.03.24 13:42 B E:\fdmstest.nl Map\fdmstest.nl\db\ckeditor\_source\core\dom\comment.js --> dewildeautos.nl /web/db/ckeditor/_source/core/dom comment.js
2013.03.24 13:42 B E:\fdmstest.nl Map\fdmstest.nl\db\ckeditor\_source\core\dom\document.js --> dewildeautos.nl /web/db/ckeditor/_source/core/dom document.js
2013.03.24 13:42 B E:\fdmstest.nl Map\fdmstest.nl\db\ckeditor\_source\core\dom\documentfragment.js --> dewildeautos.nl /web/db/ckeditor/_source/core/dom documentfragment.js
2013.03.24 13:42 B E:\fdmstest.nl Map\fdmstest.nl\db\ckeditor\_source\core\dom\domobject.js --> dewildeautos.nl /web/db/ckeditor/_source/core/dom domobject.js
2013.03.24 13:42 B E:\fdmstest.nl Map\fdmstest.nl\db\ckeditor\_source\core\dom\element.js --> dewildeautos.nl /web/db/ckeditor/_source/core/dom element.js
2013.03.24 13:42 B E:\fdmstest.nl Map\fdmstest.nl\db\ckeditor\_source\core\dom\elementpath.js --> dewildeautos.nl /web/db/ckeditor/_source/core/dom elementpath.js
2013.03.24 13:42 B E:\fdmstest.nl Map\fdmstest.nl\db\ckeditor\_source\core\dom\event.js --> dewildeautos.nl /web/db/ckeditor/_source/core/dom event.js
2013.03.24 13:42 B E:\fdmstest.nl Map\fdmstest.nl\db\ckeditor\_source\core\dom\node.js --> dewildeautos.nl /web/db/ckeditor/_source/core/dom node.js
2013.03.24 13:42 B E:\fdmstest.nl Map\fdmstest.nl\db\ckeditor\_source\core\dom\nodelist.js --> dewildeautos.nl /web/db/ckeditor/_source/core/dom nodelist.js
2013.03.24 13:42 B E:\fdmstest.nl Map\fdmstest.nl\db\ckeditor\_source\core\dom\range.js --> dewildeautos.nl /web/db/ckeditor/_source/core/dom range.js
2013.03.24 13:43 B E:\fdmstest.nl Map\fdmstest.nl\db\ckeditor\_source\core\dom\rangelist.js --> dewildeautos.nl /web/db/ckeditor/_source/core/dom rangelist.js
2013.03.24 13:43 B E:\fdmstest.nl Map\fdmstest.nl\db\ckeditor\_source\core\dom\text.js --> dewildeautos.nl /web/db/ckeditor/_source/core/dom text.js
2013.03.24 13:43 B E:\fdmstest.nl Map\fdmstest.nl\db\ckeditor\_source\core\dom\walker.js --> dewildeautos.nl /web/db/ckeditor/_source/core/dom walker.js
2013.03.24 13:43 B E:\fdmstest.nl Map\fdmstest.nl\db\ckeditor\_source\core\dom\window.js --> dewildeautos.nl /web/db/ckeditor/_source/core/dom window.js
2013.03.24 13:43 B E:\fdmstest.nl Map\fdmstest.nl\db\ckeditor\_source\core\dom\WS_FTP.LOG --> dewildeautos.nl /web/db/ckeditor/_source/core/dom WS_FTP.LOG
2013.03.25 10:48 B E:\fdmstest.nl Map\fdmstest.nl\db\ckeditor\_source\core\dom\comment.js --> thomassen-autos.nl /web/db/ckeditor/_source/core/dom comment.js
2013.03.25 10:48 B E:\fdmstest.nl Map\fdmstest.nl\db\ckeditor\_source\core\dom\document.js --> thomassen-autos.nl /web/db/ckeditor/_source/core/dom document.js
2013.03.25 10:48 B E:\fdmstest.nl Map\fdmstest.nl\db\ckeditor\_source\core\dom\documentfragment.js --> thomassen-autos.nl /web/db/ckeditor/_source/core/dom documentfragment.js
2013.03.25 10:48 B E:\fdmstest.nl Map\fdmstest.nl\db\ckeditor\_source\core\dom\domobject.js --> thomassen-autos.nl /web/db/ckeditor/_source/core/dom domobject.js
2013.03.25 10:48 B E:\fdmstest.nl Map\fdmstest.nl\db\ckeditor\_source\core\dom\element.js --> thomassen-autos.nl /web/db/ckeditor/_source/core/dom element.js
2013.03.25 10:48 B E:\fdmstest.nl Map\fdmstest.nl\db\ckeditor\_source\core\dom\elementpath.js --> thomassen-autos.nl /web/db/ckeditor/_source/core/dom elementpath.js
2013.03.25 10:48 B E:\fdmstest.nl Map\fdmstest.nl\db\ckeditor\_source\core\dom\event.js --> thomassen-autos.nl /web/db/ckeditor/_source/core/dom event.js
2013.03.25 10:48 B E:\fdmstest.nl Map\fdmstest.nl\db\ckeditor\_source\core\dom\node.js --> thomassen-autos.nl /web/db/ckeditor/_source/core/dom node.js
2013.03.25 10:48 B E:\fdmstest.nl Map\fdmstest.nl\db\ckeditor\_source\core\dom\nodelist.js --> thomassen-autos.nl /web/db/ckeditor/_source/core/dom nodelist.js
2013.03.25 10:48 B E:\fdmstest.nl Map\fdmstest.nl\db\ckeditor\_source\core\dom\range.js --> thomassen-autos.nl /web/db/ckeditor/_source/core/dom range.js
2013.03.25 10:48 B E:\fdmstest.nl Map\fdmstest.nl\db\ckeditor\_source\core\dom\rangelist.js --> thomassen-autos.nl /web/db/ckeditor/_source/core/dom rangelist.js
2013.03.25 10:48 B E:\fdmstest.nl Map\fdmstest.nl\db\ckeditor\_source\core\dom\text.js --> thomassen-autos.nl /web/db/ckeditor/_source/core/dom text.js
2013.03.25 10:48 B E:\fdmstest.nl Map\fdmstest.nl\db\ckeditor\_source\core\dom\walker.js --> thomassen-autos.nl /web/db/ckeditor/_source/core/dom walker.js
2013.03.25 10:48 B E:\fdmstest.nl Map\fdmstest.nl\db\ckeditor\_source\core\dom\window.js --> thomassen-autos.nl /web/db/ckeditor/_source/core/dom window.js
2013.03.25 10:48 B E:\fdmstest.nl Map\fdmstest.nl\db\ckeditor\_source\core\dom\WS_FTP.LOG --> thomassen-autos.nl /web/db/ckeditor/_source/core/dom WS_FTP.LOG
2014.02.25 16:39 B E:\autoadvance2012.nl\db\ckeditor\_source\core\dom\WS_FTP.LOG <-- autoadvance.nl /web/db/ckeditor/_source/core/dom WS_FTP.LOG
