2011.11.17 19:05 B E:\dewildeautos11.nl Map\dewildeautos11.nl\db\ckeditor\_samples\assets\_posteddata.php <-- dewildeautos.nl /web/ckeditor/_samples/assets _posteddata.php
2011.11.17 19:05 B E:\dewildeautos11.nl Map\dewildeautos11.nl\db\ckeditor\_samples\assets\output_for_flash.fla <-- dewildeautos.nl /web/ckeditor/_samples/assets output_for_flash.fla
2011.11.17 19:05 B E:\dewildeautos11.nl Map\dewildeautos11.nl\db\ckeditor\_samples\assets\output_for_flash.swf <-- dewildeautos.nl /web/ckeditor/_samples/assets output_for_flash.swf
2011.11.17 19:05 B E:\dewildeautos11.nl Map\dewildeautos11.nl\db\ckeditor\_samples\assets\output_xhtml.css <-- dewildeautos.nl /web/ckeditor/_samples/assets output_xhtml.css
2011.11.17 19:05 B E:\dewildeautos11.nl Map\dewildeautos11.nl\db\ckeditor\_samples\assets\parsesample.css <-- dewildeautos.nl /web/ckeditor/_samples/assets parsesample.css
2011.11.17 19:05 B E:\dewildeautos11.nl Map\dewildeautos11.nl\db\ckeditor\_samples\assets\swfobject.js <-- dewildeautos.nl /web/ckeditor/_samples/assets swfobject.js
2012.04.27 13:37 B E:\vanaerleautos.nl\db\ckeditor\_samples\assets\_posteddata.php --> www.vanaerleautos.nl /web/db/ckeditor/_samples/assets _posteddata.php
2012.04.27 13:37 B E:\vanaerleautos.nl\db\ckeditor\_samples\assets\output_for_flash.fla --> www.vanaerleautos.nl /web/db/ckeditor/_samples/assets output_for_flash.fla
2012.04.27 13:37 B E:\vanaerleautos.nl\db\ckeditor\_samples\assets\output_for_flash.swf --> www.vanaerleautos.nl /web/db/ckeditor/_samples/assets output_for_flash.swf
2012.04.27 13:37 B E:\vanaerleautos.nl\db\ckeditor\_samples\assets\output_xhtml.css --> www.vanaerleautos.nl /web/db/ckeditor/_samples/assets output_xhtml.css
2012.04.27 13:37 B E:\vanaerleautos.nl\db\ckeditor\_samples\assets\parsesample.css --> www.vanaerleautos.nl /web/db/ckeditor/_samples/assets parsesample.css
2012.04.27 13:37 B E:\vanaerleautos.nl\db\ckeditor\_samples\assets\swfobject.js --> www.vanaerleautos.nl /web/db/ckeditor/_samples/assets swfobject.js
2012.04.27 13:37 B E:\vanaerleautos.nl\db\ckeditor\_samples\assets\WS_FTP.LOG --> www.vanaerleautos.nl /web/db/ckeditor/_samples/assets WS_FTP.LOG
2012.05.08 20:53 B E:\autoadvance2010.nl Map\autoadvance2010.nl\db\ckeditor\_samples\assets\_posteddata.php --> autoadvance.nl /web/db/ckeditor/_samples/assets _posteddata.php
2012.05.08 20:53 B E:\autoadvance2010.nl Map\autoadvance2010.nl\db\ckeditor\_samples\assets\output_for_flash.fla --> autoadvance.nl /web/db/ckeditor/_samples/assets output_for_flash.fla
2012.05.08 20:53 B E:\autoadvance2010.nl Map\autoadvance2010.nl\db\ckeditor\_samples\assets\output_for_flash.swf --> autoadvance.nl /web/db/ckeditor/_samples/assets output_for_flash.swf
2012.05.08 20:53 B E:\autoadvance2010.nl Map\autoadvance2010.nl\db\ckeditor\_samples\assets\output_xhtml.css --> autoadvance.nl /web/db/ckeditor/_samples/assets output_xhtml.css
2012.05.08 20:53 B E:\autoadvance2010.nl Map\autoadvance2010.nl\db\ckeditor\_samples\assets\parsesample.css --> autoadvance.nl /web/db/ckeditor/_samples/assets parsesample.css
2012.05.08 20:53 B E:\autoadvance2010.nl Map\autoadvance2010.nl\db\ckeditor\_samples\assets\swfobject.js --> autoadvance.nl /web/db/ckeditor/_samples/assets swfobject.js
2013.03.16 11:41 B E:\fdmstest.nl Map\fdmstest.nl\db\ckeditor\_samples\assets\WS_FTP.LOG <-- autoadvance.nl /web/db/ckeditor/_samples/assets WS_FTP.LOG
2013.03.16 12:15 B E:\fdmstest.nl Map\fdmstest.nl\db\ckeditor\_samples\assets\_posteddata.php --> 212.79.241.34 /web/db/ckeditor/_samples/assets _posteddata.php
2013.03.16 12:15 B E:\fdmstest.nl Map\fdmstest.nl\db\ckeditor\_samples\assets\output_for_flash.fla --> 212.79.241.34 /web/db/ckeditor/_samples/assets output_for_flash.fla
2013.03.16 12:15 B E:\fdmstest.nl Map\fdmstest.nl\db\ckeditor\_samples\assets\output_for_flash.swf --> 212.79.241.34 /web/db/ckeditor/_samples/assets output_for_flash.swf
2013.03.16 12:15 B E:\fdmstest.nl Map\fdmstest.nl\db\ckeditor\_samples\assets\output_xhtml.css --> 212.79.241.34 /web/db/ckeditor/_samples/assets output_xhtml.css
2013.03.16 12:15 B E:\fdmstest.nl Map\fdmstest.nl\db\ckeditor\_samples\assets\parsesample.css --> 212.79.241.34 /web/db/ckeditor/_samples/assets parsesample.css
2013.03.16 12:15 B E:\fdmstest.nl Map\fdmstest.nl\db\ckeditor\_samples\assets\swfobject.js --> 212.79.241.34 /web/db/ckeditor/_samples/assets swfobject.js
2013.03.23 09:55 B E:\fdmstest.nl Map\fdmstest.nl\db\ckeditor\_samples\assets\WS_FTP.LOG <-- fdmtest.nl /web/db/ckeditor/_samples/assets WS_FTP.LOG
2013.03.24 13:42 B E:\fdmstest.nl Map\fdmstest.nl\db\ckeditor\_samples\assets\_posteddata.php --> dewildeautos.nl /web/db/ckeditor/_samples/assets _posteddata.php
2013.03.24 13:42 B E:\fdmstest.nl Map\fdmstest.nl\db\ckeditor\_samples\assets\output_for_flash.fla --> dewildeautos.nl /web/db/ckeditor/_samples/assets output_for_flash.fla
2013.03.24 13:42 B E:\fdmstest.nl Map\fdmstest.nl\db\ckeditor\_samples\assets\output_for_flash.swf --> dewildeautos.nl /web/db/ckeditor/_samples/assets output_for_flash.swf
2013.03.24 13:42 B E:\fdmstest.nl Map\fdmstest.nl\db\ckeditor\_samples\assets\output_xhtml.css --> dewildeautos.nl /web/db/ckeditor/_samples/assets output_xhtml.css
2013.03.24 13:42 B E:\fdmstest.nl Map\fdmstest.nl\db\ckeditor\_samples\assets\parsesample.css --> dewildeautos.nl /web/db/ckeditor/_samples/assets parsesample.css
2013.03.24 13:42 B E:\fdmstest.nl Map\fdmstest.nl\db\ckeditor\_samples\assets\swfobject.js --> dewildeautos.nl /web/db/ckeditor/_samples/assets swfobject.js
2013.03.24 13:42 B E:\fdmstest.nl Map\fdmstest.nl\db\ckeditor\_samples\assets\WS_FTP.LOG --> dewildeautos.nl /web/db/ckeditor/_samples/assets WS_FTP.LOG
2013.03.25 10:47 B E:\fdmstest.nl Map\fdmstest.nl\db\ckeditor\_samples\assets\_posteddata.php --> thomassen-autos.nl /web/db/ckeditor/_samples/assets _posteddata.php
2013.03.25 10:47 B E:\fdmstest.nl Map\fdmstest.nl\db\ckeditor\_samples\assets\output_for_flash.fla --> thomassen-autos.nl /web/db/ckeditor/_samples/assets output_for_flash.fla
2013.03.25 10:47 B E:\fdmstest.nl Map\fdmstest.nl\db\ckeditor\_samples\assets\output_for_flash.swf --> thomassen-autos.nl /web/db/ckeditor/_samples/assets output_for_flash.swf
2013.03.25 10:47 B E:\fdmstest.nl Map\fdmstest.nl\db\ckeditor\_samples\assets\output_xhtml.css --> thomassen-autos.nl /web/db/ckeditor/_samples/assets output_xhtml.css
2013.03.25 10:47 B E:\fdmstest.nl Map\fdmstest.nl\db\ckeditor\_samples\assets\parsesample.css --> thomassen-autos.nl /web/db/ckeditor/_samples/assets parsesample.css
2013.03.25 10:48 B E:\fdmstest.nl Map\fdmstest.nl\db\ckeditor\_samples\assets\swfobject.js --> thomassen-autos.nl /web/db/ckeditor/_samples/assets swfobject.js
2013.03.25 10:48 B E:\fdmstest.nl Map\fdmstest.nl\db\ckeditor\_samples\assets\WS_FTP.LOG --> thomassen-autos.nl /web/db/ckeditor/_samples/assets WS_FTP.LOG
2014.02.25 16:38 B E:\autoadvance2012.nl\db\ckeditor\_samples\assets\WS_FTP.LOG <-- autoadvance.nl /web/db/ckeditor/_samples/assets WS_FTP.LOG
