2011.11.17 16:58 B E:\software\ckeditor_3.6.2\ckeditor\_source\skins\v2\toolbar.css --> dewildeautos.nl /web/ckeditor/_source/skins/v2 toolbar.css
2011.11.17 16:58 B E:\software\ckeditor_3.6.2\ckeditor\_source\skins\v2\templates.css --> dewildeautos.nl /web/ckeditor/_source/skins/v2 templates.css
2011.11.17 16:58 B E:\software\ckeditor_3.6.2\ckeditor\_source\skins\v2\skin.js --> dewildeautos.nl /web/ckeditor/_source/skins/v2 skin.js
2011.11.17 16:58 B E:\software\ckeditor_3.6.2\ckeditor\_source\skins\v2\richcombo.css --> dewildeautos.nl /web/ckeditor/_source/skins/v2 richcombo.css
2011.11.17 16:58 B E:\software\ckeditor_3.6.2\ckeditor\_source\skins\v2\reset.css --> dewildeautos.nl /web/ckeditor/_source/skins/v2 reset.css
2011.11.17 16:58 B E:\software\ckeditor_3.6.2\ckeditor\_source\skins\v2\presets.css --> dewildeautos.nl /web/ckeditor/_source/skins/v2 presets.css
2011.11.17 16:58 B E:\software\ckeditor_3.6.2\ckeditor\_source\skins\v2\panel.css --> dewildeautos.nl /web/ckeditor/_source/skins/v2 panel.css
2011.11.17 16:58 B E:\software\ckeditor_3.6.2\ckeditor\_source\skins\v2\menu.css --> dewildeautos.nl /web/ckeditor/_source/skins/v2 menu.css
2011.11.17 16:58 B E:\software\ckeditor_3.6.2\ckeditor\_source\skins\v2\mainui.css --> dewildeautos.nl /web/ckeditor/_source/skins/v2 mainui.css
2011.11.17 16:58 B E:\software\ckeditor_3.6.2\ckeditor\_source\skins\v2\icons_rtl.png --> dewildeautos.nl /web/ckeditor/_source/skins/v2 icons_rtl.png
2011.11.17 16:58 B E:\software\ckeditor_3.6.2\ckeditor\_source\skins\v2\icons.png --> dewildeautos.nl /web/ckeditor/_source/skins/v2 icons.png
2011.11.17 16:58 B E:\software\ckeditor_3.6.2\ckeditor\_source\skins\v2\icons.css --> dewildeautos.nl /web/ckeditor/_source/skins/v2 icons.css
2011.11.17 16:58 B E:\software\ckeditor_3.6.2\ckeditor\_source\skins\v2\elementspath.css --> dewildeautos.nl /web/ckeditor/_source/skins/v2 elementspath.css
2011.11.17 16:58 B E:\software\ckeditor_3.6.2\ckeditor\_source\skins\v2\editor.css --> dewildeautos.nl /web/ckeditor/_source/skins/v2 editor.css
2011.11.17 16:58 B E:\software\ckeditor_3.6.2\ckeditor\_source\skins\v2\dialog.css --> dewildeautos.nl /web/ckeditor/_source/skins/v2 dialog.css
2011.12.15 13:38 B E:\tijdvoorkwaliteit2011.nl\db\ckeditor\_source\skins\v2\WS_FTP.LOG <-- dewildeautos.nl /web/db/ckeditor/_source/skins/v2 WS_FTP.LOG
2011.12.15 14:00 B E:\tijdvoorkwaliteit2011.nl\db\ckeditor\_source\skins\v2\dialog.css --> tijdvoorkwaliteit.nl /web/db/ckeditor/_source/skins/v2 dialog.css
2011.12.15 14:00 B E:\tijdvoorkwaliteit2011.nl\db\ckeditor\_source\skins\v2\editor.css --> tijdvoorkwaliteit.nl /web/db/ckeditor/_source/skins/v2 editor.css
2011.12.15 14:00 B E:\tijdvoorkwaliteit2011.nl\db\ckeditor\_source\skins\v2\elementspath.css --> tijdvoorkwaliteit.nl /web/db/ckeditor/_source/skins/v2 elementspath.css
2011.12.15 14:00 B E:\tijdvoorkwaliteit2011.nl\db\ckeditor\_source\skins\v2\icons.css --> tijdvoorkwaliteit.nl /web/db/ckeditor/_source/skins/v2 icons.css
2011.12.15 14:00 B E:\tijdvoorkwaliteit2011.nl\db\ckeditor\_source\skins\v2\icons.png --> tijdvoorkwaliteit.nl /web/db/ckeditor/_source/skins/v2 icons.png
2011.12.15 14:00 B E:\tijdvoorkwaliteit2011.nl\db\ckeditor\_source\skins\v2\icons_rtl.png --> tijdvoorkwaliteit.nl /web/db/ckeditor/_source/skins/v2 icons_rtl.png
2011.12.15 14:00 B E:\tijdvoorkwaliteit2011.nl\db\ckeditor\_source\skins\v2\mainui.css --> tijdvoorkwaliteit.nl /web/db/ckeditor/_source/skins/v2 mainui.css
2011.12.15 14:00 B E:\tijdvoorkwaliteit2011.nl\db\ckeditor\_source\skins\v2\menu.css --> tijdvoorkwaliteit.nl /web/db/ckeditor/_source/skins/v2 menu.css
2011.12.15 14:00 B E:\tijdvoorkwaliteit2011.nl\db\ckeditor\_source\skins\v2\panel.css --> tijdvoorkwaliteit.nl /web/db/ckeditor/_source/skins/v2 panel.css
2011.12.15 14:00 B E:\tijdvoorkwaliteit2011.nl\db\ckeditor\_source\skins\v2\presets.css --> tijdvoorkwaliteit.nl /web/db/ckeditor/_source/skins/v2 presets.css
2011.12.15 14:00 B E:\tijdvoorkwaliteit2011.nl\db\ckeditor\_source\skins\v2\reset.css --> tijdvoorkwaliteit.nl /web/db/ckeditor/_source/skins/v2 reset.css
2011.12.15 14:00 B E:\tijdvoorkwaliteit2011.nl\db\ckeditor\_source\skins\v2\richcombo.css --> tijdvoorkwaliteit.nl /web/db/ckeditor/_source/skins/v2 richcombo.css
2011.12.15 14:00 B E:\tijdvoorkwaliteit2011.nl\db\ckeditor\_source\skins\v2\skin.js --> tijdvoorkwaliteit.nl /web/db/ckeditor/_source/skins/v2 skin.js
2011.12.15 14:00 B E:\tijdvoorkwaliteit2011.nl\db\ckeditor\_source\skins\v2\templates.css --> tijdvoorkwaliteit.nl /web/db/ckeditor/_source/skins/v2 templates.css
2011.12.15 14:00 B E:\tijdvoorkwaliteit2011.nl\db\ckeditor\_source\skins\v2\toolbar.css --> tijdvoorkwaliteit.nl /web/db/ckeditor/_source/skins/v2 toolbar.css
2012.04.19 13:36 B E:\tilborghs.nl Map\tilborghs.nl\db\ckeditor\_source\skins\v2\WS_FTP.LOG <-- tijdvoorkwaliteit.nl /web/db/ckeditor/_source/skins/v2 WS_FTP.LOG
2012.04.19 13:47 B E:\tilborghs.nl Map\tilborghs.nl\db\ckeditor\_source\skins\v2\dialog.css --> tilborghs.nl /web/db/ckeditor/_source/skins/v2 dialog.css
2012.04.19 13:47 B E:\tilborghs.nl Map\tilborghs.nl\db\ckeditor\_source\skins\v2\editor.css --> tilborghs.nl /web/db/ckeditor/_source/skins/v2 editor.css
2012.04.19 13:47 B E:\tilborghs.nl Map\tilborghs.nl\db\ckeditor\_source\skins\v2\elementspath.css --> tilborghs.nl /web/db/ckeditor/_source/skins/v2 elementspath.css
2012.04.19 13:47 B E:\tilborghs.nl Map\tilborghs.nl\db\ckeditor\_source\skins\v2\icons.css --> tilborghs.nl /web/db/ckeditor/_source/skins/v2 icons.css
2012.04.19 13:47 B E:\tilborghs.nl Map\tilborghs.nl\db\ckeditor\_source\skins\v2\icons.png --> tilborghs.nl /web/db/ckeditor/_source/skins/v2 icons.png
2012.04.19 13:47 B E:\tilborghs.nl Map\tilborghs.nl\db\ckeditor\_source\skins\v2\icons_rtl.png --> tilborghs.nl /web/db/ckeditor/_source/skins/v2 icons_rtl.png
2012.04.19 13:47 B E:\tilborghs.nl Map\tilborghs.nl\db\ckeditor\_source\skins\v2\mainui.css --> tilborghs.nl /web/db/ckeditor/_source/skins/v2 mainui.css
2012.04.19 13:47 B E:\tilborghs.nl Map\tilborghs.nl\db\ckeditor\_source\skins\v2\menu.css --> tilborghs.nl /web/db/ckeditor/_source/skins/v2 menu.css
2012.04.19 13:47 B E:\tilborghs.nl Map\tilborghs.nl\db\ckeditor\_source\skins\v2\panel.css --> tilborghs.nl /web/db/ckeditor/_source/skins/v2 panel.css
2012.04.19 13:47 B E:\tilborghs.nl Map\tilborghs.nl\db\ckeditor\_source\skins\v2\presets.css --> tilborghs.nl /web/db/ckeditor/_source/skins/v2 presets.css
2012.04.19 13:47 B E:\tilborghs.nl Map\tilborghs.nl\db\ckeditor\_source\skins\v2\reset.css --> tilborghs.nl /web/db/ckeditor/_source/skins/v2 reset.css
2012.04.19 13:47 B E:\tilborghs.nl Map\tilborghs.nl\db\ckeditor\_source\skins\v2\richcombo.css --> tilborghs.nl /web/db/ckeditor/_source/skins/v2 richcombo.css
2012.04.19 13:47 B E:\tilborghs.nl Map\tilborghs.nl\db\ckeditor\_source\skins\v2\skin.js --> tilborghs.nl /web/db/ckeditor/_source/skins/v2 skin.js
2012.04.19 13:47 B E:\tilborghs.nl Map\tilborghs.nl\db\ckeditor\_source\skins\v2\templates.css --> tilborghs.nl /web/db/ckeditor/_source/skins/v2 templates.css
2012.04.19 13:47 B E:\tilborghs.nl Map\tilborghs.nl\db\ckeditor\_source\skins\v2\toolbar.css --> tilborghs.nl /web/db/ckeditor/_source/skins/v2 toolbar.css
2012.04.19 13:47 B E:\tilborghs.nl Map\tilborghs.nl\db\ckeditor\_source\skins\v2\WS_FTP.LOG --> tilborghs.nl /web/db/ckeditor/_source/skins/v2 WS_FTP.LOG
2012.05.08 21:00 B E:\autoadvance2010.nl Map\autoadvance2010.nl\db\ckeditor\_source\skins\v2\dialog.css --> autoadvance.nl /web/db/ckeditor/_source/skins/v2 dialog.css
2012.05.08 21:00 B E:\autoadvance2010.nl Map\autoadvance2010.nl\db\ckeditor\_source\skins\v2\editor.css --> autoadvance.nl /web/db/ckeditor/_source/skins/v2 editor.css
2012.05.08 21:00 B E:\autoadvance2010.nl Map\autoadvance2010.nl\db\ckeditor\_source\skins\v2\elementspath.css --> autoadvance.nl /web/db/ckeditor/_source/skins/v2 elementspath.css
2012.05.08 21:00 B E:\autoadvance2010.nl Map\autoadvance2010.nl\db\ckeditor\_source\skins\v2\icons.css --> autoadvance.nl /web/db/ckeditor/_source/skins/v2 icons.css
2012.05.08 21:00 B E:\autoadvance2010.nl Map\autoadvance2010.nl\db\ckeditor\_source\skins\v2\icons.png --> autoadvance.nl /web/db/ckeditor/_source/skins/v2 icons.png
2012.05.08 21:00 B E:\autoadvance2010.nl Map\autoadvance2010.nl\db\ckeditor\_source\skins\v2\icons_rtl.png --> autoadvance.nl /web/db/ckeditor/_source/skins/v2 icons_rtl.png
2012.05.08 21:00 B E:\autoadvance2010.nl Map\autoadvance2010.nl\db\ckeditor\_source\skins\v2\mainui.css --> autoadvance.nl /web/db/ckeditor/_source/skins/v2 mainui.css
2012.05.08 21:00 B E:\autoadvance2010.nl Map\autoadvance2010.nl\db\ckeditor\_source\skins\v2\menu.css --> autoadvance.nl /web/db/ckeditor/_source/skins/v2 menu.css
2012.05.08 21:00 B E:\autoadvance2010.nl Map\autoadvance2010.nl\db\ckeditor\_source\skins\v2\panel.css --> autoadvance.nl /web/db/ckeditor/_source/skins/v2 panel.css
2012.05.08 21:00 B E:\autoadvance2010.nl Map\autoadvance2010.nl\db\ckeditor\_source\skins\v2\presets.css --> autoadvance.nl /web/db/ckeditor/_source/skins/v2 presets.css
2012.05.08 21:00 B E:\autoadvance2010.nl Map\autoadvance2010.nl\db\ckeditor\_source\skins\v2\reset.css --> autoadvance.nl /web/db/ckeditor/_source/skins/v2 reset.css
2012.05.08 21:00 B E:\autoadvance2010.nl Map\autoadvance2010.nl\db\ckeditor\_source\skins\v2\richcombo.css --> autoadvance.nl /web/db/ckeditor/_source/skins/v2 richcombo.css
2012.05.08 21:00 B E:\autoadvance2010.nl Map\autoadvance2010.nl\db\ckeditor\_source\skins\v2\skin.js --> autoadvance.nl /web/db/ckeditor/_source/skins/v2 skin.js
2012.05.08 21:00 B E:\autoadvance2010.nl Map\autoadvance2010.nl\db\ckeditor\_source\skins\v2\templates.css --> autoadvance.nl /web/db/ckeditor/_source/skins/v2 templates.css
2012.05.08 21:00 B E:\autoadvance2010.nl Map\autoadvance2010.nl\db\ckeditor\_source\skins\v2\toolbar.css --> autoadvance.nl /web/db/ckeditor/_source/skins/v2 toolbar.css
2013.03.16 11:44 B E:\fdmstest.nl Map\fdmstest.nl\db\ckeditor\_source\skins\v2\WS_FTP.LOG <-- autoadvance.nl /web/db/ckeditor/_source/skins/v2 WS_FTP.LOG
2013.03.16 12:23 B E:\fdmstest.nl Map\fdmstest.nl\db\ckeditor\_source\skins\v2\dialog.css --> 212.79.241.34 /web/db/ckeditor/_source/skins/v2 dialog.css
2013.03.16 12:23 B E:\fdmstest.nl Map\fdmstest.nl\db\ckeditor\_source\skins\v2\editor.css --> 212.79.241.34 /web/db/ckeditor/_source/skins/v2 editor.css
2013.03.16 12:23 B E:\fdmstest.nl Map\fdmstest.nl\db\ckeditor\_source\skins\v2\elementspath.css --> 212.79.241.34 /web/db/ckeditor/_source/skins/v2 elementspath.css
2013.03.16 12:23 B E:\fdmstest.nl Map\fdmstest.nl\db\ckeditor\_source\skins\v2\icons.css --> 212.79.241.34 /web/db/ckeditor/_source/skins/v2 icons.css
2013.03.16 12:23 B E:\fdmstest.nl Map\fdmstest.nl\db\ckeditor\_source\skins\v2\icons.png --> 212.79.241.34 /web/db/ckeditor/_source/skins/v2 icons.png
2013.03.16 12:23 B E:\fdmstest.nl Map\fdmstest.nl\db\ckeditor\_source\skins\v2\icons_rtl.png --> 212.79.241.34 /web/db/ckeditor/_source/skins/v2 icons_rtl.png
2013.03.16 12:23 B E:\fdmstest.nl Map\fdmstest.nl\db\ckeditor\_source\skins\v2\mainui.css --> 212.79.241.34 /web/db/ckeditor/_source/skins/v2 mainui.css
2013.03.16 12:23 B E:\fdmstest.nl Map\fdmstest.nl\db\ckeditor\_source\skins\v2\menu.css --> 212.79.241.34 /web/db/ckeditor/_source/skins/v2 menu.css
2013.03.16 12:23 B E:\fdmstest.nl Map\fdmstest.nl\db\ckeditor\_source\skins\v2\panel.css --> 212.79.241.34 /web/db/ckeditor/_source/skins/v2 panel.css
2013.03.16 12:23 B E:\fdmstest.nl Map\fdmstest.nl\db\ckeditor\_source\skins\v2\presets.css --> 212.79.241.34 /web/db/ckeditor/_source/skins/v2 presets.css
2013.03.16 12:23 B E:\fdmstest.nl Map\fdmstest.nl\db\ckeditor\_source\skins\v2\reset.css --> 212.79.241.34 /web/db/ckeditor/_source/skins/v2 reset.css
2013.03.16 12:23 B E:\fdmstest.nl Map\fdmstest.nl\db\ckeditor\_source\skins\v2\richcombo.css --> 212.79.241.34 /web/db/ckeditor/_source/skins/v2 richcombo.css
2013.03.16 12:23 B E:\fdmstest.nl Map\fdmstest.nl\db\ckeditor\_source\skins\v2\skin.js --> 212.79.241.34 /web/db/ckeditor/_source/skins/v2 skin.js
2013.03.16 12:23 B E:\fdmstest.nl Map\fdmstest.nl\db\ckeditor\_source\skins\v2\templates.css --> 212.79.241.34 /web/db/ckeditor/_source/skins/v2 templates.css
2013.03.16 12:23 B E:\fdmstest.nl Map\fdmstest.nl\db\ckeditor\_source\skins\v2\toolbar.css --> 212.79.241.34 /web/db/ckeditor/_source/skins/v2 toolbar.css
2013.03.23 09:57 B E:\fdmstest.nl Map\fdmstest.nl\db\ckeditor\_source\skins\v2\WS_FTP.LOG <-- fdmtest.nl /web/db/ckeditor/_source/skins/v2 WS_FTP.LOG
2013.03.24 13:48 B E:\fdmstest.nl Map\fdmstest.nl\db\ckeditor\_source\skins\v2\dialog.css --> dewildeautos.nl /web/db/ckeditor/_source/skins/v2 dialog.css
2013.03.24 13:48 B E:\fdmstest.nl Map\fdmstest.nl\db\ckeditor\_source\skins\v2\editor.css --> dewildeautos.nl /web/db/ckeditor/_source/skins/v2 editor.css
2013.03.24 13:48 B E:\fdmstest.nl Map\fdmstest.nl\db\ckeditor\_source\skins\v2\elementspath.css --> dewildeautos.nl /web/db/ckeditor/_source/skins/v2 elementspath.css
2013.03.24 13:48 B E:\fdmstest.nl Map\fdmstest.nl\db\ckeditor\_source\skins\v2\icons.css --> dewildeautos.nl /web/db/ckeditor/_source/skins/v2 icons.css
2013.03.24 13:48 B E:\fdmstest.nl Map\fdmstest.nl\db\ckeditor\_source\skins\v2\icons.png --> dewildeautos.nl /web/db/ckeditor/_source/skins/v2 icons.png
2013.03.24 13:48 B E:\fdmstest.nl Map\fdmstest.nl\db\ckeditor\_source\skins\v2\icons_rtl.png --> dewildeautos.nl /web/db/ckeditor/_source/skins/v2 icons_rtl.png
2013.03.24 13:48 B E:\fdmstest.nl Map\fdmstest.nl\db\ckeditor\_source\skins\v2\mainui.css --> dewildeautos.nl /web/db/ckeditor/_source/skins/v2 mainui.css
2013.03.24 13:48 B E:\fdmstest.nl Map\fdmstest.nl\db\ckeditor\_source\skins\v2\menu.css --> dewildeautos.nl /web/db/ckeditor/_source/skins/v2 menu.css
2013.03.24 13:48 B E:\fdmstest.nl Map\fdmstest.nl\db\ckeditor\_source\skins\v2\panel.css --> dewildeautos.nl /web/db/ckeditor/_source/skins/v2 panel.css
2013.03.24 13:48 B E:\fdmstest.nl Map\fdmstest.nl\db\ckeditor\_source\skins\v2\presets.css --> dewildeautos.nl /web/db/ckeditor/_source/skins/v2 presets.css
2013.03.24 13:48 B E:\fdmstest.nl Map\fdmstest.nl\db\ckeditor\_source\skins\v2\reset.css --> dewildeautos.nl /web/db/ckeditor/_source/skins/v2 reset.css
2013.03.24 13:48 B E:\fdmstest.nl Map\fdmstest.nl\db\ckeditor\_source\skins\v2\richcombo.css --> dewildeautos.nl /web/db/ckeditor/_source/skins/v2 richcombo.css
2013.03.24 13:48 B E:\fdmstest.nl Map\fdmstest.nl\db\ckeditor\_source\skins\v2\skin.js --> dewildeautos.nl /web/db/ckeditor/_source/skins/v2 skin.js
2013.03.24 13:48 B E:\fdmstest.nl Map\fdmstest.nl\db\ckeditor\_source\skins\v2\templates.css --> dewildeautos.nl /web/db/ckeditor/_source/skins/v2 templates.css
2013.03.24 13:48 B E:\fdmstest.nl Map\fdmstest.nl\db\ckeditor\_source\skins\v2\toolbar.css --> dewildeautos.nl /web/db/ckeditor/_source/skins/v2 toolbar.css
2013.03.24 13:48 B E:\fdmstest.nl Map\fdmstest.nl\db\ckeditor\_source\skins\v2\WS_FTP.LOG --> dewildeautos.nl /web/db/ckeditor/_source/skins/v2 WS_FTP.LOG
2013.03.25 10:54 B E:\fdmstest.nl Map\fdmstest.nl\db\ckeditor\_source\skins\v2\dialog.css --> thomassen-autos.nl /web/db/ckeditor/_source/skins/v2 dialog.css
2013.03.25 10:54 B E:\fdmstest.nl Map\fdmstest.nl\db\ckeditor\_source\skins\v2\editor.css --> thomassen-autos.nl /web/db/ckeditor/_source/skins/v2 editor.css
2013.03.25 10:54 B E:\fdmstest.nl Map\fdmstest.nl\db\ckeditor\_source\skins\v2\elementspath.css --> thomassen-autos.nl /web/db/ckeditor/_source/skins/v2 elementspath.css
2013.03.25 10:54 B E:\fdmstest.nl Map\fdmstest.nl\db\ckeditor\_source\skins\v2\icons.css --> thomassen-autos.nl /web/db/ckeditor/_source/skins/v2 icons.css
2013.03.25 10:54 B E:\fdmstest.nl Map\fdmstest.nl\db\ckeditor\_source\skins\v2\icons.png --> thomassen-autos.nl /web/db/ckeditor/_source/skins/v2 icons.png
2013.03.25 10:54 B E:\fdmstest.nl Map\fdmstest.nl\db\ckeditor\_source\skins\v2\icons_rtl.png --> thomassen-autos.nl /web/db/ckeditor/_source/skins/v2 icons_rtl.png
2013.03.25 10:54 B E:\fdmstest.nl Map\fdmstest.nl\db\ckeditor\_source\skins\v2\mainui.css --> thomassen-autos.nl /web/db/ckeditor/_source/skins/v2 mainui.css
2013.03.25 10:54 B E:\fdmstest.nl Map\fdmstest.nl\db\ckeditor\_source\skins\v2\menu.css --> thomassen-autos.nl /web/db/ckeditor/_source/skins/v2 menu.css
2013.03.25 10:54 B E:\fdmstest.nl Map\fdmstest.nl\db\ckeditor\_source\skins\v2\panel.css --> thomassen-autos.nl /web/db/ckeditor/_source/skins/v2 panel.css
2013.03.25 10:54 B E:\fdmstest.nl Map\fdmstest.nl\db\ckeditor\_source\skins\v2\presets.css --> thomassen-autos.nl /web/db/ckeditor/_source/skins/v2 presets.css
2013.03.25 10:54 B E:\fdmstest.nl Map\fdmstest.nl\db\ckeditor\_source\skins\v2\reset.css --> thomassen-autos.nl /web/db/ckeditor/_source/skins/v2 reset.css
2013.03.25 10:54 B E:\fdmstest.nl Map\fdmstest.nl\db\ckeditor\_source\skins\v2\richcombo.css --> thomassen-autos.nl /web/db/ckeditor/_source/skins/v2 richcombo.css
2013.03.25 10:54 B E:\fdmstest.nl Map\fdmstest.nl\db\ckeditor\_source\skins\v2\skin.js --> thomassen-autos.nl /web/db/ckeditor/_source/skins/v2 skin.js
2013.03.25 10:54 B E:\fdmstest.nl Map\fdmstest.nl\db\ckeditor\_source\skins\v2\templates.css --> thomassen-autos.nl /web/db/ckeditor/_source/skins/v2 templates.css
2013.03.25 10:54 B E:\fdmstest.nl Map\fdmstest.nl\db\ckeditor\_source\skins\v2\toolbar.css --> thomassen-autos.nl /web/db/ckeditor/_source/skins/v2 toolbar.css
2013.03.25 10:54 B E:\fdmstest.nl Map\fdmstest.nl\db\ckeditor\_source\skins\v2\WS_FTP.LOG --> thomassen-autos.nl /web/db/ckeditor/_source/skins/v2 WS_FTP.LOG
2014.02.25 16:46 B E:\autoadvance2012.nl\db\ckeditor\_source\skins\v2\WS_FTP.LOG <-- autoadvance.nl /web/db/ckeditor/_source/skins/v2 WS_FTP.LOG
