2011.11.17 19:05 B E:\dewildeautos11.nl Map\dewildeautos11.nl\db\ckeditor\_samples\adobeair\application.xml <-- dewildeautos.nl /web/ckeditor/_samples/adobeair application.xml
2011.11.17 19:05 B E:\dewildeautos11.nl Map\dewildeautos11.nl\db\ckeditor\_samples\adobeair\run.bat <-- dewildeautos.nl /web/ckeditor/_samples/adobeair run.bat
2011.11.17 19:05 B E:\dewildeautos11.nl Map\dewildeautos11.nl\db\ckeditor\_samples\adobeair\run.sh <-- dewildeautos.nl /web/ckeditor/_samples/adobeair run.sh
2011.11.17 19:05 B E:\dewildeautos11.nl Map\dewildeautos11.nl\db\ckeditor\_samples\adobeair\sample.html <-- dewildeautos.nl /web/ckeditor/_samples/adobeair sample.html
2012.04.27 13:37 B E:\vanaerleautos.nl\db\ckeditor\_samples\adobeair\application.xml --> www.vanaerleautos.nl /web/db/ckeditor/_samples/adobeair application.xml
2012.04.27 13:37 B E:\vanaerleautos.nl\db\ckeditor\_samples\adobeair\run.bat --> www.vanaerleautos.nl /web/db/ckeditor/_samples/adobeair run.bat
2012.04.27 13:37 B E:\vanaerleautos.nl\db\ckeditor\_samples\adobeair\run.sh --> www.vanaerleautos.nl /web/db/ckeditor/_samples/adobeair run.sh
2012.04.27 13:37 B E:\vanaerleautos.nl\db\ckeditor\_samples\adobeair\sample.html --> www.vanaerleautos.nl /web/db/ckeditor/_samples/adobeair sample.html
2012.04.27 13:37 B E:\vanaerleautos.nl\db\ckeditor\_samples\adobeair\WS_FTP.LOG --> www.vanaerleautos.nl /web/db/ckeditor/_samples/adobeair WS_FTP.LOG
2012.05.08 20:53 B E:\autoadvance2010.nl Map\autoadvance2010.nl\db\ckeditor\_samples\adobeair\application.xml --> autoadvance.nl /web/db/ckeditor/_samples/adobeair application.xml
2012.05.08 20:53 B E:\autoadvance2010.nl Map\autoadvance2010.nl\db\ckeditor\_samples\adobeair\run.bat --> autoadvance.nl /web/db/ckeditor/_samples/adobeair run.bat
2012.05.08 20:53 B E:\autoadvance2010.nl Map\autoadvance2010.nl\db\ckeditor\_samples\adobeair\run.sh --> autoadvance.nl /web/db/ckeditor/_samples/adobeair run.sh
2012.05.08 20:53 B E:\autoadvance2010.nl Map\autoadvance2010.nl\db\ckeditor\_samples\adobeair\sample.html --> autoadvance.nl /web/db/ckeditor/_samples/adobeair sample.html
2013.03.16 11:41 B E:\fdmstest.nl Map\fdmstest.nl\db\ckeditor\_samples\adobeair\WS_FTP.LOG <-- autoadvance.nl /web/db/ckeditor/_samples/adobeair WS_FTP.LOG
2013.03.16 12:15 B E:\fdmstest.nl Map\fdmstest.nl\db\ckeditor\_samples\adobeair\application.xml --> 212.79.241.34 /web/db/ckeditor/_samples/adobeair application.xml
2013.03.16 12:15 B E:\fdmstest.nl Map\fdmstest.nl\db\ckeditor\_samples\adobeair\run.bat --> 212.79.241.34 /web/db/ckeditor/_samples/adobeair run.bat
2013.03.16 12:15 B E:\fdmstest.nl Map\fdmstest.nl\db\ckeditor\_samples\adobeair\run.sh --> 212.79.241.34 /web/db/ckeditor/_samples/adobeair run.sh
2013.03.16 12:15 B E:\fdmstest.nl Map\fdmstest.nl\db\ckeditor\_samples\adobeair\sample.html --> 212.79.241.34 /web/db/ckeditor/_samples/adobeair sample.html
2013.03.23 09:55 B E:\fdmstest.nl Map\fdmstest.nl\db\ckeditor\_samples\adobeair\WS_FTP.LOG <-- fdmtest.nl /web/db/ckeditor/_samples/adobeair WS_FTP.LOG
2013.03.24 13:42 B E:\fdmstest.nl Map\fdmstest.nl\db\ckeditor\_samples\adobeair\application.xml --> dewildeautos.nl /web/db/ckeditor/_samples/adobeair application.xml
2013.03.24 13:42 B E:\fdmstest.nl Map\fdmstest.nl\db\ckeditor\_samples\adobeair\run.bat --> dewildeautos.nl /web/db/ckeditor/_samples/adobeair run.bat
2013.03.24 13:42 B E:\fdmstest.nl Map\fdmstest.nl\db\ckeditor\_samples\adobeair\run.sh --> dewildeautos.nl /web/db/ckeditor/_samples/adobeair run.sh
2013.03.24 13:42 B E:\fdmstest.nl Map\fdmstest.nl\db\ckeditor\_samples\adobeair\sample.html --> dewildeautos.nl /web/db/ckeditor/_samples/adobeair sample.html
2013.03.24 13:42 B E:\fdmstest.nl Map\fdmstest.nl\db\ckeditor\_samples\adobeair\WS_FTP.LOG --> dewildeautos.nl /web/db/ckeditor/_samples/adobeair WS_FTP.LOG
2013.03.25 10:47 B E:\fdmstest.nl Map\fdmstest.nl\db\ckeditor\_samples\adobeair\application.xml --> thomassen-autos.nl /web/db/ckeditor/_samples/adobeair application.xml
2013.03.25 10:47 B E:\fdmstest.nl Map\fdmstest.nl\db\ckeditor\_samples\adobeair\run.bat --> thomassen-autos.nl /web/db/ckeditor/_samples/adobeair run.bat
2013.03.25 10:47 B E:\fdmstest.nl Map\fdmstest.nl\db\ckeditor\_samples\adobeair\run.sh --> thomassen-autos.nl /web/db/ckeditor/_samples/adobeair run.sh
2013.03.25 10:47 B E:\fdmstest.nl Map\fdmstest.nl\db\ckeditor\_samples\adobeair\sample.html --> thomassen-autos.nl /web/db/ckeditor/_samples/adobeair sample.html
2013.03.25 10:47 B E:\fdmstest.nl Map\fdmstest.nl\db\ckeditor\_samples\adobeair\WS_FTP.LOG --> thomassen-autos.nl /web/db/ckeditor/_samples/adobeair WS_FTP.LOG
2014.02.25 16:38 B E:\autoadvance2012.nl\db\ckeditor\_samples\adobeair\WS_FTP.LOG <-- autoadvance.nl /web/db/ckeditor/_samples/adobeair WS_FTP.LOG
