2011.11.17 17:06 B E:\software\ckeditor_3.6.2\ckeditor\lang\zh.js --> dewildeautos.nl /web/ckeditor/lang zh.js
2011.11.17 17:06 B E:\software\ckeditor_3.6.2\ckeditor\lang\zh-cn.js --> dewildeautos.nl /web/ckeditor/lang zh-cn.js
2011.11.17 17:06 B E:\software\ckeditor_3.6.2\ckeditor\lang\vi.js --> dewildeautos.nl /web/ckeditor/lang vi.js
2011.11.17 17:06 B E:\software\ckeditor_3.6.2\ckeditor\lang\uk.js --> dewildeautos.nl /web/ckeditor/lang uk.js
2011.11.17 17:06 B E:\software\ckeditor_3.6.2\ckeditor\lang\tr.js --> dewildeautos.nl /web/ckeditor/lang tr.js
2011.11.17 17:06 B E:\software\ckeditor_3.6.2\ckeditor\lang\th.js --> dewildeautos.nl /web/ckeditor/lang th.js
2011.11.17 17:06 B E:\software\ckeditor_3.6.2\ckeditor\lang\sv.js --> dewildeautos.nl /web/ckeditor/lang sv.js
2011.11.17 17:06 B E:\software\ckeditor_3.6.2\ckeditor\lang\sr.js --> dewildeautos.nl /web/ckeditor/lang sr.js
2011.11.17 17:06 B E:\software\ckeditor_3.6.2\ckeditor\lang\sr-latn.js --> dewildeautos.nl /web/ckeditor/lang sr-latn.js
2011.11.17 17:06 B E:\software\ckeditor_3.6.2\ckeditor\lang\sl.js --> dewildeautos.nl /web/ckeditor/lang sl.js
2011.11.17 17:06 B E:\software\ckeditor_3.6.2\ckeditor\lang\sk.js --> dewildeautos.nl /web/ckeditor/lang sk.js
2011.11.17 17:06 B E:\software\ckeditor_3.6.2\ckeditor\lang\ru.js --> dewildeautos.nl /web/ckeditor/lang ru.js
2011.11.17 17:06 B E:\software\ckeditor_3.6.2\ckeditor\lang\ro.js --> dewildeautos.nl /web/ckeditor/lang ro.js
2011.11.17 17:06 B E:\software\ckeditor_3.6.2\ckeditor\lang\pt.js --> dewildeautos.nl /web/ckeditor/lang pt.js
2011.11.17 17:06 B E:\software\ckeditor_3.6.2\ckeditor\lang\pt-br.js --> dewildeautos.nl /web/ckeditor/lang pt-br.js
2011.11.17 17:06 B E:\software\ckeditor_3.6.2\ckeditor\lang\pl.js --> dewildeautos.nl /web/ckeditor/lang pl.js
2011.11.17 17:06 B E:\software\ckeditor_3.6.2\ckeditor\lang\no.js --> dewildeautos.nl /web/ckeditor/lang no.js
2011.11.17 17:06 B E:\software\ckeditor_3.6.2\ckeditor\lang\nl.js --> dewildeautos.nl /web/ckeditor/lang nl.js
2011.11.17 17:06 B E:\software\ckeditor_3.6.2\ckeditor\lang\nb.js --> dewildeautos.nl /web/ckeditor/lang nb.js
2011.11.17 17:07 B E:\software\ckeditor_3.6.2\ckeditor\lang\ms.js --> dewildeautos.nl /web/ckeditor/lang ms.js
2011.11.17 17:07 B E:\software\ckeditor_3.6.2\ckeditor\lang\mn.js --> dewildeautos.nl /web/ckeditor/lang mn.js
2011.11.17 17:07 B E:\software\ckeditor_3.6.2\ckeditor\lang\lv.js --> dewildeautos.nl /web/ckeditor/lang lv.js
2011.11.17 17:07 B E:\software\ckeditor_3.6.2\ckeditor\lang\lt.js --> dewildeautos.nl /web/ckeditor/lang lt.js
2011.11.17 17:07 B E:\software\ckeditor_3.6.2\ckeditor\lang\ko.js --> dewildeautos.nl /web/ckeditor/lang ko.js
2011.11.17 17:07 B E:\software\ckeditor_3.6.2\ckeditor\lang\km.js --> dewildeautos.nl /web/ckeditor/lang km.js
2011.11.17 17:07 B E:\software\ckeditor_3.6.2\ckeditor\lang\ka.js --> dewildeautos.nl /web/ckeditor/lang ka.js
2011.11.17 17:07 B E:\software\ckeditor_3.6.2\ckeditor\lang\ja.js --> dewildeautos.nl /web/ckeditor/lang ja.js
2011.11.17 17:07 B E:\software\ckeditor_3.6.2\ckeditor\lang\it.js --> dewildeautos.nl /web/ckeditor/lang it.js
2011.11.17 17:07 B E:\software\ckeditor_3.6.2\ckeditor\lang\is.js --> dewildeautos.nl /web/ckeditor/lang is.js
2011.11.17 17:07 B E:\software\ckeditor_3.6.2\ckeditor\lang\hu.js --> dewildeautos.nl /web/ckeditor/lang hu.js
2011.11.17 17:07 B E:\software\ckeditor_3.6.2\ckeditor\lang\hr.js --> dewildeautos.nl /web/ckeditor/lang hr.js
2011.11.17 17:07 B E:\software\ckeditor_3.6.2\ckeditor\lang\hi.js --> dewildeautos.nl /web/ckeditor/lang hi.js
2011.11.17 17:07 B E:\software\ckeditor_3.6.2\ckeditor\lang\he.js --> dewildeautos.nl /web/ckeditor/lang he.js
2011.11.17 17:07 B E:\software\ckeditor_3.6.2\ckeditor\lang\gu.js --> dewildeautos.nl /web/ckeditor/lang gu.js
2011.11.17 17:07 B E:\software\ckeditor_3.6.2\ckeditor\lang\gl.js --> dewildeautos.nl /web/ckeditor/lang gl.js
2011.11.17 17:07 B E:\software\ckeditor_3.6.2\ckeditor\lang\fr.js --> dewildeautos.nl /web/ckeditor/lang fr.js
2011.11.17 17:07 B E:\software\ckeditor_3.6.2\ckeditor\lang\fr-ca.js --> dewildeautos.nl /web/ckeditor/lang fr-ca.js
2011.11.17 17:07 B E:\software\ckeditor_3.6.2\ckeditor\lang\fo.js --> dewildeautos.nl /web/ckeditor/lang fo.js
2011.11.17 17:07 B E:\software\ckeditor_3.6.2\ckeditor\lang\fi.js --> dewildeautos.nl /web/ckeditor/lang fi.js
2011.11.17 17:07 B E:\software\ckeditor_3.6.2\ckeditor\lang\fa.js --> dewildeautos.nl /web/ckeditor/lang fa.js
2011.11.17 17:07 B E:\software\ckeditor_3.6.2\ckeditor\lang\eu.js --> dewildeautos.nl /web/ckeditor/lang eu.js
2011.11.17 17:07 B E:\software\ckeditor_3.6.2\ckeditor\lang\et.js --> dewildeautos.nl /web/ckeditor/lang et.js
2011.11.17 17:07 B E:\software\ckeditor_3.6.2\ckeditor\lang\es.js --> dewildeautos.nl /web/ckeditor/lang es.js
2011.11.17 17:07 B E:\software\ckeditor_3.6.2\ckeditor\lang\eo.js --> dewildeautos.nl /web/ckeditor/lang eo.js
2011.11.17 17:07 B E:\software\ckeditor_3.6.2\ckeditor\lang\en.js --> dewildeautos.nl /web/ckeditor/lang en.js
2011.11.17 17:07 B E:\software\ckeditor_3.6.2\ckeditor\lang\en-gb.js --> dewildeautos.nl /web/ckeditor/lang en-gb.js
2011.11.17 17:07 B E:\software\ckeditor_3.6.2\ckeditor\lang\en-ca.js --> dewildeautos.nl /web/ckeditor/lang en-ca.js
2011.11.17 17:07 B E:\software\ckeditor_3.6.2\ckeditor\lang\en-au.js --> dewildeautos.nl /web/ckeditor/lang en-au.js
2011.11.17 17:07 B E:\software\ckeditor_3.6.2\ckeditor\lang\el.js --> dewildeautos.nl /web/ckeditor/lang el.js
2011.11.17 17:07 B E:\software\ckeditor_3.6.2\ckeditor\lang\de.js --> dewildeautos.nl /web/ckeditor/lang de.js
2011.11.17 17:07 B E:\software\ckeditor_3.6.2\ckeditor\lang\da.js --> dewildeautos.nl /web/ckeditor/lang da.js
2011.11.17 17:07 B E:\software\ckeditor_3.6.2\ckeditor\lang\cy.js --> dewildeautos.nl /web/ckeditor/lang cy.js
2011.11.17 17:07 B E:\software\ckeditor_3.6.2\ckeditor\lang\cs.js --> dewildeautos.nl /web/ckeditor/lang cs.js
2011.11.17 17:07 B E:\software\ckeditor_3.6.2\ckeditor\lang\ca.js --> dewildeautos.nl /web/ckeditor/lang ca.js
2011.11.17 17:07 B E:\software\ckeditor_3.6.2\ckeditor\lang\bs.js --> dewildeautos.nl /web/ckeditor/lang bs.js
2011.11.17 17:07 B E:\software\ckeditor_3.6.2\ckeditor\lang\bn.js --> dewildeautos.nl /web/ckeditor/lang bn.js
2011.11.17 17:07 B E:\software\ckeditor_3.6.2\ckeditor\lang\bg.js --> dewildeautos.nl /web/ckeditor/lang bg.js
2011.11.17 17:07 B E:\software\ckeditor_3.6.2\ckeditor\lang\ar.js --> dewildeautos.nl /web/ckeditor/lang ar.js
2011.11.17 17:07 B E:\software\ckeditor_3.6.2\ckeditor\lang\af.js --> dewildeautos.nl /web/ckeditor/lang af.js
2011.11.17 17:07 B E:\software\ckeditor_3.6.2\ckeditor\lang\_translationstatus.txt --> dewildeautos.nl /web/ckeditor/lang _translationstatus.txt
2011.11.17 17:07 B E:\software\ckeditor_3.6.2\ckeditor\lang\_languages.js --> dewildeautos.nl /web/ckeditor/lang _languages.js
2011.12.15 13:38 B E:\tijdvoorkwaliteit2011.nl\db\ckeditor\lang\WS_FTP.LOG <-- dewildeautos.nl /web/db/ckeditor/lang WS_FTP.LOG
2011.12.15 13:38 B E:\tijdvoorkwaliteit2011.nl\db\ckeditor\lang\zh-cn.js <-- dewildeautos.nl /web/db/ckeditor/lang zh-cn.js
2011.12.15 13:38 B E:\tijdvoorkwaliteit2011.nl\db\ckeditor\lang\zh.js <-- dewildeautos.nl /web/db/ckeditor/lang zh.js
2011.12.15 14:00 B E:\tijdvoorkwaliteit2011.nl\db\ckeditor\lang\_languages.js --> tijdvoorkwaliteit.nl /web/db/ckeditor/lang _languages.js
2011.12.15 14:00 B E:\tijdvoorkwaliteit2011.nl\db\ckeditor\lang\_translationstatus.txt --> tijdvoorkwaliteit.nl /web/db/ckeditor/lang _translationstatus.txt
2011.12.15 14:00 B E:\tijdvoorkwaliteit2011.nl\db\ckeditor\lang\af.js --> tijdvoorkwaliteit.nl /web/db/ckeditor/lang af.js
2011.12.15 14:00 B E:\tijdvoorkwaliteit2011.nl\db\ckeditor\lang\ar.js --> tijdvoorkwaliteit.nl /web/db/ckeditor/lang ar.js
2011.12.15 14:00 B E:\tijdvoorkwaliteit2011.nl\db\ckeditor\lang\bg.js --> tijdvoorkwaliteit.nl /web/db/ckeditor/lang bg.js
2011.12.15 14:00 B E:\tijdvoorkwaliteit2011.nl\db\ckeditor\lang\bn.js --> tijdvoorkwaliteit.nl /web/db/ckeditor/lang bn.js
2011.12.15 14:00 B E:\tijdvoorkwaliteit2011.nl\db\ckeditor\lang\bs.js --> tijdvoorkwaliteit.nl /web/db/ckeditor/lang bs.js
2011.12.15 14:00 B E:\tijdvoorkwaliteit2011.nl\db\ckeditor\lang\ca.js --> tijdvoorkwaliteit.nl /web/db/ckeditor/lang ca.js
2011.12.15 14:00 B E:\tijdvoorkwaliteit2011.nl\db\ckeditor\lang\cs.js --> tijdvoorkwaliteit.nl /web/db/ckeditor/lang cs.js
2011.12.15 14:00 B E:\tijdvoorkwaliteit2011.nl\db\ckeditor\lang\cy.js --> tijdvoorkwaliteit.nl /web/db/ckeditor/lang cy.js
2011.12.15 14:00 B E:\tijdvoorkwaliteit2011.nl\db\ckeditor\lang\da.js --> tijdvoorkwaliteit.nl /web/db/ckeditor/lang da.js
2011.12.15 14:00 B E:\tijdvoorkwaliteit2011.nl\db\ckeditor\lang\de.js --> tijdvoorkwaliteit.nl /web/db/ckeditor/lang de.js
2011.12.15 14:00 B E:\tijdvoorkwaliteit2011.nl\db\ckeditor\lang\el.js --> tijdvoorkwaliteit.nl /web/db/ckeditor/lang el.js
2011.12.15 14:00 B E:\tijdvoorkwaliteit2011.nl\db\ckeditor\lang\en-au.js --> tijdvoorkwaliteit.nl /web/db/ckeditor/lang en-au.js
2011.12.15 14:00 B E:\tijdvoorkwaliteit2011.nl\db\ckeditor\lang\en-ca.js --> tijdvoorkwaliteit.nl /web/db/ckeditor/lang en-ca.js
2011.12.15 14:00 B E:\tijdvoorkwaliteit2011.nl\db\ckeditor\lang\en-gb.js --> tijdvoorkwaliteit.nl /web/db/ckeditor/lang en-gb.js
2011.12.15 14:00 B E:\tijdvoorkwaliteit2011.nl\db\ckeditor\lang\en.js --> tijdvoorkwaliteit.nl /web/db/ckeditor/lang en.js
2011.12.15 14:00 B E:\tijdvoorkwaliteit2011.nl\db\ckeditor\lang\eo.js --> tijdvoorkwaliteit.nl /web/db/ckeditor/lang eo.js
2011.12.15 14:00 B E:\tijdvoorkwaliteit2011.nl\db\ckeditor\lang\es.js --> tijdvoorkwaliteit.nl /web/db/ckeditor/lang es.js
2011.12.15 14:00 B E:\tijdvoorkwaliteit2011.nl\db\ckeditor\lang\et.js --> tijdvoorkwaliteit.nl /web/db/ckeditor/lang et.js
2011.12.15 14:00 B E:\tijdvoorkwaliteit2011.nl\db\ckeditor\lang\eu.js --> tijdvoorkwaliteit.nl /web/db/ckeditor/lang eu.js
2011.12.15 14:00 B E:\tijdvoorkwaliteit2011.nl\db\ckeditor\lang\fa.js --> tijdvoorkwaliteit.nl /web/db/ckeditor/lang fa.js
2011.12.15 14:00 B E:\tijdvoorkwaliteit2011.nl\db\ckeditor\lang\fi.js --> tijdvoorkwaliteit.nl /web/db/ckeditor/lang fi.js
2011.12.15 14:00 B E:\tijdvoorkwaliteit2011.nl\db\ckeditor\lang\fo.js --> tijdvoorkwaliteit.nl /web/db/ckeditor/lang fo.js
2011.12.15 14:00 B E:\tijdvoorkwaliteit2011.nl\db\ckeditor\lang\fr-ca.js --> tijdvoorkwaliteit.nl /web/db/ckeditor/lang fr-ca.js
2011.12.15 14:00 B E:\tijdvoorkwaliteit2011.nl\db\ckeditor\lang\fr.js --> tijdvoorkwaliteit.nl /web/db/ckeditor/lang fr.js
2011.12.15 14:00 B E:\tijdvoorkwaliteit2011.nl\db\ckeditor\lang\gl.js --> tijdvoorkwaliteit.nl /web/db/ckeditor/lang gl.js
2011.12.15 14:00 B E:\tijdvoorkwaliteit2011.nl\db\ckeditor\lang\gu.js --> tijdvoorkwaliteit.nl /web/db/ckeditor/lang gu.js
2011.12.15 14:00 B E:\tijdvoorkwaliteit2011.nl\db\ckeditor\lang\he.js --> tijdvoorkwaliteit.nl /web/db/ckeditor/lang he.js
2011.12.15 14:00 B E:\tijdvoorkwaliteit2011.nl\db\ckeditor\lang\hi.js --> tijdvoorkwaliteit.nl /web/db/ckeditor/lang hi.js
2011.12.15 14:00 B E:\tijdvoorkwaliteit2011.nl\db\ckeditor\lang\hr.js --> tijdvoorkwaliteit.nl /web/db/ckeditor/lang hr.js
2011.12.15 14:00 B E:\tijdvoorkwaliteit2011.nl\db\ckeditor\lang\hu.js --> tijdvoorkwaliteit.nl /web/db/ckeditor/lang hu.js
2011.12.15 14:00 B E:\tijdvoorkwaliteit2011.nl\db\ckeditor\lang\is.js --> tijdvoorkwaliteit.nl /web/db/ckeditor/lang is.js
2011.12.15 14:00 B E:\tijdvoorkwaliteit2011.nl\db\ckeditor\lang\it.js --> tijdvoorkwaliteit.nl /web/db/ckeditor/lang it.js
2011.12.15 14:00 B E:\tijdvoorkwaliteit2011.nl\db\ckeditor\lang\ja.js --> tijdvoorkwaliteit.nl /web/db/ckeditor/lang ja.js
2011.12.15 14:00 B E:\tijdvoorkwaliteit2011.nl\db\ckeditor\lang\ka.js --> tijdvoorkwaliteit.nl /web/db/ckeditor/lang ka.js
2011.12.15 14:00 B E:\tijdvoorkwaliteit2011.nl\db\ckeditor\lang\km.js --> tijdvoorkwaliteit.nl /web/db/ckeditor/lang km.js
2011.12.15 14:00 B E:\tijdvoorkwaliteit2011.nl\db\ckeditor\lang\ko.js --> tijdvoorkwaliteit.nl /web/db/ckeditor/lang ko.js
2011.12.15 14:00 B E:\tijdvoorkwaliteit2011.nl\db\ckeditor\lang\lt.js --> tijdvoorkwaliteit.nl /web/db/ckeditor/lang lt.js
2011.12.15 14:00 B E:\tijdvoorkwaliteit2011.nl\db\ckeditor\lang\lv.js --> tijdvoorkwaliteit.nl /web/db/ckeditor/lang lv.js
2011.12.15 14:00 B E:\tijdvoorkwaliteit2011.nl\db\ckeditor\lang\mn.js --> tijdvoorkwaliteit.nl /web/db/ckeditor/lang mn.js
2011.12.15 14:00 B E:\tijdvoorkwaliteit2011.nl\db\ckeditor\lang\ms.js --> tijdvoorkwaliteit.nl /web/db/ckeditor/lang ms.js
2011.12.15 14:00 B E:\tijdvoorkwaliteit2011.nl\db\ckeditor\lang\nb.js --> tijdvoorkwaliteit.nl /web/db/ckeditor/lang nb.js
2011.12.15 14:00 B E:\tijdvoorkwaliteit2011.nl\db\ckeditor\lang\nl.js --> tijdvoorkwaliteit.nl /web/db/ckeditor/lang nl.js
2011.12.15 14:01 B E:\tijdvoorkwaliteit2011.nl\db\ckeditor\lang\no.js --> tijdvoorkwaliteit.nl /web/db/ckeditor/lang no.js
2011.12.15 14:01 B E:\tijdvoorkwaliteit2011.nl\db\ckeditor\lang\pl.js --> tijdvoorkwaliteit.nl /web/db/ckeditor/lang pl.js
2011.12.15 14:01 B E:\tijdvoorkwaliteit2011.nl\db\ckeditor\lang\pt-br.js --> tijdvoorkwaliteit.nl /web/db/ckeditor/lang pt-br.js
2011.12.15 14:01 B E:\tijdvoorkwaliteit2011.nl\db\ckeditor\lang\pt.js --> tijdvoorkwaliteit.nl /web/db/ckeditor/lang pt.js
2011.12.15 14:01 B E:\tijdvoorkwaliteit2011.nl\db\ckeditor\lang\ro.js --> tijdvoorkwaliteit.nl /web/db/ckeditor/lang ro.js
2011.12.15 14:01 B E:\tijdvoorkwaliteit2011.nl\db\ckeditor\lang\ru.js --> tijdvoorkwaliteit.nl /web/db/ckeditor/lang ru.js
2011.12.15 14:01 B E:\tijdvoorkwaliteit2011.nl\db\ckeditor\lang\sk.js --> tijdvoorkwaliteit.nl /web/db/ckeditor/lang sk.js
2011.12.15 14:01 B E:\tijdvoorkwaliteit2011.nl\db\ckeditor\lang\sl.js --> tijdvoorkwaliteit.nl /web/db/ckeditor/lang sl.js
2011.12.15 14:01 B E:\tijdvoorkwaliteit2011.nl\db\ckeditor\lang\sr-latn.js --> tijdvoorkwaliteit.nl /web/db/ckeditor/lang sr-latn.js
2011.12.15 14:01 B E:\tijdvoorkwaliteit2011.nl\db\ckeditor\lang\sr.js --> tijdvoorkwaliteit.nl /web/db/ckeditor/lang sr.js
2011.12.15 14:01 B E:\tijdvoorkwaliteit2011.nl\db\ckeditor\lang\sv.js --> tijdvoorkwaliteit.nl /web/db/ckeditor/lang sv.js
2011.12.15 14:01 B E:\tijdvoorkwaliteit2011.nl\db\ckeditor\lang\th.js --> tijdvoorkwaliteit.nl /web/db/ckeditor/lang th.js
2011.12.15 14:01 B E:\tijdvoorkwaliteit2011.nl\db\ckeditor\lang\tr.js --> tijdvoorkwaliteit.nl /web/db/ckeditor/lang tr.js
2011.12.15 14:01 B E:\tijdvoorkwaliteit2011.nl\db\ckeditor\lang\uk.js --> tijdvoorkwaliteit.nl /web/db/ckeditor/lang uk.js
2011.12.15 14:01 B E:\tijdvoorkwaliteit2011.nl\db\ckeditor\lang\vi.js --> tijdvoorkwaliteit.nl /web/db/ckeditor/lang vi.js
2012.04.19 13:36 B E:\tilborghs.nl Map\tilborghs.nl\db\ckeditor\lang\WS_FTP.LOG <-- tijdvoorkwaliteit.nl /web/db/ckeditor/lang WS_FTP.LOG
2012.04.19 13:36 B E:\tilborghs.nl Map\tilborghs.nl\db\ckeditor\lang\zh-cn.js <-- tijdvoorkwaliteit.nl /web/db/ckeditor/lang zh-cn.js
2012.04.19 13:36 B E:\tilborghs.nl Map\tilborghs.nl\db\ckeditor\lang\zh.js <-- tijdvoorkwaliteit.nl /web/db/ckeditor/lang zh.js
2012.04.19 13:47 B E:\tilborghs.nl Map\tilborghs.nl\db\ckeditor\lang\_languages.js --> tilborghs.nl /web/db/ckeditor/lang _languages.js
2012.04.19 13:47 B E:\tilborghs.nl Map\tilborghs.nl\db\ckeditor\lang\_translationstatus.txt --> tilborghs.nl /web/db/ckeditor/lang _translationstatus.txt
2012.04.19 13:47 B E:\tilborghs.nl Map\tilborghs.nl\db\ckeditor\lang\af.js --> tilborghs.nl /web/db/ckeditor/lang af.js
2012.04.19 13:47 B E:\tilborghs.nl Map\tilborghs.nl\db\ckeditor\lang\ar.js --> tilborghs.nl /web/db/ckeditor/lang ar.js
2012.04.19 13:47 B E:\tilborghs.nl Map\tilborghs.nl\db\ckeditor\lang\bg.js --> tilborghs.nl /web/db/ckeditor/lang bg.js
2012.04.19 13:47 B E:\tilborghs.nl Map\tilborghs.nl\db\ckeditor\lang\bn.js --> tilborghs.nl /web/db/ckeditor/lang bn.js
2012.04.19 13:47 B E:\tilborghs.nl Map\tilborghs.nl\db\ckeditor\lang\bs.js --> tilborghs.nl /web/db/ckeditor/lang bs.js
2012.04.19 13:47 B E:\tilborghs.nl Map\tilborghs.nl\db\ckeditor\lang\ca.js --> tilborghs.nl /web/db/ckeditor/lang ca.js
2012.04.19 13:48 B E:\tilborghs.nl Map\tilborghs.nl\db\ckeditor\lang\cs.js --> tilborghs.nl /web/db/ckeditor/lang cs.js
2012.04.19 13:48 B E:\tilborghs.nl Map\tilborghs.nl\db\ckeditor\lang\cy.js --> tilborghs.nl /web/db/ckeditor/lang cy.js
2012.04.19 13:48 B E:\tilborghs.nl Map\tilborghs.nl\db\ckeditor\lang\da.js --> tilborghs.nl /web/db/ckeditor/lang da.js
2012.04.19 13:48 B E:\tilborghs.nl Map\tilborghs.nl\db\ckeditor\lang\de.js --> tilborghs.nl /web/db/ckeditor/lang de.js
2012.04.19 13:48 B E:\tilborghs.nl Map\tilborghs.nl\db\ckeditor\lang\el.js --> tilborghs.nl /web/db/ckeditor/lang el.js
2012.04.19 13:48 B E:\tilborghs.nl Map\tilborghs.nl\db\ckeditor\lang\en-au.js --> tilborghs.nl /web/db/ckeditor/lang en-au.js
2012.04.19 13:48 B E:\tilborghs.nl Map\tilborghs.nl\db\ckeditor\lang\en-ca.js --> tilborghs.nl /web/db/ckeditor/lang en-ca.js
2012.04.19 13:48 B E:\tilborghs.nl Map\tilborghs.nl\db\ckeditor\lang\en-gb.js --> tilborghs.nl /web/db/ckeditor/lang en-gb.js
2012.04.19 13:48 B E:\tilborghs.nl Map\tilborghs.nl\db\ckeditor\lang\en.js --> tilborghs.nl /web/db/ckeditor/lang en.js
2012.04.19 13:48 B E:\tilborghs.nl Map\tilborghs.nl\db\ckeditor\lang\eo.js --> tilborghs.nl /web/db/ckeditor/lang eo.js
2012.04.19 13:48 B E:\tilborghs.nl Map\tilborghs.nl\db\ckeditor\lang\es.js --> tilborghs.nl /web/db/ckeditor/lang es.js
2012.04.19 13:48 B E:\tilborghs.nl Map\tilborghs.nl\db\ckeditor\lang\et.js --> tilborghs.nl /web/db/ckeditor/lang et.js
2012.04.19 13:48 B E:\tilborghs.nl Map\tilborghs.nl\db\ckeditor\lang\eu.js --> tilborghs.nl /web/db/ckeditor/lang eu.js
2012.04.19 13:48 B E:\tilborghs.nl Map\tilborghs.nl\db\ckeditor\lang\fa.js --> tilborghs.nl /web/db/ckeditor/lang fa.js
2012.04.19 13:48 B E:\tilborghs.nl Map\tilborghs.nl\db\ckeditor\lang\fi.js --> tilborghs.nl /web/db/ckeditor/lang fi.js
2012.04.19 13:48 B E:\tilborghs.nl Map\tilborghs.nl\db\ckeditor\lang\fo.js --> tilborghs.nl /web/db/ckeditor/lang fo.js
2012.04.19 13:48 B E:\tilborghs.nl Map\tilborghs.nl\db\ckeditor\lang\fr-ca.js --> tilborghs.nl /web/db/ckeditor/lang fr-ca.js
2012.04.19 13:48 B E:\tilborghs.nl Map\tilborghs.nl\db\ckeditor\lang\fr.js --> tilborghs.nl /web/db/ckeditor/lang fr.js
2012.04.19 13:49 B E:\tilborghs.nl Map\tilborghs.nl\db\ckeditor\lang\gl.js --> tilborghs.nl /web/db/ckeditor/lang gl.js
2012.04.19 13:49 B E:\tilborghs.nl Map\tilborghs.nl\db\ckeditor\lang\gu.js --> tilborghs.nl /web/db/ckeditor/lang gu.js
2012.04.19 13:49 B E:\tilborghs.nl Map\tilborghs.nl\db\ckeditor\lang\he.js --> tilborghs.nl /web/db/ckeditor/lang he.js
2012.04.19 13:49 B E:\tilborghs.nl Map\tilborghs.nl\db\ckeditor\lang\hi.js --> tilborghs.nl /web/db/ckeditor/lang hi.js
2012.04.19 13:49 B E:\tilborghs.nl Map\tilborghs.nl\db\ckeditor\lang\hr.js --> tilborghs.nl /web/db/ckeditor/lang hr.js
2012.04.19 13:49 B E:\tilborghs.nl Map\tilborghs.nl\db\ckeditor\lang\hu.js --> tilborghs.nl /web/db/ckeditor/lang hu.js
2012.04.19 13:49 B E:\tilborghs.nl Map\tilborghs.nl\db\ckeditor\lang\is.js --> tilborghs.nl /web/db/ckeditor/lang is.js
2012.04.19 13:49 B E:\tilborghs.nl Map\tilborghs.nl\db\ckeditor\lang\it.js --> tilborghs.nl /web/db/ckeditor/lang it.js
2012.04.19 13:49 B E:\tilborghs.nl Map\tilborghs.nl\db\ckeditor\lang\ja.js --> tilborghs.nl /web/db/ckeditor/lang ja.js
2012.04.19 13:49 B E:\tilborghs.nl Map\tilborghs.nl\db\ckeditor\lang\ka.js --> tilborghs.nl /web/db/ckeditor/lang ka.js
2012.04.19 13:49 B E:\tilborghs.nl Map\tilborghs.nl\db\ckeditor\lang\km.js --> tilborghs.nl /web/db/ckeditor/lang km.js
2012.04.19 13:49 B E:\tilborghs.nl Map\tilborghs.nl\db\ckeditor\lang\ko.js --> tilborghs.nl /web/db/ckeditor/lang ko.js
2012.04.19 13:49 B E:\tilborghs.nl Map\tilborghs.nl\db\ckeditor\lang\lt.js --> tilborghs.nl /web/db/ckeditor/lang lt.js
2012.04.19 13:49 B E:\tilborghs.nl Map\tilborghs.nl\db\ckeditor\lang\lv.js --> tilborghs.nl /web/db/ckeditor/lang lv.js
2012.04.19 13:49 B E:\tilborghs.nl Map\tilborghs.nl\db\ckeditor\lang\mn.js --> tilborghs.nl /web/db/ckeditor/lang mn.js
2012.04.19 13:50 B E:\tilborghs.nl Map\tilborghs.nl\db\ckeditor\lang\ms.js --> tilborghs.nl /web/db/ckeditor/lang ms.js
2012.04.19 13:50 B E:\tilborghs.nl Map\tilborghs.nl\db\ckeditor\lang\nb.js --> tilborghs.nl /web/db/ckeditor/lang nb.js
2012.04.19 13:50 B E:\tilborghs.nl Map\tilborghs.nl\db\ckeditor\lang\nl.js --> tilborghs.nl /web/db/ckeditor/lang nl.js
2012.04.19 13:50 B E:\tilborghs.nl Map\tilborghs.nl\db\ckeditor\lang\no.js --> tilborghs.nl /web/db/ckeditor/lang no.js
2012.04.19 13:50 B E:\tilborghs.nl Map\tilborghs.nl\db\ckeditor\lang\pl.js --> tilborghs.nl /web/db/ckeditor/lang pl.js
2012.04.19 13:50 B E:\tilborghs.nl Map\tilborghs.nl\db\ckeditor\lang\pt-br.js --> tilborghs.nl /web/db/ckeditor/lang pt-br.js
2012.04.19 13:50 B E:\tilborghs.nl Map\tilborghs.nl\db\ckeditor\lang\pt.js --> tilborghs.nl /web/db/ckeditor/lang pt.js
2012.04.19 13:50 B E:\tilborghs.nl Map\tilborghs.nl\db\ckeditor\lang\ro.js --> tilborghs.nl /web/db/ckeditor/lang ro.js
2012.04.19 13:50 B E:\tilborghs.nl Map\tilborghs.nl\db\ckeditor\lang\ru.js --> tilborghs.nl /web/db/ckeditor/lang ru.js
2012.04.19 13:50 B E:\tilborghs.nl Map\tilborghs.nl\db\ckeditor\lang\sk.js --> tilborghs.nl /web/db/ckeditor/lang sk.js
2012.04.19 13:50 B E:\tilborghs.nl Map\tilborghs.nl\db\ckeditor\lang\sl.js --> tilborghs.nl /web/db/ckeditor/lang sl.js
2012.04.19 13:50 B E:\tilborghs.nl Map\tilborghs.nl\db\ckeditor\lang\sr-latn.js --> tilborghs.nl /web/db/ckeditor/lang sr-latn.js
2012.04.19 13:50 B E:\tilborghs.nl Map\tilborghs.nl\db\ckeditor\lang\sr.js --> tilborghs.nl /web/db/ckeditor/lang sr.js
2012.04.19 13:50 B E:\tilborghs.nl Map\tilborghs.nl\db\ckeditor\lang\sv.js --> tilborghs.nl /web/db/ckeditor/lang sv.js
2012.04.19 13:50 B E:\tilborghs.nl Map\tilborghs.nl\db\ckeditor\lang\th.js --> tilborghs.nl /web/db/ckeditor/lang th.js
2012.04.19 13:50 B E:\tilborghs.nl Map\tilborghs.nl\db\ckeditor\lang\tr.js --> tilborghs.nl /web/db/ckeditor/lang tr.js
2012.04.19 13:50 B E:\tilborghs.nl Map\tilborghs.nl\db\ckeditor\lang\uk.js --> tilborghs.nl /web/db/ckeditor/lang uk.js
2012.04.19 13:51 B E:\tilborghs.nl Map\tilborghs.nl\db\ckeditor\lang\vi.js --> tilborghs.nl /web/db/ckeditor/lang vi.js
2012.04.19 13:51 B E:\tilborghs.nl Map\tilborghs.nl\db\ckeditor\lang\WS_FTP.LOG --> tilborghs.nl /web/db/ckeditor/lang WS_FTP.LOG
2012.04.19 13:51 B E:\tilborghs.nl Map\tilborghs.nl\db\ckeditor\lang\zh-cn.js --> tilborghs.nl /web/db/ckeditor/lang zh-cn.js
2012.04.19 13:51 B E:\tilborghs.nl Map\tilborghs.nl\db\ckeditor\lang\zh.js --> tilborghs.nl /web/db/ckeditor/lang zh.js
2012.05.08 21:00 B E:\autoadvance2010.nl Map\autoadvance2010.nl\db\ckeditor\lang\_languages.js --> autoadvance.nl /web/db/ckeditor/lang _languages.js
2012.05.08 21:00 B E:\autoadvance2010.nl Map\autoadvance2010.nl\db\ckeditor\lang\_translationstatus.txt --> autoadvance.nl /web/db/ckeditor/lang _translationstatus.txt
2012.05.08 21:00 B E:\autoadvance2010.nl Map\autoadvance2010.nl\db\ckeditor\lang\af.js --> autoadvance.nl /web/db/ckeditor/lang af.js
2012.05.08 21:00 B E:\autoadvance2010.nl Map\autoadvance2010.nl\db\ckeditor\lang\ar.js --> autoadvance.nl /web/db/ckeditor/lang ar.js
2012.05.08 21:00 B E:\autoadvance2010.nl Map\autoadvance2010.nl\db\ckeditor\lang\bg.js --> autoadvance.nl /web/db/ckeditor/lang bg.js
2012.05.08 21:00 B E:\autoadvance2010.nl Map\autoadvance2010.nl\db\ckeditor\lang\bn.js --> autoadvance.nl /web/db/ckeditor/lang bn.js
2012.05.08 21:00 B E:\autoadvance2010.nl Map\autoadvance2010.nl\db\ckeditor\lang\bs.js --> autoadvance.nl /web/db/ckeditor/lang bs.js
2012.05.08 21:00 B E:\autoadvance2010.nl Map\autoadvance2010.nl\db\ckeditor\lang\ca.js --> autoadvance.nl /web/db/ckeditor/lang ca.js
2012.05.08 21:01 B E:\autoadvance2010.nl Map\autoadvance2010.nl\db\ckeditor\lang\cs.js --> autoadvance.nl /web/db/ckeditor/lang cs.js
2012.05.08 21:01 B E:\autoadvance2010.nl Map\autoadvance2010.nl\db\ckeditor\lang\cy.js --> autoadvance.nl /web/db/ckeditor/lang cy.js
2012.05.08 21:01 B E:\autoadvance2010.nl Map\autoadvance2010.nl\db\ckeditor\lang\da.js --> autoadvance.nl /web/db/ckeditor/lang da.js
2012.05.08 21:01 B E:\autoadvance2010.nl Map\autoadvance2010.nl\db\ckeditor\lang\de.js --> autoadvance.nl /web/db/ckeditor/lang de.js
2012.05.08 21:01 B E:\autoadvance2010.nl Map\autoadvance2010.nl\db\ckeditor\lang\el.js --> autoadvance.nl /web/db/ckeditor/lang el.js
2012.05.08 21:01 B E:\autoadvance2010.nl Map\autoadvance2010.nl\db\ckeditor\lang\en-au.js --> autoadvance.nl /web/db/ckeditor/lang en-au.js
2012.05.08 21:01 B E:\autoadvance2010.nl Map\autoadvance2010.nl\db\ckeditor\lang\en-ca.js --> autoadvance.nl /web/db/ckeditor/lang en-ca.js
2012.05.08 21:01 B E:\autoadvance2010.nl Map\autoadvance2010.nl\db\ckeditor\lang\en-gb.js --> autoadvance.nl /web/db/ckeditor/lang en-gb.js
2012.05.08 21:01 B E:\autoadvance2010.nl Map\autoadvance2010.nl\db\ckeditor\lang\en.js --> autoadvance.nl /web/db/ckeditor/lang en.js
2012.05.08 21:01 B E:\autoadvance2010.nl Map\autoadvance2010.nl\db\ckeditor\lang\eo.js --> autoadvance.nl /web/db/ckeditor/lang eo.js
2012.05.08 21:01 B E:\autoadvance2010.nl Map\autoadvance2010.nl\db\ckeditor\lang\es.js --> autoadvance.nl /web/db/ckeditor/lang es.js
2012.05.08 21:01 B E:\autoadvance2010.nl Map\autoadvance2010.nl\db\ckeditor\lang\et.js --> autoadvance.nl /web/db/ckeditor/lang et.js
2012.05.08 21:01 B E:\autoadvance2010.nl Map\autoadvance2010.nl\db\ckeditor\lang\eu.js --> autoadvance.nl /web/db/ckeditor/lang eu.js
2012.05.08 21:01 B E:\autoadvance2010.nl Map\autoadvance2010.nl\db\ckeditor\lang\fa.js --> autoadvance.nl /web/db/ckeditor/lang fa.js
2012.05.08 21:01 B E:\autoadvance2010.nl Map\autoadvance2010.nl\db\ckeditor\lang\fi.js --> autoadvance.nl /web/db/ckeditor/lang fi.js
2012.05.08 21:01 B E:\autoadvance2010.nl Map\autoadvance2010.nl\db\ckeditor\lang\fo.js --> autoadvance.nl /web/db/ckeditor/lang fo.js
2012.05.08 21:01 B E:\autoadvance2010.nl Map\autoadvance2010.nl\db\ckeditor\lang\fr-ca.js --> autoadvance.nl /web/db/ckeditor/lang fr-ca.js
2012.05.08 21:01 B E:\autoadvance2010.nl Map\autoadvance2010.nl\db\ckeditor\lang\fr.js --> autoadvance.nl /web/db/ckeditor/lang fr.js
2012.05.08 21:01 B E:\autoadvance2010.nl Map\autoadvance2010.nl\db\ckeditor\lang\gl.js --> autoadvance.nl /web/db/ckeditor/lang gl.js
2012.05.08 21:01 B E:\autoadvance2010.nl Map\autoadvance2010.nl\db\ckeditor\lang\gu.js --> autoadvance.nl /web/db/ckeditor/lang gu.js
2012.05.08 21:01 B E:\autoadvance2010.nl Map\autoadvance2010.nl\db\ckeditor\lang\he.js --> autoadvance.nl /web/db/ckeditor/lang he.js
2012.05.08 21:01 B E:\autoadvance2010.nl Map\autoadvance2010.nl\db\ckeditor\lang\hi.js --> autoadvance.nl /web/db/ckeditor/lang hi.js
2012.05.08 21:01 B E:\autoadvance2010.nl Map\autoadvance2010.nl\db\ckeditor\lang\hr.js --> autoadvance.nl /web/db/ckeditor/lang hr.js
2012.05.08 21:01 B E:\autoadvance2010.nl Map\autoadvance2010.nl\db\ckeditor\lang\hu.js --> autoadvance.nl /web/db/ckeditor/lang hu.js
2012.05.08 21:01 B E:\autoadvance2010.nl Map\autoadvance2010.nl\db\ckeditor\lang\is.js --> autoadvance.nl /web/db/ckeditor/lang is.js
2012.05.08 21:01 B E:\autoadvance2010.nl Map\autoadvance2010.nl\db\ckeditor\lang\it.js --> autoadvance.nl /web/db/ckeditor/lang it.js
2012.05.08 21:01 B E:\autoadvance2010.nl Map\autoadvance2010.nl\db\ckeditor\lang\ja.js --> autoadvance.nl /web/db/ckeditor/lang ja.js
2012.05.08 21:01 B E:\autoadvance2010.nl Map\autoadvance2010.nl\db\ckeditor\lang\ka.js --> autoadvance.nl /web/db/ckeditor/lang ka.js
2012.05.08 21:01 B E:\autoadvance2010.nl Map\autoadvance2010.nl\db\ckeditor\lang\km.js --> autoadvance.nl /web/db/ckeditor/lang km.js
2012.05.08 21:01 B E:\autoadvance2010.nl Map\autoadvance2010.nl\db\ckeditor\lang\ko.js --> autoadvance.nl /web/db/ckeditor/lang ko.js
2012.05.08 21:01 B E:\autoadvance2010.nl Map\autoadvance2010.nl\db\ckeditor\lang\lt.js --> autoadvance.nl /web/db/ckeditor/lang lt.js
2012.05.08 21:01 B E:\autoadvance2010.nl Map\autoadvance2010.nl\db\ckeditor\lang\lv.js --> autoadvance.nl /web/db/ckeditor/lang lv.js
2012.05.08 21:01 B E:\autoadvance2010.nl Map\autoadvance2010.nl\db\ckeditor\lang\mn.js --> autoadvance.nl /web/db/ckeditor/lang mn.js
2012.05.08 21:01 B E:\autoadvance2010.nl Map\autoadvance2010.nl\db\ckeditor\lang\ms.js --> autoadvance.nl /web/db/ckeditor/lang ms.js
2012.05.08 21:01 B E:\autoadvance2010.nl Map\autoadvance2010.nl\db\ckeditor\lang\nb.js --> autoadvance.nl /web/db/ckeditor/lang nb.js
2012.05.08 21:01 B E:\autoadvance2010.nl Map\autoadvance2010.nl\db\ckeditor\lang\nl.js --> autoadvance.nl /web/db/ckeditor/lang nl.js
2012.05.08 21:01 B E:\autoadvance2010.nl Map\autoadvance2010.nl\db\ckeditor\lang\no.js --> autoadvance.nl /web/db/ckeditor/lang no.js
2012.05.08 21:01 B E:\autoadvance2010.nl Map\autoadvance2010.nl\db\ckeditor\lang\pl.js --> autoadvance.nl /web/db/ckeditor/lang pl.js
2012.05.08 21:01 B E:\autoadvance2010.nl Map\autoadvance2010.nl\db\ckeditor\lang\pt-br.js --> autoadvance.nl /web/db/ckeditor/lang pt-br.js
2012.05.08 21:01 B E:\autoadvance2010.nl Map\autoadvance2010.nl\db\ckeditor\lang\pt.js --> autoadvance.nl /web/db/ckeditor/lang pt.js
2012.05.08 21:01 B E:\autoadvance2010.nl Map\autoadvance2010.nl\db\ckeditor\lang\ro.js --> autoadvance.nl /web/db/ckeditor/lang ro.js
2012.05.08 21:01 B E:\autoadvance2010.nl Map\autoadvance2010.nl\db\ckeditor\lang\ru.js --> autoadvance.nl /web/db/ckeditor/lang ru.js
2012.05.08 21:01 B E:\autoadvance2010.nl Map\autoadvance2010.nl\db\ckeditor\lang\sk.js --> autoadvance.nl /web/db/ckeditor/lang sk.js
2012.05.08 21:01 B E:\autoadvance2010.nl Map\autoadvance2010.nl\db\ckeditor\lang\sl.js --> autoadvance.nl /web/db/ckeditor/lang sl.js
2012.05.08 21:01 B E:\autoadvance2010.nl Map\autoadvance2010.nl\db\ckeditor\lang\sr-latn.js --> autoadvance.nl /web/db/ckeditor/lang sr-latn.js
2012.05.08 21:01 B E:\autoadvance2010.nl Map\autoadvance2010.nl\db\ckeditor\lang\sr.js --> autoadvance.nl /web/db/ckeditor/lang sr.js
2012.05.08 21:01 B E:\autoadvance2010.nl Map\autoadvance2010.nl\db\ckeditor\lang\sv.js --> autoadvance.nl /web/db/ckeditor/lang sv.js
2012.05.08 21:01 B E:\autoadvance2010.nl Map\autoadvance2010.nl\db\ckeditor\lang\th.js --> autoadvance.nl /web/db/ckeditor/lang th.js
2012.05.08 21:01 B E:\autoadvance2010.nl Map\autoadvance2010.nl\db\ckeditor\lang\tr.js --> autoadvance.nl /web/db/ckeditor/lang tr.js
2012.05.08 21:01 B E:\autoadvance2010.nl Map\autoadvance2010.nl\db\ckeditor\lang\uk.js --> autoadvance.nl /web/db/ckeditor/lang uk.js
2012.05.08 21:01 B E:\autoadvance2010.nl Map\autoadvance2010.nl\db\ckeditor\lang\vi.js --> autoadvance.nl /web/db/ckeditor/lang vi.js
2013.03.16 11:44 B E:\fdmstest.nl Map\fdmstest.nl\db\ckeditor\lang\WS_FTP.LOG <-- autoadvance.nl /web/db/ckeditor/lang WS_FTP.LOG
2013.03.16 11:44 B E:\fdmstest.nl Map\fdmstest.nl\db\ckeditor\lang\zh-cn.js <-- autoadvance.nl /web/db/ckeditor/lang zh-cn.js
2013.03.16 11:44 B E:\fdmstest.nl Map\fdmstest.nl\db\ckeditor\lang\zh.js <-- autoadvance.nl /web/db/ckeditor/lang zh.js
2013.03.16 12:23 B E:\fdmstest.nl Map\fdmstest.nl\db\ckeditor\lang\_languages.js --> 212.79.241.34 /web/db/ckeditor/lang _languages.js
2013.03.16 12:23 B E:\fdmstest.nl Map\fdmstest.nl\db\ckeditor\lang\_translationstatus.txt --> 212.79.241.34 /web/db/ckeditor/lang _translationstatus.txt
2013.03.16 12:23 B E:\fdmstest.nl Map\fdmstest.nl\db\ckeditor\lang\af.js --> 212.79.241.34 /web/db/ckeditor/lang af.js
2013.03.16 12:23 B E:\fdmstest.nl Map\fdmstest.nl\db\ckeditor\lang\ar.js --> 212.79.241.34 /web/db/ckeditor/lang ar.js
2013.03.16 12:23 B E:\fdmstest.nl Map\fdmstest.nl\db\ckeditor\lang\bg.js --> 212.79.241.34 /web/db/ckeditor/lang bg.js
2013.03.16 12:23 B E:\fdmstest.nl Map\fdmstest.nl\db\ckeditor\lang\bn.js --> 212.79.241.34 /web/db/ckeditor/lang bn.js
2013.03.16 12:23 B E:\fdmstest.nl Map\fdmstest.nl\db\ckeditor\lang\bs.js --> 212.79.241.34 /web/db/ckeditor/lang bs.js
2013.03.16 12:23 B E:\fdmstest.nl Map\fdmstest.nl\db\ckeditor\lang\ca.js --> 212.79.241.34 /web/db/ckeditor/lang ca.js
2013.03.16 12:23 B E:\fdmstest.nl Map\fdmstest.nl\db\ckeditor\lang\cs.js --> 212.79.241.34 /web/db/ckeditor/lang cs.js
2013.03.16 12:23 B E:\fdmstest.nl Map\fdmstest.nl\db\ckeditor\lang\cy.js --> 212.79.241.34 /web/db/ckeditor/lang cy.js
2013.03.16 12:23 B E:\fdmstest.nl Map\fdmstest.nl\db\ckeditor\lang\da.js --> 212.79.241.34 /web/db/ckeditor/lang da.js
2013.03.16 12:23 B E:\fdmstest.nl Map\fdmstest.nl\db\ckeditor\lang\de.js --> 212.79.241.34 /web/db/ckeditor/lang de.js
2013.03.16 12:23 B E:\fdmstest.nl Map\fdmstest.nl\db\ckeditor\lang\el.js --> 212.79.241.34 /web/db/ckeditor/lang el.js
2013.03.16 12:23 B E:\fdmstest.nl Map\fdmstest.nl\db\ckeditor\lang\en-au.js --> 212.79.241.34 /web/db/ckeditor/lang en-au.js
2013.03.16 12:23 B E:\fdmstest.nl Map\fdmstest.nl\db\ckeditor\lang\en-ca.js --> 212.79.241.34 /web/db/ckeditor/lang en-ca.js
2013.03.16 12:23 B E:\fdmstest.nl Map\fdmstest.nl\db\ckeditor\lang\en-gb.js --> 212.79.241.34 /web/db/ckeditor/lang en-gb.js
2013.03.16 12:23 B E:\fdmstest.nl Map\fdmstest.nl\db\ckeditor\lang\en.js --> 212.79.241.34 /web/db/ckeditor/lang en.js
2013.03.16 12:23 B E:\fdmstest.nl Map\fdmstest.nl\db\ckeditor\lang\eo.js --> 212.79.241.34 /web/db/ckeditor/lang eo.js
2013.03.16 12:23 B E:\fdmstest.nl Map\fdmstest.nl\db\ckeditor\lang\es.js --> 212.79.241.34 /web/db/ckeditor/lang es.js
2013.03.16 12:23 B E:\fdmstest.nl Map\fdmstest.nl\db\ckeditor\lang\et.js --> 212.79.241.34 /web/db/ckeditor/lang et.js
2013.03.16 12:23 B E:\fdmstest.nl Map\fdmstest.nl\db\ckeditor\lang\eu.js --> 212.79.241.34 /web/db/ckeditor/lang eu.js
2013.03.16 12:23 B E:\fdmstest.nl Map\fdmstest.nl\db\ckeditor\lang\fa.js --> 212.79.241.34 /web/db/ckeditor/lang fa.js
2013.03.16 12:23 B E:\fdmstest.nl Map\fdmstest.nl\db\ckeditor\lang\fi.js --> 212.79.241.34 /web/db/ckeditor/lang fi.js
2013.03.16 12:23 B E:\fdmstest.nl Map\fdmstest.nl\db\ckeditor\lang\fo.js --> 212.79.241.34 /web/db/ckeditor/lang fo.js
2013.03.16 12:23 B E:\fdmstest.nl Map\fdmstest.nl\db\ckeditor\lang\fr-ca.js --> 212.79.241.34 /web/db/ckeditor/lang fr-ca.js
2013.03.16 12:23 B E:\fdmstest.nl Map\fdmstest.nl\db\ckeditor\lang\fr.js --> 212.79.241.34 /web/db/ckeditor/lang fr.js
2013.03.16 12:23 B E:\fdmstest.nl Map\fdmstest.nl\db\ckeditor\lang\gl.js --> 212.79.241.34 /web/db/ckeditor/lang gl.js
2013.03.16 12:23 B E:\fdmstest.nl Map\fdmstest.nl\db\ckeditor\lang\gu.js --> 212.79.241.34 /web/db/ckeditor/lang gu.js
2013.03.16 12:23 B E:\fdmstest.nl Map\fdmstest.nl\db\ckeditor\lang\he.js --> 212.79.241.34 /web/db/ckeditor/lang he.js
2013.03.16 12:23 B E:\fdmstest.nl Map\fdmstest.nl\db\ckeditor\lang\hi.js --> 212.79.241.34 /web/db/ckeditor/lang hi.js
2013.03.16 12:23 B E:\fdmstest.nl Map\fdmstest.nl\db\ckeditor\lang\hr.js --> 212.79.241.34 /web/db/ckeditor/lang hr.js
2013.03.16 12:23 B E:\fdmstest.nl Map\fdmstest.nl\db\ckeditor\lang\hu.js --> 212.79.241.34 /web/db/ckeditor/lang hu.js
2013.03.16 12:23 B E:\fdmstest.nl Map\fdmstest.nl\db\ckeditor\lang\is.js --> 212.79.241.34 /web/db/ckeditor/lang is.js
2013.03.16 12:23 B E:\fdmstest.nl Map\fdmstest.nl\db\ckeditor\lang\it.js --> 212.79.241.34 /web/db/ckeditor/lang it.js
2013.03.16 12:23 B E:\fdmstest.nl Map\fdmstest.nl\db\ckeditor\lang\ja.js --> 212.79.241.34 /web/db/ckeditor/lang ja.js
2013.03.16 12:23 B E:\fdmstest.nl Map\fdmstest.nl\db\ckeditor\lang\ka.js --> 212.79.241.34 /web/db/ckeditor/lang ka.js
2013.03.16 12:23 B E:\fdmstest.nl Map\fdmstest.nl\db\ckeditor\lang\km.js --> 212.79.241.34 /web/db/ckeditor/lang km.js
2013.03.16 12:23 B E:\fdmstest.nl Map\fdmstest.nl\db\ckeditor\lang\ko.js --> 212.79.241.34 /web/db/ckeditor/lang ko.js
2013.03.16 12:23 B E:\fdmstest.nl Map\fdmstest.nl\db\ckeditor\lang\lt.js --> 212.79.241.34 /web/db/ckeditor/lang lt.js
2013.03.16 12:23 B E:\fdmstest.nl Map\fdmstest.nl\db\ckeditor\lang\lv.js --> 212.79.241.34 /web/db/ckeditor/lang lv.js
2013.03.16 12:23 B E:\fdmstest.nl Map\fdmstest.nl\db\ckeditor\lang\mn.js --> 212.79.241.34 /web/db/ckeditor/lang mn.js
2013.03.16 12:23 B E:\fdmstest.nl Map\fdmstest.nl\db\ckeditor\lang\ms.js --> 212.79.241.34 /web/db/ckeditor/lang ms.js
2013.03.16 12:23 B E:\fdmstest.nl Map\fdmstest.nl\db\ckeditor\lang\nb.js --> 212.79.241.34 /web/db/ckeditor/lang nb.js
2013.03.16 12:23 B E:\fdmstest.nl Map\fdmstest.nl\db\ckeditor\lang\nl.js --> 212.79.241.34 /web/db/ckeditor/lang nl.js
2013.03.16 12:23 B E:\fdmstest.nl Map\fdmstest.nl\db\ckeditor\lang\no.js --> 212.79.241.34 /web/db/ckeditor/lang no.js
2013.03.16 12:23 B E:\fdmstest.nl Map\fdmstest.nl\db\ckeditor\lang\pl.js --> 212.79.241.34 /web/db/ckeditor/lang pl.js
2013.03.16 12:23 B E:\fdmstest.nl Map\fdmstest.nl\db\ckeditor\lang\pt-br.js --> 212.79.241.34 /web/db/ckeditor/lang pt-br.js
2013.03.16 12:24 B E:\fdmstest.nl Map\fdmstest.nl\db\ckeditor\lang\pt.js --> 212.79.241.34 /web/db/ckeditor/lang pt.js
2013.03.16 12:24 B E:\fdmstest.nl Map\fdmstest.nl\db\ckeditor\lang\ro.js --> 212.79.241.34 /web/db/ckeditor/lang ro.js
2013.03.16 12:24 B E:\fdmstest.nl Map\fdmstest.nl\db\ckeditor\lang\ru.js --> 212.79.241.34 /web/db/ckeditor/lang ru.js
2013.03.16 12:24 B E:\fdmstest.nl Map\fdmstest.nl\db\ckeditor\lang\sk.js --> 212.79.241.34 /web/db/ckeditor/lang sk.js
2013.03.16 12:24 B E:\fdmstest.nl Map\fdmstest.nl\db\ckeditor\lang\sl.js --> 212.79.241.34 /web/db/ckeditor/lang sl.js
2013.03.16 12:24 B E:\fdmstest.nl Map\fdmstest.nl\db\ckeditor\lang\sr-latn.js --> 212.79.241.34 /web/db/ckeditor/lang sr-latn.js
2013.03.16 12:24 B E:\fdmstest.nl Map\fdmstest.nl\db\ckeditor\lang\sr.js --> 212.79.241.34 /web/db/ckeditor/lang sr.js
2013.03.16 12:24 B E:\fdmstest.nl Map\fdmstest.nl\db\ckeditor\lang\sv.js --> 212.79.241.34 /web/db/ckeditor/lang sv.js
2013.03.16 12:24 B E:\fdmstest.nl Map\fdmstest.nl\db\ckeditor\lang\th.js --> 212.79.241.34 /web/db/ckeditor/lang th.js
2013.03.16 12:24 B E:\fdmstest.nl Map\fdmstest.nl\db\ckeditor\lang\tr.js --> 212.79.241.34 /web/db/ckeditor/lang tr.js
2013.03.16 12:24 B E:\fdmstest.nl Map\fdmstest.nl\db\ckeditor\lang\uk.js --> 212.79.241.34 /web/db/ckeditor/lang uk.js
2013.03.16 12:24 B E:\fdmstest.nl Map\fdmstest.nl\db\ckeditor\lang\vi.js --> 212.79.241.34 /web/db/ckeditor/lang vi.js
2013.03.23 09:57 B E:\fdmstest.nl Map\fdmstest.nl\db\ckeditor\lang\WS_FTP.LOG <-- fdmtest.nl /web/db/ckeditor/lang WS_FTP.LOG
2013.03.23 09:57 B E:\fdmstest.nl Map\fdmstest.nl\db\ckeditor\lang\zh-cn.js <-- fdmtest.nl /web/db/ckeditor/lang zh-cn.js
2013.03.23 09:57 B E:\fdmstest.nl Map\fdmstest.nl\db\ckeditor\lang\zh.js <-- fdmtest.nl /web/db/ckeditor/lang zh.js
2013.03.24 13:48 B E:\fdmstest.nl Map\fdmstest.nl\db\ckeditor\lang\_languages.js --> dewildeautos.nl /web/db/ckeditor/lang _languages.js
2013.03.24 13:48 B E:\fdmstest.nl Map\fdmstest.nl\db\ckeditor\lang\_translationstatus.txt --> dewildeautos.nl /web/db/ckeditor/lang _translationstatus.txt
2013.03.24 13:48 B E:\fdmstest.nl Map\fdmstest.nl\db\ckeditor\lang\af.js --> dewildeautos.nl /web/db/ckeditor/lang af.js
2013.03.24 13:48 B E:\fdmstest.nl Map\fdmstest.nl\db\ckeditor\lang\ar.js --> dewildeautos.nl /web/db/ckeditor/lang ar.js
2013.03.24 13:48 B E:\fdmstest.nl Map\fdmstest.nl\db\ckeditor\lang\bg.js --> dewildeautos.nl /web/db/ckeditor/lang bg.js
2013.03.24 13:48 B E:\fdmstest.nl Map\fdmstest.nl\db\ckeditor\lang\bn.js --> dewildeautos.nl /web/db/ckeditor/lang bn.js
2013.03.24 13:48 B E:\fdmstest.nl Map\fdmstest.nl\db\ckeditor\lang\bs.js --> dewildeautos.nl /web/db/ckeditor/lang bs.js
2013.03.24 13:48 B E:\fdmstest.nl Map\fdmstest.nl\db\ckeditor\lang\ca.js --> dewildeautos.nl /web/db/ckeditor/lang ca.js
2013.03.24 13:48 B E:\fdmstest.nl Map\fdmstest.nl\db\ckeditor\lang\cs.js --> dewildeautos.nl /web/db/ckeditor/lang cs.js
2013.03.24 13:48 B E:\fdmstest.nl Map\fdmstest.nl\db\ckeditor\lang\cy.js --> dewildeautos.nl /web/db/ckeditor/lang cy.js
2013.03.24 13:48 B E:\fdmstest.nl Map\fdmstest.nl\db\ckeditor\lang\da.js --> dewildeautos.nl /web/db/ckeditor/lang da.js
2013.03.24 13:48 B E:\fdmstest.nl Map\fdmstest.nl\db\ckeditor\lang\de.js --> dewildeautos.nl /web/db/ckeditor/lang de.js
2013.03.24 13:49 B E:\fdmstest.nl Map\fdmstest.nl\db\ckeditor\lang\el.js --> dewildeautos.nl /web/db/ckeditor/lang el.js
2013.03.24 13:49 B E:\fdmstest.nl Map\fdmstest.nl\db\ckeditor\lang\en-au.js --> dewildeautos.nl /web/db/ckeditor/lang en-au.js
2013.03.24 13:49 B E:\fdmstest.nl Map\fdmstest.nl\db\ckeditor\lang\en-ca.js --> dewildeautos.nl /web/db/ckeditor/lang en-ca.js
2013.03.24 13:49 B E:\fdmstest.nl Map\fdmstest.nl\db\ckeditor\lang\en-gb.js --> dewildeautos.nl /web/db/ckeditor/lang en-gb.js
2013.03.24 13:49 B E:\fdmstest.nl Map\fdmstest.nl\db\ckeditor\lang\en.js --> dewildeautos.nl /web/db/ckeditor/lang en.js
2013.03.24 13:49 B E:\fdmstest.nl Map\fdmstest.nl\db\ckeditor\lang\eo.js --> dewildeautos.nl /web/db/ckeditor/lang eo.js
2013.03.24 13:49 B E:\fdmstest.nl Map\fdmstest.nl\db\ckeditor\lang\es.js --> dewildeautos.nl /web/db/ckeditor/lang es.js
2013.03.24 13:49 B E:\fdmstest.nl Map\fdmstest.nl\db\ckeditor\lang\et.js --> dewildeautos.nl /web/db/ckeditor/lang et.js
2013.03.24 13:49 B E:\fdmstest.nl Map\fdmstest.nl\db\ckeditor\lang\eu.js --> dewildeautos.nl /web/db/ckeditor/lang eu.js
2013.03.24 13:49 B E:\fdmstest.nl Map\fdmstest.nl\db\ckeditor\lang\fa.js --> dewildeautos.nl /web/db/ckeditor/lang fa.js
2013.03.24 13:49 B E:\fdmstest.nl Map\fdmstest.nl\db\ckeditor\lang\fi.js --> dewildeautos.nl /web/db/ckeditor/lang fi.js
2013.03.24 13:49 B E:\fdmstest.nl Map\fdmstest.nl\db\ckeditor\lang\fo.js --> dewildeautos.nl /web/db/ckeditor/lang fo.js
2013.03.24 13:49 B E:\fdmstest.nl Map\fdmstest.nl\db\ckeditor\lang\fr-ca.js --> dewildeautos.nl /web/db/ckeditor/lang fr-ca.js
2013.03.24 13:49 B E:\fdmstest.nl Map\fdmstest.nl\db\ckeditor\lang\fr.js --> dewildeautos.nl /web/db/ckeditor/lang fr.js
2013.03.24 13:49 B E:\fdmstest.nl Map\fdmstest.nl\db\ckeditor\lang\gl.js --> dewildeautos.nl /web/db/ckeditor/lang gl.js
2013.03.24 13:49 B E:\fdmstest.nl Map\fdmstest.nl\db\ckeditor\lang\gu.js --> dewildeautos.nl /web/db/ckeditor/lang gu.js
2013.03.24 13:49 B E:\fdmstest.nl Map\fdmstest.nl\db\ckeditor\lang\he.js --> dewildeautos.nl /web/db/ckeditor/lang he.js
2013.03.24 13:49 B E:\fdmstest.nl Map\fdmstest.nl\db\ckeditor\lang\hi.js --> dewildeautos.nl /web/db/ckeditor/lang hi.js
2013.03.24 13:49 B E:\fdmstest.nl Map\fdmstest.nl\db\ckeditor\lang\hr.js --> dewildeautos.nl /web/db/ckeditor/lang hr.js
2013.03.24 13:49 B E:\fdmstest.nl Map\fdmstest.nl\db\ckeditor\lang\hu.js --> dewildeautos.nl /web/db/ckeditor/lang hu.js
2013.03.24 13:49 B E:\fdmstest.nl Map\fdmstest.nl\db\ckeditor\lang\is.js --> dewildeautos.nl /web/db/ckeditor/lang is.js
2013.03.24 13:49 B E:\fdmstest.nl Map\fdmstest.nl\db\ckeditor\lang\it.js --> dewildeautos.nl /web/db/ckeditor/lang it.js
2013.03.24 13:49 B E:\fdmstest.nl Map\fdmstest.nl\db\ckeditor\lang\ja.js --> dewildeautos.nl /web/db/ckeditor/lang ja.js
2013.03.24 13:49 B E:\fdmstest.nl Map\fdmstest.nl\db\ckeditor\lang\ka.js --> dewildeautos.nl /web/db/ckeditor/lang ka.js
2013.03.24 13:49 B E:\fdmstest.nl Map\fdmstest.nl\db\ckeditor\lang\km.js --> dewildeautos.nl /web/db/ckeditor/lang km.js
2013.03.24 13:49 B E:\fdmstest.nl Map\fdmstest.nl\db\ckeditor\lang\ko.js --> dewildeautos.nl /web/db/ckeditor/lang ko.js
2013.03.24 13:49 B E:\fdmstest.nl Map\fdmstest.nl\db\ckeditor\lang\ku.js --> dewildeautos.nl /web/db/ckeditor/lang ku.js
2013.03.24 13:49 B E:\fdmstest.nl Map\fdmstest.nl\db\ckeditor\lang\lt.js --> dewildeautos.nl /web/db/ckeditor/lang lt.js
2013.03.24 13:49 B E:\fdmstest.nl Map\fdmstest.nl\db\ckeditor\lang\lv.js --> dewildeautos.nl /web/db/ckeditor/lang lv.js
2013.03.24 13:49 B E:\fdmstest.nl Map\fdmstest.nl\db\ckeditor\lang\mk.js --> dewildeautos.nl /web/db/ckeditor/lang mk.js
2013.03.24 13:49 B E:\fdmstest.nl Map\fdmstest.nl\db\ckeditor\lang\mn.js --> dewildeautos.nl /web/db/ckeditor/lang mn.js
2013.03.24 13:49 B E:\fdmstest.nl Map\fdmstest.nl\db\ckeditor\lang\ms.js --> dewildeautos.nl /web/db/ckeditor/lang ms.js
2013.03.24 13:49 B E:\fdmstest.nl Map\fdmstest.nl\db\ckeditor\lang\nb.js --> dewildeautos.nl /web/db/ckeditor/lang nb.js
2013.03.24 13:49 B E:\fdmstest.nl Map\fdmstest.nl\db\ckeditor\lang\nl.js --> dewildeautos.nl /web/db/ckeditor/lang nl.js
2013.03.24 13:49 B E:\fdmstest.nl Map\fdmstest.nl\db\ckeditor\lang\no.js --> dewildeautos.nl /web/db/ckeditor/lang no.js
2013.03.24 13:49 B E:\fdmstest.nl Map\fdmstest.nl\db\ckeditor\lang\pl.js --> dewildeautos.nl /web/db/ckeditor/lang pl.js
2013.03.24 13:49 B E:\fdmstest.nl Map\fdmstest.nl\db\ckeditor\lang\pt-br.js --> dewildeautos.nl /web/db/ckeditor/lang pt-br.js
2013.03.24 13:49 B E:\fdmstest.nl Map\fdmstest.nl\db\ckeditor\lang\pt.js --> dewildeautos.nl /web/db/ckeditor/lang pt.js
2013.03.24 13:49 B E:\fdmstest.nl Map\fdmstest.nl\db\ckeditor\lang\ro.js --> dewildeautos.nl /web/db/ckeditor/lang ro.js
2013.03.24 13:49 B E:\fdmstest.nl Map\fdmstest.nl\db\ckeditor\lang\ru.js --> dewildeautos.nl /web/db/ckeditor/lang ru.js
2013.03.24 13:49 B E:\fdmstest.nl Map\fdmstest.nl\db\ckeditor\lang\sk.js --> dewildeautos.nl /web/db/ckeditor/lang sk.js
2013.03.24 13:49 B E:\fdmstest.nl Map\fdmstest.nl\db\ckeditor\lang\sl.js --> dewildeautos.nl /web/db/ckeditor/lang sl.js
2013.03.24 13:49 B E:\fdmstest.nl Map\fdmstest.nl\db\ckeditor\lang\sr-latn.js --> dewildeautos.nl /web/db/ckeditor/lang sr-latn.js
2013.03.24 13:49 B E:\fdmstest.nl Map\fdmstest.nl\db\ckeditor\lang\sr.js --> dewildeautos.nl /web/db/ckeditor/lang sr.js
2013.03.24 13:49 B E:\fdmstest.nl Map\fdmstest.nl\db\ckeditor\lang\sv.js --> dewildeautos.nl /web/db/ckeditor/lang sv.js
2013.03.24 13:49 B E:\fdmstest.nl Map\fdmstest.nl\db\ckeditor\lang\th.js --> dewildeautos.nl /web/db/ckeditor/lang th.js
2013.03.24 13:49 B E:\fdmstest.nl Map\fdmstest.nl\db\ckeditor\lang\tr.js --> dewildeautos.nl /web/db/ckeditor/lang tr.js
2013.03.24 13:49 B E:\fdmstest.nl Map\fdmstest.nl\db\ckeditor\lang\ug.js --> dewildeautos.nl /web/db/ckeditor/lang ug.js
2013.03.24 13:49 B E:\fdmstest.nl Map\fdmstest.nl\db\ckeditor\lang\uk.js --> dewildeautos.nl /web/db/ckeditor/lang uk.js
2013.03.24 13:49 B E:\fdmstest.nl Map\fdmstest.nl\db\ckeditor\lang\vi.js --> dewildeautos.nl /web/db/ckeditor/lang vi.js
2013.03.24 13:49 B E:\fdmstest.nl Map\fdmstest.nl\db\ckeditor\lang\WS_FTP.LOG --> dewildeautos.nl /web/db/ckeditor/lang WS_FTP.LOG
2013.03.24 13:49 B E:\fdmstest.nl Map\fdmstest.nl\db\ckeditor\lang\zh-cn.js --> dewildeautos.nl /web/db/ckeditor/lang zh-cn.js
2013.03.24 13:49 B E:\fdmstest.nl Map\fdmstest.nl\db\ckeditor\lang\zh.js --> dewildeautos.nl /web/db/ckeditor/lang zh.js
2013.03.25 10:54 B E:\fdmstest.nl Map\fdmstest.nl\db\ckeditor\lang\_languages.js --> thomassen-autos.nl /web/db/ckeditor/lang _languages.js
2013.03.25 10:54 B E:\fdmstest.nl Map\fdmstest.nl\db\ckeditor\lang\_translationstatus.txt --> thomassen-autos.nl /web/db/ckeditor/lang _translationstatus.txt
2013.03.25 10:54 B E:\fdmstest.nl Map\fdmstest.nl\db\ckeditor\lang\af.js --> thomassen-autos.nl /web/db/ckeditor/lang af.js
2013.03.25 10:54 B E:\fdmstest.nl Map\fdmstest.nl\db\ckeditor\lang\ar.js --> thomassen-autos.nl /web/db/ckeditor/lang ar.js
2013.03.25 10:54 B E:\fdmstest.nl Map\fdmstest.nl\db\ckeditor\lang\bg.js --> thomassen-autos.nl /web/db/ckeditor/lang bg.js
2013.03.25 10:54 B E:\fdmstest.nl Map\fdmstest.nl\db\ckeditor\lang\bn.js --> thomassen-autos.nl /web/db/ckeditor/lang bn.js
2013.03.25 10:54 B E:\fdmstest.nl Map\fdmstest.nl\db\ckeditor\lang\bs.js --> thomassen-autos.nl /web/db/ckeditor/lang bs.js
2013.03.25 10:54 B E:\fdmstest.nl Map\fdmstest.nl\db\ckeditor\lang\ca.js --> thomassen-autos.nl /web/db/ckeditor/lang ca.js
2013.03.25 10:54 B E:\fdmstest.nl Map\fdmstest.nl\db\ckeditor\lang\cs.js --> thomassen-autos.nl /web/db/ckeditor/lang cs.js
2013.03.25 10:54 B E:\fdmstest.nl Map\fdmstest.nl\db\ckeditor\lang\cy.js --> thomassen-autos.nl /web/db/ckeditor/lang cy.js
2013.03.25 10:54 B E:\fdmstest.nl Map\fdmstest.nl\db\ckeditor\lang\da.js --> thomassen-autos.nl /web/db/ckeditor/lang da.js
2013.03.25 10:54 B E:\fdmstest.nl Map\fdmstest.nl\db\ckeditor\lang\de.js --> thomassen-autos.nl /web/db/ckeditor/lang de.js
2013.03.25 10:54 B E:\fdmstest.nl Map\fdmstest.nl\db\ckeditor\lang\el.js --> thomassen-autos.nl /web/db/ckeditor/lang el.js
2013.03.25 10:54 B E:\fdmstest.nl Map\fdmstest.nl\db\ckeditor\lang\en-au.js --> thomassen-autos.nl /web/db/ckeditor/lang en-au.js
2013.03.25 10:54 B E:\fdmstest.nl Map\fdmstest.nl\db\ckeditor\lang\en-ca.js --> thomassen-autos.nl /web/db/ckeditor/lang en-ca.js
2013.03.25 10:54 B E:\fdmstest.nl Map\fdmstest.nl\db\ckeditor\lang\en-gb.js --> thomassen-autos.nl /web/db/ckeditor/lang en-gb.js
2013.03.25 10:54 B E:\fdmstest.nl Map\fdmstest.nl\db\ckeditor\lang\en.js --> thomassen-autos.nl /web/db/ckeditor/lang en.js
2013.03.25 10:54 B E:\fdmstest.nl Map\fdmstest.nl\db\ckeditor\lang\eo.js --> thomassen-autos.nl /web/db/ckeditor/lang eo.js
2013.03.25 10:54 B E:\fdmstest.nl Map\fdmstest.nl\db\ckeditor\lang\es.js --> thomassen-autos.nl /web/db/ckeditor/lang es.js
2013.03.25 10:54 B E:\fdmstest.nl Map\fdmstest.nl\db\ckeditor\lang\et.js --> thomassen-autos.nl /web/db/ckeditor/lang et.js
2013.03.25 10:54 B E:\fdmstest.nl Map\fdmstest.nl\db\ckeditor\lang\eu.js --> thomassen-autos.nl /web/db/ckeditor/lang eu.js
2013.03.25 10:54 B E:\fdmstest.nl Map\fdmstest.nl\db\ckeditor\lang\fa.js --> thomassen-autos.nl /web/db/ckeditor/lang fa.js
2013.03.25 10:54 B E:\fdmstest.nl Map\fdmstest.nl\db\ckeditor\lang\fi.js --> thomassen-autos.nl /web/db/ckeditor/lang fi.js
2013.03.25 10:54 B E:\fdmstest.nl Map\fdmstest.nl\db\ckeditor\lang\fo.js --> thomassen-autos.nl /web/db/ckeditor/lang fo.js
2013.03.25 10:54 B E:\fdmstest.nl Map\fdmstest.nl\db\ckeditor\lang\fr-ca.js --> thomassen-autos.nl /web/db/ckeditor/lang fr-ca.js
2013.03.25 10:54 B E:\fdmstest.nl Map\fdmstest.nl\db\ckeditor\lang\fr.js --> thomassen-autos.nl /web/db/ckeditor/lang fr.js
2013.03.25 10:54 B E:\fdmstest.nl Map\fdmstest.nl\db\ckeditor\lang\gl.js --> thomassen-autos.nl /web/db/ckeditor/lang gl.js
2013.03.25 10:54 B E:\fdmstest.nl Map\fdmstest.nl\db\ckeditor\lang\gu.js --> thomassen-autos.nl /web/db/ckeditor/lang gu.js
2013.03.25 10:54 B E:\fdmstest.nl Map\fdmstest.nl\db\ckeditor\lang\he.js --> thomassen-autos.nl /web/db/ckeditor/lang he.js
2013.03.25 10:54 B E:\fdmstest.nl Map\fdmstest.nl\db\ckeditor\lang\hi.js --> thomassen-autos.nl /web/db/ckeditor/lang hi.js
2013.03.25 10:54 B E:\fdmstest.nl Map\fdmstest.nl\db\ckeditor\lang\hr.js --> thomassen-autos.nl /web/db/ckeditor/lang hr.js
2013.03.25 10:54 B E:\fdmstest.nl Map\fdmstest.nl\db\ckeditor\lang\hu.js --> thomassen-autos.nl /web/db/ckeditor/lang hu.js
2013.03.25 10:54 B E:\fdmstest.nl Map\fdmstest.nl\db\ckeditor\lang\is.js --> thomassen-autos.nl /web/db/ckeditor/lang is.js
2013.03.25 10:54 B E:\fdmstest.nl Map\fdmstest.nl\db\ckeditor\lang\it.js --> thomassen-autos.nl /web/db/ckeditor/lang it.js
2013.03.25 10:54 B E:\fdmstest.nl Map\fdmstest.nl\db\ckeditor\lang\ja.js --> thomassen-autos.nl /web/db/ckeditor/lang ja.js
2013.03.25 10:54 B E:\fdmstest.nl Map\fdmstest.nl\db\ckeditor\lang\ka.js --> thomassen-autos.nl /web/db/ckeditor/lang ka.js
2013.03.25 10:54 B E:\fdmstest.nl Map\fdmstest.nl\db\ckeditor\lang\km.js --> thomassen-autos.nl /web/db/ckeditor/lang km.js
2013.03.25 10:54 B E:\fdmstest.nl Map\fdmstest.nl\db\ckeditor\lang\ko.js --> thomassen-autos.nl /web/db/ckeditor/lang ko.js
2013.03.25 10:54 B E:\fdmstest.nl Map\fdmstest.nl\db\ckeditor\lang\ku.js --> thomassen-autos.nl /web/db/ckeditor/lang ku.js
2013.03.25 10:54 B E:\fdmstest.nl Map\fdmstest.nl\db\ckeditor\lang\lt.js --> thomassen-autos.nl /web/db/ckeditor/lang lt.js
2013.03.25 10:54 B E:\fdmstest.nl Map\fdmstest.nl\db\ckeditor\lang\lv.js --> thomassen-autos.nl /web/db/ckeditor/lang lv.js
2013.03.25 10:54 B E:\fdmstest.nl Map\fdmstest.nl\db\ckeditor\lang\mk.js --> thomassen-autos.nl /web/db/ckeditor/lang mk.js
2013.03.25 10:54 B E:\fdmstest.nl Map\fdmstest.nl\db\ckeditor\lang\mn.js --> thomassen-autos.nl /web/db/ckeditor/lang mn.js
2013.03.25 10:54 B E:\fdmstest.nl Map\fdmstest.nl\db\ckeditor\lang\ms.js --> thomassen-autos.nl /web/db/ckeditor/lang ms.js
2013.03.25 10:54 B E:\fdmstest.nl Map\fdmstest.nl\db\ckeditor\lang\nb.js --> thomassen-autos.nl /web/db/ckeditor/lang nb.js
2013.03.25 10:54 B E:\fdmstest.nl Map\fdmstest.nl\db\ckeditor\lang\nl.js --> thomassen-autos.nl /web/db/ckeditor/lang nl.js
2013.03.25 10:54 B E:\fdmstest.nl Map\fdmstest.nl\db\ckeditor\lang\no.js --> thomassen-autos.nl /web/db/ckeditor/lang no.js
2013.03.25 10:54 B E:\fdmstest.nl Map\fdmstest.nl\db\ckeditor\lang\pl.js --> thomassen-autos.nl /web/db/ckeditor/lang pl.js
2013.03.25 10:54 B E:\fdmstest.nl Map\fdmstest.nl\db\ckeditor\lang\pt-br.js --> thomassen-autos.nl /web/db/ckeditor/lang pt-br.js
2013.03.25 10:54 B E:\fdmstest.nl Map\fdmstest.nl\db\ckeditor\lang\pt.js --> thomassen-autos.nl /web/db/ckeditor/lang pt.js
2013.03.25 10:54 B E:\fdmstest.nl Map\fdmstest.nl\db\ckeditor\lang\ro.js --> thomassen-autos.nl /web/db/ckeditor/lang ro.js
2013.03.25 10:54 B E:\fdmstest.nl Map\fdmstest.nl\db\ckeditor\lang\ru.js --> thomassen-autos.nl /web/db/ckeditor/lang ru.js
2013.03.25 10:54 B E:\fdmstest.nl Map\fdmstest.nl\db\ckeditor\lang\sk.js --> thomassen-autos.nl /web/db/ckeditor/lang sk.js
2013.03.25 10:54 B E:\fdmstest.nl Map\fdmstest.nl\db\ckeditor\lang\sl.js --> thomassen-autos.nl /web/db/ckeditor/lang sl.js
2013.03.25 10:54 B E:\fdmstest.nl Map\fdmstest.nl\db\ckeditor\lang\sr-latn.js --> thomassen-autos.nl /web/db/ckeditor/lang sr-latn.js
2013.03.25 10:54 B E:\fdmstest.nl Map\fdmstest.nl\db\ckeditor\lang\sr.js --> thomassen-autos.nl /web/db/ckeditor/lang sr.js
2013.03.25 10:54 B E:\fdmstest.nl Map\fdmstest.nl\db\ckeditor\lang\sv.js --> thomassen-autos.nl /web/db/ckeditor/lang sv.js
2013.03.25 10:54 B E:\fdmstest.nl Map\fdmstest.nl\db\ckeditor\lang\th.js --> thomassen-autos.nl /web/db/ckeditor/lang th.js
2013.03.25 10:54 B E:\fdmstest.nl Map\fdmstest.nl\db\ckeditor\lang\tr.js --> thomassen-autos.nl /web/db/ckeditor/lang tr.js
2013.03.25 10:54 B E:\fdmstest.nl Map\fdmstest.nl\db\ckeditor\lang\ug.js --> thomassen-autos.nl /web/db/ckeditor/lang ug.js
2013.03.25 10:54 B E:\fdmstest.nl Map\fdmstest.nl\db\ckeditor\lang\uk.js --> thomassen-autos.nl /web/db/ckeditor/lang uk.js
2013.03.25 10:54 B E:\fdmstest.nl Map\fdmstest.nl\db\ckeditor\lang\vi.js --> thomassen-autos.nl /web/db/ckeditor/lang vi.js
2013.03.25 10:54 B E:\fdmstest.nl Map\fdmstest.nl\db\ckeditor\lang\WS_FTP.LOG --> thomassen-autos.nl /web/db/ckeditor/lang WS_FTP.LOG
2013.03.25 10:54 B E:\fdmstest.nl Map\fdmstest.nl\db\ckeditor\lang\zh-cn.js --> thomassen-autos.nl /web/db/ckeditor/lang zh-cn.js
2013.03.25 10:54 B E:\fdmstest.nl Map\fdmstest.nl\db\ckeditor\lang\zh.js --> thomassen-autos.nl /web/db/ckeditor/lang zh.js
2014.02.25 16:47 B E:\autoadvance2012.nl\db\ckeditor\lang\WS_FTP.LOG <-- autoadvance.nl /web/db/ckeditor/lang WS_FTP.LOG
2014.02.25 16:47 B E:\autoadvance2012.nl\db\ckeditor\lang\zh-cn.js <-- autoadvance.nl /web/db/ckeditor/lang zh-cn.js
2014.02.25 16:47 B E:\autoadvance2012.nl\db\ckeditor\lang\zh.js <-- autoadvance.nl /web/db/ckeditor/lang zh.js
