2011.11.17 17:05 B E:\software\ckeditor_3.6.2\ckeditor\plugins\showblocks\images\block_pre.png --> dewildeautos.nl /web/ckeditor/plugins/showblocks/images block_pre.png
2011.11.17 17:05 B E:\software\ckeditor_3.6.2\ckeditor\plugins\showblocks\images\block_p.png --> dewildeautos.nl /web/ckeditor/plugins/showblocks/images block_p.png
2011.11.17 17:05 B E:\software\ckeditor_3.6.2\ckeditor\plugins\showblocks\images\block_h6.png --> dewildeautos.nl /web/ckeditor/plugins/showblocks/images block_h6.png
2011.11.17 17:05 B E:\software\ckeditor_3.6.2\ckeditor\plugins\showblocks\images\block_h5.png --> dewildeautos.nl /web/ckeditor/plugins/showblocks/images block_h5.png
2011.11.17 17:05 B E:\software\ckeditor_3.6.2\ckeditor\plugins\showblocks\images\block_h4.png --> dewildeautos.nl /web/ckeditor/plugins/showblocks/images block_h4.png
2011.11.17 17:05 B E:\software\ckeditor_3.6.2\ckeditor\plugins\showblocks\images\block_h3.png --> dewildeautos.nl /web/ckeditor/plugins/showblocks/images block_h3.png
2011.11.17 17:05 B E:\software\ckeditor_3.6.2\ckeditor\plugins\showblocks\images\block_h2.png --> dewildeautos.nl /web/ckeditor/plugins/showblocks/images block_h2.png
2011.11.17 17:05 B E:\software\ckeditor_3.6.2\ckeditor\plugins\showblocks\images\block_h1.png --> dewildeautos.nl /web/ckeditor/plugins/showblocks/images block_h1.png
2011.11.17 17:05 B E:\software\ckeditor_3.6.2\ckeditor\plugins\showblocks\images\block_div.png --> dewildeautos.nl /web/ckeditor/plugins/showblocks/images block_div.png
2011.11.17 17:05 B E:\software\ckeditor_3.6.2\ckeditor\plugins\showblocks\images\block_blockquote.png --> dewildeautos.nl /web/ckeditor/plugins/showblocks/images block_blockquote.png
2011.11.17 17:05 B E:\software\ckeditor_3.6.2\ckeditor\plugins\showblocks\images\block_address.png --> dewildeautos.nl /web/ckeditor/plugins/showblocks/images block_address.png
2011.12.15 13:39 B E:\tijdvoorkwaliteit2011.nl\db\ckeditor\plugins\showblocks\images\WS_FTP.LOG <-- dewildeautos.nl /web/db/ckeditor/plugins/showblocks/images WS_FTP.LOG
2011.12.15 14:02 B E:\tijdvoorkwaliteit2011.nl\db\ckeditor\plugins\showblocks\images\block_address.png --> tijdvoorkwaliteit.nl /web/db/ckeditor/plugins/showblocks/images block_address.png
2011.12.15 14:02 B E:\tijdvoorkwaliteit2011.nl\db\ckeditor\plugins\showblocks\images\block_blockquote.png --> tijdvoorkwaliteit.nl /web/db/ckeditor/plugins/showblocks/images block_blockquote.png
2011.12.15 14:02 B E:\tijdvoorkwaliteit2011.nl\db\ckeditor\plugins\showblocks\images\block_div.png --> tijdvoorkwaliteit.nl /web/db/ckeditor/plugins/showblocks/images block_div.png
2011.12.15 14:02 B E:\tijdvoorkwaliteit2011.nl\db\ckeditor\plugins\showblocks\images\block_h1.png --> tijdvoorkwaliteit.nl /web/db/ckeditor/plugins/showblocks/images block_h1.png
2011.12.15 14:02 B E:\tijdvoorkwaliteit2011.nl\db\ckeditor\plugins\showblocks\images\block_h2.png --> tijdvoorkwaliteit.nl /web/db/ckeditor/plugins/showblocks/images block_h2.png
2011.12.15 14:02 B E:\tijdvoorkwaliteit2011.nl\db\ckeditor\plugins\showblocks\images\block_h3.png --> tijdvoorkwaliteit.nl /web/db/ckeditor/plugins/showblocks/images block_h3.png
2011.12.15 14:02 B E:\tijdvoorkwaliteit2011.nl\db\ckeditor\plugins\showblocks\images\block_h4.png --> tijdvoorkwaliteit.nl /web/db/ckeditor/plugins/showblocks/images block_h4.png
2011.12.15 14:02 B E:\tijdvoorkwaliteit2011.nl\db\ckeditor\plugins\showblocks\images\block_h5.png --> tijdvoorkwaliteit.nl /web/db/ckeditor/plugins/showblocks/images block_h5.png
2011.12.15 14:02 B E:\tijdvoorkwaliteit2011.nl\db\ckeditor\plugins\showblocks\images\block_h6.png --> tijdvoorkwaliteit.nl /web/db/ckeditor/plugins/showblocks/images block_h6.png
2011.12.15 14:02 B E:\tijdvoorkwaliteit2011.nl\db\ckeditor\plugins\showblocks\images\block_p.png --> tijdvoorkwaliteit.nl /web/db/ckeditor/plugins/showblocks/images block_p.png
2011.12.15 14:02 B E:\tijdvoorkwaliteit2011.nl\db\ckeditor\plugins\showblocks\images\block_pre.png --> tijdvoorkwaliteit.nl /web/db/ckeditor/plugins/showblocks/images block_pre.png
2012.04.19 13:37 B E:\tilborghs.nl Map\tilborghs.nl\db\ckeditor\plugins\showblocks\images\WS_FTP.LOG <-- tijdvoorkwaliteit.nl /web/db/ckeditor/plugins/showblocks/images WS_FTP.LOG
2012.04.19 13:52 B E:\tilborghs.nl Map\tilborghs.nl\db\ckeditor\plugins\showblocks\images\block_address.png --> tilborghs.nl /web/db/ckeditor/plugins/showblocks/images block_address.png
2012.04.19 13:52 B E:\tilborghs.nl Map\tilborghs.nl\db\ckeditor\plugins\showblocks\images\block_blockquote.png --> tilborghs.nl /web/db/ckeditor/plugins/showblocks/images block_blockquote.png
2012.04.19 13:52 B E:\tilborghs.nl Map\tilborghs.nl\db\ckeditor\plugins\showblocks\images\block_div.png --> tilborghs.nl /web/db/ckeditor/plugins/showblocks/images block_div.png
2012.04.19 13:52 B E:\tilborghs.nl Map\tilborghs.nl\db\ckeditor\plugins\showblocks\images\block_h1.png --> tilborghs.nl /web/db/ckeditor/plugins/showblocks/images block_h1.png
2012.04.19 13:52 B E:\tilborghs.nl Map\tilborghs.nl\db\ckeditor\plugins\showblocks\images\block_h2.png --> tilborghs.nl /web/db/ckeditor/plugins/showblocks/images block_h2.png
2012.04.19 13:52 B E:\tilborghs.nl Map\tilborghs.nl\db\ckeditor\plugins\showblocks\images\block_h3.png --> tilborghs.nl /web/db/ckeditor/plugins/showblocks/images block_h3.png
2012.04.19 13:52 B E:\tilborghs.nl Map\tilborghs.nl\db\ckeditor\plugins\showblocks\images\block_h4.png --> tilborghs.nl /web/db/ckeditor/plugins/showblocks/images block_h4.png
2012.04.19 13:52 B E:\tilborghs.nl Map\tilborghs.nl\db\ckeditor\plugins\showblocks\images\block_h5.png --> tilborghs.nl /web/db/ckeditor/plugins/showblocks/images block_h5.png
2012.04.19 13:52 B E:\tilborghs.nl Map\tilborghs.nl\db\ckeditor\plugins\showblocks\images\block_h6.png --> tilborghs.nl /web/db/ckeditor/plugins/showblocks/images block_h6.png
2012.04.19 13:52 B E:\tilborghs.nl Map\tilborghs.nl\db\ckeditor\plugins\showblocks\images\block_p.png --> tilborghs.nl /web/db/ckeditor/plugins/showblocks/images block_p.png
2012.04.19 13:52 B E:\tilborghs.nl Map\tilborghs.nl\db\ckeditor\plugins\showblocks\images\block_pre.png --> tilborghs.nl /web/db/ckeditor/plugins/showblocks/images block_pre.png
2012.04.19 13:52 B E:\tilborghs.nl Map\tilborghs.nl\db\ckeditor\plugins\showblocks\images\WS_FTP.LOG --> tilborghs.nl /web/db/ckeditor/plugins/showblocks/images WS_FTP.LOG
2012.05.08 21:02 B E:\autoadvance2010.nl Map\autoadvance2010.nl\db\ckeditor\plugins\showblocks\images\block_address.png --> autoadvance.nl /web/db/ckeditor/plugins/showblocks/images block_address.png
2012.05.08 21:02 B E:\autoadvance2010.nl Map\autoadvance2010.nl\db\ckeditor\plugins\showblocks\images\block_blockquote.png --> autoadvance.nl /web/db/ckeditor/plugins/showblocks/images block_blockquote.png
2012.05.08 21:02 B E:\autoadvance2010.nl Map\autoadvance2010.nl\db\ckeditor\plugins\showblocks\images\block_div.png --> autoadvance.nl /web/db/ckeditor/plugins/showblocks/images block_div.png
2012.05.08 21:02 B E:\autoadvance2010.nl Map\autoadvance2010.nl\db\ckeditor\plugins\showblocks\images\block_h1.png --> autoadvance.nl /web/db/ckeditor/plugins/showblocks/images block_h1.png
2012.05.08 21:02 B E:\autoadvance2010.nl Map\autoadvance2010.nl\db\ckeditor\plugins\showblocks\images\block_h2.png --> autoadvance.nl /web/db/ckeditor/plugins/showblocks/images block_h2.png
2012.05.08 21:02 B E:\autoadvance2010.nl Map\autoadvance2010.nl\db\ckeditor\plugins\showblocks\images\block_h3.png --> autoadvance.nl /web/db/ckeditor/plugins/showblocks/images block_h3.png
2012.05.08 21:02 B E:\autoadvance2010.nl Map\autoadvance2010.nl\db\ckeditor\plugins\showblocks\images\block_h4.png --> autoadvance.nl /web/db/ckeditor/plugins/showblocks/images block_h4.png
2012.05.08 21:02 B E:\autoadvance2010.nl Map\autoadvance2010.nl\db\ckeditor\plugins\showblocks\images\block_h5.png --> autoadvance.nl /web/db/ckeditor/plugins/showblocks/images block_h5.png
2012.05.08 21:02 B E:\autoadvance2010.nl Map\autoadvance2010.nl\db\ckeditor\plugins\showblocks\images\block_h6.png --> autoadvance.nl /web/db/ckeditor/plugins/showblocks/images block_h6.png
2012.05.08 21:02 B E:\autoadvance2010.nl Map\autoadvance2010.nl\db\ckeditor\plugins\showblocks\images\block_p.png --> autoadvance.nl /web/db/ckeditor/plugins/showblocks/images block_p.png
2012.05.08 21:02 B E:\autoadvance2010.nl Map\autoadvance2010.nl\db\ckeditor\plugins\showblocks\images\block_pre.png --> autoadvance.nl /web/db/ckeditor/plugins/showblocks/images block_pre.png
2013.03.16 11:45 B E:\fdmstest.nl Map\fdmstest.nl\db\ckeditor\plugins\showblocks\images\WS_FTP.LOG <-- autoadvance.nl /web/db/ckeditor/plugins/showblocks/images WS_FTP.LOG
2013.03.16 12:25 B E:\fdmstest.nl Map\fdmstest.nl\db\ckeditor\plugins\showblocks\images\block_address.png --> 212.79.241.34 /web/db/ckeditor/plugins/showblocks/images block_address.png
2013.03.16 12:25 B E:\fdmstest.nl Map\fdmstest.nl\db\ckeditor\plugins\showblocks\images\block_blockquote.png --> 212.79.241.34 /web/db/ckeditor/plugins/showblocks/images block_blockquote.png
2013.03.16 12:25 B E:\fdmstest.nl Map\fdmstest.nl\db\ckeditor\plugins\showblocks\images\block_div.png --> 212.79.241.34 /web/db/ckeditor/plugins/showblocks/images block_div.png
2013.03.16 12:25 B E:\fdmstest.nl Map\fdmstest.nl\db\ckeditor\plugins\showblocks\images\block_h1.png --> 212.79.241.34 /web/db/ckeditor/plugins/showblocks/images block_h1.png
2013.03.16 12:25 B E:\fdmstest.nl Map\fdmstest.nl\db\ckeditor\plugins\showblocks\images\block_h2.png --> 212.79.241.34 /web/db/ckeditor/plugins/showblocks/images block_h2.png
2013.03.16 12:25 B E:\fdmstest.nl Map\fdmstest.nl\db\ckeditor\plugins\showblocks\images\block_h3.png --> 212.79.241.34 /web/db/ckeditor/plugins/showblocks/images block_h3.png
2013.03.16 12:25 B E:\fdmstest.nl Map\fdmstest.nl\db\ckeditor\plugins\showblocks\images\block_h4.png --> 212.79.241.34 /web/db/ckeditor/plugins/showblocks/images block_h4.png
2013.03.16 12:25 B E:\fdmstest.nl Map\fdmstest.nl\db\ckeditor\plugins\showblocks\images\block_h5.png --> 212.79.241.34 /web/db/ckeditor/plugins/showblocks/images block_h5.png
2013.03.16 12:25 B E:\fdmstest.nl Map\fdmstest.nl\db\ckeditor\plugins\showblocks\images\block_h6.png --> 212.79.241.34 /web/db/ckeditor/plugins/showblocks/images block_h6.png
2013.03.16 12:25 B E:\fdmstest.nl Map\fdmstest.nl\db\ckeditor\plugins\showblocks\images\block_p.png --> 212.79.241.34 /web/db/ckeditor/plugins/showblocks/images block_p.png
2013.03.16 12:25 B E:\fdmstest.nl Map\fdmstest.nl\db\ckeditor\plugins\showblocks\images\block_pre.png --> 212.79.241.34 /web/db/ckeditor/plugins/showblocks/images block_pre.png
2013.03.23 09:58 B E:\fdmstest.nl Map\fdmstest.nl\db\ckeditor\plugins\showblocks\images\WS_FTP.LOG <-- fdmtest.nl /web/db/ckeditor/plugins/showblocks/images WS_FTP.LOG
2013.03.24 13:50 B E:\fdmstest.nl Map\fdmstest.nl\db\ckeditor\plugins\showblocks\images\block_address.png --> dewildeautos.nl /web/db/ckeditor/plugins/showblocks/images block_address.png
2013.03.24 13:50 B E:\fdmstest.nl Map\fdmstest.nl\db\ckeditor\plugins\showblocks\images\block_blockquote.png --> dewildeautos.nl /web/db/ckeditor/plugins/showblocks/images block_blockquote.png
2013.03.24 13:50 B E:\fdmstest.nl Map\fdmstest.nl\db\ckeditor\plugins\showblocks\images\block_div.png --> dewildeautos.nl /web/db/ckeditor/plugins/showblocks/images block_div.png
2013.03.24 13:50 B E:\fdmstest.nl Map\fdmstest.nl\db\ckeditor\plugins\showblocks\images\block_h1.png --> dewildeautos.nl /web/db/ckeditor/plugins/showblocks/images block_h1.png
2013.03.24 13:50 B E:\fdmstest.nl Map\fdmstest.nl\db\ckeditor\plugins\showblocks\images\block_h2.png --> dewildeautos.nl /web/db/ckeditor/plugins/showblocks/images block_h2.png
2013.03.24 13:50 B E:\fdmstest.nl Map\fdmstest.nl\db\ckeditor\plugins\showblocks\images\block_h3.png --> dewildeautos.nl /web/db/ckeditor/plugins/showblocks/images block_h3.png
2013.03.24 13:50 B E:\fdmstest.nl Map\fdmstest.nl\db\ckeditor\plugins\showblocks\images\block_h4.png --> dewildeautos.nl /web/db/ckeditor/plugins/showblocks/images block_h4.png
2013.03.24 13:50 B E:\fdmstest.nl Map\fdmstest.nl\db\ckeditor\plugins\showblocks\images\block_h5.png --> dewildeautos.nl /web/db/ckeditor/plugins/showblocks/images block_h5.png
2013.03.24 13:50 B E:\fdmstest.nl Map\fdmstest.nl\db\ckeditor\plugins\showblocks\images\block_h6.png --> dewildeautos.nl /web/db/ckeditor/plugins/showblocks/images block_h6.png
2013.03.24 13:50 B E:\fdmstest.nl Map\fdmstest.nl\db\ckeditor\plugins\showblocks\images\block_p.png --> dewildeautos.nl /web/db/ckeditor/plugins/showblocks/images block_p.png
2013.03.24 13:50 B E:\fdmstest.nl Map\fdmstest.nl\db\ckeditor\plugins\showblocks\images\block_pre.png --> dewildeautos.nl /web/db/ckeditor/plugins/showblocks/images block_pre.png
2013.03.24 13:50 B E:\fdmstest.nl Map\fdmstest.nl\db\ckeditor\plugins\showblocks\images\WS_FTP.LOG --> dewildeautos.nl /web/db/ckeditor/plugins/showblocks/images WS_FTP.LOG
2013.03.25 10:56 B E:\fdmstest.nl Map\fdmstest.nl\db\ckeditor\plugins\showblocks\images\block_address.png --> thomassen-autos.nl /web/db/ckeditor/plugins/showblocks/images block_address.png
2013.03.25 10:56 B E:\fdmstest.nl Map\fdmstest.nl\db\ckeditor\plugins\showblocks\images\block_blockquote.png --> thomassen-autos.nl /web/db/ckeditor/plugins/showblocks/images block_blockquote.png
2013.03.25 10:56 B E:\fdmstest.nl Map\fdmstest.nl\db\ckeditor\plugins\showblocks\images\block_div.png --> thomassen-autos.nl /web/db/ckeditor/plugins/showblocks/images block_div.png
2013.03.25 10:56 B E:\fdmstest.nl Map\fdmstest.nl\db\ckeditor\plugins\showblocks\images\block_h1.png --> thomassen-autos.nl /web/db/ckeditor/plugins/showblocks/images block_h1.png
2013.03.25 10:56 B E:\fdmstest.nl Map\fdmstest.nl\db\ckeditor\plugins\showblocks\images\block_h2.png --> thomassen-autos.nl /web/db/ckeditor/plugins/showblocks/images block_h2.png
2013.03.25 10:56 B E:\fdmstest.nl Map\fdmstest.nl\db\ckeditor\plugins\showblocks\images\block_h3.png --> thomassen-autos.nl /web/db/ckeditor/plugins/showblocks/images block_h3.png
2013.03.25 10:56 B E:\fdmstest.nl Map\fdmstest.nl\db\ckeditor\plugins\showblocks\images\block_h4.png --> thomassen-autos.nl /web/db/ckeditor/plugins/showblocks/images block_h4.png
2013.03.25 10:56 B E:\fdmstest.nl Map\fdmstest.nl\db\ckeditor\plugins\showblocks\images\block_h5.png --> thomassen-autos.nl /web/db/ckeditor/plugins/showblocks/images block_h5.png
2013.03.25 10:56 B E:\fdmstest.nl Map\fdmstest.nl\db\ckeditor\plugins\showblocks\images\block_h6.png --> thomassen-autos.nl /web/db/ckeditor/plugins/showblocks/images block_h6.png
2013.03.25 10:56 B E:\fdmstest.nl Map\fdmstest.nl\db\ckeditor\plugins\showblocks\images\block_p.png --> thomassen-autos.nl /web/db/ckeditor/plugins/showblocks/images block_p.png
2013.03.25 10:56 B E:\fdmstest.nl Map\fdmstest.nl\db\ckeditor\plugins\showblocks\images\block_pre.png --> thomassen-autos.nl /web/db/ckeditor/plugins/showblocks/images block_pre.png
2013.03.25 10:56 B E:\fdmstest.nl Map\fdmstest.nl\db\ckeditor\plugins\showblocks\images\WS_FTP.LOG --> thomassen-autos.nl /web/db/ckeditor/plugins/showblocks/images WS_FTP.LOG
2014.02.25 16:49 B E:\autoadvance2012.nl\db\ckeditor\plugins\showblocks\images\WS_FTP.LOG <-- autoadvance.nl /web/db/ckeditor/plugins/showblocks/images WS_FTP.LOG
